A D/doc////
A D/frtbp////
A D/initcond////
A D/initcond_apo////
A D/prtbp////
A D/prtbp2////
A D/hinv////
A D/hinv2////
A D/dprtbp////
A D/dprtbp2////
A D/portbp////
A D/rtbp////
A D/trtbp////
A D/hyper////
A D/hyper2////
A D/invmfld////
A D/invmfld2////
A D/errmfld2////
A D/approxint////
A D/cardel////
A D/cardel2////
A D/orbitp////
A D/orbitp_del////
A D/intersec////
A D/splitting////
A D/inner_circ////
A D/inner_ell////
A D/frtbp_red////
A D/results////
A D/axis////
A D/Ldeviation////
A D/paper////
A D/outer_ell////
A D/dprtbp_del////
A D/portbp_del////
A D/hyper_del////
A D/invmfld_del////
A D/approxint_del////
A D/errmfld_del////
A D/intersec_del////
A D/splitting_del////
A D/trtbp_del////
A D/taylor////
A D/sec1sec2////
A D/errmfld////
A D/doxygen////
A D/outer_circ////
A D/rtbp_del////
A D/frtbp_del////
A D/prtbp_del////
A D/hinv_del////
