
H: -1.719400e+00
Optimal displacement: 1.000000e-04
Estimated error of manifold: 1.743925e-08
DEBUG: l=1.501458745127960e-01, lprime=-9.043910729615739e-02
Approximate interval: 95

H: -1.717400e+00
Optimal displacement: 1.000000e-04
Estimated error of manifold: 1.758017e-08
DEBUG: l=3.038749185761996e-02, lprime=-2.250695154489988e-01
Approximate interval: 79

H: -1.715400e+00
Optimal displacement: 1.000000e-04
Estimated error of manifold: 1.760299e-08
DEBUG: l=1.119037197272743e-01, lprime=-4.082870028872853e-01
Approximate interval: 81

H: -1.713400e+00
Optimal displacement: 1.000000e-04
Estimated error of manifold: 1.753962e-08
DEBUG: l=1.875146363811504e-01, lprime=-3.606352540791496e-01
Approximate interval: 98

H: -1.711400e+00
Optimal displacement: 1.000000e-04
Estimated error of manifold: 1.741254e-08
DEBUG: l=2.376301318137610e-01, lprime=-3.373228688806795e-01
Approximate interval: 78

H: -1.709400e+00
Optimal displacement: 1.000000e-04
Estimated error of manifold: 1.723811e-08
DEBUG: l=8.270805767321548e-02, lprime=-2.245652593986749e-01
Approximate interval: 84

H: -1.707400e+00
Optimal displacement: 1.000000e-04
Estimated error of manifold: 1.702856e-08
DEBUG: l=2.305163559228891e-02, lprime=-2.932302174762660e-01
Approximate interval: 88

H: -1.705400e+00
Optimal displacement: 1.000000e-04
Estimated error of manifold: 1.679318e-08
DEBUG: l=6.331889710983966e-02, lprime=-2.651447464330659e-01
Approximate interval: 89

H: -1.703400e+00
Optimal displacement: 1.000000e-04
Estimated error of manifold: 1.653921e-08
DEBUG: l=1.043300374283404e-01, lprime=-2.353477000722123e-01
Approximate interval: 96

H: -1.701400e+00
Optimal displacement: 1.000000e-04
Estimated error of manifold: 1.627234e-08
DEBUG: l=1.340840818867701e-01, lprime=-2.174730983023533e-01
Approximate interval: 77

H: -1.699400e+00
Optimal displacement: 1.000000e-04
Estimated error of manifold: 1.599706e-08
DEBUG: l=1.592121353836878e-01, lprime=-2.014081259299620e-01
Approximate interval: 95

H: -1.697400e+00
Optimal displacement: 1.000000e-04
Estimated error of manifold: 1.571701e-08
DEBUG: l=1.873054455597211e-01, lprime=-1.837223336949259e-01
Approximate interval: 83

H: -1.695400e+00
Optimal displacement: 1.000000e-04
Estimated error of manifold: 1.543516e-08
DEBUG: l=2.081911684879511e-01, lprime=-1.726136977371698e-01
Approximate interval: 75

H: -1.693400e+00
Optimal displacement: 1.000000e-04
Estimated error of manifold: 1.515389e-08
DEBUG: l=2.376317044049482e-01, lprime=-1.522948274897905e-01
Approximate interval: 69

H: -1.691400e+00
Optimal displacement: 1.000000e-04
Estimated error of manifold: 1.487518e-08
DEBUG: l=2.168489760158667e-01, lprime=-1.821786737248526e-01
Approximate interval: 70

H: -1.689400e+00
Optimal displacement: 1.000000e-04
Estimated error of manifold: 1.460065e-08
DEBUG: l=1.365108142669121e-01, lprime=-2.694084124019565e-01
Approximate interval: 79

H: -1.687400e+00
Optimal displacement: 1.000000e-04
Estimated error of manifold: 1.433166e-08
DEBUG: l=4.732591001029385e-02, lprime=-3.610321169204734e-01
Approximate interval: 92

H: -1.685400e+00
Optimal displacement: 1.000000e-04
Estimated error of manifold: 1.406933e-08
DEBUG: l=4.019719526395117e-03, lprime=-7.627966252117583e-03
Approximate interval: 63

H: -1.683400e+00
Optimal displacement: 1.000000e-04
Estimated error of manifold: 1.381460e-08
DEBUG: l=2.687042415213339e-02, lprime=-3.963227019950468e-01
Approximate interval: 68

H: -1.681400e+00
Optimal displacement: 1.000000e-04
Estimated error of manifold: 1.356825e-08
DEBUG: l=4.295591949290910e-02, lprime=-3.882842105996432e-01
Approximate interval: 76

H: -1.679400e+00
Optimal displacement: 1.000000e-04
Estimated error of manifold: 1.333095e-08
DEBUG: l=5.674300489188280e-02, lprime=-3.820922576404229e-01
Approximate interval: 87

H: -1.677400e+00
Optimal displacement: 1.000000e-04
Estimated error of manifold: 1.310323e-08
DEBUG: l=6.380803551410509e-02, lprime=-3.844854614267071e-01
Approximate interval: 58

H: -1.675400e+00
Optimal displacement: 1.000000e-04
Estimated error of manifold: 1.288558e-08
DEBUG: l=7.576191839314685e-02, lprime=-3.793946431357121e-01
Approximate interval: 71

H: -1.673400e+00
Optimal displacement: 1.000000e-04
Estimated error of manifold: 1.267836e-08
DEBUG: l=9.275585136131984e-02, lprime=-3.695410583140352e-01
Approximate interval: 87

H: -1.671400e+00
Optimal displacement: 1.000000e-04
Estimated error of manifold: 1.248189e-08
DEBUG: l=1.008798562499629e-01, lprime=-3.704150285212026e-01
Approximate interval: 60

H: -1.669400e+00
Optimal displacement: 1.000000e-04
Estimated error of manifold: 1.229641e-08
DEBUG: l=1.173630260432523e-01, lprime=-3.604738028764455e-01
Approximate interval: 78

H: -1.667400e+00
Optimal displacement: 1.000000e-04
Estimated error of manifold: 1.212215e-08
DEBUG: l=1.199369915387656e-01, lprime=-3.661916042357882e-01
Approximate interval: 54

H: -1.665400e+00
Optimal displacement: 1.000000e-04
Estimated error of manifold: 1.195924e-08
DEBUG: l=1.385586657206842e-01, lprime=-3.537654251921973e-01
Approximate interval: 74

H: -1.663400e+00
Optimal displacement: 1.000000e-04
Estimated error of manifold: 1.180780e-08
DEBUG: l=1.485265069847286e-01, lprime=-3.524126658347933e-01
Approximate interval: 51

H: -1.661400e+00
Optimal displacement: 1.000000e-04
Estimated error of manifold: 1.166790e-08
DEBUG: l=1.520154934183145e-01, lprime=-3.534498266617468e-01
Approximate interval: 75

H: -1.659400e+00
Optimal displacement: 1.000000e-04
Estimated error of manifold: 1.153956e-08
DEBUG: l=1.598159028974826e-01, lprime=-3.537674806128302e-01
Approximate interval: 53

H: -1.657400e+00
Optimal displacement: 1.000000e-04
Estimated error of manifold: 1.142281e-08
DEBUG: l=1.677276531793744e-01, lprime=-3.503485845858346e-01
Approximate interval: 80

H: -1.655400e+00
Optimal displacement: 1.000000e-04
Estimated error of manifold: 1.131759e-08
DEBUG: l=1.780272718810982e-01, lprime=-3.479765774875161e-01
Approximate interval: 58

H: -1.653400e+00
Optimal displacement: 1.000000e-04
Estimated error of manifold: 1.122382e-08
DEBUG: l=1.886430279122272e-01, lprime=-3.417040878700526e-01
Approximate interval: 89

H: -1.651400e+00
Optimal displacement: 1.000000e-04
Estimated error of manifold: 1.114142e-08
DEBUG: l=1.958809569332886e-01, lprime=-3.417863265283758e-01
Approximate interval: 67

H: -1.649400e+00
Optimal displacement: 1.000000e-04
Estimated error of manifold: 1.107026e-08
DEBUG: l=1.936104575784129e-01, lprime=-3.508710062663076e-01
Approximate interval: 49

H: -1.647400e+00
Optimal displacement: 1.000000e-04
Estimated error of manifold: 1.101017e-08
DEBUG: l=2.025922161607585e-01, lprime=-3.454439058567937e-01
Approximate interval: 82

H: -1.645400e+00
Optimal displacement: 1.000000e-04
Estimated error of manifold: 1.096100e-08
DEBUG: l=2.104169412731366e-01, lprime=-3.446353865947512e-01
Approximate interval: 62

H: -1.643400e+00
Optimal displacement: 1.000000e-04
Estimated error of manifold: 1.092249e-08
DEBUG: l=2.157334932295438e-01, lprime=-3.462697384787790e-01
Approximate interval: 45

H: -1.641400e+00
Optimal displacement: 1.000000e-04
Estimated error of manifold: 1.089445e-08
DEBUG: l=2.226940304227396e-01, lprime=-3.421187061512552e-01
Approximate interval: 81

H: -1.639400e+00
Optimal displacement: 1.000000e-04
Estimated error of manifold: 1.087661e-08
DEBUG: l=2.226616678044867e-01, lprime=-3.483723312772966e-01
Approximate interval: 63

H: -1.637400e+00
Optimal displacement: 1.000000e-04
Estimated error of manifold: 1.086871e-08
DEBUG: l=2.261904100904296e-01, lprime=-3.513114986880169e-01
Approximate interval: 47

H: -1.635400e+00
Optimal displacement: 1.000000e-04
Estimated error of manifold: 1.087046e-08
DEBUG: l=2.387531731307982e-01, lprime=-3.413805300282822e-01
Approximate interval: 87

H: -1.633400e+00
Optimal displacement: 1.000000e-04
Estimated error of manifold: 1.088153e-08
DEBUG: l=2.422547893899001e-01, lprime=-3.438848005822476e-01
Approximate interval: 69

H: -1.631400e+00
Optimal displacement: 1.000000e-04
Estimated error of manifold: 1.090161e-08
DEBUG: l=2.381019012769472e-01, lprime=-3.537440880480119e-01
Approximate interval: 54

H: -1.629400e+00
Optimal displacement: 1.000000e-04
Estimated error of manifold: 1.093039e-08
DEBUG: l=2.433391144501450e-01, lprime=-3.546974867260067e-01
Approximate interval: 40

H: -1.627400e+00
Optimal displacement: 1.000000e-04
Estimated error of manifold: 1.096751e-08
DEBUG: l=2.494113440191157e-01, lprime=-3.501638534747081e-01
Approximate interval: 83

H: -1.625400e+00
Optimal displacement: 1.000000e-04
Estimated error of manifold: 1.101262e-08
DEBUG: l=2.590618791048052e-01, lprime=-3.463529595380780e-01
Approximate interval: 66

H: -1.623400e+00
Optimal displacement: 1.000000e-04
Estimated error of manifold: 1.106538e-08
DEBUG: l=2.595432342045209e-01, lprime=-3.514073924576807e-01
Approximate interval: 52

H: -1.621400e+00
Optimal displacement: 1.000000e-04
Estimated error of manifold: 1.112542e-08
DEBUG: l=2.561068310354994e-01, lprime=-3.602715512510435e-01
Approximate interval: 40

H: -1.619400e+00
Optimal displacement: 1.000000e-04
Estimated error of manifold: 1.119238e-08
DEBUG: l=2.607208689270945e-01, lprime=-3.565801554539913e-01
Approximate interval: 88

H: -1.617400e+00
Optimal displacement: 1.000000e-04
Estimated error of manifold: 1.126587e-08
DEBUG: l=2.421167774510660e-01, lprime=-3.795099412897740e-01
Approximate interval: 75

H: -1.615400e+00
Optimal displacement: 1.000000e-04
Estimated error of manifold: 1.134559e-08
DEBUG: l=2.259414242402825e-01, lprime=-3.999419262309912e-01
Approximate interval: 63

H: -1.613400e+00
Optimal displacement: 1.000000e-04
Estimated error of manifold: 1.143115e-08
DEBUG: l=2.117060472937907e-01, lprime=-4.184239525616442e-01
Approximate interval: 52

H: -1.611400e+00
Optimal displacement: 1.000000e-04
Estimated error of manifold: 1.152213e-08
DEBUG: l=2.099075668649903e-01, lprime=-4.252350702507513e-01
Approximate interval: 41

H: -1.609400e+00
Optimal displacement: 1.000000e-04
Estimated error of manifold: 1.161826e-08
DEBUG: l=1.983425048734948e-01, lprime=-4.411924528502583e-01
Approximate interval: 32

H: -1.607400e+00
Optimal displacement: 1.000000e-04
Estimated error of manifold: 1.171916e-08
DEBUG: l=1.357688484619698e-01, lprime=-4.980785153800427e-01
Approximate interval: 91

H: -1.605400e+00
Optimal displacement: 1.000000e-04
Estimated error of manifold: 1.182443e-08
DEBUG: l=1.279688708157073e-01, lprime=-5.097102060783202e-01
Approximate interval: 78

H: -1.603400e+00
Optimal displacement: 1.000000e-04
Estimated error of manifold: 1.193380e-08
DEBUG: l=1.227100577115493e-01, lprime=-5.190859382490307e-01
Approximate interval: 66

H: -1.601400e+00
Optimal displacement: 1.000000e-04
Estimated error of manifold: 1.204689e-08
DEBUG: l=1.194792654805606e-01, lprime=-5.266922792832116e-01
Approximate interval: 55

H: -1.599400e+00
Optimal displacement: 1.000000e-04
Estimated error of manifold: 1.216341e-08
DEBUG: l=1.175384701956794e-01, lprime=-5.331981122208584e-01
Approximate interval: 45

H: -1.597400e+00
Optimal displacement: 1.000000e-04
Estimated error of manifold: 1.228294e-08
DEBUG: l=1.158782253722565e-01, lprime=-5.395001320490886e-01
Approximate interval: 36

H: -1.595400e+00
Optimal displacement: 1.000000e-04
Estimated error of manifold: 1.240521e-08
DEBUG: l=1.131661495416594e-01, lprime=-5.467698415623290e-01
Approximate interval: 28

H: -1.593400e+00
Optimal displacement: 1.000000e-04
Estimated error of manifold: 1.252995e-08
DEBUG: l=7.578198046179811e-02, lprime=-5.778869155413643e-01
Approximate interval: 88

H: -1.591400e+00
Optimal displacement: 1.000000e-04
Estimated error of manifold: 1.265671e-08
DEBUG: l=7.647500276092864e-02, lprime=-5.816903400923695e-01
Approximate interval: 76

H: -1.589400e+00
Optimal displacement: 1.000000e-04
Estimated error of manifold: 1.278534e-08
DEBUG: l=6.880275953457828e-02, lprime=-5.925331190485369e-01
Approximate interval: 66

H: -1.587400e+00
Optimal displacement: 1.000000e-04
Estimated error of manifold: 1.291539e-08
DEBUG: l=7.073875544752928e-02, lprime=-5.953329229795173e-01
Approximate interval: 56

H: -1.585400e+00
Optimal displacement: 1.000000e-04
Estimated error of manifold: 1.304672e-08
DEBUG: l=7.224905883831813e-02, lprime=-5.985140926372265e-01
Approximate interval: 47

H: -1.583400e+00
Optimal displacement: 1.000000e-04
Estimated error of manifold: 1.317890e-08
DEBUG: l=7.204667548376566e-02, lprime=-6.031565772513570e-01
Approximate interval: 39

H: -1.581400e+00
Optimal displacement: 1.000000e-04
Estimated error of manifold: 1.331174e-08
DEBUG: l=8.226118127831698e-02, lprime=-5.990871435053439e-01
Approximate interval: 31

H: -1.579400e+00
Optimal displacement: 1.000000e-04
Estimated error of manifold: 1.344489e-08
DEBUG: l=7.472214714101405e-02, lprime=-6.099713318850463e-01
Approximate interval: 25

H: -1.577400e+00
Optimal displacement: 1.000000e-04
Estimated error of manifold: 1.357807e-08
DEBUG: l=4.506683633758038e-02, lprime=-6.324315738890155e-01
Approximate interval: 89

H: -1.575400e+00
Optimal displacement: 1.000000e-04
Estimated error of manifold: 1.371106e-08
DEBUG: l=4.365387307853134e-02, lprime=-6.375669424703538e-01
Approximate interval: 79

H: -1.573400e+00
Optimal displacement: 1.000000e-04
Estimated error of manifold: 1.384356e-08
DEBUG: l=4.082063476125365e-02, lprime=-6.438353720760593e-01
Approximate interval: 70

H: -1.571400e+00
Optimal displacement: 1.000000e-04
Estimated error of manifold: 1.397539e-08
DEBUG: l=4.602643815679584e-02, lprime=-6.436553088505390e-01
Approximate interval: 61

H: -1.569400e+00
Optimal displacement: 1.000000e-04
Estimated error of manifold: 1.410620e-08
DEBUG: l=4.897113678779472e-02, lprime=-6.452991879793122e-01
Approximate interval: 53

H: -1.567400e+00
Optimal displacement: 1.000000e-04
Estimated error of manifold: 1.423574e-08
DEBUG: l=4.825899601267350e-02, lprime=-6.498933104171768e-01
Approximate interval: 46

H: -1.565400e+00
Optimal displacement: 1.000000e-04
Estimated error of manifold: 1.436383e-08
DEBUG: l=5.535709618972431e-02, lprime=-6.482166906776198e-01
Approximate interval: 39

H: -1.563400e+00
Optimal displacement: 1.000000e-04
Estimated error of manifold: 1.449023e-08
DEBUG: l=5.718233420735531e-02, lprime=-6.507974580545697e-01
Approximate interval: 33

H: -1.561400e+00
Optimal displacement: 1.000000e-04
Estimated error of manifold: 1.461464e-08
DEBUG: l=6.672023214437657e-02, lprime=-6.471009342578706e-01
Approximate interval: 27

H: -1.559400e+00
Optimal displacement: 1.000000e-04
Estimated error of manifold: 1.473689e-08
DEBUG: l=6.888100365737213e-02, lprime=-6.494235250457915e-01
Approximate interval: 22

H: -1.557400e+00
Optimal displacement: 1.000000e-04
Estimated error of manifold: 1.485672e-08
DEBUG: l=2.498371821686361e-02, lprime=-6.812361967050599e-01
Approximate interval: 93

H: -1.555400e+00
Optimal displacement: 1.000000e-04
Estimated error of manifold: 1.497406e-08
DEBUG: l=3.156674771574752e-02, lprime=-6.796962128144814e-01
Approximate interval: 84

H: -1.553400e+00
Optimal displacement: 1.000000e-04
Estimated error of manifold: 1.508852e-08
DEBUG: l=3.544326580069750e-02, lprime=-6.802335789994165e-01
Approximate interval: 76

H: -1.551400e+00
Optimal displacement: 1.000000e-04
Estimated error of manifold: 1.520003e-08
DEBUG: l=3.549856343583961e-02, lprime=-6.837143755274365e-01
Approximate interval: 69

H: -1.549400e+00
Optimal displacement: 1.000000e-04
Estimated error of manifold: 1.530833e-08
DEBUG: l=4.132379712102353e-02, lprime=-6.827365674461187e-01
Approximate interval: 62

H: -1.547400e+00
Optimal displacement: 1.000000e-04
Estimated error of manifold: 1.541330e-08
DEBUG: l=4.197413638007565e-02, lprime=-6.857519338233853e-01
Approximate interval: 56

H: -1.545400e+00
Optimal displacement: 1.000000e-04
Estimated error of manifold: 1.551473e-08
DEBUG: l=4.810518995389801e-02, lprime=-6.845015720537286e-01
Approximate interval: 50

H: -1.543400e+00
Optimal displacement: 1.000000e-04
Estimated error of manifold: 1.561247e-08
DEBUG: l=6.002437579741614e-02, lprime=-6.785744504080583e-01
Approximate interval: 44

H: -1.541400e+00
Optimal displacement: 1.000000e-04
Estimated error of manifold: 1.570630e-08
DEBUG: l=6.491814478156355e-02, lprime=-6.781388385042367e-01
Approximate interval: 39

H: -1.539400e+00
Optimal displacement: 1.000000e-04
Estimated error of manifold: 1.579614e-08
DEBUG: l=6.129717908311406e-02, lprime=-6.845895819203409e-01
Approximate interval: 35

H: -1.537400e+00
Optimal displacement: 1.000000e-04
Estimated error of manifold: 1.588193e-08
DEBUG: l=7.617003932503116e-02, lprime=-6.758538273063569e-01
Approximate interval: 30

H: -1.535400e+00
Optimal displacement: 1.000000e-04
Estimated error of manifold: 1.596344e-08
DEBUG: l=8.177014969640639e-02, lprime=-6.745967798073431e-01
Approximate interval: 26

H: -1.533400e+00
Optimal displacement: 1.000000e-04
Estimated error of manifold: 1.604058e-08
DEBUG: l=7.657595423468994e-02, lprime=-6.824939414101494e-01
Approximate interval: 23

H: -1.531400e+00
Optimal displacement: 1.000000e-04
Estimated error of manifold: 1.611323e-08
DEBUG: l=9.083849900681804e-02, lprime=-6.736588484119899e-01
Approximate interval: 19

H: -1.529400e+00
Optimal displacement: 1.000000e-04
Estimated error of manifold: 1.618126e-08
DEBUG: l=3.204562213118345e-02, lprime=-7.165987663033724e-01
Approximate interval: 98

H: -1.527400e+00
Optimal displacement: 1.000000e-04
Estimated error of manifold: 1.624466e-08
DEBUG: l=4.251911272504914e-02, lprime=-7.118557445467542e-01
Approximate interval: 91

H: -1.525400e+00
Optimal displacement: 1.000000e-04
Estimated error of manifold: 1.630322e-08
DEBUG: l=4.808449564820377e-02, lprime=-7.106398349396379e-01
Approximate interval: 85

H: -1.523400e+00
Optimal displacement: 1.000000e-04
Estimated error of manifold: 1.635707e-08
DEBUG: l=4.799788694495845e-02, lprime=-7.136921039153014e-01
Approximate interval: 80

H: -1.521400e+00
Optimal displacement: 1.000000e-04
Estimated error of manifold: 1.640592e-08
DEBUG: l=5.111559584068999e-02, lprime=-7.142660764323490e-01
Approximate interval: 75

H: -1.519400e+00
Optimal displacement: 1.000000e-04
Estimated error of manifold: 1.644989e-08
DEBUG: l=5.748415062568010e-02, lprime=-7.122366052455474e-01
Approximate interval: 70

H: -1.517400e+00
Optimal displacement: 1.000000e-04
Estimated error of manifold: 1.648889e-08
DEBUG: l=5.692043488715473e-02, lprime=-7.156076021655464e-01
Approximate interval: 66

H: -1.515400e+00
Optimal displacement: 1.000000e-04
Estimated error of manifold: 1.652287e-08
DEBUG: l=2.780960766542777e-01, lprime=-4.989560338479376e-01
Approximate interval: 39

H: -1.513400e+00
Optimal displacement: 1.000000e-04
Estimated error of manifold: 1.655180e-08
DEBUG: l=2.802589141051954e-01, lprime=-4.991561118602500e-01
Approximate interval: 36

H: -1.511400e+00
Optimal displacement: 1.000000e-04
Estimated error of manifold: 1.657562e-08
DEBUG: l=2.735139337605628e-01, lprime=-5.085009595083102e-01
Approximate interval: 34

H: -1.509400e+00
Optimal displacement: 1.000000e-04
Estimated error of manifold: 1.659446e-08
DEBUG: l=2.797122957179821e-01, lprime=-5.044897046200011e-01
Approximate interval: 31

H: -1.507400e+00
Optimal displacement: 1.000000e-04
Estimated error of manifold: 1.660828e-08
DEBUG: l=2.763789721555533e-01, lprime=-5.102683317132980e-01
Approximate interval: 29

H: -1.505400e+00
Optimal displacement: 1.000000e-04
Estimated error of manifold: 1.661690e-08
DEBUG: l=2.746516656343344e-01, lprime=-5.143683978880973e-01
Approximate interval: 27

H: -1.503400e+00
Optimal displacement: 1.000000e-04
Estimated error of manifold: 1.662074e-08
DEBUG: l=2.745611714698750e-01, lprime=-5.167537048310527e-01
Approximate interval: 25

H: -1.501400e+00
Optimal displacement: 1.000000e-04
Estimated error of manifold: 1.661945e-08
DEBUG: l=2.633358584217542e-01, lprime=-5.306203403965088e-01
Approximate interval: 24

H: -1.499400e+00
Optimal displacement: 1.000000e-04
Estimated error of manifold: 1.661318e-08
DEBUG: l=2.662106467672906e-01, lprime=-5.298792538224965e-01
Approximate interval: 22

H: -1.497400e+00
Optimal displacement: 1.000000e-04
Estimated error of manifold: 1.660215e-08
DEBUG: l=2.708181592188567e-01, lprime=-5.273220119898571e-01
Approximate interval: 20

H: -1.495400e+00
Optimal displacement: 1.000000e-04
Estimated error of manifold: 1.658612e-08
DEBUG: l=2.633056594735910e-01, lprime=-5.372687100931539e-01
Approximate interval: 19

H: -1.493400e+00
Optimal displacement: 1.000000e-04
Estimated error of manifold: 1.656535e-08
DEBUG: l=2.748913252030519e-01, lprime=-5.188799052624802e-01
Approximate interval: 97

H: -1.491400e+00
Optimal displacement: 1.000000e-04
Estimated error of manifold: 1.653982e-08
DEBUG: l=2.751202524787706e-01, lprime=-5.205312442218767e-01
Approximate interval: 94

H: -1.489400e+00
Optimal displacement: 1.000000e-04
Estimated error of manifold: 1.650972e-08
DEBUG: l=2.701899111853077e-01, lprime=-5.275250871887927e-01
Approximate interval: 92

H: -1.487400e+00
Optimal displacement: 1.000000e-04
Estimated error of manifold: 1.647495e-08
DEBUG: l=2.726584128842193e-01, lprime=-5.267890190663905e-01
Approximate interval: 89

H: -1.485400e+00
Optimal displacement: 1.000000e-04
Estimated error of manifold: 1.643569e-08
DEBUG: l=2.697324115104988e-01, lprime=-5.316434582131262e-01
Approximate interval: 87

H: -1.483400e+00
Optimal displacement: 1.000000e-04
Estimated error of manifold: 1.639210e-08
DEBUG: l=2.677566573314647e-01, lprime=-5.354827497523236e-01
Approximate interval: 85

H: -1.481400e+00
Optimal displacement: 1.000000e-04
Estimated error of manifold: 1.634411e-08
DEBUG: l=2.667270676782774e-01, lprime=-5.383087704873919e-01
Approximate interval: 83

H: -1.479400e+00
Optimal displacement: 1.000000e-04
Estimated error of manifold: 1.629202e-08
DEBUG: l=2.666408999778556e-01, lprime=-5.401234345453955e-01
Approximate interval: 81

H: -1.477400e+00
Optimal displacement: 1.000000e-04
Estimated error of manifold: 1.623564e-08
DEBUG: l=2.605118175014789e-01, lprime=-5.482217799717780e-01
Approximate interval: 80

H: -1.475400e+00
Optimal displacement: 1.000000e-04
Estimated error of manifold: 1.617543e-08
DEBUG: l=2.621814679593538e-01, lprime=-5.481456819023637e-01
Approximate interval: 78

H: -1.473400e+00
Optimal displacement: 1.000000e-04
Estimated error of manifold: 1.611121e-08
DEBUG: l=2.576196998994561e-01, lprime=-5.545579665444432e-01
Approximate interval: 77

H: -1.471400e+00
Optimal displacement: 1.000000e-04
Estimated error of manifold: 1.604321e-08
DEBUG: l=2.610245501759829e-01, lprime=-5.526117496226846e-01
Approximate interval: 75

H: -1.469400e+00
Optimal displacement: 1.000000e-04
Estimated error of manifold: 1.597171e-08
DEBUG: l=2.579937633544432e-01, lprime=-5.573676608664994e-01
Approximate interval: 74

H: -1.467400e+00
Optimal displacement: 1.000000e-04
Estimated error of manifold: 1.589632e-08
DEBUG: l=2.556845082671468e-01, lprime=-5.613440170476608e-01
Approximate interval: 73

H: -1.465400e+00
Optimal displacement: 1.000000e-04
Estimated error of manifold: 1.581786e-08
DEBUG: l=2.540864652025588e-01, lprime=-5.645498262136982e-01
Approximate interval: 72

H: -1.463400e+00
Optimal displacement: 1.000000e-04
Estimated error of manifold: 1.573584e-08
DEBUG: l=2.531900773500788e-01, lprime=-5.669941822907238e-01
Approximate interval: 71

H: -1.461400e+00
Optimal displacement: 1.000000e-04
Estimated error of manifold: 1.565064e-08
DEBUG: l=2.529866084066706e-01, lprime=-5.686862165891020e-01
Approximate interval: 70

H: -1.459400e+00
Optimal displacement: 1.000000e-04
Estimated error of manifold: 1.556250e-08
DEBUG: l=2.458241174102993e-01, lprime=-5.776493910557345e-01
Approximate interval: 70

H: -1.457400e+00
Optimal displacement: 1.000000e-04
Estimated error of manifold: 1.547131e-08
DEBUG: l=2.468992463938070e-01, lprime=-5.779440193673002e-01
Approximate interval: 69

H: -1.455400e+00
Optimal displacement: 1.000000e-04
Estimated error of manifold: 1.537720e-08
DEBUG: l=2.486416946889463e-01, lprime=-5.775150365629612e-01
Approximate interval: 68

H: -1.453400e+00
Optimal displacement: 1.000000e-04
Estimated error of manifold: 1.528061e-08
DEBUG: l=2.432380668594968e-01, lprime=-5.845569897951451e-01
Approximate interval: 68

H: -1.451400e+00
Optimal displacement: 1.000000e-04
Estimated error of manifold: 1.518119e-08
DEBUG: l=2.384034828861196e-01, lprime=-5.909858693259601e-01
Approximate interval: 68

H: -1.449400e+00
Optimal displacement: 1.000000e-04
Estimated error of manifold: 1.507938e-08
DEBUG: l=2.419181914006991e-01, lprime=-5.886075025544908e-01
Approximate interval: 67

H: -1.447400e+00
Optimal displacement: 1.000000e-04
Estimated error of manifold: 1.497528e-08
DEBUG: l=2.381779788975421e-01, lprime=-5.938321352953999e-01
Approximate interval: 67

H: -1.445400e+00
Optimal displacement: 1.000000e-04
Estimated error of manifold: 1.486895e-08
DEBUG: l=2.349706138116086e-01, lprime=-5.984749249363245e-01
Approximate interval: 67

H: -1.443400e+00
Optimal displacement: 1.000000e-04
Estimated error of manifold: 1.476045e-08
DEBUG: l=2.322844198026133e-01, lprime=-6.025461859386987e-01
Approximate interval: 67

H: -1.441400e+00
Optimal displacement: 1.000000e-04
Estimated error of manifold: 1.465000e-08
DEBUG: l=2.301082431733603e-01, lprime=-6.060561813640104e-01
Approximate interval: 67

H: -1.439400e+00
Optimal displacement: 1.000000e-04
Estimated error of manifold: 1.453760e-08
DEBUG: l=2.284314903246262e-01, lprime=-6.090150910057548e-01
Approximate interval: 67

H: -1.437400e+00
Optimal displacement: 1.000000e-04
Estimated error of manifold: 1.442370e-08
DEBUG: l=2.272441572253336e-01, lprime=-6.114329924980514e-01
Approximate interval: 67

H: -1.435400e+00
Optimal displacement: 1.000000e-04
Estimated error of manifold: 1.430802e-08
DEBUG: l=2.265368568711084e-01, lprime=-6.133198363306893e-01
Approximate interval: 67

H: -1.433400e+00
Optimal displacement: 1.000000e-04
Estimated error of manifold: 1.419063e-08
DEBUG: l=2.263008302760549e-01, lprime=-6.146854275656752e-01
Approximate interval: 67

H: -1.431400e+00
Optimal displacement: 1.000000e-04
Estimated error of manifold: 1.407178e-08
DEBUG: l=2.265279561524023e-01, lprime=-6.155394057255323e-01
Approximate interval: 67

H: -1.429400e+00
Optimal displacement: 1.000000e-04
Estimated error of manifold: 1.395202e-08
DEBUG: l=2.272107420191328e-01, lprime=-6.158912304605679e-01
Approximate interval: 67

H: -1.427400e+00
Optimal displacement: 1.000000e-04
Estimated error of manifold: 1.383092e-08
DEBUG: l=2.204617533961626e-01, lprime=-6.240608315076944e-01
Approximate interval: 68

H: -1.425400e+00
Optimal displacement: 1.000000e-04
Estimated error of manifold: 1.370827e-08
DEBUG: l=2.220109791668441e-01, lprime=-6.234472147873547e-01
Approximate interval: 68

H: -1.423400e+00
Optimal displacement: 1.000000e-04
Estimated error of manifold: 1.358506e-08
DEBUG: l=2.161774536427953e-01, lprime=-6.306151383726778e-01
Approximate interval: 69

H: -1.421400e+00
Optimal displacement: 1.000000e-04
Estimated error of manifold: 1.346072e-08
DEBUG: l=2.185590516830913e-01, lprime=-6.290730007415598e-01
Approximate interval: 69

H: -1.419400e+00
Optimal displacement: 1.000000e-04
Estimated error of manifold: 1.333544e-08
DEBUG: l=2.135980984908732e-01, lprime=-6.352773218266472e-01
Approximate interval: 70

H: -1.417400e+00
Optimal displacement: 1.000000e-04
Estimated error of manifold: 1.320978e-08
DEBUG: l=2.167826880258757e-01, lprime=-6.328421874577440e-01
Approximate interval: 70

H: -1.415400e+00
Optimal displacement: 1.000000e-04
Estimated error of manifold: 1.308296e-08
DEBUG: l=2.126556471354109e-01, lprime=-6.381197553911496e-01
Approximate interval: 71

H: -1.413400e+00
Optimal displacement: 1.000000e-04
Estimated error of manifold: 1.295599e-08
DEBUG: l=2.089693242722734e-01, lprime=-6.429165238827929e-01
Approximate interval: 72

H: -1.411400e+00
Optimal displacement: 1.000000e-04
Estimated error of manifold: 1.282833e-08
DEBUG: l=2.132911964399040e-01, lprime=-6.392118682467685e-01
Approximate interval: 72

H: -1.409400e+00
Optimal displacement: 1.000000e-04
Estimated error of manifold: 1.270034e-08
DEBUG: l=2.103860442743722e-01, lprime=-6.431352683076997e-01
Approximate interval: 73

H: -1.407400e+00
Optimal displacement: 1.000000e-04
Estimated error of manifold: 1.257195e-08
DEBUG: l=2.078928741280428e-01, lprime=-6.466051215469915e-01
Approximate interval: 74

H: -1.405400e+00
Optimal displacement: 1.000000e-04
Estimated error of manifold: 1.244338e-08
DEBUG: l=2.058020481999743e-01, lprime=-6.496305543746682e-01
Approximate interval: 75

H: -1.403400e+00
Optimal displacement: 1.000000e-04
Estimated error of manifold: 1.231454e-08
DEBUG: l=2.041044776305574e-01, lprime=-6.522204937525629e-01
Approximate interval: 76

H: -1.401400e+00
Optimal displacement: 1.000000e-04
Estimated error of manifold: 1.218527e-08
DEBUG: l=2.027916351272858e-01, lprime=-6.543836629363166e-01
Approximate interval: 77

H: -1.399400e+00
Optimal displacement: 1.000000e-04
Estimated error of manifold: 1.205634e-08
DEBUG: l=2.018555613796751e-01, lprime=-6.561285728347216e-01
Approximate interval: 78

H: -1.397400e+00
Optimal displacement: 1.000000e-04
Estimated error of manifold: 1.192738e-08
DEBUG: l=2.012888668651701e-01, lprime=-6.574635262141321e-01
Approximate interval: 79

H: -1.395400e+00
Optimal displacement: 1.000000e-04
Estimated error of manifold: 1.179844e-08
DEBUG: l=2.010847229747708e-01, lprime=-6.583966108184957e-01
Approximate interval: 80

H: -1.393400e+00
Optimal displacement: 1.000000e-04
Estimated error of manifold: 1.166964e-08
DEBUG: l=1.941327492539759e-01, lprime=-6.664763377457589e-01
Approximate interval: 82

H: -1.391400e+00
Optimal displacement: 1.000000e-04
Estimated error of manifold: 1.154063e-08
DEBUG: l=1.946707859604728e-01, lprime=-6.665806928550582e-01
Approximate interval: 83

H: -1.389400e+00
Optimal displacement: 1.000000e-04
Estimated error of manifold: 1.141238e-08
DEBUG: l=1.955509710504241e-01, lprime=-6.663073090607644e-01
Approximate interval: 84

H: -1.387400e+00
Optimal displacement: 1.000000e-04
Estimated error of manifold: 1.128416e-08
DEBUG: l=1.967686608903862e-01, lprime=-6.656634086246191e-01
Approximate interval: 85

H: -1.385400e+00
Optimal displacement: 1.000000e-04
Estimated error of manifold: 1.115610e-08
DEBUG: l=1.914396559682100e-01, lprime=-6.719477850337184e-01
Approximate interval: 87

H: -1.383400e+00
Optimal displacement: 1.000000e-04
Estimated error of manifold: 1.102904e-08
DEBUG: l=1.933423112325753e-01, lprime=-6.705404306890763e-01
Approximate interval: 88

H: -1.381400e+00
Optimal displacement: 1.000000e-04
Estimated error of manifold: 1.090135e-08
DEBUG: l=1.888278848092536e-01, lprime=-6.759307648410129e-01
Approximate interval: 90

H: -1.379400e+00
Optimal displacement: 1.000000e-04
Estimated error of manifold: 1.077506e-08
DEBUG: l=1.913903344191201e-01, lprime=-6.737911630945216e-01
Approximate interval: 91

H: -1.377400e+00
Optimal displacement: 1.000000e-04
Estimated error of manifold: 1.064852e-08
DEBUG: l=1.876510476463368e-01, lprime=-6.783254098022853e-01
Approximate interval: 93

H: -1.375400e+00
Optimal displacement: 1.000000e-04
Estimated error of manifold: 1.052258e-08
DEBUG: l=1.843372204417041e-01, lprime=-6.823984054613689e-01
Approximate interval: 95

H: -1.373400e+00
Optimal displacement: 1.000000e-04
Estimated error of manifold: 1.039738e-08
DEBUG: l=1.814361074912206e-01, lprime=-6.860213498135649e-01
Approximate interval: 97

H: -1.371400e+00
Optimal displacement: 1.000000e-04
Estimated error of manifold: 1.027265e-08
DEBUG: l=1.852624856015996e-01, lprime=-6.824681218923462e-01
Approximate interval: 98

H: -1.369400e+00
Optimal displacement: 1.000000e-04
Estimated error of manifold: 1.014845e-08
DEBUG: l=1.505907088533104e-01, lprime=-7.296852254393772e-01
Approximate interval: 19

H: -1.367400e+00
Optimal displacement: 1.000000e-04
Estimated error of manifold: 1.002533e-08
DEBUG: l=1.470088010108582e-01, lprime=-7.339681302656338e-01
Approximate interval: 20

H: -1.365400e+00
Optimal displacement: 1.000000e-03
Estimated error of manifold: 9.840603e-07
DEBUG: l=2.472670041675211e-01, lprime=-6.245943731375845e-01
Approximate interval: 39

H: -1.363400e+00
Optimal displacement: 1.000000e-03
Estimated error of manifold: 9.719897e-07
DEBUG: l=2.462063282701066e-01, lprime=-6.261574406442209e-01
Approximate interval: 40

H: -1.361400e+00
Optimal displacement: 1.000000e-03
Estimated error of manifold: 9.599853e-07
DEBUG: l=2.454667943286086e-01, lprime=-6.273818724962041e-01
Approximate interval: 41

H: -1.359400e+00
Optimal displacement: 1.000000e-03
Estimated error of manifold: 9.480479e-07
DEBUG: l=2.450427478601442e-01, lprime=-6.282739213074964e-01
Approximate interval: 42
