
H: -1.719400e+00
Optimal displacement: 1.000000e-03
Estimated error of manifold: 1.721074e-06
DEBUG: l=1.738491924331752e-02, lprime=-4.730722821075815e-03
Approximate interval: 8

H: -1.717400e+00
Optimal displacement: 1.000000e-03
Estimated error of manifold: 1.735883e-06
DEBUG: l=2.509734657835944e-02, lprime=-2.421703868780407e-01
Approximate interval: 6

H: -1.715400e+00
Optimal displacement: 1.000000e-03
Estimated error of manifold: 1.738958e-06
DEBUG: l=1.883152070042864e-02, lprime=-8.778470747882693e-03
Approximate interval: 0

H: -1.713400e+00
Optimal displacement: 1.000000e-03
Estimated error of manifold: 1.733438e-06
DEBUG: l=2.767213499119832e-02, lprime=-2.686615610521090e-01
Approximate interval: 7

H: -1.711400e+00
Optimal displacement: 1.000000e-03
Estimated error of manifold: 1.721541e-06
DEBUG: l=1.316356293175248e-02, lprime=-1.395140786771986e-02
Approximate interval: 8

H: -1.709400e+00
Optimal displacement: 1.000000e-03
Estimated error of manifold: 1.704882e-06
DEBUG: l=8.181016622571334e-03, lprime=-2.336574040284319e-02
Approximate interval: 1

H: -1.707400e+00
Optimal displacement: 1.000000e-03
Estimated error of manifold: 1.684672e-06
DEBUG: l=2.509192630065633e-02, lprime=-5.590711094336021e-03
Approximate interval: 5

H: -1.705400e+00
Optimal displacement: 1.000000e-03
Estimated error of manifold: 1.661835e-06
DEBUG: l=3.374018226178332e-03, lprime=-3.017373979672692e-02
Approximate interval: 2

H: -1.703400e+00
Optimal displacement: 1.000000e-03
Estimated error of manifold: 1.637091e-06
DEBUG: l=2.350307654020746e-02, lprime=-7.094296705481002e-03
Approximate interval: 9

H: -1.701400e+00
Optimal displacement: 1.000000e-03
Estimated error of manifold: 1.611006e-06
DEBUG: l=9.412817182400760e-03, lprime=-2.261693815844058e-02
Approximate interval: 8

H: -1.699400e+00
Optimal displacement: 1.000000e-03
Estimated error of manifold: 1.584031e-06
DEBUG: l=2.817697041182601e-02, lprime=-5.346461552786915e-03
Approximate interval: 7

H: -1.697400e+00
Optimal displacement: 1.000000e-03
Estimated error of manifold: 1.556532e-06
DEBUG: l=8.665465302581530e-03, lprime=-2.506327003998277e-02
Approximate interval: 8

H: -1.695400e+00
Optimal displacement: 1.000000e-03
Estimated error of manifold: 1.528804e-06
DEBUG: l=1.543747186524289e-02, lprime=-1.841574870759776e-02
Approximate interval: 9

H: -1.693400e+00
Optimal displacement: 1.000000e-03
Estimated error of manifold: 1.501088e-06
DEBUG: l=5.004248565111599e-03, lprime=-3.632884732875985e-02
Approximate interval: 1

H: -1.691400e+00
Optimal displacement: 1.000000e-03
Estimated error of manifold: 1.473583e-06
DEBUG: l=1.066490612515765e-02, lprime=-2.974468521129240e-02
Approximate interval: 3

H: -1.689400e+00
Optimal displacement: 1.000000e-03
Estimated error of manifold: 1.446455e-06
DEBUG: l=4.019463376876856e-02, lprime=-3.871879358799841e-01
Approximate interval: 5

H: -1.687400e+00
Optimal displacement: 1.000000e-03
Estimated error of manifold: 1.419839e-06
DEBUG: l=1.722710238916581e-02, lprime=-1.944997339666742e-02
Approximate interval: 9

H: -1.685400e+00
Optimal displacement: 1.000000e-03
Estimated error of manifold: 1.393851e-06
DEBUG: l=3.887360454398754e-02, lprime=-5.573295229540225e-03
Approximate interval: 2

H: -1.683400e+00
Optimal displacement: 1.000000e-03
Estimated error of manifold: 1.368585e-06
DEBUG: l=3.477853651269667e-02, lprime=-6.059718495313305e-03
Approximate interval: 6

H: -1.681400e+00
Optimal displacement: 1.000000e-03
Estimated error of manifold: 1.344123e-06
DEBUG: l=1.317341488878027e-02, lprime=-3.462603721028545e-02
Approximate interval: 1

H: -1.679400e+00
Optimal displacement: 1.000000e-03
Estimated error of manifold: 1.320531e-06
DEBUG: l=3.075268528841653e-02, lprime=-1.272458394251375e-02
Approximate interval: 5

H: -1.677400e+00
Optimal displacement: 1.000000e-03
Estimated error of manifold: 1.297866e-06
DEBUG: l=4.175058143420572e-02, lprime=-9.733478925006272e-03
Approximate interval: 0

H: -1.675400e+00
Optimal displacement: 1.000000e-03
Estimated error of manifold: 1.276175e-06
DEBUG: l=3.176536963943359e-02, lprime=-1.322893786225679e-02
Approximate interval: 5

H: -1.673400e+00
Optimal displacement: 1.000000e-03
Estimated error of manifold: 1.255499e-06
DEBUG: l=1.302417771051587e-02, lprime=-3.885604164159196e-02
Approximate interval: 1

H: -1.671400e+00
Optimal displacement: 1.000000e-03
Estimated error of manifold: 1.235868e-06
DEBUG: l=3.065608021665104e-02, lprime=-1.443634116924177e-02
Approximate interval: 6

H: -1.669400e+00
Optimal displacement: 1.000000e-03
Estimated error of manifold: 1.217311e-06
DEBUG: l=2.514377125193702e-02, lprime=-2.689697521243429e-02
Approximate interval: 2

H: -1.667400e+00
Optimal displacement: 1.000000e-03
Estimated error of manifold: 1.199849e-06
DEBUG: l=2.530702433531616e-02, lprime=-1.840404283867458e-02
Approximate interval: 8

H: -1.665400e+00
Optimal displacement: 1.000000e-03
Estimated error of manifold: 1.183497e-06
DEBUG: l=2.458580825743818e-02, lprime=-2.563756489363252e-02
Approximate interval: 4

H: -1.663400e+00
Optimal displacement: 1.000000e-03
Estimated error of manifold: 1.168269e-06
DEBUG: l=6.089135899162924e-02, lprime=-4.735461493755330e-01
Approximate interval: 0

H: -1.661400e+00
Optimal displacement: 1.000000e-03
Estimated error of manifold: 1.154173e-06
DEBUG: l=1.599028698698531e-02, lprime=-3.077350252391506e-02
Approximate interval: 7

H: -1.659400e+00
Optimal displacement: 1.000000e-03
Estimated error of manifold: 1.141212e-06
DEBUG: l=4.508487881083829e-02, lprime=-9.291814507239465e-03
Approximate interval: 3

H: -1.657400e+00
Optimal displacement: 1.000000e-03
Estimated error of manifold: 1.129389e-06
DEBUG: l=5.224213260174098e-02, lprime=-1.005416425057923e-02
Approximate interval: 0

H: -1.655400e+00
Optimal displacement: 1.000000e-03
Estimated error of manifold: 1.118700e-06
DEBUG: l=2.554408521383129e-02, lprime=-2.288652545869023e-02
Approximate interval: 7

H: -1.653400e+00
Optimal displacement: 1.000000e-03
Estimated error of manifold: 1.109139e-06
DEBUG: l=1.950895679228603e-02, lprime=-3.509010345457381e-02
Approximate interval: 4

H: -1.651400e+00
Optimal displacement: 1.000000e-03
Estimated error of manifold: 1.100699e-06
DEBUG: l=3.962146903903791e-02, lprime=-2.303758275704679e-02
Approximate interval: 1

H: -1.649400e+00
Optimal displacement: 1.000000e-03
Estimated error of manifold: 1.093366e-06
DEBUG: l=4.554784375179170e-02, lprime=-2.703682968305754e-03
Approximate interval: 8

H: -1.647400e+00
Optimal displacement: 1.000000e-03
Estimated error of manifold: 1.087127e-06
DEBUG: l=5.102558664041748e-02, lprime=-3.397901069322790e-03
Approximate interval: 5

H: -1.645400e+00
Optimal displacement: 1.000000e-03
Estimated error of manifold: 1.081965e-06
DEBUG: l=1.983688076801296e-02, lprime=-4.003381294465583e-02
Approximate interval: 3

H: -1.643400e+00
Optimal displacement: 1.000000e-03
Estimated error of manifold: 1.077859e-06
DEBUG: l=4.362410777155091e-03, lprime=-6.201789984463226e-02
Approximate interval: 1

H: -1.641400e+00
Optimal displacement: 1.000000e-03
Estimated error of manifold: 1.074789e-06
DEBUG: l=3.179323469772602e-02, lprime=-1.833963320216212e-02
Approximate interval: 8

H: -1.639400e+00
Optimal displacement: 1.000000e-03
Estimated error of manifold: 1.072728e-06
DEBUG: l=5.726079851270823e-02, lprime=-5.374528981788624e-01
Approximate interval: 5

H: -1.637400e+00
Optimal displacement: 1.000000e-03
Estimated error of manifold: 1.071653e-06
DEBUG: l=4.498589961299483e-02, lprime=-1.790947772416583e-02
Approximate interval: 3

H: -1.635400e+00
Optimal displacement: 1.000000e-03
Estimated error of manifold: 1.071533e-06
DEBUG: l=4.968784380940645e-02, lprime=-2.062866237498440e-02
Approximate interval: 1

H: -1.633400e+00
Optimal displacement: 1.000000e-03
Estimated error of manifold: 1.072341e-06
DEBUG: l=4.574241974959817e-02, lprime=-4.132720067979819e-03
Approximate interval: 9

H: -1.631400e+00
Optimal displacement: 1.000000e-03
Estimated error of manifold: 1.074045e-06
DEBUG: l=2.615798255275118e-02, lprime=-2.830960723913308e-02
Approximate interval: 7

H: -1.629400e+00
Optimal displacement: 1.000000e-03
Estimated error of manifold: 1.076613e-06
DEBUG: l=1.926130029359104e-02, lprime=-4.065120220243295e-02
Approximate interval: 5

H: -1.627400e+00
Optimal displacement: 1.000000e-03
Estimated error of manifold: 1.080011e-06
DEBUG: l=2.767390652829602e-02, lprime=-3.899570679616206e-02
Approximate interval: 3

H: -1.625400e+00
Optimal displacement: 1.000000e-03
Estimated error of manifold: 1.084206e-06
DEBUG: l=5.484379432217137e-02, lprime=-2.025979098821961e-02
Approximate interval: 1

H: -1.623400e+00
Optimal displacement: 1.000000e-03
Estimated error of manifold: 1.089163e-06
DEBUG: l=2.002399291160016e-02, lprime=-6.074351652259237e-02
Approximate interval: 0

H: -1.621400e+00
Optimal displacement: 1.000000e-03
Estimated error of manifold: 1.094847e-06
DEBUG: l=1.298253935864461e-02, lprime=-4.136589230257305e-02
Approximate interval: 8

H: -1.619400e+00
Optimal displacement: 1.000000e-03
Estimated error of manifold: 1.101223e-06
DEBUG: l=1.851260265994689e-02, lprime=-4.136671869088202e-02
Approximate interval: 6

H: -1.617400e+00
Optimal displacement: 1.000000e-03
Estimated error of manifold: 1.108255e-06
DEBUG: l=3.915396772854120e-02, lprime=-2.756124115441523e-02
Approximate interval: 4

H: -1.615400e+00
Optimal displacement: 1.000000e-03
Estimated error of manifold: 1.115907e-06
DEBUG: l=3.274585001703213e-03, lprime=-6.750846495022808e-02
Approximate interval: 3

H: -1.613400e+00
Optimal displacement: 1.000000e-03
Estimated error of manifold: 1.124145e-06
DEBUG: l=5.524650688438781e-02, lprime=-2.571228819052322e-02
Approximate interval: 1

H: -1.611400e+00
Optimal displacement: 1.000000e-03
Estimated error of manifold: 1.132932e-06
DEBUG: l=4.099853402232147e-02, lprime=-4.671296095444762e-02
Approximate interval: 0

H: -1.609400e+00
Optimal displacement: 1.000000e-03
Estimated error of manifold: 1.142233e-06
DEBUG: l=5.200100435218860e-02, lprime=-4.629983829837878e-03
Approximate interval: 8

H: -1.607400e+00
Optimal displacement: 1.000000e-03
Estimated error of manifold: 1.152014e-06
DEBUG: l=1.395040522371223e-02, lprime=-4.590530464785263e-02
Approximate interval: 7

H: -1.605400e+00
Optimal displacement: 1.000000e-03
Estimated error of manifold: 1.162241e-06
DEBUG: l=4.744643539738607e-02, lprime=-1.932471129780350e-02
Approximate interval: 5

H: -1.603400e+00
Optimal displacement: 1.000000e-03
Estimated error of manifold: 1.172878e-06
DEBUG: l=2.433525201886298e-02, lprime=-4.688482187669347e-02
Approximate interval: 4

H: -1.601400e+00
Optimal displacement: 1.000000e-03
Estimated error of manifold: 1.183894e-06
DEBUG: l=7.833803705067336e-03, lprime=-6.804442391115129e-02
Approximate interval: 3

H: -1.599400e+00
Optimal displacement: 1.000000e-03
Estimated error of manifold: 1.195255e-06
DEBUG: l=8.591361339861743e-02, lprime=-6.231531994463866e-01
Approximate interval: 1

H: -1.597400e+00
Optimal displacement: 1.000000e-03
Estimated error of manifold: 1.206928e-06
DEBUG: l=9.339011475029782e-02, lprime=-6.269790467631924e-01
Approximate interval: 0

H: -1.595400e+00
Optimal displacement: 1.000000e-03
Estimated error of manifold: 1.218882e-06
DEBUG: l=9.040835630034813e-03, lprime=-8.698471545638728e-02
Approximate interval: 0

H: -1.593400e+00
Optimal displacement: 1.000000e-03
Estimated error of manifold: 1.231085e-06
DEBUG: l=4.094361573851768e-02, lprime=-1.900945466833091e-02
Approximate interval: 8

H: -1.591400e+00
Optimal displacement: 1.000000e-03
Estimated error of manifold: 1.243505e-06
DEBUG: l=2.111795647244043e-02, lprime=-4.236538522453173e-02
Approximate interval: 7

H: -1.589400e+00
Optimal displacement: 1.000000e-03
Estimated error of manifold: 1.256114e-06
DEBUG: l=6.530412392883402e-03, lprime=-6.054105282227674e-02
Approximate interval: 6

H: -1.587400e+00
Optimal displacement: 1.000000e-03
Estimated error of manifold: 1.268880e-06
DEBUG: l=7.352115729422896e-02, lprime=-2.101917628334575e-03
Approximate interval: 4

H: -1.585400e+00
Optimal displacement: 1.000000e-03
Estimated error of manifold: 1.281775e-06
DEBUG: l=7.730662343507025e-02, lprime=-4.018185501167140e-03
Approximate interval: 3

H: -1.583400e+00
Optimal displacement: 1.000000e-03
Estimated error of manifold: 1.294770e-06
DEBUG: l=1.689797370793071e-03, lprime=-8.018602596526277e-02
Approximate interval: 3

H: -1.581400e+00
Optimal displacement: 1.000000e-03
Estimated error of manifold: 1.307836e-06
DEBUG: l=1.614567887228709e-02, lprime=-7.319651480504458e-02
Approximate interval: 2

H: -1.579400e+00
Optimal displacement: 1.000000e-03
Estimated error of manifold: 1.320945e-06
DEBUG: l=4.057111662298722e-02, lprime=-5.767500375729455e-02
Approximate interval: 1

H: -1.577400e+00
Optimal displacement: 1.000000e-03
Estimated error of manifold: 1.334071e-06
DEBUG: l=7.582887820448363e-02, lprime=-3.171376703670223e-02
Approximate interval: 0

H: -1.575400e+00
Optimal displacement: 1.000000e-03
Estimated error of manifold: 1.347187e-06
DEBUG: l=7.109110967933372e-03, lprime=-9.968170232004034e-02
Approximate interval: 0

H: -1.573400e+00
Optimal displacement: 1.000000e-03
Estimated error of manifold: 1.360266e-06
DEBUG: l=6.196683894636296e-02, lprime=-6.695048375952465e-01
Approximate interval: 8

H: -1.571400e+00
Optimal displacement: 1.000000e-03
Estimated error of manifold: 1.373283e-06
DEBUG: l=6.239089733022639e-02, lprime=-5.052186408656666e-03
Approximate interval: 7

H: -1.569400e+00
Optimal displacement: 1.000000e-03
Estimated error of manifold: 1.386212e-06
DEBUG: l=6.841651262479452e-02, lprime=-3.280401491508238e-03
Approximate interval: 6

H: -1.567400e+00
Optimal displacement: 1.000000e-03
Estimated error of manifold: 1.399029e-06
DEBUG: l=4.525957107110273e-03, lprime=-6.773555839840635e-02
Approximate interval: 6

H: -1.565400e+00
Optimal displacement: 1.000000e-03
Estimated error of manifold: 1.411710e-06
DEBUG: l=1.908573380863318e-02, lprime=-5.911706729297980e-02
Approximate interval: 5

H: -1.563400e+00
Optimal displacement: 1.000000e-03
Estimated error of manifold: 1.424232e-06
DEBUG: l=4.101255644522013e-02, lprime=-4.382679380825413e-02
Approximate interval: 4

H: -1.561400e+00
Optimal displacement: 1.000000e-03
Estimated error of manifold: 1.436572e-06
DEBUG: l=7.044072083483507e-02, lprime=-2.050149389880038e-02
Approximate interval: 3

H: -1.559400e+00
Optimal displacement: 1.000000e-03
Estimated error of manifold: 1.448707e-06
DEBUG: l=1.228504770531376e-02, lprime=-7.866862964951590e-02
Approximate interval: 3

H: -1.557400e+00
Optimal displacement: 1.000000e-03
Estimated error of manifold: 1.460617e-06
DEBUG: l=5.450287986123335e-02, lprime=-4.669479602648874e-02
Approximate interval: 2

H: -1.555400e+00
Optimal displacement: 1.000000e-03
Estimated error of manifold: 1.472279e-06
DEBUG: l=1.041420939743782e-01, lprime=-2.289451519951240e-03
Approximate interval: 1

H: -1.553400e+00
Optimal displacement: 1.000000e-03
Estimated error of manifold: 1.483675e-06
DEBUG: l=5.433745909309712e-02, lprime=-5.804824087575379e-02
Approximate interval: 1

H: -1.551400e+00
Optimal displacement: 1.000000e-03
Estimated error of manifold: 1.494784e-06
DEBUG: l=1.178162337624949e-01, lprime=-7.025401345199467e-01
Approximate interval: 0

H: -1.549400e+00
Optimal displacement: 1.000000e-03
Estimated error of manifold: 1.505588e-06
DEBUG: l=7.263771621488715e-02, lprime=-5.314698130326834e-02
Approximate interval: 0

H: -1.547400e+00
Optimal displacement: 1.000000e-03
Estimated error of manifold: 1.516068e-06
DEBUG: l=2.335641943288265e-02, lprime=-1.003699834630957e-01
Approximate interval: 0

H: -1.545400e+00
Optimal displacement: 1.000000e-03
Estimated error of manifold: 1.526209e-06
DEBUG: l=3.893800727365512e-02, lprime=-2.826153524921501e-02
Approximate interval: 9

H: -1.543400e+00
Optimal displacement: 1.000000e-03
Estimated error of manifold: 1.535992e-06
DEBUG: l=5.912275867900262e-02, lprime=-1.126327345259275e-02
Approximate interval: 8

H: -1.541400e+00
Optimal displacement: 1.000000e-03
Estimated error of manifold: 1.545403e-06
DEBUG: l=1.172505927722969e-02, lprime=-5.917598730266509e-02
Approximate interval: 8

H: -1.539400e+00
Optimal displacement: 1.000000e-03
Estimated error of manifold: 1.554427e-06
DEBUG: l=4.039629694428970e-02, lprime=-3.673831335727892e-02
Approximate interval: 7

H: -1.537400e+00
Optimal displacement: 1.000000e-03
Estimated error of manifold: 1.563051e-06
DEBUG: l=7.326682273064783e-02, lprime=-6.603251578345697e-03
Approximate interval: 6

H: -1.535400e+00
Optimal displacement: 1.000000e-03
Estimated error of manifold: 1.571260e-06
DEBUG: l=3.118844103905331e-02, lprime=-5.196632310079018e-02
Approximate interval: 6

H: -1.533400e+00
Optimal displacement: 1.000000e-03
Estimated error of manifold: 1.579044e-06
DEBUG: l=7.304269404787381e-02, lprime=-1.431070394123809e-02
Approximate interval: 5

H: -1.531400e+00
Optimal displacement: 1.000000e-03
Estimated error of manifold: 1.586391e-06
DEBUG: l=3.331646409048902e-02, lprime=-5.696878775383114e-02
Approximate interval: 5

H: -1.529400e+00
Optimal displacement: 1.000000e-03
Estimated error of manifold: 1.593291e-06
DEBUG: l=8.371211824692712e-02, lprime=-1.007465786356141e-02
Approximate interval: 4

H: -1.527400e+00
Optimal displacement: 1.000000e-03
Estimated error of manifold: 1.599735e-06
DEBUG: l=4.792890256697555e-02, lprime=-5.123739558921224e-02
Approximate interval: 4

H: -1.525400e+00
Optimal displacement: 1.000000e-03
Estimated error of manifold: 1.605714e-06
DEBUG: l=8.025168574115404e-03, lprime=-8.643404166987129e-02
Approximate interval: 4

H: -1.523400e+00
Optimal displacement: 1.000000e-03
Estimated error of manifold: 1.611221e-06
DEBUG: l=7.449509711511890e-02, lprime=-3.270281385272381e-02
Approximate interval: 3

H: -1.521400e+00
Optimal displacement: 1.000000e-03
Estimated error of manifold: 1.616250e-06
DEBUG: l=4.090843633575125e-02, lprime=-6.821044510078197e-02
Approximate interval: 3

H: -1.519400e+00
Optimal displacement: 1.000000e-03
Estimated error of manifold: 1.620795e-06
DEBUG: l=3.280317904811442e-03, lprime=-9.847988055097626e-02
Approximate interval: 3

H: -1.517400e+00
Optimal displacement: 1.000000e-03
Estimated error of manifold: 1.624852e-06
DEBUG: l=8.425458496112473e-02, lprime=-3.444964605974588e-02
Approximate interval: 2

H: -1.515400e+00
Optimal displacement: 1.000000e-03
Estimated error of manifold: 1.628417e-06
DEBUG: l=5.555240117985427e-02, lprime=-6.679307679839877e-02
Approximate interval: 2

H: -1.513400e+00
Optimal displacement: 1.000000e-03
Estimated error of manifold: 1.631488e-06
DEBUG: l=2.340829464943799e-02, lprime=-9.423479003854490e-02
Approximate interval: 2

H: -1.511400e+00
Optimal displacement: 1.000000e-03
Estimated error of manifold: 1.634062e-06
DEBUG: l=1.128646547615306e-01, lprime=-1.195557868925400e-02
Approximate interval: 1

H: -1.509400e+00
Optimal displacement: 1.000000e-03
Estimated error of manifold: 1.636139e-06
DEBUG: l=9.017646940385765e-02, lprime=-4.459928100997246e-02
Approximate interval: 1

H: -1.507400e+00
Optimal displacement: 1.000000e-03
Estimated error of manifold: 1.637719e-06
DEBUG: l=6.655115944721166e-02, lprime=-7.174173211440410e-02
Approximate interval: 1

H: -1.505400e+00
Optimal displacement: 1.000000e-03
Estimated error of manifold: 1.638803e-06
DEBUG: l=4.077996315064698e-02, lprime=-9.492677084845286e-02
Approximate interval: 1

H: -1.503400e+00
Optimal displacement: 1.000000e-03
Estimated error of manifold: 1.639393e-06
DEBUG: l=1.133379593236411e-02, lprime=-1.155806467444240e-01
Approximate interval: 1

H: -1.501400e+00
Optimal displacement: 1.000000e-03
Estimated error of manifold: 1.639491e-06
DEBUG: l=1.233336909596550e-01, lprime=-1.994495275599403e-02
Approximate interval: 0

H: -1.499400e+00
Optimal displacement: 1.000000e-03
Estimated error of manifold: 1.639101e-06
DEBUG: l=1.057507947065979e-01, lprime=-4.708280838161752e-02
Approximate interval: 0

H: -1.497400e+00
Optimal displacement: 1.000000e-03
Estimated error of manifold: 1.638226e-06
DEBUG: l=8.819448700442298e-02, lprime=-6.931115650170677e-02
Approximate interval: 0

H: -1.495400e+00
Optimal displacement: 1.000000e-03
Estimated error of manifold: 1.636872e-06
DEBUG: l=7.028109626605714e-02, lprime=-8.827523659670350e-02
Approximate interval: 0

H: -1.493400e+00
Optimal displacement: 1.000000e-03
Estimated error of manifold: 1.635044e-06
DEBUG: l=5.135838557962208e-02, lprime=-1.051075323805295e-01
Approximate interval: 0

H: -1.491400e+00
Optimal displacement: 1.000000e-03
Estimated error of manifold: 1.632748e-06
DEBUG: l=3.028032489554475e-02, lprime=-1.204452059962387e-01
Approximate interval: 0

H: -1.489400e+00
Optimal displacement: 1.000000e-03
Estimated error of manifold: 1.629991e-06
DEBUG: l=5.721185028568773e-03, lprime=-1.346575961238102e-01
Approximate interval: 0

H: -1.487400e+00
Optimal displacement: 1.000000e-03
Estimated error of manifold: 1.626781e-06
DEBUG: l=6.454824258463929e-02, lprime=-1.986566647688005e-02
Approximate interval: 9

H: -1.485400e+00
Optimal displacement: 1.000000e-03
Estimated error of manifold: 1.623125e-06
DEBUG: l=4.852804866384011e-02, lprime=-4.118247335905055e-02
Approximate interval: 9

H: -1.483400e+00
Optimal displacement: 1.000000e-03
Estimated error of manifold: 1.619032e-06
DEBUG: l=3.076451480068905e-02, lprime=-5.822523842612828e-02
Approximate interval: 9

H: -1.481400e+00
Optimal displacement: 1.000000e-03
Estimated error of manifold: 1.614511e-06
DEBUG: l=9.862593667414644e-03, lprime=-7.248007817235322e-02
Approximate interval: 9

H: -1.479400e+00
Optimal displacement: 1.000000e-03
Estimated error of manifold: 1.609571e-06
DEBUG: l=7.495028827100766e-02, lprime=-1.310390610164180e-02
Approximate interval: 8

H: -1.477400e+00
Optimal displacement: 1.000000e-03
Estimated error of manifold: 1.604222e-06
DEBUG: l=6.334424254556817e-02, lprime=-3.267432712656741e-02
Approximate interval: 8

H: -1.475400e+00
Optimal displacement: 1.000000e-03
Estimated error of manifold: 1.598475e-06
DEBUG: l=5.148075213482894e-02, lprime=-4.791403072539821e-02
Approximate interval: 8

H: -1.473400e+00
Optimal displacement: 1.000000e-03
Estimated error of manifold: 1.592340e-06
DEBUG: l=3.891277109565996e-02, lprime=-6.028670922724769e-02
Approximate interval: 8

H: -1.471400e+00
Optimal displacement: 1.000000e-03
Estimated error of manifold: 1.585827e-06
DEBUG: l=2.481640567728123e-02, lprime=-7.076906858883503e-02
Approximate interval: 8

H: -1.469400e+00
Optimal displacement: 1.000000e-03
Estimated error of manifold: 1.578948e-06
DEBUG: l=7.900186530180608e-03, lprime=-7.989687433866871e-02
Approximate interval: 8

H: -1.467400e+00
Optimal displacement: 1.000000e-03
Estimated error of manifold: 1.571714e-06
DEBUG: l=8.297893929208308e-02, lprime=-1.093691250496972e-02
Approximate interval: 7

H: -1.465400e+00
Optimal displacement: 1.000000e-03
Estimated error of manifold: 1.564137e-06
DEBUG: l=7.590315667269096e-02, lprime=-2.659978212966065e-02
Approximate interval: 7

H: -1.463400e+00
Optimal displacement: 1.000000e-03
Estimated error of manifold: 1.556229e-06
DEBUG: l=6.920076530549099e-02, lprime=-3.834853804925797e-02
Approximate interval: 7

H: -1.461400e+00
Optimal displacement: 1.000000e-03
Estimated error of manifold: 1.548000e-06
DEBUG: l=6.285153522629122e-02, lprime=-4.755013651462020e-02
Approximate interval: 7

H: -1.459400e+00
Optimal displacement: 1.000000e-03
Estimated error of manifold: 1.539464e-06
DEBUG: l=5.683649296074458e-02, lprime=-5.506674145737625e-02
Approximate interval: 7

H: -1.457400e+00
Optimal displacement: 1.000000e-03
Estimated error of manifold: 1.530632e-06
DEBUG: l=5.113831252387266e-02, lprime=-6.136310595192737e-02
Approximate interval: 7

H: -1.455400e+00
Optimal displacement: 1.000000e-03
Estimated error of manifold: 1.521515e-06
DEBUG: l=4.574197069134017e-02, lprime=-6.670636367229951e-02
Approximate interval: 7

H: -1.453400e+00
Optimal displacement: 1.000000e-03
Estimated error of manifold: 1.512127e-06
DEBUG: l=4.063589208439022e-02, lprime=-7.126207241678800e-02
Approximate interval: 7

H: -1.451400e+00
Optimal displacement: 1.000000e-03
Estimated error of manifold: 1.502479e-06
DEBUG: l=3.581401081577476e-02, lprime=-7.513954745858004e-02
Approximate interval: 7

H: -1.449400e+00
Optimal displacement: 1.000000e-03
Estimated error of manifold: 1.492583e-06
DEBUG: l=3.127954781805842e-02, lprime=-7.841480495580860e-02
Approximate interval: 7

H: -1.447400e+00
Optimal displacement: 1.000000e-03
Estimated error of manifold: 1.482451e-06
DEBUG: l=2.705202526177528e-02, lprime=-8.114304519028598e-02
Approximate interval: 7

H: -1.445400e+00
Optimal displacement: 1.000000e-03
Estimated error of manifold: 1.472095e-06
DEBUG: l=2.318027783969002e-02, lprime=-8.336588810274287e-02
Approximate interval: 7

H: -1.443400e+00
Optimal displacement: 1.000000e-03
Estimated error of manifold: 1.461526e-06
DEBUG: l=1.976582440197956e-02, lprime=-8.511579233650957e-02
Approximate interval: 7

H: -1.441400e+00
Optimal displacement: 1.000000e-03
Estimated error of manifold: 1.450756e-06
DEBUG: l=1.700046508459545e-02, lprime=-8.641887332213682e-02
Approximate interval: 7

H: -1.439400e+00
Optimal displacement: 1.000000e-03
Estimated error of manifold: 1.439797e-06
DEBUG: l=1.520815741924422e-02, lprime=-8.729676278164383e-02
Approximate interval: 7

H: -1.437400e+00
Optimal displacement: 1.000000e-03
Estimated error of manifold: 1.428660e-06
DEBUG: l=1.482488255068784e-02, lprime=-8.776787046699847e-02
Approximate interval: 7

H: -1.435400e+00
Optimal displacement: 1.000000e-03
Estimated error of manifold: 1.417354e-06
DEBUG: l=1.616195417174628e-02, lprime=-8.784825487387798e-02
Approximate interval: 7

H: -1.433400e+00
Optimal displacement: 1.000000e-03
Estimated error of manifold: 1.405892e-06
DEBUG: l=1.901145887779530e-02, lprime=-8.755222874772250e-02
Approximate interval: 7

H: -1.431400e+00
Optimal displacement: 1.000000e-03
Estimated error of manifold: 1.394285e-06
DEBUG: l=2.273428579648355e-02, lprime=-8.689277655557942e-02
Approximate interval: 7

H: -1.429400e+00
Optimal displacement: 1.000000e-03
Estimated error of manifold: 1.382543e-06
DEBUG: l=2.678982504474502e-02, lprime=-8.588182904777025e-02
Approximate interval: 7

H: -1.427400e+00
Optimal displacement: 1.000000e-03
Estimated error of manifold: 1.370675e-06
DEBUG: l=3.091582327916229e-02, lprime=-8.453042296275826e-02
Approximate interval: 7

H: -1.425400e+00
Optimal displacement: 1.000000e-03
Estimated error of manifold: 1.358692e-06
DEBUG: l=3.502197273006263e-02, lprime=-8.284875927495156e-02
Approximate interval: 7

H: -1.423400e+00
Optimal displacement: 1.000000e-03
Estimated error of manifold: 1.346603e-06
DEBUG: l=3.909086107759019e-02, lprime=-8.084615708811804e-02
Approximate interval: 7

H: -1.421400e+00
Optimal displacement: 1.000000e-03
Estimated error of manifold: 1.334418e-06
DEBUG: l=4.313188080106470e-02, lprime=-7.853089048335954e-02
Approximate interval: 7

H: -1.419400e+00
Optimal displacement: 1.000000e-03
Estimated error of manifold: 1.322147e-06
DEBUG: l=4.716326820873021e-02, lprime=-7.590987741294547e-02
Approximate interval: 7

H: -1.417400e+00
Optimal displacement: 1.000000e-03
Estimated error of manifold: 1.309799e-06
DEBUG: l=5.120551689381042e-02, lprime=-7.298816046459000e-02
Approximate interval: 7

H: -1.415400e+00
Optimal displacement: 1.000000e-03
Estimated error of manifold: 1.297379e-06
DEBUG: l=5.527913289103809e-02, lprime=-6.976807023836218e-02
Approximate interval: 7

H: -1.413400e+00
Optimal displacement: 1.000000e-03
Estimated error of manifold: 1.284900e-06
DEBUG: l=5.940402412183682e-02, lprime=-6.624788206907217e-02
Approximate interval: 7

H: -1.411400e+00
Optimal displacement: 1.000000e-03
Estimated error of manifold: 1.272367e-06
DEBUG: l=6.359950120735453e-02, lprime=-6.241958274948850e-02
Approximate interval: 7

H: -1.409400e+00
Optimal displacement: 1.000000e-03
Estimated error of manifold: 1.259789e-06
DEBUG: l=6.788448390500179e-02, lprime=-5.826497255970992e-02
Approximate interval: 7

H: -1.407400e+00
Optimal displacement: 1.000000e-03
Estimated error of manifold: 1.247174e-06
DEBUG: l=7.227775477098475e-02, lprime=-5.374834052822752e-02
Approximate interval: 7

H: -1.405400e+00
Optimal displacement: 1.000000e-03
Estimated error of manifold: 1.234528e-06
DEBUG: l=7.679819172758945e-02, lprime=-4.880117411966980e-02
Approximate interval: 7

H: -1.403400e+00
Optimal displacement: 1.000000e-03
Estimated error of manifold: 1.221860e-06
DEBUG: l=8.146495189046266e-02, lprime=-4.328495394965098e-02
Approximate interval: 7

H: -1.401400e+00
Optimal displacement: 1.000000e-03
Estimated error of manifold: 1.209173e-06
DEBUG: l=8.629758404843479e-02, lprime=-3.687509387808618e-02
Approximate interval: 7

H: -1.399400e+00
Optimal displacement: 1.000000e-03
Estimated error of manifold: 1.196478e-06
DEBUG: l=9.131606202178683e-02, lprime=-2.845509170437716e-02
Approximate interval: 7

H: -1.397400e+00
Optimal displacement: 1.000000e-03
Estimated error of manifold: 1.183779e-06
DEBUG: l=4.239179183076533e-02, lprime=-7.966149294570463e-02
Approximate interval: 8

H: -1.395400e+00
Optimal displacement: 1.000000e-03
Estimated error of manifold: 1.171081e-06
DEBUG: l=4.934418255965753e-02, lprime=-7.412448460787674e-02
Approximate interval: 8

H: -1.393400e+00
Optimal displacement: 1.000000e-03
Estimated error of manifold: 1.158391e-06
DEBUG: l=5.579759058093076e-02, lprime=-6.839136967623394e-02
Approximate interval: 8

H: -1.391400e+00
Optimal displacement: 1.000000e-03
Estimated error of manifold: 1.145712e-06
DEBUG: l=6.202987285224881e-02, lprime=-6.244145873433643e-02
Approximate interval: 8

H: -1.389400e+00
Optimal displacement: 1.000000e-03
Estimated error of manifold: 1.133055e-06
DEBUG: l=6.819404972480791e-02, lprime=-5.623059140909287e-02
Approximate interval: 8

H: -1.387400e+00
Optimal displacement: 1.000000e-03
Estimated error of manifold: 1.120417e-06
DEBUG: l=7.439050434867561e-02, lprime=-4.966827267161489e-02
Approximate interval: 8

H: -1.385400e+00
Optimal displacement: 1.000000e-03
Estimated error of manifold: 1.107806e-06
DEBUG: l=8.069340893624721e-02, lprime=-4.255572243713943e-02
Approximate interval: 8

H: -1.383400e+00
Optimal displacement: 1.000000e-03
Estimated error of manifold: 1.095231e-06
DEBUG: l=8.716219962415894e-02, lprime=-3.434805710961078e-02
Approximate interval: 8

H: -1.381400e+00
Optimal displacement: 1.000000e-03
Estimated error of manifold: 1.082686e-06
DEBUG: l=9.384694913265040e-02, lprime=-2.137012177394959e-02
Approximate interval: 8

H: -1.379400e+00
Optimal displacement: 1.000000e-03
Estimated error of manifold: 1.070187e-06
DEBUG: l=5.379915109134220e-02, lprime=-6.802493651812025e-02
Approximate interval: 9

H: -1.377400e+00
Optimal displacement: 1.000000e-03
Estimated error of manifold: 1.057727e-06
DEBUG: l=6.094714889931840e-02, lprime=-6.102097984472782e-02
Approximate interval: 9

H: -1.375400e+00
Optimal displacement: 1.000000e-03
Estimated error of manifold: 1.045314e-06
DEBUG: l=6.801844946033475e-02, lprime=-5.383143608054120e-02
Approximate interval: 9

H: -1.373400e+00
Optimal displacement: 1.000000e-03
Estimated error of manifold: 1.032953e-06
DEBUG: l=7.515731150627902e-02, lprime=-4.632837302712545e-02
Approximate interval: 9

H: -1.371400e+00
Optimal displacement: 1.000000e-03
Estimated error of manifold: 1.020645e-06
DEBUG: l=8.246524704949471e-02, lprime=-3.820069274657481e-02
Approximate interval: 9

H: -1.369400e+00
Optimal displacement: 1.000000e-03
Estimated error of manifold: 1.008391e-06
DEBUG: l=9.002018815808155e-02, lprime=-2.832565629132777e-02
Approximate interval: 9

H: -1.367400e+00
Optimal displacement: 1.000000e-02
Estimated error of manifold: 9.324335e-05
DEBUG: l=6.492471726550109e-02, lprime=-8.126195175573475e-02
Approximate interval: 3

H: -1.365400e+00
Optimal displacement: 1.000000e-02
Estimated error of manifold: 9.218018e-05
DEBUG: l=7.142124793508298e-02, lprime=-7.441999095986551e-02
Approximate interval: 3

H: -1.363400e+00
Optimal displacement: 1.000000e-02
Estimated error of manifold: 9.112022e-05
DEBUG: l=7.805728172309817e-02, lprime=-6.759577623531771e-02
Approximate interval: 3

H: -1.361400e+00
Optimal displacement: 1.000000e-02
Estimated error of manifold: 9.006371e-05
DEBUG: l=8.490148852778390e-02, lprime=-6.077689571857636e-02
Approximate interval: 3

H: -1.359400e+00
Optimal displacement: 1.000000e-02
Estimated error of manifold: 8.901089e-05
DEBUG: l=9.200925294045331e-02, lprime=-5.393125969820922e-02
Approximate interval: 3
