
H: -1.719400e+00
Optimal displacement: 1.000000e-03
Estimated error of manifold: 1.721074e-06
DEBUG: l=5.053120481954118e-03, lprime=-2.245910204391622e-01
Approximate interval: 861

H: -1.717400e+00
Optimal displacement: 1.000000e-03
Estimated error of manifold: 1.735883e-06
DEBUG: l=1.372819500148936e-02, lprime=-2.308697282546421e-01
Approximate interval: 908

H: -1.715400e+00
Optimal displacement: 1.000000e-03
Estimated error of manifold: 1.738958e-06
DEBUG: l=9.938450420635365e-03, lprime=-2.484173133782495e-01
Approximate interval: 844

H: -1.713400e+00
Optimal displacement: 1.000000e-03
Estimated error of manifold: 1.733438e-06
DEBUG: l=1.504995779981008e-03, lprime=-2.695617860427738e-01
Approximate interval: 859

H: -1.711400e+00
Optimal displacement: 1.000000e-03
Estimated error of manifold: 1.721541e-06
DEBUG: l=1.791979436483966e-02, lprime=-2.659822553724375e-01
Approximate interval: 921

H: -1.709400e+00
Optimal displacement: 1.000000e-03
Estimated error of manifold: 1.704882e-06
DEBUG: l=2.240364723002141e-02, lprime=-2.734778019758183e-01
Approximate interval: 782

H: -1.707400e+00
Optimal displacement: 1.000000e-03
Estimated error of manifold: 1.684672e-06
DEBUG: l=3.008939860872109e-03, lprime=-3.031204231424365e-01
Approximate interval: 990

H: -1.705400e+00
Optimal displacement: 1.000000e-03
Estimated error of manifold: 1.661835e-06
DEBUG: l=1.128613826838986e-03, lprime=-3.155882769399647e-01
Approximate interval: 932

H: -1.703400e+00
Optimal displacement: 1.000000e-03
Estimated error of manifold: 1.637091e-06
DEBUG: l=9.213748060401605e-03, lprime=-3.181497256399119e-01
Approximate interval: 897

H: -1.701400e+00
Optimal displacement: 1.000000e-03
Estimated error of manifold: 1.611006e-06
DEBUG: l=2.328271989300087e-02, lprime=-3.146735662040637e-01
Approximate interval: 886

H: -1.699400e+00
Optimal displacement: 1.000000e-03
Estimated error of manifold: 1.584031e-06
DEBUG: l=1.732426599210413e-02, lprime=-3.298104823215645e-01
Approximate interval: 923

H: -1.697400e+00
Optimal displacement: 1.000000e-03
Estimated error of manifold: 1.556532e-06
DEBUG: l=9.131436705232443e-03, lprime=-3.466399390909217e-01
Approximate interval: 992

H: -1.695400e+00
Optimal displacement: 1.000000e-03
Estimated error of manifold: 1.528804e-06
DEBUG: l=2.236156836236893e-02, lprime=-3.432759705026928e-01
Approximate interval: 703

H: -1.693400e+00
Optimal displacement: 1.000000e-03
Estimated error of manifold: 1.501088e-06
DEBUG: l=1.224671019232391e-02, lprime=-3.612383951186592e-01
Approximate interval: 803

H: -1.691400e+00
Optimal displacement: 1.000000e-03
Estimated error of manifold: 1.473583e-06
DEBUG: l=1.875477895824516e-03, lprime=-3.790597131468980e-01
Approximate interval: 936

H: -1.689400e+00
Optimal displacement: 1.000000e-03
Estimated error of manifold: 1.446455e-06
DEBUG: l=1.187773767637486e-02, lprime=-3.780069812082216e-01
Approximate interval: 684

H: -1.687400e+00
Optimal displacement: 1.000000e-03
Estimated error of manifold: 1.419839e-06
DEBUG: l=2.913415048377785e-03, lprime=-3.939520639778282e-01
Approximate interval: 842

H: -1.685400e+00
Optimal displacement: 1.000000e-03
Estimated error of manifold: 1.393851e-06
DEBUG: l=8.866554411843216e-03, lprime=-3.962256007523996e-01
Approximate interval: 619

H: -1.683400e+00
Optimal displacement: 1.000000e-03
Estimated error of manifold: 1.368585e-06
DEBUG: l=2.075821016416238e-02, lprime=-3.926414625346231e-01
Approximate interval: 784

H: -1.681400e+00
Optimal displacement: 1.000000e-03
Estimated error of manifold: 1.344123e-06
DEBUG: l=4.052587162418363e-03, lprime=-4.151790829301683e-01
Approximate interval: 599

H: -1.679400e+00
Optimal displacement: 1.000000e-03
Estimated error of manifold: 1.320531e-06
DEBUG: l=1.945407150291656e-02, lprime=-4.081013286902706e-01
Approximate interval: 791

H: -1.677400e+00
Optimal displacement: 1.000000e-03
Estimated error of manifold: 1.297866e-06
DEBUG: l=1.667470550442929e-02, lprime=-4.176102430281715e-01
Approximate interval: 604

H: -1.675400e+00
Optimal displacement: 1.000000e-03
Estimated error of manifold: 1.276175e-06
DEBUG: l=1.082948558656066e-02, lprime=-4.293988138652823e-01
Approximate interval: 851

H: -1.673400e+00
Optimal displacement: 1.000000e-03
Estimated error of manifold: 1.255499e-06
DEBUG: l=1.846800032701431e-02, lprime=-4.292041032990576e-01
Approximate interval: 658

H: -1.671400e+00
Optimal displacement: 1.000000e-03
Estimated error of manifold: 1.235868e-06
DEBUG: l=1.563919552968644e-03, lprime=-4.504977749748222e-01
Approximate interval: 962

H: -1.669400e+00
Optimal displacement: 1.000000e-03
Estimated error of manifold: 1.217311e-06
DEBUG: l=7.689410830337425e-03, lprime=-4.513781300801238e-01
Approximate interval: 768

H: -1.667400e+00
Optimal displacement: 1.000000e-03
Estimated error of manifold: 1.199849e-06
DEBUG: l=1.365842135258155e-02, lprime=-4.523070523991313e-01
Approximate interval: 597

H: -1.665400e+00
Optimal displacement: 1.000000e-03
Estimated error of manifold: 1.183497e-06
DEBUG: l=2.304942154913982e-02, lprime=-4.498024544243518e-01
Approximate interval: 904

H: -1.663400e+00
Optimal displacement: 1.000000e-03
Estimated error of manifold: 1.168269e-06
DEBUG: l=2.299501422287054e-04, lprime=-7.780855292089579e-04
Approximate interval: 756

H: -1.661400e+00
Optimal displacement: 1.000000e-03
Estimated error of manifold: 1.154173e-06
DEBUG: l=5.670658493874799e-03, lprime=-4.769295220894361e-01
Approximate interval: 597

H: -1.659400e+00
Optimal displacement: 1.000000e-03
Estimated error of manifold: 1.141212e-06
DEBUG: l=1.715736954203147e-02, lprime=-4.722993084060557e-01
Approximate interval: 946

H: -1.657400e+00
Optimal displacement: 1.000000e-03
Estimated error of manifold: 1.129389e-06
DEBUG: l=2.234496844114233e-02, lprime=-4.734104660021343e-01
Approximate interval: 777

H: -1.655400e+00
Optimal displacement: 1.000000e-03
Estimated error of manifold: 1.118700e-06
DEBUG: l=2.094656281561712e-02, lprime=-4.801918960557676e-01
Approximate interval: 632

H: -1.653400e+00
Optimal displacement: 1.000000e-03
Estimated error of manifold: 1.109139e-06
DEBUG: l=2.796162435551284e-03, lprime=-5.014033427383146e-01
Approximate interval: 516

H: -1.651400e+00
Optimal displacement: 1.000000e-03
Estimated error of manifold: 1.100699e-06
DEBUG: l=1.097473203474834e-02, lprime=-4.993205897335981e-01
Approximate interval: 899

H: -1.649400e+00
Optimal displacement: 1.000000e-03
Estimated error of manifold: 1.093366e-06
DEBUG: l=1.426903918363467e-02, lprime=-5.017318715908921e-01
Approximate interval: 748

H: -1.647400e+00
Optimal displacement: 1.000000e-03
Estimated error of manifold: 1.087127e-06
DEBUG: l=1.873374906622085e-02, lprime=-5.030737727299854e-01
Approximate interval: 611

H: -1.645400e+00
Optimal displacement: 1.000000e-03
Estimated error of manifold: 1.081965e-06
DEBUG: l=2.184312178308554e-02, lprime=-5.055273323115450e-01
Approximate interval: 489

H: -1.643400e+00
Optimal displacement: 1.000000e-03
Estimated error of manifold: 1.077859e-06
DEBUG: l=5.358871445436141e-04, lprime=-5.284597476849795e-01
Approximate interval: 949

H: -1.641400e+00
Optimal displacement: 1.000000e-03
Estimated error of manifold: 1.074789e-06
DEBUG: l=3.611004158340494e-03, lprime=-5.307530572206351e-01
Approximate interval: 805

H: -1.639400e+00
Optimal displacement: 1.000000e-03
Estimated error of manifold: 1.072728e-06
DEBUG: l=7.247686949122990e-03, lprime=-5.325165690133261e-01
Approximate interval: 674

H: -1.637400e+00
Optimal displacement: 1.000000e-03
Estimated error of manifold: 1.071653e-06
DEBUG: l=1.026983406756100e-02, lprime=-5.347566916054602e-01
Approximate interval: 556

H: -1.635400e+00
Optimal displacement: 1.000000e-03
Estimated error of manifold: 1.071533e-06
DEBUG: l=1.360638061262354e-02, lprime=-5.366842856777910e-01
Approximate interval: 449

H: -1.633400e+00
Optimal displacement: 1.000000e-03
Estimated error of manifold: 1.072341e-06
DEBUG: l=2.206044941353207e-02, lprime=-5.338027861402898e-01
Approximate interval: 920

H: -1.631400e+00
Optimal displacement: 1.000000e-03
Estimated error of manifold: 1.074045e-06
DEBUG: l=2.567960030588253e-02, lprime=-5.353700426128261e-01
Approximate interval: 790

H: -1.629400e+00
Optimal displacement: 1.000000e-03
Estimated error of manifold: 1.076613e-06
DEBUG: l=1.876323005300982e-02, lprime=-5.458092604936942e-01
Approximate interval: 682

H: -1.627400e+00
Optimal displacement: 1.000000e-03
Estimated error of manifold: 1.080011e-06
DEBUG: l=8.560791425965456e-03, lprime=-5.589393704194705e-01
Approximate interval: 586

H: -1.625400e+00
Optimal displacement: 1.000000e-03
Estimated error of manifold: 1.084206e-06
DEBUG: l=5.189765408966065e-04, lprime=-5.701663239373167e-01
Approximate interval: 496

H: -1.623400e+00
Optimal displacement: 1.000000e-03
Estimated error of manifold: 1.089163e-06
DEBUG: l=3.332093377999743e-03, lprime=-5.722143265508717e-01
Approximate interval: 405

H: -1.621400e+00
Optimal displacement: 1.000000e-03
Estimated error of manifold: 1.094847e-06
DEBUG: l=1.147381172613152e-02, lprime=-5.692989622665119e-01
Approximate interval: 925

H: -1.619400e+00
Optimal displacement: 1.000000e-03
Estimated error of manifold: 1.101223e-06
DEBUG: l=1.378028772060147e-02, lprime=-5.716680893966943e-01
Approximate interval: 809

H: -1.617400e+00
Optimal displacement: 1.000000e-03
Estimated error of manifold: 1.108255e-06
DEBUG: l=1.568426800915348e-02, lprime=-5.743380479948633e-01
Approximate interval: 703

H: -1.615400e+00
Optimal displacement: 1.000000e-03
Estimated error of manifold: 1.115907e-06
DEBUG: l=1.735682635698994e-02, lprime=-5.771660015615090e-01
Approximate interval: 606

H: -1.613400e+00
Optimal displacement: 1.000000e-03
Estimated error of manifold: 1.124145e-06
DEBUG: l=1.910174401197226e-02, lprime=-5.798995353652835e-01
Approximate interval: 517

H: -1.611400e+00
Optimal displacement: 1.000000e-03
Estimated error of manifold: 1.132932e-06
DEBUG: l=2.139083366268736e-02, lprime=-5.821481433881158e-01
Approximate interval: 435

H: -1.609400e+00
Optimal displacement: 1.000000e-03
Estimated error of manifold: 1.142233e-06
DEBUG: l=2.222899953241999e-02, lprime=-5.855712593251980e-01
Approximate interval: 361

H: -1.607400e+00
Optimal displacement: 1.000000e-03
Estimated error of manifold: 1.152014e-06
DEBUG: l=9.764921249232186e-03, lprime=-5.994582237043393e-01
Approximate interval: 957

H: -1.605400e+00
Optimal displacement: 1.000000e-03
Estimated error of manifold: 1.162241e-06
DEBUG: l=4.947588065619654e-03, lprime=-6.074170537200021e-01
Approximate interval: 861

H: -1.603400e+00
Optimal displacement: 1.000000e-03
Estimated error of manifold: 1.172878e-06
DEBUG: l=9.877253167393471e-04, lprime=-6.146152796866580e-01
Approximate interval: 771

H: -1.601400e+00
Optimal displacement: 1.000000e-03
Estimated error of manifold: 1.183894e-06
DEBUG: l=1.568603280153479e-03, lprime=-6.180349010301495e-01
Approximate interval: 683

H: -1.599400e+00
Optimal displacement: 1.000000e-03
Estimated error of manifold: 1.195255e-06
DEBUG: l=2.881803889942111e-03, lprime=-6.208214616631751e-01
Approximate interval: 601

H: -1.597400e+00
Optimal displacement: 1.000000e-03
Estimated error of manifold: 1.206928e-06
DEBUG: l=3.378392772936007e-03, lprime=-6.242456154086504e-01
Approximate interval: 526

H: -1.595400e+00
Optimal displacement: 1.000000e-03
Estimated error of manifold: 1.218882e-06
DEBUG: l=4.767650336089393e-03, lprime=-6.269101924726255e-01
Approximate interval: 456

H: -1.593400e+00
Optimal displacement: 1.000000e-03
Estimated error of manifold: 1.231085e-06
DEBUG: l=5.371283592282586e-03, lprime=-6.301858159682170e-01
Approximate interval: 392

H: -1.591400e+00
Optimal displacement: 1.000000e-03
Estimated error of manifold: 1.243505e-06
DEBUG: l=5.862368175836002e-03, lprime=-6.335225515652255e-01
Approximate interval: 333

H: -1.589400e+00
Optimal displacement: 1.000000e-03
Estimated error of manifold: 1.256114e-06
DEBUG: l=1.528329151862445e-02, lprime=-6.290349275858552e-01
Approximate interval: 973

H: -1.587400e+00
Optimal displacement: 1.000000e-03
Estimated error of manifold: 1.268880e-06
DEBUG: l=1.618699880580259e-02, lprime=-6.319561799364003e-01
Approximate interval: 886

H: -1.585400e+00
Optimal displacement: 1.000000e-03
Estimated error of manifold: 1.281775e-06
DEBUG: l=1.710602642897116e-02, lprime=-6.348358260718757e-01
Approximate interval: 805

H: -1.583400e+00
Optimal displacement: 1.000000e-03
Estimated error of manifold: 1.294770e-06
DEBUG: l=1.764765684865201e-02, lprime=-6.379903610820356e-01
Approximate interval: 730

H: -1.581400e+00
Optimal displacement: 1.000000e-03
Estimated error of manifold: 1.307836e-06
DEBUG: l=1.837561661500117e-02, lprime=-6.409656400456526e-01
Approximate interval: 660

H: -1.579400e+00
Optimal displacement: 1.000000e-03
Estimated error of manifold: 1.320945e-06
DEBUG: l=1.893890163258763e-02, lprime=-6.440441055984704e-01
Approximate interval: 595

H: -1.577400e+00
Optimal displacement: 1.000000e-03
Estimated error of manifold: 1.334071e-06
DEBUG: l=1.892460248253603e-02, lprime=-6.475543386790132e-01
Approximate interval: 535

H: -1.575400e+00
Optimal displacement: 1.000000e-03
Estimated error of manifold: 1.347187e-06
DEBUG: l=1.907263147096135e-02, lprime=-6.509042194626611e-01
Approximate interval: 479

H: -1.573400e+00
Optimal displacement: 1.000000e-03
Estimated error of manifold: 1.360266e-06
DEBUG: l=1.904528383268333e-02, lprime=-6.543628167363266e-01
Approximate interval: 427

H: -1.571400e+00
Optimal displacement: 1.000000e-03
Estimated error of manifold: 1.373283e-06
DEBUG: l=1.981508363616200e-02, lprime=-6.571611270344087e-01
Approximate interval: 378

H: -1.569400e+00
Optimal displacement: 1.000000e-03
Estimated error of manifold: 1.386212e-06
DEBUG: l=1.971672027786939e-02, lprime=-6.606163098026923e-01
Approximate interval: 333

H: -1.567400e+00
Optimal displacement: 1.000000e-03
Estimated error of manifold: 1.399029e-06
DEBUG: l=1.976845421911887e-02, lprime=-6.639230049901845e-01
Approximate interval: 291

H: -1.565400e+00
Optimal displacement: 1.000000e-03
Estimated error of manifold: 1.411710e-06
DEBUG: l=1.964938043810760e-02, lprime=-6.673333404984698e-01
Approximate interval: 252

H: -1.563400e+00
Optimal displacement: 1.000000e-03
Estimated error of manifold: 1.424232e-06
DEBUG: l=1.445292101336537e-02, lprime=-6.739820409337646e-01
Approximate interval: 952

H: -1.561400e+00
Optimal displacement: 1.000000e-03
Estimated error of manifold: 1.436572e-06
DEBUG: l=1.442246569772992e-02, lprime=-6.772072608986044e-01
Approximate interval: 888

H: -1.559400e+00
Optimal displacement: 1.000000e-03
Estimated error of manifold: 1.448707e-06
DEBUG: l=1.431031439400156e-02, lprime=-6.804633772310301e-01
Approximate interval: 828

H: -1.557400e+00
Optimal displacement: 1.000000e-03
Estimated error of manifold: 1.460617e-06
DEBUG: l=1.483867116126176e-02, lprime=-6.831969873246496e-01
Approximate interval: 771

H: -1.555400e+00
Optimal displacement: 1.000000e-03
Estimated error of manifold: 1.472279e-06
DEBUG: l=1.586925756456391e-02, lprime=-6.855200462401317e-01
Approximate interval: 717

H: -1.553400e+00
Optimal displacement: 1.000000e-03
Estimated error of manifold: 1.483675e-06
DEBUG: l=1.617485474973320e-02, lprime=-6.883691705537128e-01
Approximate interval: 667

H: -1.551400e+00
Optimal displacement: 1.000000e-03
Estimated error of manifold: 1.494784e-06
DEBUG: l=1.765275668639870e-02, lprime=-6.903036897324495e-01
Approximate interval: 619

H: -1.549400e+00
Optimal displacement: 1.000000e-03
Estimated error of manifold: 1.505588e-06
DEBUG: l=1.790660524240858e-02, lprime=-6.931386941580193e-01
Approximate interval: 575

H: -1.547400e+00
Optimal displacement: 1.000000e-03
Estimated error of manifold: 1.516068e-06
DEBUG: l=1.898484659616189e-02, lprime=-6.953275814737185e-01
Approximate interval: 533

H: -1.545400e+00
Optimal displacement: 1.000000e-03
Estimated error of manifold: 1.526209e-06
DEBUG: l=2.078637006739465e-02, lprime=-6.969535694698691e-01
Approximate interval: 493

H: -1.543400e+00
Optimal displacement: 1.000000e-03
Estimated error of manifold: 1.535992e-06
DEBUG: l=2.185755358671152e-02, lprime=-6.991043873421227e-01
Approximate interval: 456

H: -1.541400e+00
Optimal displacement: 1.000000e-03
Estimated error of manifold: 1.545403e-06
DEBUG: l=2.327952488174465e-02, lprime=-7.009725737520857e-01
Approximate interval: 421

H: -1.539400e+00
Optimal displacement: 1.000000e-03
Estimated error of manifold: 1.554427e-06
DEBUG: l=2.489208778143304e-02, lprime=-7.026791645447347e-01
Approximate interval: 388

H: -1.537400e+00
Optimal displacement: 1.000000e-03
Estimated error of manifold: 1.563051e-06
DEBUG: l=2.651644130512521e-02, lprime=-7.043571185107748e-01
Approximate interval: 357

H: -1.535400e+00
Optimal displacement: 1.000000e-03
Estimated error of manifold: 1.571260e-06
DEBUG: l=2.638303172342365e-02, lprime=-7.073077211944122e-01
Approximate interval: 329

H: -1.533400e+00
Optimal displacement: 1.000000e-03
Estimated error of manifold: 1.579044e-06
DEBUG: l=2.572007621441271e-02, lprime=-7.106143352100575e-01
Approximate interval: 303

H: -1.531400e+00
Optimal displacement: 1.000000e-03
Estimated error of manifold: 1.586391e-06
DEBUG: l=2.428404003944297e-02, lprime=-7.144441844596248e-01
Approximate interval: 279

H: -1.529400e+00
Optimal displacement: 1.000000e-03
Estimated error of manifold: 1.593291e-06
DEBUG: l=2.359364551167008e-02, lprime=-7.176951790176711e-01
Approximate interval: 256

H: -1.527400e+00
Optimal displacement: 1.000000e-03
Estimated error of manifold: 1.599735e-06
DEBUG: l=2.358308652257681e-02, lprime=-7.204268198099217e-01
Approximate interval: 234

H: -1.525400e+00
Optimal displacement: 1.000000e-03
Estimated error of manifold: 1.605714e-06
DEBUG: l=2.224137102295481e-02, lprime=-7.240683490617541e-01
Approximate interval: 214

H: -1.523400e+00
Optimal displacement: 1.000000e-03
Estimated error of manifold: 1.611221e-06
DEBUG: l=2.125981868402819e-02, lprime=-7.274133752070153e-01
Approximate interval: 195

H: -1.521400e+00
Optimal displacement: 1.000000e-03
Estimated error of manifold: 1.616250e-06
DEBUG: l=9.427618566767914e-04, lprime=-7.430105986770971e-01
Approximate interval: 977

H: -1.519400e+00
Optimal displacement: 1.000000e-03
Estimated error of manifold: 1.620795e-06
DEBUG: l=2.337160073016075e-03, lprime=-7.445294507746867e-01
Approximate interval: 939

H: -1.517400e+00
Optimal displacement: 1.000000e-03
Estimated error of manifold: 1.624852e-06
DEBUG: l=3.820894671037819e-03, lprime=-7.459759434336682e-01
Approximate interval: 903

H: -1.515400e+00
Optimal displacement: 1.000000e-03
Estimated error of manifold: 1.628417e-06
DEBUG: l=5.286342252432658e-03, lprime=-7.474224286834599e-01
Approximate interval: 869

H: -1.513400e+00
Optimal displacement: 1.000000e-03
Estimated error of manifold: 1.631488e-06
DEBUG: l=7.705756253843111e-03, lprime=-7.482410027078444e-01
Approximate interval: 836

H: -1.511400e+00
Optimal displacement: 1.000000e-03
Estimated error of manifold: 1.634062e-06
DEBUG: l=8.812811641394355e-03, lprime=-7.498996715874982e-01
Approximate interval: 806

H: -1.509400e+00
Optimal displacement: 1.000000e-03
Estimated error of manifold: 1.636139e-06
DEBUG: l=1.068894395879477e-02, lprime=-7.510548414277729e-01
Approximate interval: 777

H: -1.507400e+00
Optimal displacement: 1.000000e-03
Estimated error of manifold: 1.637719e-06
DEBUG: l=1.210443685707233e-02, lprime=-7.524937496380929e-01
Approximate interval: 750

H: -1.505400e+00
Optimal displacement: 1.000000e-03
Estimated error of manifold: 1.638803e-06
DEBUG: l=1.414793349818497e-02, lprime=-7.535281155496315e-01
Approximate interval: 724

H: -1.503400e+00
Optimal displacement: 1.000000e-03
Estimated error of manifold: 1.639393e-06
DEBUG: l=1.550412575221217e-02, lprime=-7.549843411470012e-01
Approximate interval: 700

H: -1.501400e+00
Optimal displacement: 1.000000e-03
Estimated error of manifold: 1.639491e-06
DEBUG: l=1.601525435330345e-02, lprime=-7.569507157936708e-01
Approximate interval: 678

H: -1.499400e+00
Optimal displacement: 1.000000e-03
Estimated error of manifold: 1.639101e-06
DEBUG: l=1.820665666666493e-02, lprime=-7.578672096694569e-01
Approximate interval: 656

H: -1.497400e+00
Optimal displacement: 1.000000e-03
Estimated error of manifold: 1.638226e-06
DEBUG: l=1.936923800416645e-02, lprime=-7.594060196224726e-01
Approximate interval: 636

H: -1.495400e+00
Optimal displacement: 1.000000e-03
Estimated error of manifold: 1.636872e-06
DEBUG: l=2.074687408722797e-02, lprime=-7.608002804263388e-01
Approximate interval: 617

H: -1.493400e+00
Optimal displacement: 1.000000e-03
Estimated error of manifold: 1.635044e-06
DEBUG: l=2.227196470693700e-02, lprime=-7.620920059958749e-01
Approximate interval: 599

H: -1.491400e+00
Optimal displacement: 1.000000e-03
Estimated error of manifold: 1.632748e-06
DEBUG: l=2.387313140746759e-02, lprime=-7.633240067142734e-01
Approximate interval: 582

H: -1.489400e+00
Optimal displacement: 1.000000e-03
Estimated error of manifold: 1.629991e-06
DEBUG: l=2.547674502954451e-02, lprime=-7.645396894422430e-01
Approximate interval: 566

H: -1.487400e+00
Optimal displacement: 1.000000e-03
Estimated error of manifold: 1.626781e-06
DEBUG: l=2.549950487035095e-02, lprime=-7.667017778052798e-01
Approximate interval: 552

H: -1.485400e+00
Optimal displacement: 1.000000e-03
Estimated error of manifold: 1.623125e-06
DEBUG: l=2.531803246022904e-02, lprime=-7.689632106986029e-01
Approximate interval: 539

H: -1.483400e+00
Optimal displacement: 1.000000e-03
Estimated error of manifold: 1.619032e-06
DEBUG: l=2.323363197001743e-02, lprime=-7.723102800624230e-01
Approximate interval: 528

H: -1.481400e+00
Optimal displacement: 1.000000e-03
Estimated error of manifold: 1.614511e-06
DEBUG: l=2.234438328938840e-02, lprime=-7.749078258545462e-01
Approximate interval: 517

H: -1.479400e+00
Optimal displacement: 1.000000e-03
Estimated error of manifold: 1.609571e-06
DEBUG: l=2.097852887562511e-02, lprime=-7.777274463918753e-01
Approximate interval: 507

H: -1.477400e+00
Optimal displacement: 1.000000e-03
Estimated error of manifold: 1.604222e-06
DEBUG: l=1.901636664961880e-02, lprime=-7.808079583026902e-01
Approximate interval: 498

H: -1.475400e+00
Optimal displacement: 1.000000e-03
Estimated error of manifold: 1.598475e-06
DEBUG: l=1.824761590083170e-02, lprime=-7.831982869566956e-01
Approximate interval: 489

H: -1.473400e+00
Optimal displacement: 1.000000e-03
Estimated error of manifold: 1.592340e-06
DEBUG: l=1.676849906073556e-02, lprime=-7.859031818913781e-01
Approximate interval: 481

H: -1.471400e+00
Optimal displacement: 1.000000e-03
Estimated error of manifold: 1.585827e-06
DEBUG: l=1.441411890637598e-02, lprime=-7.889585600138868e-01
Approximate interval: 474

H: -1.469400e+00
Optimal displacement: 1.000000e-03
Estimated error of manifold: 1.578948e-06
DEBUG: l=1.323016804366002e-02, lprime=-7.913817828449720e-01
Approximate interval: 467

H: -1.467400e+00
Optimal displacement: 1.000000e-03
Estimated error of manifold: 1.571714e-06
DEBUG: l=1.098683115252950e-02, lprime=-7.942051582622931e-01
Approximate interval: 461

H: -1.465400e+00
Optimal displacement: 1.000000e-03
Estimated error of manifold: 1.564137e-06
DEBUG: l=9.961458238361157e-03, lprime=-7.964276458427703e-01
Approximate interval: 455

H: -1.463400e+00
Optimal displacement: 1.000000e-03
Estimated error of manifold: 1.556229e-06
DEBUG: l=7.645080636075517e-03, lprime=-7.990973969744771e-01
Approximate interval: 450

H: -1.461400e+00
Optimal displacement: 1.000000e-03
Estimated error of manifold: 1.548000e-06
DEBUG: l=3.694513939390489e-03, lprime=-8.022433386554836e-01
Approximate interval: 446

H: -1.459400e+00
Optimal displacement: 1.000000e-03
Estimated error of manifold: 1.539464e-06
DEBUG: l=8.347110864108036e-04, lprime=-2.281161630004839e-03
Approximate interval: 442

H: -1.457400e+00
Optimal displacement: 1.000000e-03
Estimated error of manifold: 1.530632e-06
DEBUG: l=2.580495053235406e-03, lprime=-8.058353694114885e-01
Approximate interval: 437

H: -1.455400e+00
Optimal displacement: 1.000000e-03
Estimated error of manifold: 1.521515e-06
DEBUG: l=2.739514393837380e-03, lprime=-8.073501281259666e-01
Approximate interval: 433

H: -1.453400e+00
Optimal displacement: 1.000000e-03
Estimated error of manifold: 1.512127e-06
DEBUG: l=4.653318429047041e-03, lprime=-8.083391274010718e-01
Approximate interval: 429

H: -1.451400e+00
Optimal displacement: 1.000000e-03
Estimated error of manifold: 1.502479e-06
DEBUG: l=4.684417843771764e-03, lprime=-8.098876622254412e-01
Approximate interval: 426

H: -1.449400e+00
Optimal displacement: 1.000000e-03
Estimated error of manifold: 1.492583e-06
DEBUG: l=6.555234140692454e-03, lprime=-8.109376792252515e-01
Approximate interval: 423

H: -1.447400e+00
Optimal displacement: 1.000000e-03
Estimated error of manifold: 1.482451e-06
DEBUG: l=1.037460759277958e-02, lprime=-8.114973402639983e-01
Approximate interval: 420

H: -1.445400e+00
Optimal displacement: 1.000000e-03
Estimated error of manifold: 1.472095e-06
DEBUG: l=7.724403217745042e-03, lprime=-8.137549162240986e-01
Approximate interval: 419

H: -1.443400e+00
Optimal displacement: 1.000000e-03
Estimated error of manifold: 1.461526e-06
DEBUG: l=1.131071160441060e-02, lprime=-8.144612304652051e-01
Approximate interval: 417

H: -1.441400e+00
Optimal displacement: 1.000000e-03
Estimated error of manifold: 1.450756e-06
DEBUG: l=1.234006800339926e-02, lprime=-8.158055136090875e-01
Approximate interval: 416

H: -1.439400e+00
Optimal displacement: 1.000000e-03
Estimated error of manifold: 1.439797e-06
DEBUG: l=1.047451182699472e-02, lprime=-8.178027139021814e-01
Approximate interval: 416

H: -1.437400e+00
Optimal displacement: 1.000000e-03
Estimated error of manifold: 1.428660e-06
DEBUG: l=1.538077663661863e-02, lprime=-8.182705882164349e-01
Approximate interval: 415

H: -1.435400e+00
Optimal displacement: 1.000000e-03
Estimated error of manifold: 1.417354e-06
DEBUG: l=1.254075254220503e-02, lprime=-8.205087067482640e-01
Approximate interval: 416

H: -1.433400e+00
Optimal displacement: 1.000000e-03
Estimated error of manifold: 1.405892e-06
DEBUG: l=1.648156835911004e-02, lprime=-8.212333004381634e-01
Approximate interval: 416

H: -1.431400e+00
Optimal displacement: 1.000000e-03
Estimated error of manifold: 1.394285e-06
DEBUG: l=1.729464136690460e-02, lprime=-8.226480038815531e-01
Approximate interval: 417

H: -1.429400e+00
Optimal displacement: 1.000000e-03
Estimated error of manifold: 1.382543e-06
DEBUG: l=1.493877193523706e-02, lprime=-8.247592292842938e-01
Approximate interval: 419

H: -1.427400e+00
Optimal displacement: 1.000000e-03
Estimated error of manifold: 1.370675e-06
DEBUG: l=1.924814474886441e-02, lprime=-8.253803636614714e-01
Approximate interval: 420

H: -1.425400e+00
Optimal displacement: 1.000000e-03
Estimated error of manifold: 1.358692e-06
DEBUG: l=1.544347206770423e-02, lprime=-1.629630367738473e-02
Approximate interval: 423

H: -1.423400e+00
Optimal displacement: 1.000000e-03
Estimated error of manifold: 1.346603e-06
DEBUG: l=1.862841713120457e-02, lprime=-1.721993305631300e-02
Approximate interval: 425

H: -1.421400e+00
Optimal displacement: 1.000000e-03
Estimated error of manifold: 1.334418e-06
DEBUG: l=2.233984738768584e-02, lprime=-1.627578158365167e-02
Approximate interval: 427

H: -1.419400e+00
Optimal displacement: 1.000000e-03
Estimated error of manifold: 1.322147e-06
DEBUG: l=2.328658054521734e-02, lprime=-1.936046319693246e-02
Approximate interval: 430

H: -1.417400e+00
Optimal displacement: 1.000000e-03
Estimated error of manifold: 1.309799e-06
DEBUG: l=2.509919147365805e-02, lprime=-2.052462791917248e-02
Approximate interval: 433

H: -1.415400e+00
Optimal displacement: 1.000000e-03
Estimated error of manifold: 1.297379e-06
DEBUG: l=2.745477790084849e-02, lprime=-2.037676862462501e-02
Approximate interval: 436

H: -1.413400e+00
Optimal displacement: 1.000000e-03
Estimated error of manifold: 1.284900e-06
DEBUG: l=2.804615307656394e-02, lprime=-2.290760515448177e-02
Approximate interval: 440

H: -1.411400e+00
Optimal displacement: 1.000000e-03
Estimated error of manifold: 1.272367e-06
DEBUG: l=2.925352959174757e-02, lprime=-2.408985790783028e-02
Approximate interval: 444

H: -1.409400e+00
Optimal displacement: 1.000000e-03
Estimated error of manifold: 1.259789e-06
DEBUG: l=2.902792211925964e-02, lprime=-2.688760909210869e-02
Approximate interval: 449

H: -1.407400e+00
Optimal displacement: 1.000000e-03
Estimated error of manifold: 1.247174e-06
DEBUG: l=3.124960446418568e-02, lprime=-2.638583543066114e-02
Approximate interval: 453

H: -1.405400e+00
Optimal displacement: 1.000000e-03
Estimated error of manifold: 1.234528e-06
DEBUG: l=3.365690550471725e-02, lprime=-2.514354076868711e-02
Approximate interval: 457

H: -1.403400e+00
Optimal displacement: 1.000000e-03
Estimated error of manifold: 1.221860e-06
DEBUG: l=3.618161787879434e-02, lprime=-2.287137583295734e-02
Approximate interval: 461

H: -1.401400e+00
Optimal displacement: 1.000000e-03
Estimated error of manifold: 1.209173e-06
DEBUG: l=3.752704480556990e-02, lprime=-2.265339429442453e-02
Approximate interval: 466

H: -1.399400e+00
Optimal displacement: 1.000000e-03
Estimated error of manifold: 1.196478e-06
DEBUG: l=3.912495882377126e-02, lprime=-2.136714384775872e-02
Approximate interval: 471

H: -1.397400e+00
Optimal displacement: 1.000000e-03
Estimated error of manifold: 1.183779e-06
DEBUG: l=3.978814103593598e-02, lprime=-2.271503678460583e-02
Approximate interval: 477

H: -1.395400e+00
Optimal displacement: 1.000000e-03
Estimated error of manifold: 1.171081e-06
DEBUG: l=4.182764536088410e-02, lprime=-1.812561130852235e-02
Approximate interval: 482

H: -1.393400e+00
Optimal displacement: 1.000000e-03
Estimated error of manifold: 1.158391e-06
DEBUG: l=4.193688204341525e-02, lprime=-2.235330982481937e-02
Approximate interval: 489

H: -1.391400e+00
Optimal displacement: 1.000000e-03
Estimated error of manifold: 1.145712e-06
DEBUG: l=4.234040112764995e-02, lprime=-2.386926949006254e-02
Approximate interval: 496

H: -1.389400e+00
Optimal displacement: 1.000000e-03
Estimated error of manifold: 1.133055e-06
DEBUG: l=4.301108880288376e-02, lprime=-2.442642588209146e-02
Approximate interval: 503

H: -1.387400e+00
Optimal displacement: 1.000000e-03
Estimated error of manifold: 1.120417e-06
DEBUG: l=4.392099771477975e-02, lprime=-2.427794132039235e-02
Approximate interval: 510

H: -1.385400e+00
Optimal displacement: 1.000000e-03
Estimated error of manifold: 1.107806e-06
DEBUG: l=4.413008503041660e-02, lprime=-2.564397739162122e-02
Approximate interval: 518

H: -1.383400e+00
Optimal displacement: 1.000000e-03
Estimated error of manifold: 1.095231e-06
DEBUG: l=4.459125033551681e-02, lprime=-2.627075324506309e-02
Approximate interval: 526

H: -1.381400e+00
Optimal displacement: 1.000000e-03
Estimated error of manifold: 1.082686e-06
DEBUG: l=4.441471654987542e-02, lprime=-2.793787065669132e-02
Approximate interval: 535

H: -1.379400e+00
Optimal displacement: 1.000000e-03
Estimated error of manifold: 1.070187e-06
DEBUG: l=4.534493594066299e-02, lprime=-2.750790249903484e-02
Approximate interval: 543

H: -1.377400e+00
Optimal displacement: 1.000000e-03
Estimated error of manifold: 1.057727e-06
DEBUG: l=4.482373663536351e-02, lprime=-2.943510874444336e-02
Approximate interval: 553

H: -1.375400e+00
Optimal displacement: 1.000000e-03
Estimated error of manifold: 1.045314e-06
DEBUG: l=4.537271415384003e-02, lprime=-2.952220234570996e-02
Approximate interval: 562

H: -1.373400e+00
Optimal displacement: 1.000000e-03
Estimated error of manifold: 1.032953e-06
DEBUG: l=4.534542788230228e-02, lprime=-3.040617759179959e-02
Approximate interval: 572

H: -1.371400e+00
Optimal displacement: 1.000000e-03
Estimated error of manifold: 1.020645e-06
DEBUG: l=4.555026856484973e-02, lprime=-3.086951175761440e-02
Approximate interval: 582

H: -1.369400e+00
Optimal displacement: 1.000000e-03
Estimated error of manifold: 1.008391e-06
DEBUG: l=4.891278741616889e-02, lprime=-2.634023457127233e-02
Approximate interval: 588

H: -1.367400e+00
Optimal displacement: 1.000000e-02
Estimated error of manifold: 9.324335e-05
DEBUG: l=5.002270673336462e-02, lprime=-2.609221187154132e-02
Approximate interval: 191

H: -1.365400e+00
Optimal displacement: 1.000000e-02
Estimated error of manifold: 9.218018e-05
DEBUG: l=4.969890286806405e-02, lprime=-2.745946836713278e-02
Approximate interval: 197

H: -1.363400e+00
Optimal displacement: 1.000000e-02
Estimated error of manifold: 9.112022e-05
DEBUG: l=5.069311442976399e-02, lprime=-2.650718616274389e-02
Approximate interval: 202

H: -1.361400e+00
Optimal displacement: 1.000000e-02
Estimated error of manifold: 9.006371e-05
DEBUG: l=5.070280694355600e-02, lprime=-2.717285630763988e-02
Approximate interval: 208

H: -1.359400e+00
Optimal displacement: 1.000000e-02
Estimated error of manifold: 8.901089e-05
DEBUG: l=5.087797556931634e-02, lprime=-2.749384364331209e-02
Approximate interval: 214
