
H: -1.719400e+00
Optimal displacement: 1.000000e-04
Estimated error of manifold: 1.743925e-08
DEBUG: l=3.093881631339726e+00, lprime=-3.088142757394083e+00
Approximate interval: 9
p(0): -4.470843776035962e-01, p(1): 2.821703012713516e-01
P(0): -4.471823546184824e-01, P(1): 2.823456765292944e-01
Q(0): -4.471878218460040e-01, Q(1): 2.823554626657463e-01

H: -1.717400e+00
Optimal displacement: 1.000000e-04
Estimated error of manifold: 1.758017e-08
DEBUG: l=2.927903227911002e+00, lprime=-3.027993566729228e+00
Approximate interval: 9
p(0): -4.423095655626668e-01, p(1): 3.025494611174133e-01
P(0): -4.424059767604315e-01, P(1): 3.027268026731348e-01
Q(0): -4.424113821409142e-01, Q(1): 3.027367454868981e-01

H: -1.715400e+00
Optimal displacement: 1.000000e-04
Estimated error of manifold: 1.760299e-08
DEBUG: l=2.946328913086018e+00, lprime=-2.990719680655275e+00
Approximate interval: 8
p(0): -4.376243406375962e-01, p(1): 3.216591127041672e-01
P(0): -4.377136285346703e-01, P(1): 3.218283785095576e-01
Q(0): -4.377189574318028e-01, Q(1): 3.218384806633155e-01

H: -1.713400e+00
Optimal displacement: 1.000000e-04
Estimated error of manifold: 1.753962e-08
DEBUG: l=2.951670822343487e+00, lprime=-2.973118868009812e+00
Approximate interval: 8
p(0): -4.330249069978471e-01, p(1): 3.397202039070799e-01
P(0): -4.331123485473619e-01, P(1): 3.398913487889668e-01
Q(0): -4.331175915289126e-01, Q(1): 3.399016106091565e-01

H: -1.711400e+00
Optimal displacement: 1.000000e-04
Estimated error of manifold: 1.741254e-08
DEBUG: l=3.006088012796832e+00, lprime=-2.900788095336309e+00
Approximate interval: 7
p(0): -4.285077271244486e-01, p(1): 3.568979760272309e-01
P(0): -4.285880982364255e-01, P(1): 3.570605645305633e-01
Q(0): -4.285932492941936e-01, Q(1): 3.570709849758267e-01

H: -1.709400e+00
Optimal displacement: 1.000000e-04
Estimated error of manifold: 1.723811e-08
DEBUG: l=2.819969740034575e+00, lprime=-3.076394477336189e+00
Approximate interval: 7
p(0): -4.240694981627159e-01, p(1): 3.733198680876313e-01
P(0): -4.241480094715426e-01, P(1): 3.734841329496298e-01
Q(0): -4.241530649253658e-01, Q(1): 3.734947101955962e-01

H: -1.707400e+00
Optimal displacement: 1.000000e-04
Estimated error of manifold: 1.702856e-08
DEBUG: l=2.831979884256666e+00, lprime=-3.053738742611116e+00
Approximate interval: 7
p(0): -4.197071309715083e-01, p(1): 3.890866333448280e-01
P(0): -4.197837737839124e-01, P(1): 3.892525369085970e-01
Q(0): -4.197887315762990e-01, Q(1): 3.892632687097872e-01

H: -1.705400e+00
Optimal displacement: 1.000000e-04
Estimated error of manifold: 1.679318e-08
DEBUG: l=2.889196703407935e+00, lprime=-2.992473577073226e+00
Approximate interval: 8
p(0): -4.154177315037704e-01, p(1): 4.042795724309182e-01
P(0): -4.154973727278269e-01, P(1): 4.044579565159964e-01
Q(0): -4.155022319533952e-01, Q(1): 4.044688404334330e-01

H: -1.703400e+00
Optimal displacement: 1.000000e-04
Estimated error of manifold: 1.653921e-08
DEBUG: l=2.869699458737840e+00, lprime=-2.988777451777105e+00
Approximate interval: 6
p(0): -4.111985842102950e-01, p(1): 4.189654236120801e-01
P(0): -4.112667639254318e-01, P(1): 4.191234429384843e-01
Q(0): -4.112715245076042e-01, Q(1): 4.191344764839703e-01

H: -1.701400e+00
Optimal displacement: 1.000000e-04
Estimated error of manifold: 1.627234e-08
DEBUG: l=2.937320745235055e+00, lprime=-2.925232150534099e+00
Approximate interval: 8
p(0): -4.070471372049808e-01, p(1): 4.331997764509136e-01
P(0): -4.071229253670516e-01, P(1): 4.333815187430445e-01
Q(0): -4.071275878304458e-01, Q(1): 4.333926994704969e-01

H: -1.699400e+00
Optimal displacement: 1.000000e-04
Estimated error of manifold: 1.599706e-08
DEBUG: l=2.957147970237293e+00, lprime=-2.890122876968348e+00
Approximate interval: 7
p(0): -4.029609889696810e-01, p(1): 4.470295201489741e-01
P(0): -4.030303327223400e-01, P(1): 4.472015473578317e-01
Q(0): -4.030348980292525e-01, Q(1): 4.472128729203462e-01

H: -1.697400e+00
Optimal displacement: 1.000000e-04
Estimated error of manifold: 1.571701e-08
DEBUG: l=2.941257235787810e+00, lprime=-2.890140406170286e+00
Approximate interval: 6
p(0): -3.989378764079122e-01, p(1): 4.604946408534322e-01
P(0): -3.990010052290390e-01, P(1): 4.606566241063431e-01
Q(0): -3.990054746599827e-01, Q(1): 4.606680922907632e-01

H: -1.695400e+00
Optimal displacement: 1.000000e-04
Estimated error of manifold: 1.543516e-08
DEBUG: l=3.120954577636947e+00, lprime=-2.710699448696212e+00
Approximate interval: 7
p(0): -3.949756640850738e-01, p(1): 4.736295679415015e-01
P(0): -3.950415557933095e-01, P(1): 4.738044042255314e-01
Q(0): -3.950459308585111e-01, Q(1): 4.738160129721052e-01

H: -1.693400e+00
Optimal displacement: 1.000000e-04
Estimated error of manifold: 1.515389e-08
DEBUG: l=3.004298859704971e+00, lprime=-2.829646691599457e+00
Approximate interval: 9
p(0): -3.910723345143664e-01, p(1): 4.864642004601045e-01
P(0): -3.911451249494847e-01, P(1): 4.866638792881441e-01
Q(0): -3.911494073225653e-01, Q(1): 4.866756267002401e-01

H: -1.691400e+00
Optimal displacement: 1.000000e-04
Estimated error of manifold: 1.487518e-08
DEBUG: l=3.066448500606098e+00, lprime=-3.106675069196815e+00
Approximate interval: 6
p(0): -3.872259793675298e-01, p(1): 4.990247020344504e-01
P(0): -3.872843889622393e-01, P(1): 4.991903146390873e-01
Q(0): -3.872885804300588e-01, Q(1): 4.992021989862786e-01

H: -1.689400e+00
Optimal displacement: 1.000000e-04
Estimated error of manifold: 1.460065e-08
DEBUG: l=2.792337332727489e+00, lprime=-2.642026335674955e+00
Approximate interval: 7
p(0): -3.834347915053900e-01, p(1): 5.113341250952638e-01
P(0): -3.834958096817911e-01, P(1): 5.115129025975903e-01
Q(0): -3.834999121062417e-01, Q(1): 5.115249223143372e-01

H: -1.687400e+00
Optimal displacement: 1.000000e-04
Estimated error of manifold: 1.433166e-08
DEBUG: l=2.851753311382816e+00, lprime=-2.573992619932707e+00
Approximate interval: 8
p(0): -3.796970577369863e-01, p(1): 5.234129072203560e-01
P(0): -3.797605500153134e-01, P(1): 5.236050888972068e-01
Q(0): -3.797645653040635e-01, Q(1): 5.236172425786521e-01

H: -1.685400e+00
Optimal displacement: 1.000000e-04
Estimated error of manifold: 1.406933e-08
DEBUG: l=2.881437275160229e+00, lprime=-2.535110946302495e+00
Approximate interval: 9
p(0): -3.760111522278522e-01, p(1): 5.352792702470491e-01
P(0): -3.760769895676233e-01, P(1): 5.354850937408030e-01
Q(0): -3.760809196516368e-01, Q(1): 5.354973801367178e-01

H: -1.683400e+00
Optimal displacement: 1.000000e-04
Estimated error of manifold: 1.381460e-08
DEBUG: l=2.891804837231126e+00, lprime=-2.492017870805064e+00
Approximate interval: 6
p(0): -3.723755304879965e-01, p(1): 5.469495444823262e-01
P(0): -3.724282018499027e-01, P(1): 5.471195742762559e-01
Q(0): -3.724320486661399e-01, Q(1): 5.471319922838491e-01

H: -1.681400e+00
Optimal displacement: 1.000000e-04
Estimated error of manifold: 1.356825e-08
DEBUG: l=2.899938090803431e+00, lprime=-2.476522939352531e+00
Approximate interval: 7
p(0): -3.687887238786534e-01, p(1): 5.584384345165749e-01
P(0): -3.688438231851795e-01, P(1): 5.586220558860966e-01
Q(0): -3.688475886632920e-01, Q(1): 5.586346045421782e-01

H: -1.679400e+00
Optimal displacement: 1.000000e-04
Estimated error of manifold: 1.333095e-08
DEBUG: l=2.879481935364468e+00, lprime=-2.896570486214186e+00
Approximate interval: 8
p(0): -3.652493345844141e-01, p(1): 5.697592390098166e-01
P(0): -3.653067403772793e-01, P(1): 5.699566908526239e-01
Q(0): -3.653104264294071e-01, Q(1): 5.699693693254572e-01

H: -1.677400e+00
Optimal displacement: 1.000000e-04
Estimated error of manifold: 1.310323e-08
DEBUG: l=2.844036917620326e+00, lprime=-2.904040914139844e+00
Approximate interval: 5
p(0): -3.617560310035504e-01, p(1): 5.809240338359823e-01
P(0): -3.618011925617892e-01, P(1): 5.810843243267849e-01
Q(0): -3.618048010747810e-01, Q(1): 5.810971319078579e-01

H: -1.675400e+00
Optimal displacement: 1.000000e-04
Estimated error of manifold: 1.288558e-08
DEBUG: l=2.911607509426533e+00, lprime=-2.844890378182237e+00
Approximate interval: 7
p(0): -3.583075435150209e-01, p(1): 5.919438257878514e-01
P(0): -3.583586184008823e-01, P(1): 5.921308457425376e-01
Q(0): -3.583621512304195e-01, Q(1): 5.921437818384057e-01

H: -1.673400e+00
Optimal displacement: 1.000000e-04
Estimated error of manifold: 1.267836e-08
DEBUG: l=2.930096244131382e+00, lprime=-2.831384287360333e+00
Approximate interval: 9
p(0): -3.549026605852851e-01, p(1): 6.028286824288634e-01
P(0): -3.549593861776575e-01, P(1): 6.030429285771508e-01
Q(0): -3.549628451438781e-01, Q(1): 6.030559927014522e-01

H: -1.671400e+00
Optimal displacement: 1.000000e-04
Estimated error of manifold: 1.248189e-08
DEBUG: l=2.892964457821696e+00, lprime=-2.843589643443590e+00
Approximate interval: 6
p(0): -3.515402251823801e-01, p(1): 6.135878424658952e-01
P(0): -3.515854141996043e-01, P(1): 6.137638517042122e-01
Q(0): -3.515888010839148e-01, Q(1): 6.137770434699196e-01

H: -1.669400e+00
Optimal displacement: 1.000000e-04
Estimated error of manifold: 1.229641e-08
DEBUG: l=2.893894321506754e+00, lprime=-2.849379504097246e+00
Approximate interval: 8
p(0): -3.482191314681221e-01, p(1): 6.242298100998397e-01
P(0): -3.482698266094590e-01, P(1): 6.244333998912616e-01
Q(0): -3.482731431522868e-01, Q(1): 6.244467190032068e-01

H: -1.667400e+00
Optimal displacement: 1.000000e-04
Estimated error of manifold: 1.212215e-08
DEBUG: l=2.935361133869482e+00, lprime=-2.788876495734834e+00
Approximate interval: 6
p(0): -3.449383217426906e-01, p(1): 6.347624361073759e-01
P(0): -3.449812885839910e-01, P(1): 6.349403180977259e-01
Q(0): -3.449845364832837e-01, Q(1): 6.349537643454174e-01

H: -1.665400e+00
Optimal displacement: 1.000000e-04
Estimated error of manifold: 1.195924e-08
DEBUG: l=2.906541464564050e+00, lprime=-2.824440162137277e+00
Approximate interval: 8
p(0): -3.416967836185221e-01, p(1): 6.451929878652617e-01
P(0): -3.417450478552810e-01, P(1): 6.453989360126970e-01
Q(0): -3.417482287655998e-01, Q(1): 6.454125092634370e-01

H: -1.663400e+00
Optimal displacement: 1.000000e-04
Estimated error of manifold: 1.180780e-08
DEBUG: l=2.936404156759599e+00, lprime=-2.775776329851634e+00
Approximate interval: 6
p(0): -3.384935474028586e-01, p(1): 6.555282101054993e-01
P(0): -3.385344152397222e-01, P(1): 6.557079216953785e-01
Q(0): -3.385375307718045e-01, Q(1): 6.557216218876762e-01

H: -1.661400e+00
Optimal displacement: 1.000000e-04
Estimated error of manifold: 1.166790e-08
DEBUG: l=2.967097115348365e+00, lprime=-2.757570311483393e+00
Approximate interval: 9
p(0): -3.353276836704618e-01, p(1): 6.657743778578764e-01
P(0): -3.353767010110940e-01, P(1): 6.659964720681280e-01
Q(0): -3.353797527317895e-01, Q(1): 6.660102992054033e-01

H: -1.659400e+00
Optimal displacement: 1.000000e-04
Estimated error of manifold: 1.153956e-08
DEBUG: l=2.998523882477953e+00, lprime=-2.709364615771829e+00
Approximate interval: 7
p(0): -3.321983010099929e-01, p(1): 6.759373427726919e-01
P(0): -3.322401749796254e-01, P(1): 6.761328030902242e-01
Q(0): -3.322431644121258e-01, Q(1): 6.761467572347891e-01

H: -1.657400e+00
Optimal displacement: 1.000000e-04
Estimated error of manifold: 1.142281e-08
DEBUG: l=3.000819597453075e+00, lprime=-2.686577079983412e+00
Approximate interval: 5
p(0): -3.291045439290924e-01, p(1): 6.860225738078867e-01
P(0): -3.291395493362130e-01, P(1): 6.861908850846454e-01
Q(0): -3.291424779605109e-01, Q(1): 6.862049663519487e-01

H: -1.655400e+00
Optimal displacement: 1.000000e-04
Estimated error of manifold: 1.131759e-08
DEBUG: l=3.014148111998074e+00, lprime=-2.688518385527063e+00
Approximate interval: 8
p(0): -3.260455909047139e-01, p(1): 6.960351930960736e-01
P(0): -3.260883392160704e-01, P(1): 6.962468828776852e-01
Q(0): -3.260912084695988e-01, Q(1): 6.962610914308081e-01

H: -1.653400e+00
Optimal displacement: 1.000000e-04
Estimated error of manifold: 1.122382e-08
DEBUG: l=3.020700869079764e+00, lprime=-2.663714374989875e+00
Approximate interval: 6
p(0): -3.230206525666782e-01, p(1): 7.059800076710334e-01
P(0): -3.230567635902487e-01, P(1): 7.061641549383619e-01
Q(0): -3.230595748686576e-01, Q(1): 7.061784909827470e-01

H: -1.651400e+00
Optimal displacement: 1.000000e-04
Estimated error of manifold: 1.114142e-08
DEBUG: l=2.985886793284450e+00, lprime=-2.710618582207594e+00
Approximate interval: 9
p(0): -3.200289700034705e-01, p(1): 7.158615376230655e-01
P(0): -3.200724708599273e-01, P(1): 7.160899459189355e-01
Q(0): -3.200752255179647e-01, Q(1): 7.161044096973359e-01

H: -1.649400e+00
Optimal displacement: 1.000000e-04
Estimated error of manifold: 1.107026e-08
DEBUG: l=2.995149909177987e+00, lprime=-2.684889130265175e+00
Approximate interval: 7
p(0): -3.170698131803310e-01, p(1): 7.256840411626969e-01
P(0): -3.171068991319836e-01, P(1): 7.258845152899599e-01
Q(0): -3.171095984844541e-01, Q(1): 7.258991070775930e-01

H: -1.647400e+00
Optimal displacement: 1.000000e-04
Estimated error of manifold: 1.101017e-08
DEBUG: l=2.975626832783130e+00, lprime=-2.684087191539676e+00
Approximate interval: 5
p(0): -3.141424794607812e-01, p(1): 7.354515369973238e-01
P(0): -3.141733935559873e-01, P(1): 7.356235608324559e-01
Q(0): -3.141760388787657e-01, Q(1): 7.356382809323480e-01

H: -1.645400e+00
Optimal displacement: 1.000000e-04
Estimated error of manifold: 1.096100e-08
DEBUG: l=3.011378525701142e+00, lprime=-2.669326926746450e+00
Approximate interval: 9
p(0): -3.112462922233554e-01, p(1): 7.451678243650033e-01
P(0): -3.112868244243221e-01, P(1): 7.453999728076016e-01
Q(0): -3.112894169554054e-01, Q(1): 7.454148215461115e-01

H: -1.643400e+00
Optimal displacement: 1.000000e-04
Estimated error of manifold: 1.092249e-08
DEBUG: l=3.009613435572992e+00, lprime=-2.654776104877575e+00
Approximate interval: 7
p(0): -3.083805995661349e-01, p(1): 7.548365010188417e-01
P(0): -3.084151119687079e-01, P(1): 7.550399363893847e-01
Q(0): -3.084176529092900e-01, Q(1): 7.550549141118933e-01

H: -1.641400e+00
Optimal displacement: 1.000000e-04
Estimated error of manifold: 1.089445e-08
DEBUG: l=2.979178177552919e+00, lprime=-2.664950912317659e+00
Approximate interval: 5
p(0): -3.055447730924749e-01, p(1): 7.644609794120394e-01
P(0): -3.055734918754653e-01, P(1): 7.646351829299959e-01
Q(0): -3.055759823910237e-01, Q(1): 7.646502899967521e-01

H: -1.639400e+00
Optimal displacement: 1.000000e-04
Estimated error of manifold: 1.087661e-08
DEBUG: l=3.034576224253801e+00, lprime=-3.134732613583910e+00
Approximate interval: 4
p(0): -3.027382067716138e-01, p(1): 7.740445013001079e-01
P(0): -3.027637917875123e-01, P(1): 7.742041891166004e-01
Q(0): -3.027662330088976e-01, Q(1): 7.742194258987124e-01

H: -1.637400e+00
Optimal displacement: 1.000000e-04
Estimated error of manifold: 1.086871e-08
DEBUG: l=3.140065189066394e+00, lprime=-2.522368943776750e+00
Approximate interval: 9
p(0): -2.999603158686961e-01, p(1): 7.835901509453174e-01
P(0): -2.999972402487769e-01, P(1): 7.838272619106365e-01
Q(0): -2.999996332732971e-01, Q(1): 7.838426287862010e-01

H: -1.635400e+00
Optimal displacement: 1.000000e-04
Estimated error of manifold: 1.087046e-08
DEBUG: l=3.030741470585450e+00, lprime=-2.606954705212155e+00
Approximate interval: 6
p(0): -2.972105359390744e-01, p(1): 7.931008670841677e-01
P(0): -2.972395781675546e-01, P(1): 7.932927248061589e-01
Q(0): -2.972419240600491e-01, Q(1): 7.933082221565200e-01

H: -1.633400e+00
Optimal displacement: 1.000000e-04
Estimated error of manifold: 1.088153e-08
DEBUG: l=2.971172253249672e+00, lprime=-2.643453321120978e+00
Approximate interval: 4
p(0): -2.944883218821746e-01, p(1): 8.025794537973582e-01
P(0): -2.945120799268068e-01, P(1): 8.027409011423094e-01
Q(0): -2.945143797207048e-01, Q(1): 8.027565293484404e-01

H: -1.631400e+00
Optimal displacement: 1.000000e-04
Estimated error of manifold: 1.090161e-08
DEBUG: l=3.042938603824538e+00, lprime=-2.602947800492085e+00
Approximate interval: 9
p(0): -2.917931470506829e-01, p(1): 8.120285904034181e-01
P(0): -2.918276020927951e-01, P(1): 8.122694173557237e-01
Q(0): -2.918298567911555e-01, Q(1): 8.122851767947262e-01

H: -1.629400e+00
Optimal displacement: 1.000000e-04
Estimated error of manifold: 1.093039e-08
DEBUG: l=3.019376748186871e+00, lprime=-2.610378969606592e+00
Approximate interval: 7
p(0): -2.891245024111395e-01, p(1): 8.214508404818575e-01
P(0): -2.891537546086894e-01, P(1): 8.216611240370876e-01
Q(0): -2.891559651852181e-01, Q(1): 8.216770150788045e-01

H: -1.627400e+00
Optimal displacement: 1.000000e-04
Estimated error of manifold: 1.096751e-08
DEBUG: l=3.069449099544181e+00, lprime=-2.549635989222532e+00
Approximate interval: 6
p(0): -2.864818957522771e-01, p(1): 8.308486601186955e-01
P(0): -2.865083048747582e-01, P(1): 8.310438956356421e-01
Q(0): -2.865104722748030e-01, Q(1): 8.310599186393779e-01

H: -1.625400e+00
Optimal displacement: 1.000000e-04
Estimated error of manifold: 1.101262e-08
DEBUG: l=2.998493434776404e+00, lprime=-2.597345358944003e+00
Approximate interval: 4
p(0): -2.838648509378806e-01, p(1): 8.402244054553363e-01
P(0): -2.838863935929801e-01, P(1): 8.403881725726225e-01
Q(0): -2.838885187344991e-01, Q(1): 8.404043278839703e-01

H: -1.623400e+00
Optimal displacement: 1.000000e-04
Estimated error of manifold: 1.106538e-08
DEBUG: l=3.029614014781765e+00, lprime=-2.597167169257882e+00
Approximate interval: 9
p(0): -2.812729072010794e-01, p(1): 8.495803396126219e-01
P(0): -2.813043510972597e-01, P(1): 8.498261227036292e-01
Q(0): -2.813064348717643e-01, Q(1): 8.498424106514002e-01

H: -1.621400e+00
Optimal displacement: 1.000000e-04
Estimated error of manifold: 1.112542e-08
DEBUG: l=3.081627385240601e+00, lprime=-2.536369609062592e+00
Approximate interval: 8
p(0): -2.787056184772589e-01, p(1): 8.589186390531709e-01
P(0): -2.787343125722177e-01, P(1): 8.591492409168714e-01
Q(0): -2.787363558456883e-01, Q(1): 8.591656618101271e-01

H: -1.619400e+00
Optimal displacement: 1.000000e-04
Estimated error of manifold: 1.119238e-08
DEBUG: l=3.033381914359149e+00, lprime=-2.566609737021038e+00
Approximate interval: 6
p(0): -2.761625527730959e-01, p(1): 8.682413994375054e-01
P(0): -2.761865901758487e-01, P(1): 8.684399996763754e-01
Q(0): -2.761885937896236e-01, Q(1): 8.684565538015601e-01

H: -1.617400e+00
Optimal displacement: 1.000000e-04
Estimated error of manifold: 1.126587e-08
DEBUG: l=3.061976775118112e+00, lprime=-2.526089751323966e+00
Approximate interval: 5
p(0): -2.736432915692006e-01, p(1): 8.775506410240350e-01
P(0): -2.736648084889769e-01, P(1): 8.777333931235280e-01
Q(0): -2.736667732606127e-01, Q(1): 8.777500807417004e-01

H: -1.615400e+00
Optimal displacement: 1.000000e-04
Estimated error of manifold: 1.134559e-08
DEBUG: l=3.079484432609899e+00, lprime=-2.495021146247312e+00
Approximate interval: 4
p(0): -2.711474292543573e-01, p(1): 8.868483136559983e-01
P(0): -2.711665157900358e-01, P(1): 8.870149494418761e-01
Q(0): -2.711684425141420e-01, Q(1): 8.870317707860427e-01

H: -1.613400e+00
Optimal displacement: 1.000000e-04
Estimated error of manifold: 1.143115e-08
DEBUG: l=3.064466274560000e+00, lprime=-2.540409643908411e+00
Approximate interval: 9
p(0): -2.686745725891371e-01, p(1): 8.961363013754330e-01
P(0): -2.687026528011223e-01, P(1): 8.963882836390632e-01
Q(0): -2.687045422501675e-01, Q(1): 8.964052389116117e-01

H: -1.611400e+00
Optimal displacement: 1.000000e-04
Estimated error of manifold: 1.152213e-08
DEBUG: l=3.103533044199625e+00, lprime=-2.492707606086765e+00
Approximate interval: 8
p(0): -2.662243401971752e-01, p(1): 9.054164266982306e-01
P(0): -2.662499429804988e-01, P(1): 9.056525589871194e-01
Q(0): -2.662517959055913e-01, Q(1): 9.056696483573534e-01

H: -1.609400e+00
Optimal displacement: 1.000000e-04
Estimated error of manifold: 1.161826e-08
DEBUG: l=3.043733026932048e+00, lprime=-2.534433240679588e+00
Approximate interval: 6
p(0): -2.637963620823068e-01, p(1): 9.146904545818240e-01
P(0): -2.638177568835543e-01, P(1): 9.148932442578126e-01
Q(0): -2.638195740151957e-01, Q(1): 9.149104678595900e-01

H: -1.607400e+00
Optimal displacement: 1.000000e-04
Estimated error of manifold: 1.171916e-08
DEBUG: l=3.059399579938155e+00, lprime=-2.506813041815928e+00
Approximate interval: 5
p(0): -2.613902791699354e-01, p(1): 9.239600961134448e-01
P(0): -2.614094022158999e-01, P(1): 9.241463628872243e-01
Q(0): -2.614111842647134e-01, Q(1): 9.241637208166996e-01

H: -1.605400e+00
Optimal displacement: 1.000000e-04
Estimated error of manifold: 1.182443e-08
DEBUG: l=3.063938665449351e+00, lprime=-2.488581247209371e+00
Approximate interval: 4
p(0): -2.590057428711946e-01, p(1): 9.332270119440990e-01
P(0): -2.590226750082641e-01, P(1): 9.333964858030730e-01
Q(0): -2.590244226656975e-01, Q(1): 9.334139781165467e-01

H: -1.603400e+00
Optimal displacement: 1.000000e-04
Estimated error of manifold: 1.193380e-08
DEBUG: l=2.754131129827641e+00, lprime=-2.808973044990204e+00
Approximate interval: 6
p(0): -2.566424146685497e-01, p(1): 9.424928154900034e-01
P(0): -2.566623761915989e-01, P(1): 9.426981063518550e-01
Q(0): -2.566640901306034e-01, Q(1): 9.427157330637312e-01

H: -1.601400e+00
Optimal displacement: 1.000000e-04
Estimated error of manifold: 1.204689e-08
DEBUG: l=2.760575748581758e+00, lprime=-2.790214737389163e+00
Approximate interval: 5
p(0): -2.542999657214297e-01, p(1): 9.517590759230633e-01
P(0): -2.543177918158437e-01, P(1): 9.519474364942917e-01
Q(0): -2.543194726915288e-01, Q(1): 9.519651975751461e-01

H: -1.599400e+00
Optimal displacement: 1.000000e-04
Estimated error of manifold: 1.216341e-08
DEBUG: l=2.755955020400433e+00, lprime=-2.780940127052597e+00
Approximate interval: 4
p(0): -2.519780764908907e-01, p(1): 9.610273209671937e-01
P(0): -2.519938430566406e-01, P(1): 9.611984808795025e-01
Q(0): -2.519954915069056e-01, Q(1): 9.612163762542640e-01

H: -1.597400e+00
Optimal displacement: 1.000000e-04
Estimated error of manifold: 1.228294e-08
DEBUG: l=2.738032591048212e+00, lprime=-2.782813897776665e+00
Approximate interval: 3
p(0): -2.496764363820317e-01, p(1): 9.702990395182458e-01
P(0): -2.496902171391746e-01, P(1): 9.704527285609905e-01
Q(0): -2.496918337853180e-01, Q(1): 9.704707581072385e-01

H: -1.595400e+00
Optimal displacement: 1.000000e-04
Estimated error of manifold: 1.240521e-08
DEBUG: l=2.703715037911242e+00, lprime=-2.798099556878210e+00
Approximate interval: 2
p(0): -2.473947434032849e-01, p(1): 9.795756841012520e-01
P(0): -2.474066099663991e-01, P(1): 9.797116324033436e-01
Q(0): -2.474081954137063e-01, Q(1): 9.797297959497220e-01

H: -1.593400e+00
Optimal displacement: 1.000000e-04
Estimated error of manifold: 1.252995e-08
DEBUG: l=2.784349668161004e+00, lprime=-2.771115978911312e+00
Approximate interval: 8
p(0): -2.451327038414945e-01, p(1): 9.888586731795507e-01
P(0): -2.451536096590608e-01, P(1): 9.891046926729417e-01
Q(0): -2.451551644973704e-01, Q(1): 9.891229899976945e-01

H: -1.591400e+00
Optimal displacement: 1.000000e-04
Estimated error of manifold: 1.265671e-08
DEBUG: l=2.793885682118722e+00, lprime=-2.751721516606775e+00
Approximate interval: 7
p(0): -2.428900319520018e-01, p(1): 9.981493933273292e-01
P(0): -2.429089505316176e-01, P(1): 9.983780686591247e-01
Q(0): -2.429104753358673e-01, Q(1): 9.983964994887541e-01

H: -1.589400e+00
Optimal displacement: 1.000000e-04
Estimated error of manifold: 1.278534e-08
DEBUG: l=2.795271495530553e+00, lprime=-2.739511157333109e+00
Approximate interval: 6
p(0): -2.406664496628532e-01, p(1): 1.007449201276828e+00
P(0): -2.406834506417041e-01, P(1): 1.007660262480224e+00
Q(0): -2.406849459724572e-01, Q(1): 1.007678826488272e+00

H: -1.587400e+00
Optimal displacement: 1.000000e-04
Estimated error of manifold: 1.291539e-08
DEBUG: l=2.787192821501157e+00, lprime=-2.735495676441490e+00
Approximate interval: 5
p(0): -2.384616862923667e-01, p(1): 1.016759425850514e+00
P(0): -2.384768373719985e-01, P(1): 1.016952603723166e+00
Q(0): -2.384783037759508e-01, Q(1): 1.016971300529126e+00

H: -1.585400e+00
Optimal displacement: 1.000000e-04
Estimated error of manifold: 1.304672e-08
DEBUG: l=2.767924952503181e+00, lprime=-2.740988694030573e+00
Approximate interval: 4
p(0): -2.362754782793522e-01, p(1): 1.026081369787119e+00
P(0): -2.362888452887703e-01, P(1): 1.026256396100330e+00
Q(0): -2.362902832992390e-01, Q(1): 1.026275225268682e+00

H: -1.583400e+00
Optimal displacement: 1.000000e-04
Estimated error of manifold: 1.317890e-08
DEBUG: l=2.735141594262487e+00, lprime=-2.757737112127678e+00
Approximate interval: 3
p(0): -2.341075689252953e-01, p(1): 1.035416311470153e+00
P(0): -2.341192158813669e-01, P(1): 1.035572919183447e+00
Q(0): -2.341206260187612e-01, Q(1): 1.035591880222830e+00

H: -1.581400e+00
Optimal displacement: 1.000000e-04
Estimated error of manifold: 1.331174e-08
DEBUG: l=2.819757362400365e+00, lprime=-2.669481657532406e+00
Approximate interval: 3
p(0): -2.319577081479020e-01, p(1): 1.044765506566208e+00
P(0): -2.319690800854514e-01, P(1): 1.044922522409015e+00
Q(0): -2.319704628577262e-01, Q(1): 1.044941614771526e+00

H: -1.579400e+00
Optimal displacement: 1.000000e-04
Estimated error of manifold: 1.344489e-08
DEBUG: l=2.793293779944151e+00, lprime=-2.740494553362814e+00
Approximate interval: 9
p(0): -2.298256522453914e-01, p(1): 1.054130189580341e+00
P(0): -2.298448914081942e-01, P(1): 1.054402949469935e+00
Q(0): -2.298462473112866e-01, Q(1): 1.054422172550563e+00

H: -1.577400e+00
Optimal displacement: 1.000000e-04
Estimated error of manifold: 1.357807e-08
DEBUG: l=2.795106624572120e+00, lprime=-2.729888772422297e+00
Approximate interval: 8
p(0): -2.277111636709983e-01, p(1): 1.063511575334736e+00
P(0): -2.277286534454711e-01, P(1): 1.063766165286721e+00
Q(0): -2.277299829637208e-01, Q(1): 1.063785518422914e+00

H: -1.575400e+00
Optimal displacement: 1.000000e-04
Estimated error of manifold: 1.371106e-08
DEBUG: l=2.789791311735818e+00, lprime=-2.725617860772746e+00
Approximate interval: 7
p(0): -2.256140108171711e-01, p(1): 1.072910860376334e+00
P(0): -2.256298123108955e-01, P(1): 1.073147014565618e+00
Q(0): -2.256311159174503e-01, Q(1): 1.073166497036990e+00

H: -1.573400e+00
Optimal displacement: 1.000000e-04
Estimated error of manifold: 1.384356e-08
DEBUG: l=2.776299036551513e+00, lprime=-2.728509257964128e+00
Approximate interval: 6
p(0): -2.235339678089938e-01, p(1): 1.082329224319080e+00
P(0): -2.235481404965036e-01, P(1): 1.082546678770477e+00
Q(0): -2.235494186537089e-01, Q(1): 1.082566289798639e+00

H: -1.571400e+00
Optimal displacement: 1.000000e-04
Estimated error of manifold: 1.397539e-08
DEBUG: l=2.753278325708314e+00, lprime=-2.739620315500594e+00
Approximate interval: 5
p(0): -2.214708143063505e-01, p(1): 1.091767831125283e+00
P(0): -2.214834160786705e-01, P(1): 1.091966323943299e+00
Q(0): -2.214846692384441e-01, Q(1): 1.091986062691832e+00

H: -1.569400e+00
Optimal displacement: 1.000000e-04
Estimated error of manifold: 1.410620e-08
DEBUG: l=2.825056561586547e+00, lprime=-2.664515289130561e+00
Approximate interval: 5
p(0): -2.194243353144438e-01, p(1): 1.101227830330991e+00
P(0): -2.194366511307463e-01, P(1): 1.101426967504973e+00
Q(0): -2.194378797349401e-01, Q(1): 1.101446833079538e+00

H: -1.567400e+00
Optimal displacement: 1.000000e-04
Estimated error of manifold: 1.423574e-08
DEBUG: l=2.789279808981376e+00, lprime=-2.686537456626361e+00
Approximate interval: 4
p(0): -2.173943210022515e-01, p(1): 1.110710358218852e+00
P(0): -2.174051529993066e-01, P(1): 1.110890143003880e+00
Q(0): -2.174063574800529e-01, Q(1): 1.110910134452451e+00

H: -1.565400e+00
Optimal displacement: 1.000000e-04
Estimated error of manifold: 1.436383e-08
DEBUG: l=2.739694550042032e+00, lprime=-2.719997929807714e+00
Approximate interval: 3
p(0): -2.153805665285431e-01, p(1): 1.120216538942937e+00
P(0): -2.153899685465313e-01, P(1): 1.120376716055898e+00
Q(0): -2.153911493265778e-01, Q(1): 1.120396832369133e+00

H: -1.563400e+00
Optimal displacement: 1.000000e-04
Estimated error of manifold: 1.449023e-08
DEBUG: l=2.807259324751429e+00, lprime=-2.649153046413005e+00
Approximate interval: 3
p(0): -2.133828718751086e-01, p(1): 1.129747485608544e+00
P(0): -2.133920538329734e-01, P(1): 1.129908042819987e+00
Q(0): -2.133932113260036e-01, Q(1): 1.129928282931730e+00

H: -1.561400e+00
Optimal displacement: 1.000000e-04
Estimated error of manifold: 1.461464e-08
DEBUG: l=2.738811449660143e+00, lprime=-2.697896715295560e+00
Approximate interval: 2
p(0): -2.114010416868579e-01, p(1): 1.139304301310426e+00
P(0): -2.114088742614904e-01, P(1): 1.139444872011838e+00
Q(0): -2.114100088724328e-01, Q(1): 1.139465234799743e+00

H: -1.559400e+00
Optimal displacement: 1.000000e-04
Estimated error of manifold: 1.473689e-08
DEBUG: l=2.787454403581316e+00, lprime=-2.711365326758513e+00
Approximate interval: 9
p(0): -2.094348851184952e-01, p(1): 1.148888080132061e+00
P(0): -2.094503154257663e-01, P(1): 1.149172291654591e+00
Q(0): -2.094514275510905e-01, Q(1): 1.149192775940878e+00

H: -1.557400e+00
Optimal displacement: 1.000000e-04
Estimated error of manifold: 1.485672e-08
DEBUG: l=2.847245178754561e+00, lprime=-2.648566697282281e+00
Approximate interval: 9
p(0): -2.074842156874714e-01, p(1): 1.158499908108880e+00
P(0): -2.074993087812380e-01, P(1): 1.158785209440226e+00
Q(0): -2.075003988092403e-01, Q(1): 1.158805813992552e+00

H: -1.555400e+00
Optimal displacement: 1.000000e-04
Estimated error of manifold: 1.497406e-08
DEBUG: l=2.831616256413831e+00, lprime=-2.655702042273248e+00
Approximate interval: 8
p(0): -2.055488511328931e-01, p(1): 1.168140864158253e+00
P(0): -2.055625458480527e-01, P(1): 1.168406519808762e+00
Q(0): -2.055636141591294e-01, Q(1): 1.168427243341214e+00

H: -1.553400e+00
Optimal displacement: 1.000000e-04
Estimated error of manifold: 1.508852e-08
DEBUG: l=2.808840745035714e+00, lprime=-2.669143894164872e+00
Approximate interval: 7
p(0): -2.036286132801715e-01, p(1): 1.177812020977976e+00
P(0): -2.036409592722828e-01, P(1): 1.178057783255450e+00
Q(0): -2.036420062391933e-01, Q(1): 1.178078624429657e+00

H: -1.551400e+00
Optimal displacement: 1.000000e-04
Estimated error of manifold: 1.520003e-08
DEBUG: l=2.777834882891994e+00, lprime=-2.689763001039929e+00
Approximate interval: 6
p(0): -2.017233279111628e-01, p(1): 1.187514445915592e+00
P(0): -2.017343735664470e-01, P(1): 1.187740070855015e+00
Q(0): -2.017353995545656e-01, Q(1): 1.187761028281364e+00

H: -1.549400e+00
Optimal displacement: 1.000000e-04
Estimated error of manifold: 1.530833e-08
DEBUG: l=2.832692713027882e+00, lprime=-2.632019684659905e+00
Approximate interval: 6
p(0): -1.998328246394915e-01, p(1): 1.197249201811049e+00
P(0): -1.998436224763127e-01, P(1): 1.197475521624056e+00
Q(0): -1.998446278438709e-01, Q(1): 1.197496593863018e+00

H: -1.547400e+00
Optimal displacement: 1.000000e-04
Estimated error of manifold: 1.541330e-08
DEBUG: l=2.790757260900254e+00, lprime=-2.662109146871035e+00
Approximate interval: 5
p(0): -1.979569367909349e-01, p(1): 1.207017347813649e+00
P(0): -1.979665071204650e-01, P(1): 1.207223167700592e+00
Q(0): -1.979674922187834e-01, Q(1): 1.207244353264149e+00

H: -1.545400e+00
Optimal displacement: 1.000000e-04
Estimated error of manifold: 1.551473e-08
DEBUG: l=2.737276659148996e+00, lprime=-2.701952880608910e+00
Approximate interval: 4
p(0): -1.960955012885431e-01, p(1): 1.216819940175840e+00
P(0): -1.961038892318516e-01, P(1): 1.217005027056061e+00
Q(0): -1.961048544055624e-01, Q(1): 1.217026324409231e+00

H: -1.543400e+00
Optimal displacement: 1.000000e-04
Estimated error of manifold: 1.561247e-08
DEBUG: l=2.788342339457686e+00, lprime=-2.647952472625692e+00
Approximate interval: 4
p(0): -1.942483585423810e-01, p(1): 1.226658033025011e+00
P(0): -1.942565536598782e-01, P(1): 1.226843565864739e+00
Q(0): -1.942574992471384e-01, Q(1): 1.226864973427188e+00

H: -1.541400e+00
Optimal displacement: 1.000000e-04
Estimated error of manifold: 1.570630e-08
DEBUG: l=2.838247962614087e+00, lprime=-2.595330372941376e+00
Approximate interval: 4
p(0): -1.924153523436572e-01, p(1): 1.236532679114663e+00
P(0): -1.924233589805778e-01, P(1): 1.236718651156656e+00
Q(0): -1.924242853132733e-01, Q(1): 1.236740167304405e+00

H: -1.539400e+00
Optimal displacement: 1.000000e-04
Estimated error of manifold: 1.579614e-08
DEBUG: l=2.767885770739562e+00, lprime=-2.649213879468056e+00
Approximate interval: 3
p(0): -1.905963297630211e-01, p(1): 1.246444930557066e+00
P(0): -1.906032447473309e-01, P(1): 1.246609711823287e+00
Q(0): -1.906041521512720e-01, Q(1): 1.246631334890484e+00

H: -1.537400e+00
Optimal displacement: 1.000000e-04
Estimated error of manifold: 1.588193e-08
DEBUG: l=2.815274613761363e+00, lprime=-2.599088296199618e+00
Approximate interval: 3
p(0): -1.887911410529371e-01, p(1): 1.256395839537670e+00
P(0): -1.887978945194061e-01, P(1): 1.256560940823942e+00
Q(0): -1.887987833145148e-01, Q(1): 1.256582669104723e+00

H: -1.535400e+00
Optimal displacement: 1.000000e-04
Estimated error of manifold: 1.596344e-08
DEBUG: l=2.725496581982310e+00, lprime=-2.668615291638885e+00
Approximate interval: 2
p(0): -1.869996395538581e-01, p(1): 1.266386459013741e+00
P(0): -1.870053647031803e-01, P(1): 1.266530043115848e+00
Q(0): -1.870062352036691e-01, Q(1): 1.266551874866257e+00

H: -1.533400e+00
Optimal displacement: 1.000000e-04
Estimated error of manifold: 1.604058e-08
DEBUG: l=2.906615454235607e+00, lprime=-2.502834295498886e+00
Approximate interval: 3
p(0): -1.852216816041114e-01, p(1): 1.276417843397291e+00
P(0): -1.852281230405935e-01, P(1): 1.276583568265622e+00
Q(0): -1.852289755551366e-01, Q(1): 1.276605501705593e+00

H: -1.531400e+00
Optimal displacement: 1.000000e-04
Estimated error of manifold: 1.611323e-08
DEBUG: l=2.950568885028669e+00, lprime=-2.456680028450688e+00
Approximate interval: 3
p(0): -1.834571264533499e-01, p(1): 1.286491049223951e+00
P(0): -1.834634171849203e-01, P(1): 1.286657077466523e+00
Q(0): -1.834642520168177e-01, Q(1): 1.286679110781920e+00

H: -1.529400e+00
Optimal displacement: 1.000000e-04
Estimated error of manifold: 1.618126e-08
DEBUG: l=2.794126377352121e+00, lprime=-2.659169771532208e+00
Approximate interval: 9
p(0): -1.817058361793316e-01, p(1): 1.296607135808954e+00
P(0): -1.817168843063476e-01, P(1): 1.296906249766906e+00
Q(0): -1.817177017536809e-01, Q(1): 1.296928381111607e+00

H: -1.527400e+00
Optimal displacement: 1.000000e-04
Estimated error of manifold: 1.624466e-08
DEBUG: l=2.833001190893736e+00, lprime=-2.617774391208634e+00
Approximate interval: 9
p(0): -1.799676756079766e-01, p(1): 1.306767165891058e+00
P(0): -1.799784772241980e-01, P(1): 1.307067148609375e+00
Q(0): -1.799792775799804e-01, Q(1): 1.307089376107399e+00

H: -1.525400e+00
Optimal displacement: 1.000000e-04
Estimated error of manifold: 1.630322e-08
DEBUG: l=2.797324373428144e+00, lprime=-2.645274961199875e+00
Approximate interval: 8
p(0): -1.782425122365253e-01, p(1): 1.316972206265212e+00
P(0): -1.782522887586064e-01, P(1): 1.317250718693704e+00
Q(0): -1.782530723109247e-01, Q(1): 1.317273040441377e+00

H: -1.523400e+00
Optimal displacement: 1.000000e-04
Estimated error of manifold: 1.635707e-08
DEBUG: l=2.834071925658999e+00, lprime=-2.606076618265714e+00
Approximate interval: 8
p(0): -1.765302161596707e-01, p(1): 1.327223328405023e+00
P(0): -1.765397725163155e-01, P(1): 1.327502582447685e+00
Q(0): -1.765405395484667e-01, Q(1): 1.327524996515832e+00

H: -1.521400e+00
Optimal displacement: 1.000000e-04
Estimated error of manifold: 1.640592e-08
DEBUG: l=2.790139493856267e+00, lprime=-2.640939323676201e+00
Approximate interval: 7
p(0): -1.748306599984961e-01, p(1): 1.337521609076505e+00
P(0): -1.748392498672109e-01, P(1): 1.337779084525189e+00
Q(0): -1.748400006578320e-01, Q(1): 1.337801588961342e+00

H: -1.519400e+00
Optimal displacement: 1.000000e-04
Estimated error of manifold: 1.644989e-08
DEBUG: l=2.824774449783332e+00, lprime=-2.603893327773758e+00
Approximate interval: 7
p(0): -1.731437188322161e-01, p(1): 1.347868130942588e+00
P(0): -1.731521133374441e-01, P(1): 1.348126227906389e+00
Q(0): -1.731528481606364e-01, Q(1): 1.348148820737020e+00

H: -1.517400e+00
Optimal displacement: 1.000000e-04
Estimated error of manifold: 1.648889e-08
DEBUG: l=2.771436853039412e+00, lprime=-2.647032884652242e+00
Approximate interval: 6
p(0): -1.714692701324476e-01, p(1): 1.358263983160720e+00
P(0): -1.714767541466745e-01, P(1): 1.358500008323545e+00
Q(0): -1.714774732721210e-01, Q(1): 1.358522687556301e+00

H: -1.515400e+00
Optimal displacement: 1.000000e-04
Estimated error of manifold: 1.652287e-08
DEBUG: l=2.803971049219935e+00, lprime=-2.612097419040432e+00
Approximate interval: 6
p(0): -1.698071937000015e-01, p(1): 1.368710261973504e+00
P(0): -1.698145056873578e-01, P(1): 1.368946795982573e+00
Q(0): -1.698152093804367e-01, Q(1): 1.368969559608520e+00

H: -1.513400e+00
Optimal displacement: 1.000000e-04
Estimated error of manifold: 1.655180e-08
DEBUG: l=2.739720946974925e+00, lprime=-2.664705828879742e+00
Approximate interval: 5
p(0): -1.681573716040962e-01, p(1): 1.379208071293146e+00
P(0): -1.681638265988616e-01, P(1): 1.379422255889811e+00
Q(0): -1.681645151207533e-01, Q(1): 1.379445101885669e+00

H: -1.511400e+00
Optimal displacement: 1.000000e-04
Estimated error of manifold: 1.657562e-08
DEBUG: l=2.953284645234591e+00, lprime=-2.466778685222285e+00
Approximate interval: 7
p(0): -1.665196881237966e-01, p(1): 1.389758523281066e+00
P(0): -1.665273402514098e-01, P(1): 1.390018964458255e+00
Q(0): -1.665280138591995e-01, Q(1): 1.390041890788627e+00

H: -1.509400e+00
Optimal displacement: 1.000000e-04
Estimated error of manifold: 1.659446e-08
DEBUG: l=2.895664080646082e+00, lprime=-2.513790882148273e+00
Approximate interval: 6
p(0): -1.648940296916716e-01, p(1): 1.400362738922793e+00
P(0): -1.649008466086000e-01, P(1): 1.400600725641310e+00
Q(0): -1.649015055553751e-01, Q(1): 1.400623730260899e+00

H: -1.507400e+00
Optimal displacement: 1.000000e-04
Estimated error of manifold: 1.660828e-08
DEBUG: l=2.924283941030688e+00, lprime=-2.483141064040558e+00
Approximate interval: 6
p(0): -1.632802848395412e-01, p(1): 1.411021848599270e+00
P(0): -1.632869434698893e-01, P(1): 1.411260294766283e+00
Q(0): -1.632875880048330e-01, Q(1): 1.411283375622075e+00

H: -1.505400e+00
Optimal displacement: 1.000000e-04
Estimated error of manifold: 1.661690e-08
DEBUG: l=2.951945922659184e+00, lprime=-2.453526087929035e+00
Approximate interval: 6
p(0): -1.616783441461942e-01, p(1): 1.421736992655276e+00
P(0): -1.616848477308719e-01, P(1): 1.421975885819713e+00
Q(0): -1.616854780993510e-01, Q(1): 1.421999040853159e+00

H: -1.503400e+00
Optimal displacement: 1.000000e-04
Estimated error of manifold: 1.662074e-08
DEBUG: l=2.882317162454447e+00, lprime=-2.510895442194928e+00
Approximate interval: 5
p(0): -1.600881001870560e-01, p(1): 1.432509321965113e+00
P(0): -1.600938354500751e-01, P(1): 1.432725422511386e+00
Q(0): -1.600944518937250e-01, Q(1): 1.432748649660527e+00

H: -1.501400e+00
Optimal displacement: 1.000000e-04
Estimated error of manifold: 1.661945e-08
DEBUG: l=2.907997764215479e+00, lprime=-2.483211004154553e+00
Approximate interval: 5
p(0): -1.585094474856201e-01, p(1): 1.443339998497625e+00
P(0): -1.585150476539657e-01, P(1): 1.443556451052977e+00
Q(0): -1.585156504107711e-01, Q(1): 1.443579748254550e+00

H: -1.499400e+00
Optimal displacement: 1.000000e-04
Estimated error of manifold: 1.661318e-08
DEBUG: l=2.932753454314264e+00, lprime=-2.456517997094698e+00
Approximate interval: 5
p(0): -1.569422824666910e-01, p(1): 1.454230195879371e+00
P(0): -1.569477503332824e-01, P(1): 1.454446990045947e+00
Q(0): -1.569483396376537e-01, Q(1): 1.454470355237452e+00

H: -1.497400e+00
Optimal displacement: 1.000000e-04
Estimated error of manifold: 1.660215e-08
DEBUG: l=2.956594304188856e+00, lprime=-2.430801275127116e+00
Approximate interval: 5
p(0): -1.553865034112317e-01, p(1): 1.465181099958500e+00
P(0): -1.553918417052760e-01, P(1): 1.465398225356613e+00
Q(0): -1.553924177881228e-01, Q(1): 1.465421656478322e+00

H: -1.495400e+00
Optimal displacement: 1.000000e-04
Estimated error of manifold: 1.658612e-08
DEBUG: l=2.871823360752734e+00, lprime=-2.501023520587475e+00
Approximate interval: 4
p(0): -1.538420104128423e-01, p(1): 1.476193909368624e+00
P(0): -1.538466587128400e-01, P(1): 1.476387860649478e+00
Q(0): -1.538472218016410e-01, Q(1): 1.476411355646411e+00

H: -1.493400e+00
Optimal displacement: 1.000000e-04
Estimated error of manifold: 1.656535e-08
DEBUG: l=2.893736212706118e+00, lprime=-2.477151886590491e+00
Approximate interval: 4
p(0): -1.523087053357316e-01, p(1): 1.487269836094206e+00
P(0): -1.523132421075659e-01, P(1): 1.487464036113134e+00
Q(0): -1.523137924264356e-01, Q(1): 1.487487592936975e+00

H: -1.491400e+00
Optimal displacement: 1.000000e-04
Estimated error of manifold: 1.653982e-08
DEBUG: l=2.914769443606857e+00, lprime=-2.454213880791169e+00
Approximate interval: 4
p(0): -1.507864917741616e-01, p(1): 1.498410106037815e+00
P(0): -1.507909193457127e-01, P(1): 1.498604546566209e+00
Q(0): -1.507914571154652e-01, Q(1): 1.498628163177171e+00

H: -1.489400e+00
Optimal displacement: 1.000000e-04
Estimated error of manifold: 1.650972e-08
DEBUG: l=2.934933764494376e+00, lprime=-2.432194548265489e+00
Approximate interval: 4
p(0): -1.492752750132508e-01, p(1): 1.509615959590075e+00
P(0): -1.492795956588187e-01, P(1): 1.509810632444144e+00
Q(0): -1.492801210970283e-01, Q(1): 1.509834306812776e+00

H: -1.487400e+00
Optimal displacement: 1.000000e-04
Estimated error of manifold: 1.647495e-08
DEBUG: l=2.832068233629312e+00, lprime=-2.517467198418408e+00
Approximate interval: 3
p(0): -1.477749619911168e-01, p(1): 1.520888652202911e+00
P(0): -1.477786646118952e-01, P(1): 1.521059819141515e+00
Q(0): -1.477791779329554e-01, Q(1): 1.521083549250442e+00

H: -1.485400e+00
Optimal displacement: 1.000000e-04
Estimated error of manifold: 1.643569e-08
DEBUG: l=2.850347487881865e+00, lprime=-2.497222333643122e+00
Approximate interval: 3
p(0): -1.462854612622915e-01, p(1): 1.532229454966526e+00
P(0): -1.462890732569054e-01, P(1): 1.532400784287859e+00
Q(0): -1.462895746720839e-01, Q(1): 1.532424568133470e+00

H: -1.483400e+00
Optimal displacement: 1.000000e-04
Estimated error of manifold: 1.639210e-08
DEBUG: l=2.867794514734487e+00, lprime=-2.477854953465688e+00
Approximate interval: 3
p(0): -1.448066829623114e-01, p(1): 1.543639655191675e+00
P(0): -1.448102062451098e-01, P(1): 1.543811140874392e+00
Q(0): -1.448106959626025e-01, Q(1): 1.543834976468458e+00

H: -1.481400e+00
Optimal displacement: 1.000000e-04
Estimated error of manifold: 1.634411e-08
DEBUG: l=2.884420305258166e+00, lprime=-2.459350562496528e+00
Approximate interval: 3
p(0): -1.433385387734805e-01, p(1): 1.555120556996943e+00
P(0): -1.433419752140831e-01, P(1): 1.555292193073281e+00
Q(0): -1.433424534390649e-01, Q(1): 1.555316078444505e+00

H: -1.479400e+00
Optimal displacement: 1.000000e-04
Estimated error of manifold: 1.629202e-08
DEBUG: l=2.900236009809978e+00, lprime=-2.441694707867272e+00
Approximate interval: 3
p(0): -1.418809418917399e-01, p(1): 1.566673481902048e+00
P(0): -1.418842933163308e-01, P(1): 1.566845262462128e+00
Q(0): -1.418847602510055e-01, Q(1): 1.566869195657626e+00

H: -1.477400e+00
Optimal displacement: 1.000000e-04
Estimated error of manifold: 1.623564e-08
DEBUG: l=2.915252911921039e+00, lprime=-2.424873000906831e+00
Approximate interval: 3
p(0): -1.404338069945550e-01, p(1): 1.578299769428250e+00
P(0): -1.404370751871331e-01, P(1): 1.578471688624192e+00
Q(0): -1.404375310307799e-01, Q(1): 1.578495667710907e+00

H: -1.475400e+00
Optimal displacement: 1.000000e-04
Estimated error of manifold: 1.617543e-08
DEBUG: l=2.929482401698109e+00, lprime=-2.408871134257349e+00
Approximate interval: 3
p(0): -1.389970502098490e-01, p(1): 1.590000777706098e+00
P(0): -1.390002369134429e-01, P(1): 1.590172829755909e+00
Q(0): -1.390006818624627e-01, Q(1): 1.590196852821957e+00

H: -1.473400e+00
Optimal displacement: 1.000000e-04
Estimated error of manifold: 1.611121e-08
DEBUG: l=2.801136027040916e+00, lprime=-2.514953291387937e+00
Approximate interval: 2
p(0): -1.375705890858499e-01, p(1): 1.601777884091576e+00
P(0): -1.375732617557345e-01, P(1): 1.601925998126903e+00
Q(0): -1.375736960036935e-01, Q(1): 1.601950063282838e+00

H: -1.471400e+00
Optimal displacement: 1.000000e-04
Estimated error of manifold: 1.604321e-08
DEBUG: l=2.813588538900734e+00, lprime=-2.500602668232230e+00
Approximate interval: 2
p(0): -1.361543425618956e-01, p(1): 1.613632485790718e+00
P(0): -1.361569476208893e-01, P(1): 1.613780681104080e+00
Q(0): -1.361573713585610e-01, Q(1): 1.613804786484108e+00

H: -1.469400e+00
Optimal displacement: 1.000000e-04
Estimated error of manifold: 1.597171e-08
DEBUG: l=2.825291215885158e+00, lprime=-2.487034395556233e+00
Approximate interval: 2
p(0): -1.347482309400757e-01, p(1): 1.625566000494806e+00
P(0): -1.347507698271767e-01, P(1): 1.625714273364224e+00
Q(0): -1.347511832425838e-01, Q(1): 1.625738417127312e+00

H: -1.467400e+00
Optimal displacement: 1.000000e-04
Estimated error of manifold: 1.589632e-08
DEBUG: l=2.836255337186667e+00, lprime=-2.474234902862194e+00
Approximate interval: 2
p(0): -1.333521758577167e-01, p(1): 1.637579867025292e+00
P(0): -1.333546499781433e-01, P(1): 1.637728213782389e+00
Q(0): -1.333550532565964e-01, Q(1): 1.637752394113341e+00

H: -1.465400e+00
Optimal displacement: 1.000000e-04
Estimated error of manifold: 1.581786e-08
DEBUG: l=2.846492221763044e+00, lprime=-2.462190743944606e+00
Approximate interval: 2
p(0): -1.319661002607188e-01, p(1): 1.649675545989691e+00
P(0): -1.319685109869085e-01, P(1): 1.649823963021543e+00
Q(0): -1.319689043110450e-01, Q(1): 1.649848178131977e+00

H: -1.463400e+00
Optimal displacement: 1.000000e-04
Estimated error of manifold: 1.573584e-08
DEBUG: l=2.856013218135386e+00, lprime=-2.450888603258635e+00
Approximate interval: 2
p(0): -1.305899283775597e-01, p(1): 1.661854520450565e+00
P(0): -1.305922770501338e-01, P(1): 1.662003004201437e+00
Q(0): -1.305926605999555e-01, Q(1): 1.662027252330697e+00

H: -1.461400e+00
Optimal displacement: 1.000000e-04
Estimated error of manifold: 1.565064e-08
DEBUG: l=2.864829687307815e+00, lprime=-2.440315309748784e+00
Approximate interval: 2
p(0): -1.292235856941227e-01, p(1): 1.674118296605770e+00
P(0): -1.292258736228183e-01, P(1): 1.674266843578730e+00
Q(0): -1.292262475757268e-01, Q(1): 1.674291122994739e+00

H: -1.459400e+00
Optimal displacement: 1.000000e-04
Estimated error of manifold: 1.556250e-08
DEBUG: l=2.872952988523470e+00, lprime=-2.430457841495375e+00
Approximate interval: 2
p(0): -1.278669989291809e-01, p(1): 1.686468404483106e+00
P(0): -1.278692273937557e-01, P(1): 1.686617011241488e+00
Q(0): -1.278695919245887e-01, Q(1): 1.686641320241517e+00

H: -1.457400e+00
Optimal displacement: 1.000000e-04
Estimated error of manifold: 1.547131e-08
DEBUG: l=2.880394472538961e+00, lprime=-2.421303331705332e+00
Approximate interval: 2
p(0): -1.265200960105475e-01, p(1): 1.698906398649391e+00
P(0): -1.265222662616556e-01, P(1): 1.699055061818132e+00
Q(0): -1.265226215427204e-01, Q(1): 1.699079398729516e+00

H: -1.455400e+00
Optimal displacement: 1.000000e-04
Estimated error of manifold: 1.537720e-08
DEBUG: l=2.887165466523816e+00, lprime=-2.412839076831008e+00
Approximate interval: 2
p(0): -1.251828060518942e-01, p(1): 1.711433858933651e+00
P(0): -1.251849193119363e-01, P(1): 1.711582575200486e+00
Q(0): -1.251852655130447e-01, Q(1): 1.711606938381251e+00

H: -1.453400e+00
Optimal displacement: 1.000000e-04
Estimated error of manifold: 1.528061e-08
DEBUG: l=2.893277266844920e+00, lprime=-2.405052540758947e+00
Approximate interval: 2
p(0): -1.238550593301788e-01, p(1): 1.724052391167143e+00
P(0): -1.238571167941215e-01, P(1): 1.724201157283698e+00
Q(0): -1.238574540826215e-01, Q(1): 1.724225545123145e+00

H: -1.451400e+00
Optimal displacement: 1.000000e-04
Estimated error of manifold: 1.518119e-08
DEBUG: l=2.898741131969148e+00, lprime=-2.397931356041294e+00
Approximate interval: 2
p(0): -1.225367872636360e-01, p(1): 1.736763627940072e+00
P(0): -1.225387900998090e-01, P(1): 1.736912440722805e+00
Q(0): -1.225391186406179e-01, Q(1): 1.736936851642015e+00

H: -1.449400e+00
Optimal displacement: 1.000000e-04
Estimated error of manifold: 1.507938e-08
DEBUG: l=2.903568272933338e+00, lprime=-2.391463327667067e+00
Approximate interval: 2
p(0): -1.212279223903957e-01, p(1): 1.749569229375260e+00
P(0): -1.212298717412606e-01, P(1): 1.749718085706307e+00
Q(0): -1.212301916968961e-01, Q(1): 1.749742518158594e+00

H: -1.447400e+00
Optimal displacement: 1.000000e-04
Estimated error of manifold: 1.497528e-08
DEBUG: l=2.907769845446564e+00, lprime=-2.385636436426204e+00
Approximate interval: 2
p(0): -1.199283983475804e-01, p(1): 1.762470883920988e+00
P(0): -1.199302953304790e-01, P(1): 1.762619780748855e+00
Q(0): -1.199306068610907e-01, Q(1): 1.762644233220144e+00

H: -1.445400e+00
Optimal displacement: 1.000000e-04
Estimated error of manifold: 1.486895e-08
DEBUG: l=2.740943860643854e+00, lprime=-2.522936074185620e+00
Approximate interval: 1
p(0): -1.186381498509724e-01, p(1): 1.775470309163098e+00
P(0): -1.186396922954483e-01, P(1): 1.775594772494114e+00
Q(0): -1.186399955588480e-01, Q(1): 1.775619243503274e+00

H: -1.443400e+00
Optimal displacement: 1.000000e-04
Estimated error of manifold: 1.476045e-08
DEBUG: l=2.743668045717105e+00, lprime=-2.518524741106767e+00
Approximate interval: 1
p(0): -1.173571126751655e-01, p(1): 1.788569252657280e+00
P(0): -1.173586130255725e-01, P(1): 1.788693733493602e+00
Q(0): -1.173589081772645e-01, Q(1): 1.788718221592707e+00

H: -1.441400e+00
Optimal displacement: 1.000000e-04
Estimated error of manifold: 1.465000e-08
DEBUG: l=2.745804566005088e+00, lprime=-2.514723411256915e+00
Approximate interval: 1
p(0): -1.160852236342202e-01, p(1): 1.801769492782477e+00
P(0): -1.160866827835559e-01, P(1): 1.801893989689392e+00
Q(0): -1.160869699767661e-01, Q(1): 1.801918493463949e+00

H: -1.439400e+00
Optimal displacement: 1.000000e-04
Estimated error of manifold: 1.453760e-08
DEBUG: l=2.747364316232233e+00, lprime=-2.511520603494283e+00
Approximate interval: 1
p(0): -1.148224205627507e-01, p(1): 1.815072839617360e+00
P(0): -1.148238393838994e-01, P(1): 1.815197351194674e+00
Q(0): -1.148241187696055e-01, Q(1): 1.815221869263765e+00

H: -1.437400e+00
Optimal displacement: 1.000000e-04
Estimated error of manifold: 1.442370e-08
DEBUG: l=2.748358120653569e+00, lprime=-2.508904987712890e+00
Approximate interval: 1
p(0): -1.135686422975214e-01, p(1): 1.828481135838568e+00
P(0): -1.135700216438593e-01, P(1): 1.828605660720672e+00
Q(0): -1.135702933708191e-01, Q(1): 1.828630191737067e+00

H: -1.435400e+00
Optimal displacement: 1.000000e-04
Estimated error of manifold: 1.430802e-08
DEBUG: l=2.748796733479846e+00, lprime=-2.506865375740935e+00
Approximate interval: 1
p(0): -1.123238286593823e-01, p(1): 1.841996257645304e+00
P(0): -1.123251693653621e-01, P(1): 1.842120794501198e+00
Q(0): -1.123254335801416e-01, Q(1): 1.842145337151426e+00

H: -1.433400e+00
Optimal displacement: 1.000000e-04
Estimated error of manifold: 1.419063e-08
DEBUG: l=2.748690822712893e+00, lprime=-2.505390729745882e+00
Approximate interval: 1
p(0): -1.110879204357460e-01, p(1): 1.855620115707092e+00
P(0): -1.110892233174672e-01, P(1): 1.855744663240348e+00
Q(0): -1.110894801644695e-01, Q(1): 1.855769216244696e+00

H: -1.431400e+00
Optimal displacement: 1.000000e-04
Estimated error of manifold: 1.407178e-08
DEBUG: l=2.748050973339302e+00, lprime=-2.504470157905308e+00
Approximate interval: 1
p(0): -1.098608593633803e-01, p(1): 1.869354656139310e+00
P(0): -1.098621252191407e-01, P(1): 1.869479213087984e+00
Q(0): -1.098623748406342e-01, Q(1): 1.869503775200451e+00

H: -1.429400e+00
Optimal displacement: 1.000000e-04
Estimated error of manifold: 1.395202e-08
DEBUG: l=2.746887675055521e+00, lprime=-2.504092915341995e+00
Approximate interval: 1
p(0): -1.086425881116124e-01, p(1): 1.883201861506081e+00
P(0): -1.086438177224357e-01, P(1): 1.883326426642617e+00
Q(0): -1.086440602585810e-01, Q(1): 1.883350996650853e+00

H: -1.427400e+00
Optimal displacement: 1.000000e-04
Estimated error of manifold: 1.383092e-08
DEBUG: l=2.791070806057435e+00, lprime=-2.559640063549300e+00
Approximate interval: 9
p(0): -1.074330502659138e-01, p(1): 1.897163751851959e+00
P(0): -1.074361291070826e-01, P(1): 1.897484937784528e+00
Q(0): -1.074363646959600e-01, Q(1): 1.897509514509715e+00

H: -1.425400e+00
Optimal displacement: 1.000000e-04
Estimated error of manifold: 1.370827e-08
DEBUG: l=2.788830577953261e+00, lprime=-2.560514164743847e+00
Approximate interval: 9
p(0): -1.062321903118728e-01, p(1): 1.911242385762904e+00
P(0): -1.062351799304463e-01, P(1): 1.911563622102681e+00
Q(0): -1.062354087080833e-01, Q(1): 1.911588204399362e+00

H: -1.423400e+00
Optimal displacement: 1.000000e-04
Estimated error of manifold: 1.358506e-08
DEBUG: l=2.786119821615882e+00, lprime=-2.561875979927118e+00
Approximate interval: 9
p(0): -1.050399536195021e-01, p(1): 1.925439861459085e+00
P(0): -1.050428558197101e-01, P(1): 1.925761138182340e+00
Q(0): -1.050430779201080e-01, Q(1): 1.925785724938235e+00

H: -1.421400e+00
Optimal displacement: 1.000000e-04
Estimated error of manifold: 1.346072e-08
DEBUG: l=2.737206275932464e+00, lprime=-2.507807439642835e+00
Approximate interval: 1
p(0): -1.038562864278757e-01, p(1): 1.939758317920193e+00
P(0): -1.038573785413533e-01, P(1): 1.939882904214097e+00
Q(0): -1.038575940965145e-01, Q(1): 1.939907494349848e+00

H: -1.419400e+00
Optimal displacement: 1.000000e-04
Estimated error of manifold: 1.333544e-08
DEBUG: l=2.733579462752613e+00, lprime=-2.509990796944543e+00
Approximate interval: 1
p(0): -1.026811358301158e-01, p(1): 1.954199936044425e+00
P(0): -1.026821953620830e-01, P(1): 1.954324524897452e+00
Q(0): -1.026824045020368e-01, Q(1): 1.954349117366378e+00

H: -1.417400e+00
Optimal displacement: 1.000000e-04
Estimated error of manifold: 1.320978e-08
DEBUG: l=2.729489876844011e+00, lprime=-2.512656114701552e+00
Approximate interval: 1
p(0): -1.015144497587449e-01, p(1): 1.968766939841596e+00
P(0): -1.015154773968048e-01, P(1): 1.968891530227984e+00
Q(0): -1.015156802496340e-01, Q(1): 1.968916124015783e+00

H: -1.415400e+00
Optimal displacement: 1.000000e-04
Estimated error of manifold: 1.308296e-08
DEBUG: l=2.724947200388689e+00, lprime=-2.515793694436487e+00
Approximate interval: 1
p(0): -1.003561769712379e-01, p(1): 1.983461597665673e+00
P(0): -1.003571733889762e-01, P(1): 1.983586188592257e+00
Q(0): -1.003573700808423e-01, Q(1): 1.983610782716700e+00

H: -1.413400e+00
Optimal displacement: 1.000000e-04
Estimated error of manifold: 1.295599e-08
DEBUG: l=2.719960975387483e+00, lprime=-2.519394000914249e+00
Approximate interval: 1
p(0): -9.920626703600877e-02, p(1): 1.998286223482104e+00
P(0): -9.920723289341145e-02, P(1): 1.998410813987882e+00
Q(0): -9.920742354858249e-02, Q(1): 1.998435407498397e+00

H: -1.411400e+00
Optimal displacement: 1.000000e-04
Estimated error of manifold: 1.282833e-08
DEBUG: l=2.714540601551346e+00, lprime=-2.523447660728528e+00
Approximate interval: 1
p(0): -9.806467031861758e-02, p(1): 2.013243178176960e+00
P(0): -9.806560626244926e-02, P(1): 2.013367767332759e+00
Q(0): -9.806579100332320e-02, Q(1): 2.013392359310127e+00

H: -1.409400e+00
Optimal displacement: 1.000000e-04
Estimated error of manifold: 1.270034e-08
DEBUG: l=2.708695336734447e+00, lprime=-2.527945465896381e+00
Approximate interval: 1
p(0): -9.693133796827211e-02, p(1): 2.028334870907138e+00
P(0): -9.693224463246392e-02, P(1): 2.028459457815148e+00
Q(0): -9.693242357959558e-02, Q(1): 2.028484047371053e+00

H: -1.407400e+00
Optimal displacement: 1.000000e-04
Estimated error of manifold: 1.257195e-08
DEBUG: l=2.876961915851907e+00, lprime=-2.386717534990882e+00
Approximate interval: 2
p(0): -9.580622190464869e-02, p(1): 2.043563760492562e+00
P(0): -9.580727318278583e-02, P(1): 2.043712930562549e+00
Q(0): -9.580744645491140e-02, Q(1): 2.043737516839183e+00

H: -1.405400e+00
Optimal displacement: 1.000000e-04
Estimated error of manifold: 1.244338e-08
DEBUG: l=2.870466113634400e+00, lprime=-2.391870488359694e+00
Approximate interval: 2
p(0): -9.468927480493111e-02, p(1): 2.058932356854174e+00
P(0): -9.469029247617002e-02, P(1): 2.059081518866054e+00
Q(0): -9.469046019023253e-02, Q(1): 2.059106101035646e+00

H: -1.403400e+00
Optimal displacement: 1.000000e-04
Estimated error of manifold: 1.231454e-08
DEBUG: l=2.863568738704499e+00, lprime=-2.397440609304334e+00
Approximate interval: 2
p(0): -9.358045009116464e-02, p(1): 2.074443222498204e+00
P(0): -9.358143486825099e-02, P(1): 2.074592374847374e+00
Q(0): -9.358159713942496e-02, Q(1): 2.074616952111746e+00

H: -1.401400e+00
Optimal displacement: 1.000000e-04
Estimated error of manifold: 1.218527e-08
DEBUG: l=2.856278643086448e+00, lprime=-2.403419366399922e+00
Approximate interval: 2
p(0): -9.247970191784147e-02, p(1): 2.090098974048197e+00
P(0): -9.248065450032997e-02, P(1): 2.090248115188695e+00
Q(0): -9.248081144204549e-02, Q(1): 2.090272686778795e+00

H: -1.399400e+00
Optimal displacement: 1.000000e-04
Estimated error of manifold: 1.205634e-08
DEBUG: l=2.848604520799190e+00, lprime=-2.409798374042982e+00
Approximate interval: 2
p(0): -9.138698515975457e-02, p(1): 2.105902283828421e+00
P(0): -9.138790623436001e-02, P(1): 2.106051412271831e+00
Q(0): -9.138805795832826e-02, Q(1): 2.106075977447202e+00

H: -1.397400e+00
Optimal displacement: 1.000000e-04
Estimated error of manifold: 1.192738e-08
DEBUG: l=2.840554908467923e+00, lprime=-2.416569401737007e+00
Approximate interval: 2
p(0): -9.030225540007317e-02, p(1): 2.121855881499268e+00
P(0): -9.030314564099637e-02, P(1): 2.122004995813758e+00
Q(0): -9.030329225723281e-02, Q(1): 2.122029553862059e+00

H: -1.395400e+00
Optimal displacement: 1.000000e-04
Estimated error of manifold: 1.179844e-08
DEBUG: l=2.832138173761569e+00, lprime=-2.423724377074850e+00
Approximate interval: 2
p(0): -8.922546891869716e-02, p(1): 2.137962555747279e+00
P(0): -8.922632898794844e-02, P(1): 2.138111654556526e+00
Q(0): -8.922647060479712e-02, Q(1): 2.138136204793005e+00

H: -1.393400e+00
Optimal displacement: 1.000000e-04
Estimated error of manifold: 1.166964e-08
DEBUG: l=2.823362515444897e+00, lprime=-2.431255398008706e+00
Approximate interval: 2
p(0): -8.815658268080466e-02, p(1): 2.154225156032384e+00
P(0): -8.815741322851614e-02, P(1): 2.154374238014482e+00
Q(0): -8.815754995267350e-02, Q(1): 2.154398779781436e+00

H: -1.391400e+00
Optimal displacement: 1.000000e-04
Estimated error of manifold: 1.154063e-08
DEBUG: l=2.814235961311923e+00, lprime=-2.439154735501140e+00
Approximate interval: 2
p(0): -8.709555432566804e-02, p(1): 2.170646594393712e+00
P(0): -8.709635599038848e-02, P(1): 2.170795658280147e+00
Q(0): -8.709648792692602e-02, Q(1): 2.170820190946420e+00

H: -1.389400e+00
Optimal displacement: 1.000000e-04
Estimated error of manifold: 1.141238e-08
DEBUG: l=2.804766351285654e+00, lprime=-2.447414844189072e+00
Approximate interval: 2
p(0): -8.604234215566707e-02, p(1): 2.187229847317690e+00
P(0): -8.604311556466807e-02, P(1): 2.187378891892036e+00
Q(0): -8.604324281705772e-02, Q(1): 2.187403414852367e+00

H: -1.387400e+00
Optimal displacement: 1.000000e-04
Estimated error of manifold: 1.128416e-08
DEBUG: l=2.794961358301924e+00, lprime=-2.456028364679089e+00
Approximate interval: 2
p(0): -8.499690512553094e-02, p(1): 2.203977957670249e+00
P(0): -8.499765089506438e-02, P(1): 2.204126981767349e+00
Q(0): -8.499777356519810e-02, Q(1): 2.204151494441976e+00

H: -1.385400e+00
Optimal displacement: 1.000000e-04
Estimated error of manifold: 1.115610e-08
DEBUG: l=2.784828469474730e+00, lprime=-2.464988135917712e+00
Approximate interval: 2
p(0): -8.395920283178485e-02, p(1): 2.220894036695856e+00
P(0): -8.395992156737611e-02, P(1): 2.221043039200411e+00
Q(0): -8.396003975559159e-02, Q(1): 2.221067541034368e+00

H: -1.383400e+00
Optimal displacement: 1.000000e-04
Estimated error of manifold: 1.102904e-08
DEBUG: l=2.774374993976967e+00, lprime=-2.474287201006899e+00
Approximate interval: 2
p(0): -8.292919550241466e-02, p(1): 2.237981266086397e+00
P(0): -8.292988779912268e-02, P(1): 2.238130245931867e+00
Q(0): -8.293000160422538e-02, Q(1): 2.238154736394439e+00

H: -1.381400e+00
Optimal displacement: 1.000000e-04
Estimated error of manifold: 1.090135e-08
DEBUG: l=2.763608060972434e+00, lprime=-2.483918804037625e+00
Approximate interval: 2
p(0): -8.190684398674022e-02, p(1): 2.255242900122634e+00
P(0): -8.190751042939347e-02, P(1): 2.255391856290307e+00
Q(0): -8.190761994867621e-02, Q(1): 2.255416334874571e+00

H: -1.379400e+00
Optimal displacement: 1.000000e-04
Estimated error of manifold: 1.077506e-08
DEBUG: l=2.752534625959004e+00, lprime=-2.493876409256720e+00
Approximate interval: 2
p(0): -8.089210974547478e-02, p(1): 2.272682267890985e+00
P(0): -8.089275090894735e-02, P(1): 2.272831199408429e+00
Q(0): -8.089285623821657e-02, Q(1): 2.272855665630489e+00

H: -1.377400e+00
Optimal displacement: 1.000000e-04
Estimated error of manifold: 1.064852e-08
DEBUG: l=2.741161474065908e+00, lprime=-2.504153692838471e+00
Approximate interval: 2
p(0): -7.988495484099162e-02, p(1): 2.290302775580116e+00
P(0): -7.988557129041043e-02, P(1): 2.290451681520434e+00
Q(0): -7.988567252400347e-02, Q(1): 2.290476134919048e+00

H: -1.375400e+00
Optimal displacement: 1.000000e-04
Estimated error of manifold: 1.052258e-08
DEBUG: l=2.729495222351672e+00, lprime=-2.514744547775865e+00
Approximate interval: 2
p(0): -7.888534192775386e-02, p(1): 2.308107908859955e+00
P(0): -7.888593421874768e-02, P(1): 2.308256788340333e+00
Q(0): -7.888603144955694e-02, Q(1): 2.308281228476194e+00

H: -1.373400e+00
Optimal displacement: 1.000000e-04
Estimated error of manifold: 1.039738e-08
DEBUG: l=2.717542326668760e+00, lprime=-2.525643087294818e+00
Approximate interval: 2
p(0): -7.789323424298794e-02, p(1): 2.326101235344336e+00
P(0): -7.789380292190612e-02, P(1): 2.326250087524929e+00
Q(0): -7.789389624139970e-02, Q(1): 2.326274513980113e+00

H: -1.371400e+00
Optimal displacement: 1.000000e-04
Estimated error of manifold: 1.027265e-08
DEBUG: l=2.705309096184134e+00, lprime=-2.536843637978368e+00
Approximate interval: 2
p(0): -7.690859559747142e-02, p(1): 2.344286407146935e+00
P(0): -7.690914120159281e-02, P(1): 2.344435231229787e+00
Q(0): -7.690923069983452e-02, Q(1): 2.344459643607217e+00

H: -1.369400e+00
Optimal displacement: 1.000000e-04
Estimated error of manifold: 1.014845e-08
DEBUG: l=2.843939454298466e+00, lprime=-2.418602822698332e+00
Approximate interval: 3
p(0): -7.593139036654049e-02, p(1): 2.362667163527306e+00
P(0): -7.593199918995291e-02, P(1): 2.362840356677991e+00
Q(0): -7.593208495562312e-02, Q(1): 2.362864754600838e+00

H: -1.367400e+00
Optimal displacement: 1.000000e-04
Estimated error of manifold: 1.002533e-08
DEBUG: l=2.831277149469471e+00, lprime=-2.430183628587109e+00
Approximate interval: 3
p(0): -7.496158348127442e-02, p(1): 2.381247333635748e+00
P(0): -7.496216663281059e-02, P(1): 2.381420482401931e+00
Q(0): -7.496224875322653e-02, Q(1): 2.381444865513039e+00

H: -1.365400e+00
Optimal displacement: 1.000000e-03
Estimated error of manifold: 9.840603e-07
DEBUG: l=2.582012791966626e+00, lprime=-2.692183371411842e+00
Approximate interval: 4
p(0): -7.399914041980304e-02, p(1): 2.400030839361369e+00
P(0): -7.400550680035978e-02, P(1): 2.402005552617705e+00
Q(0): -7.400629241171233e-02, Q(1): 2.402249232231012e+00

H: -1.363400e+00
Optimal displacement: 1.000000e-03
Estimated error of manifold: 9.719897e-07
DEBUG: l=2.570406587974153e+00, lprime=-2.702972807264918e+00
Approximate interval: 4
p(0): -7.304402719885457e-02, p(1): 2.419021698283557e+00
P(0): -7.305011396358535e-02, P(1): 2.420995793209929e+00
Q(0): -7.305086482863950e-02, Q(1): 2.421239318129871e+00

H: -1.361400e+00
Optimal displacement: 1.000000e-03
Estimated error of manifold: 9.599853e-07
DEBUG: l=2.558591000969523e+00, lprime=-2.713998323101266e+00
Approximate interval: 4
p(0): -7.209621036541235e-02, p(1): 2.438224026736529e+00
P(0): -7.210202413030432e-02, P(1): 2.440197491240665e+00
Q(0): -7.210274108251878e-02, Q(1): 2.440440858451534e+00

H: -1.359400e+00
Optimal displacement: 1.000000e-03
Estimated error of manifold: 9.480479e-07
DEBUG: l=2.546570008293091e+00, lprime=-2.725256744319985e+00
Approximate interval: 4
p(0): -7.115565698852348e-02, p(1): 2.457642042989657e+00
P(0): -7.116120426458025e-02, P(1): 2.459614865676964e+00
Q(0): -7.116188812455981e-02, Q(1): 2.459858072337095e+00
