inter_del_car: maximum number of iterations reached
inter_del_car: latest residual: -1.416028183598428e-09
prtbp_del_car: error intersecting trajectory with section
prtbp_del_car: giving up...
inter_del_car: maximum number of iterations reached
inter_del_car: latest residual: 2.019406481807183e-09
prtbp_del_car: error intersecting trajectory with section
prtbp_del_car: giving up...
inter_del_car: maximum number of iterations reached
inter_del_car: latest residual: -2.204502358438276e-09
prtbp_del_car: error intersecting trajectory with section
prtbp_del_car: giving up...
inter_del_car: maximum number of iterations reached
inter_del_car: latest residual: -2.591215242375711e-09
prtbp_del_car: error intersecting trajectory with section
prtbp_del_car: giving up...
inter_del_car: maximum number of iterations reached
inter_del_car: latest residual: 2.965063451418995e-09
prtbp_del_car: error intersecting trajectory with section
prtbp_del_car: giving up...
inter_del_car: maximum number of iterations reached
inter_del_car: latest residual: 4.584052130674661e-09
prtbp_del_car: error intersecting trajectory with section
prtbp_del_car: giving up...
inter_del_car: maximum number of iterations reached
inter_del_car: latest residual: 3.322810919591808e-09
prtbp_del_car: error intersecting trajectory with section
prtbp_del_car: giving up...
inter_del_car: maximum number of iterations reached
inter_del_car: latest residual: -3.926652780705808e-09
prtbp_del_car: error intersecting trajectory with section
prtbp_del_car: giving up...
inter_del_car: maximum number of iterations reached
inter_del_car: latest residual: -3.926652780705808e-09
prtbp_del_car: error intersecting trajectory with section
prtbp_del_car: giving up...
inter_del_car: maximum number of iterations reached
inter_del_car: latest residual: 4.205826392240079e-09
prtbp_del_car: error intersecting trajectory with section
prtbp_del_car: giving up...
inter_del_car: maximum number of iterations reached
inter_del_car: latest residual: -4.301919709348567e-09
prtbp_del_car: error intersecting trajectory with section
prtbp_del_car: giving up...
inter_del_car: maximum number of iterations reached
inter_del_car: latest residual: 4.399612718252020e-09
prtbp_del_car: error intersecting trajectory with section
prtbp_del_car: giving up...
inter_del_car: maximum number of iterations reached
inter_del_car: latest residual: 4.399612718252020e-09
prtbp_del_car: error intersecting trajectory with section
prtbp_del_car: giving up...
inter_del_car: maximum number of iterations reached
inter_del_car: latest residual: 4.498957650047019e-09
prtbp_del_car: error intersecting trajectory with section
prtbp_del_car: giving up...
inter_del_car: maximum number of iterations reached
inter_del_car: latest residual: -4.968003786132158e-09
prtbp_del_car: error intersecting trajectory with section
prtbp_del_car: giving up...
inter_del_car: maximum number of iterations reached
inter_del_car: latest residual: 5.245663937593617e-09
prtbp_del_car: error intersecting trajectory with section
prtbp_del_car: giving up...
inter_del_car: maximum number of iterations reached
inter_del_car: latest residual: 5.245663937593617e-09
prtbp_del_car: error intersecting trajectory with section
prtbp_del_car: giving up...
inter_del_car: maximum number of iterations reached
inter_del_car: latest residual: -1.095520030247599e-08
prtbp_del_car: error intersecting trajectory with section
prtbp_del_car: giving up...
inter_del_car: maximum number of iterations reached
inter_del_car: latest residual: -5.597081909058943e-09
prtbp_del_car: error intersecting trajectory with section
prtbp_del_car: giving up...
inter_del_car: maximum number of iterations reached
inter_del_car: latest residual: 8.001258960813500e-09
prtbp_del_car: error intersecting trajectory with section
prtbp_del_car: giving up...
inter_del_car: maximum number of iterations reached
inter_del_car: latest residual: -8.721493749419551e-09
prtbp_del_car: error intersecting trajectory with section
prtbp_del_car: giving up...
inter_del_car: maximum number of iterations reached
inter_del_car: latest residual: -8.721493749419551e-09
prtbp_del_car: error intersecting trajectory with section
prtbp_del_car: giving up...
inter_del_car: maximum number of iterations reached
inter_del_car: latest residual: -1.359790147148487e-08
prtbp_del_car: error intersecting trajectory with section
prtbp_del_car: giving up...
inter_del_car: maximum number of iterations reached
inter_del_car: latest residual: -1.468818400240934e-08
prtbp_del_car: error intersecting trajectory with section
prtbp_del_car: giving up...
inter_del_car: maximum number of iterations reached
inter_del_car: latest residual: -1.468818400240934e-08
prtbp_del_car: error intersecting trajectory with section
prtbp_del_car: giving up...
inter_del_car: maximum number of iterations reached
inter_del_car: latest residual: -7.510213784200914e-09
prtbp_del_car: error intersecting trajectory with section
prtbp_del_car: giving up...
inter_del_car: maximum number of iterations reached
inter_del_car: latest residual: -7.510213784200914e-09
prtbp_del_car: error intersecting trajectory with section
prtbp_del_car: giving up...
inter_del_car: maximum number of iterations reached
inter_del_car: latest residual: 1.236020345653531e-08
prtbp_del_car: error intersecting trajectory with section
prtbp_del_car: giving up...
inter_del_car: maximum number of iterations reached
inter_del_car: latest residual: 2.740270291947433e-08
prtbp_del_car: error intersecting trajectory with section
prtbp_del_car: giving up...
inter_del_car: maximum number of iterations reached
inter_del_car: latest residual: 2.196441759490252e-08
prtbp_del_car: error intersecting trajectory with section
prtbp_del_car: giving up...
inter_del_car: maximum number of iterations reached
inter_del_car: latest residual: -3.450884822342459e-08
prtbp_del_car: error intersecting trajectory with section
prtbp_del_car: giving up...
inter_del_car: maximum number of iterations reached
inter_del_car: latest residual: 1.450370718658812e-08
prtbp_del_car: error intersecting trajectory with section
prtbp_del_car: giving up...
