Processing energy level -1.719400e+00...
Optimal displacement: 1.000000e-03
Estimated error of manifold: 1.721074e-06
intersec_del_car_unst: bisection did not converge!
intersec_del_car_unst: latest residual: 1.930992936169311e-03
Done!
Processing energy level -1.717400e+00...
Optimal displacement: 1.000000e-03
Estimated error of manifold: 1.735883e-06
intersec_del_car_unst: bisection did not converge!
intersec_del_car_unst: latest residual: 1.695952285225184e-03
Done!
Processing energy level -1.715400e+00...
Optimal displacement: 1.000000e-03
Estimated error of manifold: 1.738958e-06
intersec_del_car_unst: bisection did not converge!
intersec_del_car_unst: latest residual: 1.834797837243368e-04
Done!
Processing energy level -1.713400e+00...
Optimal displacement: 1.000000e-03
Estimated error of manifold: 1.733438e-06
intersec_del_car_unst: bisection did not converge!
intersec_del_car_unst: latest residual: 1.649965591516989e-03
Done!
Processing energy level -1.711400e+00...
Optimal displacement: 1.000000e-03
Estimated error of manifold: 1.721541e-06
intersec_del_car_unst: bisection did not converge!
intersec_del_car_unst: latest residual: 2.203078468026567e-03
Done!
Processing energy level -1.709400e+00...
Optimal displacement: 1.000000e-03
Estimated error of manifold: 1.704882e-06
intersec_del_car_unst: bisection did not converge!
intersec_del_car_unst: latest residual: 6.718628033656811e-04
Done!
Processing energy level -1.707400e+00...
Optimal displacement: 1.000000e-03
Estimated error of manifold: 1.684672e-06
intersec_del_car_unst: bisection did not converge!
intersec_del_car_unst: latest residual: 1.077339786966025e-04
Done!
Processing energy level -1.705400e+00...
Optimal displacement: 1.000000e-03
Estimated error of manifold: 1.661835e-06
intersec_del_car_unst: bisection did not converge!
intersec_del_car_unst: latest residual: 2.192930151081449e-03
Done!
Processing energy level -1.703400e+00...
Optimal displacement: 1.000000e-03
Estimated error of manifold: 1.637091e-06
intersec_del_car_unst: bisection did not converge!
intersec_del_car_unst: latest residual: 1.182984054394391e-05
Done!
Processing energy level -1.701400e+00...
Optimal displacement: 1.000000e-03
Estimated error of manifold: 1.611006e-06
intersec_del_car_unst: bisection did not converge!
intersec_del_car_unst: latest residual: 1.671768561414856e-03
Done!
Processing energy level -1.699400e+00...
Optimal displacement: 1.000000e-03
Estimated error of manifold: 1.584031e-06
intersec_del_car_unst: bisection did not converge!
intersec_del_car_unst: latest residual: 1.865782123502889e-03
Done!
Processing energy level -1.697400e+00...
Optimal displacement: 1.000000e-03
Estimated error of manifold: 1.556532e-06
intersec_del_car_unst: bisection did not converge!
intersec_del_car_unst: latest residual: 7.532398164486760e-04
Done!
Processing energy level -1.695400e+00...
Optimal displacement: 1.000000e-03
Estimated error of manifold: 1.528804e-06
intersec_del_car_unst: bisection did not converge!
intersec_del_car_unst: latest residual: 1.469849273258893e-03
Done!
Processing energy level -1.693400e+00...
Optimal displacement: 1.000000e-03
Estimated error of manifold: 1.501088e-06
intersec_del_car_unst: bisection did not converge!
intersec_del_car_unst: latest residual: 1.775058740215776e-03
Done!
Processing energy level -1.691400e+00...
Optimal displacement: 1.000000e-03
Estimated error of manifold: 1.473583e-06
intersec_del_car_unst: bisection did not converge!
intersec_del_car_unst: latest residual: 5.948380487009592e-04
Done!
Processing energy level -1.689400e+00...
Optimal displacement: 1.000000e-03
Estimated error of manifold: 1.446455e-06
intersec_del_car_unst: bisection did not converge!
intersec_del_car_unst: latest residual: 1.526398265278699e-03
Done!
Processing energy level -1.687400e+00...
Optimal displacement: 1.000000e-03
Estimated error of manifold: 1.419839e-06
intersec_del_car_unst: bisection did not converge!
intersec_del_car_unst: latest residual: 1.627545367427797e-03
Done!
Processing energy level -1.685400e+00...
Optimal displacement: 1.000000e-03
Estimated error of manifold: 1.393851e-06
intersec_del_car_unst: bisection did not converge!
intersec_del_car_unst: latest residual: 2.184693018885073e-03
Done!
Processing energy level -1.683400e+00...
Optimal displacement: 1.000000e-03
Estimated error of manifold: 1.368585e-06
intersec_del_car_unst: bisection did not converge!
intersec_del_car_unst: latest residual: 9.181045938886048e-04
Done!
Processing energy level -1.681400e+00...
Optimal displacement: 1.000000e-03
Estimated error of manifold: 1.344123e-06
intersec_del_car_unst: bisection did not converge!
intersec_del_car_unst: latest residual: 4.710801937863942e-04
Done!
Processing energy level -1.679400e+00...
Optimal displacement: 1.000000e-03
Estimated error of manifold: 1.320531e-06
intersec_del_car_unst: bisection did not converge!
intersec_del_car_unst: latest residual: 1.036739327934333e-03
Done!
Processing energy level -1.677400e+00...
Optimal displacement: 1.000000e-03
Estimated error of manifold: 1.297866e-06
intersec_del_car_unst: bisection did not converge!
intersec_del_car_unst: latest residual: 1.192969791712266e-03
Done!
Processing energy level -1.675400e+00...
Optimal displacement: 1.000000e-03
Estimated error of manifold: 1.276175e-06
intersec_del_car_unst: bisection did not converge!
intersec_del_car_unst: latest residual: 2.268869441355956e-03
Done!
Processing energy level -1.673400e+00...
Optimal displacement: 1.000000e-03
Estimated error of manifold: 1.255499e-06
intersec_del_car_unst: bisection did not converge!
intersec_del_car_unst: latest residual: 1.803507401659511e-04
Done!
Processing energy level -1.671400e+00...
Optimal displacement: 1.000000e-03
Estimated error of manifold: 1.235868e-06
intersec_del_car_unst: bisection did not converge!
intersec_del_car_unst: latest residual: 1.794212410471045e-03
Done!
Processing energy level -1.669400e+00...
Optimal displacement: 1.000000e-03
Estimated error of manifold: 1.217311e-06
intersec_del_car_unst: bisection did not converge!
intersec_del_car_unst: latest residual: 2.078429077083170e-03
Done!
Processing energy level -1.667400e+00...
Optimal displacement: 1.000000e-03
Estimated error of manifold: 1.199849e-06
intersec_del_car_unst: bisection did not converge!
intersec_del_car_unst: latest residual: 9.286689365295985e-04
Done!
Processing energy level -1.665400e+00...
Optimal displacement: 1.000000e-03
Estimated error of manifold: 1.183497e-06
intersec_del_car_unst: bisection did not converge!
intersec_del_car_unst: latest residual: 2.342199261338106e-03
Done!
Processing energy level -1.663400e+00...
Optimal displacement: 1.000000e-03
Estimated error of manifold: 1.168269e-06
intersec_del_car_unst: bisection did not converge!
intersec_del_car_unst: latest residual: 1.967955121503425e-03
Done!
Processing energy level -1.661400e+00...
Optimal displacement: 1.000000e-03
Estimated error of manifold: 1.154173e-06
intersec_del_car_unst: bisection did not converge!
intersec_del_car_unst: latest residual: 1.661696270652473e-03
Done!
Processing energy level -1.659400e+00...
Optimal displacement: 1.000000e-03
Estimated error of manifold: 1.141212e-06
intersec_del_car_unst: bisection did not converge!
intersec_del_car_unst: latest residual: 5.684745553445100e-04
Done!
Processing energy level -1.657400e+00...
Optimal displacement: 1.000000e-03
Estimated error of manifold: 1.129389e-06
intersec_del_car_unst: bisection did not converge!
intersec_del_car_unst: latest residual: 2.363819142237777e-03
Done!
Processing energy level -1.655400e+00...
Optimal displacement: 1.000000e-03
Estimated error of manifold: 1.118700e-06
intersec_del_car_unst: bisection did not converge!
intersec_del_car_unst: latest residual: 1.124578240803472e-03
Done!
Processing energy level -1.653400e+00...
Optimal displacement: 1.000000e-03
Estimated error of manifold: 1.109139e-06
intersec_del_car_unst: bisection did not converge!
intersec_del_car_unst: latest residual: 2.464533167212959e-03
Done!
Processing energy level -1.651400e+00...
Optimal displacement: 1.000000e-03
Estimated error of manifold: 1.100699e-06
intersec_del_car_unst: bisection did not converge!
intersec_del_car_unst: latest residual: 5.075232093652842e-04
Done!
Processing energy level -1.649400e+00...
Optimal displacement: 1.000000e-03
Estimated error of manifold: 1.093366e-06
intersec_del_car_unst: bisection did not converge!
intersec_del_car_unst: latest residual: 1.585320598082626e-03
Done!
Processing energy level -1.647400e+00...
Optimal displacement: 1.000000e-03
Estimated error of manifold: 1.087127e-06
intersec_del_car_unst: bisection did not converge!
intersec_del_car_unst: latest residual: 2.342562627365695e-03
Done!
Processing energy level -1.645400e+00...
Optimal displacement: 1.000000e-03
Estimated error of manifold: 1.081965e-06
intersec_del_car_unst: bisection did not converge!
intersec_del_car_unst: latest residual: 8.501973455583197e-04
Done!
Processing energy level -1.643400e+00...
Optimal displacement: 1.000000e-03
Estimated error of manifold: 1.077859e-06
intersec_del_car_unst: bisection did not converge!
intersec_del_car_unst: latest residual: 2.222286309160279e-04
Done!
Processing energy level -1.641400e+00...
Optimal displacement: 1.000000e-03
Estimated error of manifold: 1.074789e-06
intersec_del_car_unst: bisection did not converge!
intersec_del_car_unst: latest residual: 4.463913055383415e-04
Done!
Processing energy level -1.639400e+00...
Optimal displacement: 1.000000e-03
Estimated error of manifold: 1.072728e-06
intersec_del_car_unst: bisection did not converge!
intersec_del_car_unst: latest residual: 5.300705962607647e-04
Done!
Processing energy level -1.637400e+00...
Optimal displacement: 1.000000e-03
Estimated error of manifold: 1.071653e-06
intersec_del_car_unst: bisection did not converge!
intersec_del_car_unst: latest residual: 4.636281087991306e-04
Done!
Processing energy level -1.635400e+00...
Optimal displacement: 1.000000e-03
Estimated error of manifold: 1.071533e-06
intersec_del_car_unst: bisection did not converge!
intersec_del_car_unst: latest residual: 2.480206309662940e-04
Done!
Processing energy level -1.633400e+00...
Optimal displacement: 1.000000e-03
Estimated error of manifold: 1.072341e-06
intersec_del_car_unst: bisection did not converge!
intersec_del_car_unst: latest residual: 7.706476686444352e-04
Done!
Processing energy level -1.631400e+00...
Optimal displacement: 1.000000e-03
Estimated error of manifold: 1.074045e-06
intersec_del_car_unst: bisection did not converge!
intersec_del_car_unst: latest residual: 2.495168477992897e-03
Done!
Processing energy level -1.629400e+00...
Optimal displacement: 1.000000e-03
Estimated error of manifold: 1.076613e-06
intersec_del_car_unst: bisection did not converge!
intersec_del_car_unst: latest residual: 1.857687784122454e-03
Done!
Processing energy level -1.627400e+00...
Optimal displacement: 1.000000e-03
Estimated error of manifold: 1.080011e-06
intersec_del_car_unst: bisection did not converge!
intersec_del_car_unst: latest residual: 1.081226645857447e-03
Done!
Processing energy level -1.625400e+00...
Optimal displacement: 1.000000e-03
Estimated error of manifold: 1.084206e-06
intersec_del_car_unst: bisection did not converge!
intersec_del_car_unst: latest residual: 1.660197449752105e-04
Done!
Processing energy level -1.623400e+00...
Optimal displacement: 1.000000e-03
Estimated error of manifold: 1.089163e-06
intersec_del_car_unst: bisection did not converge!
intersec_del_car_unst: latest residual: 2.335945440581648e-03
Done!
Processing energy level -1.621400e+00...
Optimal displacement: 1.000000e-03
Estimated error of manifold: 1.094847e-06
intersec_del_car_unst: bisection did not converge!
intersec_del_car_unst: latest residual: 1.237270925431925e-03
Done!
Processing energy level -1.619400e+00...
Optimal displacement: 1.000000e-03
Estimated error of manifold: 1.101223e-06
intersec_del_car_unst: bisection did not converge!
intersec_del_car_unst: latest residual: 1.265630965484753e-04
Done!
Processing energy level -1.617400e+00...
Optimal displacement: 1.000000e-03
Estimated error of manifold: 1.108255e-06
intersec_del_car_unst: bisection did not converge!
intersec_del_car_unst: latest residual: 1.816648045453668e-03
Done!
Processing energy level -1.615400e+00...
Optimal displacement: 1.000000e-03
Estimated error of manifold: 1.115907e-06
intersec_del_car_unst: bisection did not converge!
intersec_del_car_unst: latest residual: 2.948839955068747e-04
Done!
Processing energy level -1.613400e+00...
Optimal displacement: 1.000000e-03
Estimated error of manifold: 1.124145e-06
intersec_del_car_unst: bisection did not converge!
intersec_del_car_unst: latest residual: 1.911020457072665e-03
Done!
Processing energy level -1.611400e+00...
Optimal displacement: 1.000000e-03
Estimated error of manifold: 1.132932e-06
intersec_del_car_unst: bisection did not converge!
intersec_del_car_unst: latest residual: 1.374830767904870e-04
Done!
Processing energy level -1.609400e+00...
Optimal displacement: 1.000000e-03
Estimated error of manifold: 1.142233e-06
intersec_del_car_unst: bisection did not converge!
intersec_del_car_unst: latest residual: 2.043571613661778e-03
Done!
Processing energy level -1.607400e+00...
Optimal displacement: 1.000000e-03
Estimated error of manifold: 1.152014e-06
intersec_del_car_unst: bisection did not converge!
intersec_del_car_unst: latest residual: 1.193171955965828e-04
Done!
Processing energy level -1.605400e+00...
Optimal displacement: 1.000000e-03
Estimated error of manifold: 1.162241e-06
intersec_del_car_unst: bisection did not converge!
intersec_del_car_unst: latest residual: 1.379941164959892e-03
Done!
Processing energy level -1.603400e+00...
Optimal displacement: 1.000000e-03
Estimated error of manifold: 1.172878e-06
intersec_del_car_unst: bisection did not converge!
intersec_del_car_unst: latest residual: 2.538073802664937e-03
Done!
Processing energy level -1.601400e+00...
Optimal displacement: 1.000000e-03
Estimated error of manifold: 1.183894e-06
intersec_del_car_unst: bisection did not converge!
intersec_del_car_unst: latest residual: 2.654232791234743e-04
Done!
Processing energy level -1.599400e+00...
Optimal displacement: 1.000000e-03
Estimated error of manifold: 1.195255e-06
intersec_del_car_unst: bisection did not converge!
intersec_del_car_unst: latest residual: 1.208483420839189e-03
Done!
Processing energy level -1.597400e+00...
Optimal displacement: 1.000000e-03
Estimated error of manifold: 1.206928e-06
intersec_del_car_unst: bisection did not converge!
intersec_del_car_unst: latest residual: 2.049486780904508e-03
Done!
Processing energy level -1.595400e+00...
Optimal displacement: 1.000000e-03
Estimated error of manifold: 1.218882e-06
intersec_del_car_unst: bisection did not converge!
intersec_del_car_unst: latest residual: 1.935686719333737e-03
Done!
Processing energy level -1.593400e+00...
Optimal displacement: 1.000000e-03
Estimated error of manifold: 1.231085e-06
intersec_del_car_unst: bisection did not converge!
intersec_del_car_unst: latest residual: 1.625104291501688e-03
Done!
Processing energy level -1.591400e+00...
Optimal displacement: 1.000000e-03
Estimated error of manifold: 1.243505e-06
intersec_del_car_unst: bisection did not converge!
intersec_del_car_unst: latest residual: 2.321566061076765e-03
Done!
Processing energy level -1.589400e+00...
Optimal displacement: 1.000000e-03
Estimated error of manifold: 1.256114e-06
intersec_del_car_unst: bisection did not converge!
intersec_del_car_unst: latest residual: 1.531802690979155e-03
Done!
Processing energy level -1.587400e+00...
Optimal displacement: 1.000000e-03
Estimated error of manifold: 1.268880e-06
intersec_del_car_unst: bisection did not converge!
intersec_del_car_unst: latest residual: 2.757083608155563e-05
Done!
Processing energy level -1.585400e+00...
Optimal displacement: 1.000000e-03
Estimated error of manifold: 1.281775e-06
intersec_del_car_unst: bisection did not converge!
intersec_del_car_unst: latest residual: 4.352386621316163e-04
Done!
Processing energy level -1.583400e+00...
Optimal displacement: 1.000000e-03
Estimated error of manifold: 1.294770e-06
intersec_del_car_unst: bisection did not converge!
intersec_del_car_unst: latest residual: 7.511322421366940e-04
Done!
Processing energy level -1.581400e+00...
Optimal displacement: 1.000000e-03
Estimated error of manifold: 1.307836e-06
intersec_del_car_unst: bisection did not converge!
intersec_del_car_unst: latest residual: 9.755166342156974e-04
Done!
Processing energy level -1.579400e+00...
Optimal displacement: 1.000000e-03
Estimated error of manifold: 1.320945e-06
intersec_del_car_unst: bisection did not converge!
intersec_del_car_unst: latest residual: 1.108663015043418e-03
Done!
Processing energy level -1.577400e+00...
Optimal displacement: 1.000000e-03
Estimated error of manifold: 1.334071e-06
intersec_del_car_unst: bisection did not converge!
intersec_del_car_unst: latest residual: 1.150847343340035e-03
Done!
Processing energy level -1.575400e+00...
Optimal displacement: 1.000000e-03
Estimated error of manifold: 1.347187e-06
intersec_del_car_unst: bisection did not converge!
intersec_del_car_unst: latest residual: 1.102346809846809e-03
Done!
Processing energy level -1.573400e+00...
Optimal displacement: 1.000000e-03
Estimated error of manifold: 1.360266e-06
intersec_del_car_unst: bisection did not converge!
intersec_del_car_unst: latest residual: 1.140452895441788e-03
Done!
Processing energy level -1.571400e+00...
Optimal displacement: 1.000000e-03
Estimated error of manifold: 1.373283e-06
intersec_del_car_unst: bisection did not converge!
intersec_del_car_unst: latest residual: 1.161616687142137e-03
Done!
Processing energy level -1.569400e+00...
Optimal displacement: 1.000000e-03
Estimated error of manifold: 1.386212e-06
intersec_del_car_unst: bisection did not converge!
intersec_del_car_unst: latest residual: 1.102187277869597e-03
Done!
Processing energy level -1.567400e+00...
Optimal displacement: 1.000000e-03
Estimated error of manifold: 1.399029e-06
intersec_del_car_unst: bisection did not converge!
intersec_del_car_unst: latest residual: 9.624567114175702e-04
Done!
Processing energy level -1.565400e+00...
Optimal displacement: 1.000000e-03
Estimated error of manifold: 1.411710e-06
intersec_del_car_unst: bisection did not converge!
intersec_del_car_unst: latest residual: 7.427089544690319e-04
Done!
Processing energy level -1.563400e+00...
Optimal displacement: 1.000000e-03
Estimated error of manifold: 1.424232e-06
intersec_del_car_unst: bisection did not converge!
intersec_del_car_unst: latest residual: 4.432157436303243e-04
Done!
Processing energy level -1.561400e+00...
Optimal displacement: 1.000000e-03
Estimated error of manifold: 1.436572e-06
intersec_del_car_unst: bisection did not converge!
intersec_del_car_unst: latest residual: 6.423319892426243e-05
Done!
Processing energy level -1.559400e+00...
Optimal displacement: 1.000000e-03
Estimated error of manifold: 1.448707e-06
intersec_del_car_unst: bisection did not converge!
intersec_del_car_unst: latest residual: 1.000957109293654e-03
Done!
Processing energy level -1.557400e+00...
Optimal displacement: 1.000000e-03
Estimated error of manifold: 1.460617e-06
intersec_del_car_unst: bisection did not converge!
intersec_del_car_unst: latest residual: 2.321277561907865e-03
Done!
Processing energy level -1.555400e+00...
Optimal displacement: 1.000000e-03
Estimated error of manifold: 1.472279e-06
intersec_del_car_unst: bisection did not converge!
intersec_del_car_unst: latest residual: 2.124993889503239e-03
Done!
Processing energy level -1.553400e+00...
Optimal displacement: 1.000000e-03
Estimated error of manifold: 1.483675e-06
intersec_del_car_unst: bisection did not converge!
intersec_del_car_unst: latest residual: 1.451488685849760e-03
Done!
Processing energy level -1.551400e+00...
Optimal displacement: 1.000000e-03
Estimated error of manifold: 1.494784e-06
intersec_del_car_unst: bisection did not converge!
intersec_del_car_unst: latest residual: 7.000842166490816e-04
Done!
Processing energy level -1.549400e+00...
Optimal displacement: 1.000000e-03
Estimated error of manifold: 1.505588e-06
intersec_del_car_unst: bisection did not converge!
intersec_del_car_unst: latest residual: 2.969251885939593e-04
Done!
Processing energy level -1.547400e+00...
Optimal displacement: 1.000000e-03
Estimated error of manifold: 1.516068e-06
intersec_del_car_unst: bisection did not converge!
intersec_del_car_unst: latest residual: 2.332997428689919e-03
Done!
Processing energy level -1.545400e+00...
Optimal displacement: 1.000000e-03
Estimated error of manifold: 1.526209e-06
intersec_del_car_unst: bisection did not converge!
intersec_del_car_unst: latest residual: 2.470005593689529e-03
Done!
Processing energy level -1.543400e+00...
Optimal displacement: 1.000000e-03
Estimated error of manifold: 1.535992e-06
intersec_del_car_unst: bisection did not converge!
intersec_del_car_unst: latest residual: 1.794314141960200e-03
Done!
Processing energy level -1.541400e+00...
Optimal displacement: 1.000000e-03
Estimated error of manifold: 1.545403e-06
intersec_del_car_unst: bisection did not converge!
intersec_del_car_unst: latest residual: 1.051189588814031e-03
Done!
Processing energy level -1.539400e+00...
Optimal displacement: 1.000000e-03
Estimated error of manifold: 1.554427e-06
intersec_del_car_unst: bisection did not converge!
intersec_del_car_unst: latest residual: 2.405535679260168e-04
Done!
Processing energy level -1.537400e+00...
Optimal displacement: 1.000000e-03
Estimated error of manifold: 1.563051e-06
intersec_del_car_unst: bisection did not converge!
intersec_del_car_unst: latest residual: 1.283209471369055e-03
Done!
Processing energy level -1.535400e+00...
Optimal displacement: 1.000000e-03
Estimated error of manifold: 1.571260e-06
intersec_del_car_unst: bisection did not converge!
intersec_del_car_unst: latest residual: 2.342042687206481e-03
Done!
Processing energy level -1.533400e+00...
Optimal displacement: 1.000000e-03
Estimated error of manifold: 1.579044e-06
intersec_del_car_unst: bisection did not converge!
intersec_del_car_unst: latest residual: 1.358990107632745e-03
Done!
Processing energy level -1.531400e+00...
Optimal displacement: 1.000000e-03
Estimated error of manifold: 1.586391e-06
intersec_del_car_unst: bisection did not converge!
intersec_del_car_unst: latest residual: 3.084041180413165e-04
Done!
Processing energy level -1.529400e+00...
Optimal displacement: 1.000000e-03
Estimated error of manifold: 1.593291e-06
intersec_del_car_unst: bisection did not converge!
intersec_del_car_unst: latest residual: 1.478112874632137e-03
Done!
Processing energy level -1.527400e+00...
Optimal displacement: 1.000000e-03
Estimated error of manifold: 1.599735e-06
intersec_del_car_unst: bisection did not converge!
intersec_del_car_unst: latest residual: 2.061926379828672e-03
Done!
Processing energy level -1.525400e+00...
Optimal displacement: 1.000000e-03
Estimated error of manifold: 1.605714e-06
intersec_del_car_unst: bisection did not converge!
intersec_del_car_unst: latest residual: 8.425576027800278e-04
Done!
Processing energy level -1.523400e+00...
Optimal displacement: 1.000000e-03
Estimated error of manifold: 1.611221e-06
intersec_del_car_unst: bisection did not converge!
intersec_del_car_unst: latest residual: 7.515070644644566e-04
Done!
Processing energy level -1.521400e+00...
Optimal displacement: 1.000000e-03
Estimated error of manifold: 1.616250e-06
intersec_del_car_unst: bisection did not converge!
intersec_del_car_unst: latest residual: 2.371857649701020e-03
Done!
Processing energy level -1.519400e+00...
Optimal displacement: 1.000000e-03
Estimated error of manifold: 1.620795e-06
intersec_del_car_unst: bisection did not converge!
intersec_del_car_unst: latest residual: 9.855251044196783e-04
Done!
Processing energy level -1.517400e+00...
Optimal displacement: 1.000000e-03
Estimated error of manifold: 1.624852e-06
intersec_del_car_unst: bisection did not converge!
intersec_del_car_unst: latest residual: 7.313138659470015e-04
Done!
Processing energy level -1.515400e+00...
Optimal displacement: 1.000000e-03
Estimated error of manifold: 1.628417e-06
intersec_del_car_unst: bisection did not converge!
intersec_del_car_unst: latest residual: 2.308682767735780e-03
Done!
Processing energy level -1.513400e+00...
Optimal displacement: 1.000000e-03
Estimated error of manifold: 1.631488e-06
intersec_del_car_unst: bisection did not converge!
intersec_del_car_unst: latest residual: 7.548239631378500e-04
Done!
Processing energy level -1.511400e+00...
Optimal displacement: 1.000000e-03
Estimated error of manifold: 1.634062e-06
intersec_del_car_unst: bisection did not converge!
intersec_del_car_unst: latest residual: 1.238221715348696e-03
Done!
Processing energy level -1.509400e+00...
Optimal displacement: 1.000000e-03
Estimated error of manifold: 1.636139e-06
intersec_del_car_unst: bisection did not converge!
intersec_del_car_unst: latest residual: 1.888256602001107e-03
Done!
Processing energy level -1.507400e+00...
Optimal displacement: 1.000000e-03
Estimated error of manifold: 1.637719e-06
intersec_del_car_unst: bisection did not converge!
intersec_del_car_unst: latest residual: 1.630799904685388e-04
Done!
Processing energy level -1.505400e+00...
Optimal displacement: 1.000000e-03
Estimated error of manifold: 1.638803e-06
intersec_del_car_unst: bisection did not converge!
intersec_del_car_unst: latest residual: 2.115845509221799e-03
Done!
Processing energy level -1.503400e+00...
Optimal displacement: 1.000000e-03
Estimated error of manifold: 1.639393e-06
intersec_del_car_unst: bisection did not converge!
intersec_del_car_unst: latest residual: 1.120521385290844e-03
Done!
Processing energy level -1.501400e+00...
Optimal displacement: 1.000000e-03
Estimated error of manifold: 1.639491e-06
intersec_del_car_unst: bisection did not converge!
intersec_del_car_unst: latest residual: 9.446107389817328e-04
Done!
Processing energy level -1.499400e+00...
Optimal displacement: 1.000000e-03
Estimated error of manifold: 1.639101e-06
intersec_del_car_unst: bisection did not converge!
intersec_del_car_unst: latest residual: 2.012620264457614e-03
Done!
Processing energy level -1.497400e+00...
Optimal displacement: 1.000000e-03
Estimated error of manifold: 1.638226e-06
intersec_del_car_unst: bisection did not converge!
intersec_del_car_unst: latest residual: 7.040816711752024e-06
Done!
Processing energy level -1.495400e+00...
Optimal displacement: 1.000000e-03
Estimated error of manifold: 1.636872e-06
intersec_del_car_unst: bisection did not converge!
intersec_del_car_unst: latest residual: 2.262726910631955e-03
Done!
Processing energy level -1.493400e+00...
Optimal displacement: 1.000000e-03
Estimated error of manifold: 1.635044e-06
intersec_del_car_unst: bisection did not converge!
intersec_del_car_unst: latest residual: 7.457423223891594e-04
Done!
Processing energy level -1.491400e+00...
Optimal displacement: 1.000000e-03
Estimated error of manifold: 1.632748e-06
intersec_del_car_unst: bisection did not converge!
intersec_del_car_unst: latest residual: 1.465496762309916e-03
Done!
Processing energy level -1.489400e+00...
Optimal displacement: 1.000000e-03
Estimated error of manifold: 1.629991e-06
intersec_del_car_unst: bisection did not converge!
intersec_del_car_unst: latest residual: 1.446657792139218e-03
Done!
Processing energy level -1.487400e+00...
Optimal displacement: 1.000000e-03
Estimated error of manifold: 1.626781e-06
intersec_del_car_unst: bisection did not converge!
intersec_del_car_unst: latest residual: 6.694068882216015e-05
Done!
Processing energy level -1.485400e+00...
Optimal displacement: 1.000000e-03
Estimated error of manifold: 1.623125e-06
intersec_del_car_unst: bisection did not converge!
intersec_del_car_unst: latest residual: 1.701694869878824e-03
Done!
Processing energy level -1.483400e+00...
Optimal displacement: 1.000000e-03
Estimated error of manifold: 1.619032e-06
intersec_del_car_unst: bisection did not converge!
intersec_del_car_unst: latest residual: 1.693134152808451e-03
Done!
Processing energy level -1.481400e+00...
Optimal displacement: 1.000000e-03
Estimated error of manifold: 1.614511e-06
intersec_del_car_unst: bisection did not converge!
intersec_del_car_unst: latest residual: 1.920647064990284e-04
Done!
Processing energy level -1.479400e+00...
Optimal displacement: 1.000000e-03
Estimated error of manifold: 1.609571e-06
intersec_del_car_unst: bisection did not converge!
intersec_del_car_unst: latest residual: 1.763696087623811e-03
Done!
Processing energy level -1.477400e+00...
Optimal displacement: 1.000000e-03
Estimated error of manifold: 1.604222e-06
intersec_del_car_unst: bisection did not converge!
intersec_del_car_unst: latest residual: 1.548503678700113e-03
Done!
Processing energy level -1.475400e+00...
Optimal displacement: 1.000000e-03
Estimated error of manifold: 1.598475e-06
intersec_del_car_unst: bisection did not converge!
intersec_del_car_unst: latest residual: 4.112668823530135e-04
Done!
Processing energy level -1.473400e+00...
Optimal displacement: 1.000000e-03
Estimated error of manifold: 1.592340e-06
intersec_del_car_unst: bisection did not converge!
intersec_del_car_unst: latest residual: 1.905518727548993e-03
Done!
Processing energy level -1.471400e+00...
Optimal displacement: 1.000000e-03
Estimated error of manifold: 1.585827e-06
intersec_del_car_unst: bisection did not converge!
intersec_del_car_unst: latest residual: 1.255930681203270e-03
Done!
Processing energy level -1.469400e+00...
Optimal displacement: 1.000000e-03
Estimated error of manifold: 1.578948e-06
intersec_del_car_unst: bisection did not converge!
intersec_del_car_unst: latest residual: 6.743560005440228e-04
Done!
Processing energy level -1.467400e+00...
Optimal displacement: 1.000000e-03
Estimated error of manifold: 1.571714e-06
intersec_del_car_unst: bisection did not converge!
intersec_del_car_unst: latest residual: 2.081339300719002e-03
Done!
Processing energy level -1.465400e+00...
Optimal displacement: 1.000000e-03
Estimated error of manifold: 1.564137e-06
intersec_del_car_unst: bisection did not converge!
intersec_del_car_unst: latest residual: 8.126223634850080e-04
Done!
Processing energy level -1.463400e+00...
Optimal displacement: 1.000000e-03
Estimated error of manifold: 1.556229e-06
intersec_del_car_unst: bisection did not converge!
intersec_del_car_unst: latest residual: 9.434385315848842e-04
Done!
Processing energy level -1.461400e+00...
Optimal displacement: 1.000000e-03
Estimated error of manifold: 1.548000e-06
intersec_del_car_unst: bisection did not converge!
intersec_del_car_unst: latest residual: 2.257024729423723e-03
Done!
Processing energy level -1.459400e+00...
Optimal displacement: 1.000000e-03
Estimated error of manifold: 1.539464e-06
intersec_del_car_unst: bisection did not converge!
intersec_del_car_unst: latest residual: 1.966361766088232e-04
Done!
Processing energy level -1.457400e+00...
Optimal displacement: 1.000000e-03
Estimated error of manifold: 1.530632e-06
intersec_del_car_unst: bisection did not converge!
intersec_del_car_unst: latest residual: 1.191243627893404e-03
Done!
Processing energy level -1.455400e+00...
Optimal displacement: 1.000000e-03
Estimated error of manifold: 1.521515e-06
intersec_del_car_unst: bisection did not converge!
intersec_del_car_unst: latest residual: 2.408451938343742e-03
Done!
Processing energy level -1.453400e+00...
Optimal displacement: 1.000000e-03
Estimated error of manifold: 1.512127e-06
intersec_del_car_unst: bisection did not converge!
intersec_del_car_unst: latest residual: 2.217703460747134e-04
Done!
Processing energy level -1.451400e+00...
Optimal displacement: 1.000000e-03
Estimated error of manifold: 1.502479e-06
intersec_del_car_unst: bisection did not converge!
intersec_del_car_unst: latest residual: 1.399455702858789e-03
Done!
Processing energy level -1.449400e+00...
Optimal displacement: 1.000000e-03
Estimated error of manifold: 1.492583e-06
intersec_del_car_unst: bisection did not converge!
intersec_del_car_unst: latest residual: 2.355093320941602e-03
Done!
Processing energy level -1.447400e+00...
Optimal displacement: 1.000000e-03
Estimated error of manifold: 1.482451e-06
intersec_del_car_unst: bisection did not converge!
intersec_del_car_unst: latest residual: 4.768297448598789e-04
Done!
Processing energy level -1.445400e+00...
Optimal displacement: 1.000000e-03
Estimated error of manifold: 1.472095e-06
intersec_del_car_unst: bisection did not converge!
intersec_del_car_unst: latest residual: 1.557121597381123e-03
Done!
Processing energy level -1.443400e+00...
Optimal displacement: 1.000000e-03
Estimated error of manifold: 1.461526e-06
intersec_del_car_unst: bisection did not converge!
intersec_del_car_unst: latest residual: 1.883181310021143e-03
Done!
Processing energy level -1.441400e+00...
Optimal displacement: 1.000000e-03
Estimated error of manifold: 1.450756e-06
intersec_del_car_unst: bisection did not converge!
intersec_del_car_unst: latest residual: 6.734477905836170e-04
Done!
Processing energy level -1.439400e+00...
Optimal displacement: 1.000000e-03
Estimated error of manifold: 1.439797e-06
intersec_del_car_unst: bisection did not converge!
intersec_del_car_unst: latest residual: 1.659179310354893e-03
Done!
Processing energy level -1.437400e+00...
Optimal displacement: 1.000000e-03
Estimated error of manifold: 1.428660e-06
intersec_del_car_unst: bisection did not converge!
intersec_del_car_unst: latest residual: 1.210970389907200e-03
Done!
Processing energy level -1.435400e+00...
Optimal displacement: 1.000000e-03
Estimated error of manifold: 1.417354e-06
intersec_del_car_unst: bisection did not converge!
intersec_del_car_unst: latest residual: 8.098460013865054e-04
Done!
Processing energy level -1.433400e+00...
Optimal displacement: 1.000000e-03
Estimated error of manifold: 1.405892e-06
intersec_del_car_unst: bisection did not converge!
intersec_del_car_unst: latest residual: 1.705137090026841e-03
Done!
Processing energy level -1.431400e+00...
Optimal displacement: 1.000000e-03
Estimated error of manifold: 1.394285e-06
intersec_del_car_unst: bisection did not converge!
intersec_del_car_unst: latest residual: 2.904469411700198e-05
Done!
Processing energy level -1.429400e+00...
Optimal displacement: 1.000000e-03
Estimated error of manifold: 1.382543e-06
intersec_del_car_unst: bisection did not converge!
intersec_del_car_unst: latest residual: 8.880289075853835e-04
Done!
Processing energy level -1.427400e+00...
Optimal displacement: 1.000000e-03
Estimated error of manifold: 1.370675e-06
intersec_del_car_unst: bisection did not converge!
intersec_del_car_unst: latest residual: -4.744972711536219e-03
Done!
Processing energy level -1.425400e+00...
Optimal displacement: 1.000000e-03
Estimated error of manifold: 1.358692e-06
intersec_del_car_unst: bisection did not converge!
intersec_del_car_unst: latest residual: -6.931526624427004e-03
Done!
Processing energy level -1.423400e+00...
Optimal displacement: 1.000000e-03
Estimated error of manifold: 1.346603e-06
intersec_del_car_unst: bisection did not converge!
intersec_del_car_unst: latest residual: -8.490121863446054e-03
Done!
Processing energy level -1.421400e+00...
Optimal displacement: 1.000000e-03
Estimated error of manifold: 1.334418e-06
intersec_del_car_unst: bisection did not converge!
intersec_del_car_unst: latest residual: -9.858816933688209e-03
Done!
Processing energy level -1.419400e+00...
Optimal displacement: 1.000000e-03
Estimated error of manifold: 1.322147e-06
intersec_del_car_unst: bisection did not converge!
intersec_del_car_unst: latest residual: -1.095291248486401e-02
Done!
Processing energy level -1.417400e+00...
Optimal displacement: 1.000000e-03
Estimated error of manifold: 1.309799e-06
intersec_del_car_unst: bisection did not converge!
intersec_del_car_unst: latest residual: -1.223790733795778e-02
Done!
Processing energy level -1.415400e+00...
Optimal displacement: 1.000000e-03
Estimated error of manifold: 1.297379e-06
intersec_del_car_unst: bisection did not converge!
intersec_del_car_unst: latest residual: -1.350966766654223e-02
Done!
Processing energy level -1.413400e+00...
Optimal displacement: 1.000000e-03
Estimated error of manifold: 1.284900e-06
intersec_del_car_unst: bisection did not converge!
intersec_del_car_unst: latest residual: -1.419785906936528e-02
Done!
Processing energy level -1.411400e+00...
Optimal displacement: 1.000000e-03
Estimated error of manifold: 1.272367e-06
intersec_del_car_unst: bisection did not converge!
intersec_del_car_unst: latest residual: -1.418721868912393e-02
Done!
Processing energy level -1.409400e+00...
Optimal displacement: 1.000000e-03
Estimated error of manifold: 1.259789e-06
intersec_del_car_unst: bisection did not converge!
intersec_del_car_unst: latest residual: -1.472623556453172e-02
Done!
Processing energy level -1.407400e+00...
Optimal displacement: 1.000000e-03
Estimated error of manifold: 1.247174e-06
intersec_del_car_unst: bisection did not converge!
intersec_del_car_unst: latest residual: -1.594798857043914e-02
Done!
Processing energy level -1.405400e+00...
Optimal displacement: 1.000000e-03
Estimated error of manifold: 1.234528e-06
intersec_del_car_unst: bisection did not converge!
intersec_del_car_unst: latest residual: -1.580193611967562e-02
Done!
Processing energy level -1.403400e+00...
Optimal displacement: 1.000000e-03
Estimated error of manifold: 1.221860e-06
intersec_del_car_unst: bisection did not converge!
intersec_del_car_unst: latest residual: -1.581893706499680e-02
Done!
Processing energy level -1.401400e+00...
Optimal displacement: 1.000000e-03
Estimated error of manifold: 1.209173e-06
intersec_del_car_unst: bisection did not converge!
intersec_del_car_unst: latest residual: -1.701594362034603e-02
Done!
Processing energy level -1.399400e+00...
Optimal displacement: 1.000000e-03
Estimated error of manifold: 1.196478e-06
intersec_del_car_unst: bisection did not converge!
intersec_del_car_unst: latest residual: -1.661350737398426e-02
Done!
Processing energy level -1.397400e+00...
Optimal displacement: 1.000000e-03
Estimated error of manifold: 1.183779e-06
intersec_del_car_unst: bisection did not converge!
intersec_del_car_unst: latest residual: -1.681743119637967e-02
Done!
Processing energy level -1.395400e+00...
Optimal displacement: 1.000000e-03
Estimated error of manifold: 1.171081e-06
intersec_del_car_unst: bisection did not converge!
intersec_del_car_unst: latest residual: -1.762294486899479e-02
Done!
Processing energy level -1.393400e+00...
Optimal displacement: 1.000000e-03
Estimated error of manifold: 1.158391e-06
intersec_del_car_unst: bisection did not converge!
intersec_del_car_unst: latest residual: -1.683985534460782e-02
Done!
Processing energy level -1.391400e+00...
Optimal displacement: 1.000000e-03
Estimated error of manifold: 1.145712e-06
intersec_del_car_unst: bisection did not converge!
intersec_del_car_unst: latest residual: -1.775549383042646e-02
Done!
Processing energy level -1.389400e+00...
Optimal displacement: 1.000000e-03
Estimated error of manifold: 1.133055e-06
intersec_del_car_unst: bisection did not converge!
intersec_del_car_unst: latest residual: -1.755572814236582e-02
Done!
Processing energy level -1.387400e+00...
Optimal displacement: 1.000000e-03
Estimated error of manifold: 1.120417e-06
intersec_del_car_unst: bisection did not converge!
intersec_del_car_unst: latest residual: -1.747755950251835e-02
Done!
Processing energy level -1.385400e+00...
Optimal displacement: 1.000000e-03
Estimated error of manifold: 1.107806e-06
intersec_del_car_unst: bisection did not converge!
intersec_del_car_unst: latest residual: -1.809837472394318e-02
Done!
Processing energy level -1.383400e+00...
Optimal displacement: 1.000000e-03
Estimated error of manifold: 1.095231e-06
intersec_del_car_unst: bisection did not converge!
intersec_del_car_unst: latest residual: -1.718246439810879e-02
Done!
Processing energy level -1.381400e+00...
Optimal displacement: 1.000000e-03
Estimated error of manifold: 1.082686e-06
intersec_del_car_unst: bisection did not converge!
intersec_del_car_unst: latest residual: -1.834498376833921e-02
Done!
Processing energy level -1.379400e+00...
Optimal displacement: 1.000000e-03
Estimated error of manifold: 1.070187e-06
intersec_del_car_unst: bisection did not converge!
intersec_del_car_unst: latest residual: -1.744159298027595e-02
Done!
Processing energy level -1.377400e+00...
Optimal displacement: 1.000000e-03
Estimated error of manifold: 1.057727e-06
intersec_del_car_unst: bisection did not converge!
intersec_del_car_unst: latest residual: -1.799740475233118e-02
Done!
Processing energy level -1.375400e+00...
Optimal displacement: 1.000000e-03
Estimated error of manifold: 1.045314e-06
intersec_del_car_unst: bisection did not converge!
intersec_del_car_unst: latest residual: -1.767184134363636e-02
Done!
Processing energy level -1.373400e+00...
Optimal displacement: 1.000000e-03
Estimated error of manifold: 1.032953e-06
intersec_del_car_unst: bisection did not converge!
intersec_del_car_unst: latest residual: -1.763317810998517e-02
Done!
Processing energy level -1.371400e+00...
Optimal displacement: 1.000000e-03
Estimated error of manifold: 1.020645e-06
intersec_del_car_unst: bisection did not converge!
intersec_del_car_unst: latest residual: -1.780003313078847e-02
Done!
Processing energy level -1.369400e+00...
Optimal displacement: 1.000000e-03
Estimated error of manifold: 1.008391e-06
intersec_del_car_unst: bisection did not converge!
intersec_del_car_unst: latest residual: -1.725174108411213e-02
Done!
Processing energy level -1.367400e+00...
Optimal displacement: 1.000000e-02
Estimated error of manifold: 9.324335e-05
intersec_del_car_unst: bisection did not converge!
intersec_del_car_unst: latest residual: -1.686500943640203e-02
Done!
Processing energy level -1.365400e+00...
Optimal displacement: 1.000000e-02
Estimated error of manifold: 9.218018e-05
intersec_del_car_unst: bisection did not converge!
intersec_del_car_unst: latest residual: -1.778440495933625e-02
Done!
Processing energy level -1.363400e+00...
Optimal displacement: 1.000000e-02
Estimated error of manifold: 9.112022e-05
intersec_del_car_unst: bisection did not converge!
intersec_del_car_unst: latest residual: -1.702419019846654e-02
Done!
Processing energy level -1.361400e+00...
Optimal displacement: 1.000000e-02
Estimated error of manifold: 9.006371e-05
intersec_del_car_unst: bisection did not converge!
intersec_del_car_unst: latest residual: -1.712276404499627e-02
Done!
Processing energy level -1.359400e+00...
Optimal displacement: 1.000000e-02
Estimated error of manifold: 8.901089e-05
intersec_del_car_unst: bisection did not converge!
intersec_del_car_unst: latest residual: -1.726778408446480e-02
Done!
