Processing energy level -1.359400e+00...
intersec_del_car_unst: bisection did not converge!
intersec_del_car_unst: latest residual: -8.162502148693279e-02
Done!
Processing energy level -1.361400e+00...
intersec_del_car_unst: bisection did not converge!
intersec_del_car_unst: latest residual: -8.119177087232771e-02
Done!
Processing energy level -1.363400e+00...
intersec_del_car_unst: bisection did not converge!
intersec_del_car_unst: latest residual: -8.076029678958091e-02
Done!
Processing energy level -1.365400e+00...
intersec_del_car_unst: bisection did not converge!
intersec_del_car_unst: latest residual: -8.033001783930138e-02
Done!
Processing energy level -1.367400e+00...
intersec_del_car_unst: bisection did not converge!
intersec_del_car_unst: latest residual: -1.409623432777877e-01
Done!
Processing energy level -1.369400e+00...
intersec_del_car_unst: bisection did not converge!
intersec_del_car_unst: latest residual: -1.398337338050412e-01
Done!
Processing energy level -1.371400e+00...
intersec_del_car_unst: bisection did not converge!
intersec_del_car_unst: latest residual: -1.387088568645809e-01
Done!
Processing energy level -1.373400e+00...
intersec_del_car_unst: bisection did not converge!
intersec_del_car_unst: latest residual: -1.375877466675375e-01
Done!
Processing energy level -1.375400e+00...
intersec_del_car_unst: bisection did not converge!
intersec_del_car_unst: latest residual: -1.364704246119737e-01
Done!
Processing energy level -1.377400e+00...
intersec_del_car_unst: bisection did not converge!
intersec_del_car_unst: latest residual: -1.353568969375647e-01
Done!
Processing energy level -1.379400e+00...
intersec_del_car_unst: bisection did not converge!
intersec_del_car_unst: latest residual: -1.342471525048410e-01
Done!
Processing energy level -1.381400e+00...
intersec_del_car_unst: bisection did not converge!
intersec_del_car_unst: latest residual: -1.331411605637272e-01
Done!
Processing energy level -1.383400e+00...
intersec_del_car_unst: bisection did not converge!
intersec_del_car_unst: latest residual: -1.320388718663930e-01
Done!
Processing energy level -1.385400e+00...
intersec_del_car_unst: bisection did not converge!
intersec_del_car_unst: latest residual: -1.309402125884516e-01
Done!
Processing energy level -1.387400e+00...
intersec_del_car_unst: bisection did not converge!
intersec_del_car_unst: latest residual: -1.298450853706635e-01
Done!
Processing energy level -1.389400e+00...
intersec_del_car_unst: bisection did not converge!
intersec_del_car_unst: latest residual: -1.287533657988041e-01
Done!
Processing energy level -1.391400e+00...
intersec_del_car_unst: bisection did not converge!
intersec_del_car_unst: latest residual: -1.276649035771853e-01
Done!
Processing energy level -1.393400e+00...
intersec_del_car_unst: bisection did not converge!
intersec_del_car_unst: latest residual: -1.265795181296708e-01
Done!
Processing energy level -1.395400e+00...
intersec_del_car_unst: bisection did not converge!
intersec_del_car_unst: latest residual: -1.254969992251875e-01
Done!
Processing energy level -1.397400e+00...
intersec_del_car_unst: bisection did not converge!
intersec_del_car_unst: latest residual: -1.244171042577226e-01
Done!
Processing energy level -1.399400e+00...
intersec_del_car_unst: bisection did not converge!
intersec_del_car_unst: latest residual: -1.233395589514177e-01
Done!
Processing energy level -1.401400e+00...
intersec_del_car_unst: bisection did not converge!
intersec_del_car_unst: latest residual: -1.222640542085490e-01
Done!
Processing energy level -1.403400e+00...
intersec_del_car_unst: bisection did not converge!
intersec_del_car_unst: latest residual: -1.211902474518258e-01
Done!
Processing energy level -1.405400e+00...
intersec_del_car_unst: bisection did not converge!
intersec_del_car_unst: latest residual: -1.201177607717709e-01
Done!
Processing energy level -1.407400e+00...
intersec_del_car_unst: bisection did not converge!
intersec_del_car_unst: latest residual: -1.190461802838384e-01
Done!
Processing energy level -1.409400e+00...
intersec_del_car_unst: bisection did not converge!
intersec_del_car_unst: latest residual: -1.179750562752846e-01
Done!
Processing energy level -1.411400e+00...
intersec_del_car_unst: bisection did not converge!
intersec_del_car_unst: latest residual: -1.169039021666000e-01
Done!
Processing energy level -1.413400e+00...
intersec_del_car_unst: bisection did not converge!
intersec_del_car_unst: latest residual: -1.158321952127033e-01
Done!
Processing energy level -1.415400e+00...
intersec_del_car_unst: bisection did not converge!
intersec_del_car_unst: latest residual: -1.147593752095546e-01
Done!
Processing energy level -1.417400e+00...
intersec_del_car_unst: bisection did not converge!
intersec_del_car_unst: latest residual: -1.136848450098971e-01
Done!
Processing energy level -1.419400e+00...
intersec_del_car_unst: bisection did not converge!
intersec_del_car_unst: latest residual: -1.126079693363509e-01
Done!
Processing energy level -1.421400e+00...
intersec_del_car_unst: bisection did not converge!
intersec_del_car_unst: latest residual: -1.115280769223175e-01
Done!
Processing energy level -1.423400e+00...
intersec_del_car_unst: bisection did not converge!
intersec_del_car_unst: latest residual: -1.104444579280616e-01
Done!
Processing energy level -1.425400e+00...
intersec_del_car_unst: bisection did not converge!
intersec_del_car_unst: latest residual: -1.093563643222213e-01
Done!
Processing energy level -1.427400e+00...
intersec_del_car_unst: bisection did not converge!
intersec_del_car_unst: latest residual: -1.082630104550508e-01
Done!
Processing energy level -1.429400e+00...
intersec_del_car_unst: bisection did not converge!
intersec_del_car_unst: latest residual: -1.071635711302086e-01
Done!
Processing energy level -1.431400e+00...
intersec_del_car_unst: bisection did not converge!
intersec_del_car_unst: latest residual: -1.060571828552886e-01
Done!
Processing energy level -1.433400e+00...
intersec_del_car_unst: bisection did not converge!
intersec_del_car_unst: latest residual: -1.049429407074118e-01
Done!
Processing energy level -1.435400e+00...
intersec_del_car_unst: bisection did not converge!
intersec_del_car_unst: latest residual: -1.038198991822039e-01
Done!
Processing energy level -1.437400e+00...
intersec_del_car_unst: bisection did not converge!
intersec_del_car_unst: latest residual: -1.026870702806054e-01
Done!
Processing energy level -1.439400e+00...
intersec_del_car_unst: bisection did not converge!
intersec_del_car_unst: latest residual: -1.015434215466269e-01
Done!
Processing energy level -1.441400e+00...
intersec_del_car_unst: bisection did not converge!
intersec_del_car_unst: latest residual: -1.003878746944181e-01
Done!
Processing energy level -1.443400e+00...
intersec_del_car_unst: bisection did not converge!
intersec_del_car_unst: latest residual: -9.921930295865533e-02
Done!
Processing energy level -1.445400e+00...
intersec_del_car_unst: bisection did not converge!
intersec_del_car_unst: latest residual: -9.803652831758464e-02
Done!
Processing energy level -1.447400e+00...
intersec_del_car_unst: bisection did not converge!
intersec_del_car_unst: latest residual: -9.683831865240872e-02
Done!
Processing energy level -1.449400e+00...
intersec_del_car_unst: bisection did not converge!
intersec_del_car_unst: latest residual: -9.562338355841238e-02
Done!
Processing energy level -1.451400e+00...
intersec_del_car_unst: bisection did not converge!
intersec_del_car_unst: latest residual: -9.439037055390670e-02
Done!
Processing energy level -1.453400e+00...
intersec_del_car_unst: bisection did not converge!
intersec_del_car_unst: latest residual: -9.313785942987557e-02
Done!
Processing energy level -1.455400e+00...
intersec_del_car_unst: bisection did not converge!
intersec_del_car_unst: latest residual: -9.186435583820568e-02
Done!
Processing energy level -1.457400e+00...
intersec_del_car_unst: bisection did not converge!
intersec_del_car_unst: latest residual: -9.056828731766270e-02
Done!
Processing energy level -1.459400e+00...
intersec_del_car_unst: bisection did not converge!
intersec_del_car_unst: latest residual: -8.924799268460376e-02
Done!
Processing energy level -1.461400e+00...
intersec_del_car_unst: bisection did not converge!
intersec_del_car_unst: latest residual: -8.790171388096080e-02
Done!
Processing energy level -1.463400e+00...
intersec_del_car_unst: bisection did not converge!
intersec_del_car_unst: latest residual: -8.652758779232050e-02
Done!
Processing energy level -1.465400e+00...
intersec_del_car_unst: bisection did not converge!
intersec_del_car_unst: latest residual: -8.512363300377529e-02
Done!
Processing energy level -1.467400e+00...
intersec_del_car_unst: bisection did not converge!
intersec_del_car_unst: latest residual: -8.368773720844319e-02
Done!
Processing energy level -1.469400e+00...
intersec_del_car_unst: bisection did not converge!
intersec_del_car_unst: latest residual: -8.221764304793899e-02
Done!
Processing energy level -1.471400e+00...
intersec_del_car_unst: bisection did not converge!
intersec_del_car_unst: latest residual: -8.071093026686443e-02
Done!
Processing energy level -1.473400e+00...
intersec_del_car_unst: bisection did not converge!
intersec_del_car_unst: latest residual: -7.916499699157920e-02
Done!
Processing energy level -1.475400e+00...
intersec_del_car_unst: bisection did not converge!
intersec_del_car_unst: latest residual: -7.757703770532670e-02
Done!
Processing energy level -1.477400e+00...
intersec_del_car_unst: bisection did not converge!
intersec_del_car_unst: latest residual: -7.594401756726549e-02
Done!
Processing energy level -1.479400e+00...
intersec_del_car_unst: bisection did not converge!
intersec_del_car_unst: latest residual: -7.426264464476562e-02
Done!
Processing energy level -1.481400e+00...
intersec_del_car_unst: bisection did not converge!
intersec_del_car_unst: latest residual: -7.252933674907547e-02
Done!
Processing energy level -1.483400e+00...
intersec_del_car_unst: bisection did not converge!
intersec_del_car_unst: latest residual: -8.986056281693339e-02
Done!
Processing energy level -1.485400e+00...
intersec_del_car_unst: bisection did not converge!
intersec_del_car_unst: latest residual: -8.804649729460784e-02
Done!
Processing energy level -1.487400e+00...
intersec_del_car_unst: bisection did not converge!
intersec_del_car_unst: latest residual: -8.619420112408632e-02
Done!
Processing energy level -1.489400e+00...
intersec_del_car_unst: bisection did not converge!
intersec_del_car_unst: latest residual: -8.430101271804369e-02
Done!
Processing energy level -1.491400e+00...
intersec_del_car_unst: bisection did not converge!
intersec_del_car_unst: latest residual: -8.236411945214522e-02
Done!
Processing energy level -1.493400e+00...
intersec_del_car_unst: bisection did not converge!
intersec_del_car_unst: latest residual: -8.038055090975760e-02
Done!
Processing energy level -1.495400e+00...
intersec_del_car_unst: bisection did not converge!
intersec_del_car_unst: latest residual: -7.834717570702704e-02
Done!
Processing energy level -1.497400e+00...
intersec_del_car_unst: bisection did not converge!
intersec_del_car_unst: latest residual: -7.626070198706497e-02
Done!
Processing energy level -1.499400e+00...
intersec_del_car_unst: bisection did not converge!
intersec_del_car_unst: latest residual: -7.411768390157358e-02
Done!
Processing energy level -1.501400e+00...
intersec_del_car_unst: bisection did not converge!
intersec_del_car_unst: latest residual: -7.191453848332230e-02
Done!
Processing energy level -1.503400e+00...
intersec_del_car_unst: bisection did not converge!
intersec_del_car_unst: latest residual: -6.964757742948885e-02
Done!
Processing energy level -1.505400e+00...
intersec_del_car_unst: bisection did not converge!
intersec_del_car_unst: latest residual: -6.731305571486315e-02
Done!
Processing energy level -1.507400e+00...
intersec_del_car_unst: bisection did not converge!
intersec_del_car_unst: latest residual: -6.490725358312402e-02
Done!
Processing energy level -1.509400e+00...
intersec_del_car_unst: bisection did not converge!
intersec_del_car_unst: latest residual: -6.242659484256186e-02
Done!
Processing energy level -1.511400e+00...
intersec_del_car_unst: bisection did not converge!
intersec_del_car_unst: latest residual: -5.986782320015394e-02
Done!
Processing energy level -1.513400e+00...
intersec_del_car_unst: bisection did not converge!
intersec_del_car_unst: latest residual: -5.722824975024518e-02
Done!
Processing energy level -1.515400e+00...
intersec_del_car_unst: bisection did not converge!
intersec_del_car_unst: latest residual: -5.450609817403920e-02
Done!
Processing energy level -1.517400e+00...
intersec_del_car_unst: bisection did not converge!
intersec_del_car_unst: latest residual: -5.170096490401038e-02
Done!
Processing energy level -1.519400e+00...
intersec_del_car_unst: bisection did not converge!
intersec_del_car_unst: latest residual: -4.881441738015024e-02
Done!
Processing energy level -1.521400e+00...
intersec_del_car_unst: bisection did not converge!
intersec_del_car_unst: latest residual: -4.585072117197245e-02
Done!
Processing energy level -1.523400e+00...
intersec_del_car_unst: bisection did not converge!
intersec_del_car_unst: latest residual: -4.281766754830138e-02
Done!
Processing energy level -1.525400e+00...
intersec_del_car_unst: bisection did not converge!
intersec_del_car_unst: latest residual: -3.972740031714608e-02
Done!
Processing energy level -1.527400e+00...
intersec_del_car_unst: bisection did not converge!
intersec_del_car_unst: latest residual: -3.659706484203355e-02
Done!
Processing energy level -1.529400e+00...
intersec_del_car_unst: bisection did not converge!
intersec_del_car_unst: latest residual: -3.344902458801946e-02
Done!
Processing energy level -1.531400e+00...
intersec_del_car_unst: bisection did not converge!
intersec_del_car_unst: latest residual: -3.031036899870040e-02
Done!
Processing energy level -1.533400e+00...
intersec_del_car_unst: bisection did not converge!
intersec_del_car_unst: latest residual: -2.721152829875270e-02
Done!
Processing energy level -1.535400e+00...
intersec_del_car_unst: bisection did not converge!
intersec_del_car_unst: latest residual: -4.546027139354464e-02
Done!
Processing energy level -1.537400e+00...
intersec_del_car_unst: bisection did not converge!
intersec_del_car_unst: latest residual: -4.252225091420367e-02
Done!
Processing energy level -1.539400e+00...
intersec_del_car_unst: bisection did not converge!
intersec_del_car_unst: latest residual: -3.960611084207058e-02
Done!
Processing energy level -1.541400e+00...
intersec_del_car_unst: bisection did not converge!
intersec_del_car_unst: latest residual: -3.012552026822728e-01
Done!
Processing energy level -1.543400e+00...
intersec_del_car_unst: bisection did not converge!
intersec_del_car_unst: latest residual: -2.999622839898248e-01
Done!
Processing energy level -1.545400e+00...
intersec_del_car_unst: bisection did not converge!
intersec_del_car_unst: latest residual: -2.987187848986695e-01
Done!
Processing energy level -1.547400e+00...
intersec_del_car_unst: bisection did not converge!
intersec_del_car_unst: latest residual: -2.855847818850805e-02
Done!
Processing energy level -1.549400e+00...
intersec_del_car_unst: bisection did not converge!
intersec_del_car_unst: latest residual: -2.604526729099819e-02
Done!
Processing energy level -1.551400e+00...
intersec_del_car_unst: bisection did not converge!
intersec_del_car_unst: latest residual: -2.366202994031348e-02
Done!
Processing energy level -1.553400e+00...
intersec_del_car_unst: bisection did not converge!
intersec_del_car_unst: latest residual: -2.141875138778977e-02
Done!
Processing energy level -1.555400e+00...
intersec_del_car_unst: bisection did not converge!
intersec_del_car_unst: latest residual: -1.932226603680704e-02
Done!
Processing energy level -1.557400e+00...
intersec_del_car_unst: bisection did not converge!
intersec_del_car_unst: latest residual: -1.737658242521778e-02
Done!
Processing energy level -1.559400e+00...
intersec_del_car_unst: bisection did not converge!
intersec_del_car_unst: latest residual: -1.558334722025975e-02
Done!
Processing energy level -1.561400e+00...
intersec_del_car_unst: bisection did not converge!
intersec_del_car_unst: latest residual: -1.394235835602940e-02
Done!
Processing energy level -1.563400e+00...
intersec_del_car_unst: bisection did not converge!
intersec_del_car_unst: latest residual: -2.699730924171637e-02
Done!
Processing energy level -1.565400e+00...
intersec_del_car_unst: bisection did not converge!
intersec_del_car_unst: latest residual: -2.520921723053860e-02
Done!
Processing energy level -1.567400e+00...
intersec_del_car_unst: bisection did not converge!
intersec_del_car_unst: latest residual: -2.970772746722123e-01
Done!
Processing energy level -1.569400e+00...
intersec_del_car_unst: bisection did not converge!
intersec_del_car_unst: latest residual: -2.962834098334777e-01
Done!
Processing energy level -1.571400e+00...
intersec_del_car_unst: bisection did not converge!
intersec_del_car_unst: latest residual: -2.072554561791999e-02
Done!
Processing energy level -1.573400e+00...
intersec_del_car_unst: bisection did not converge!
intersec_del_car_unst: latest residual: -1.952433368355913e-02
Done!
Processing energy level -1.575400e+00...
intersec_del_car_unst: bisection did not converge!
intersec_del_car_unst: latest residual: -1.846767859279250e-02
Done!
Processing energy level -1.577400e+00...
intersec_del_car_unst: bisection did not converge!
intersec_del_car_unst: latest residual: -1.755355958554532e-02
Done!
Processing energy level -1.579400e+00...
intersec_del_car_unst: bisection did not converge!
intersec_del_car_unst: latest residual: -1.677968996439479e-02
Done!
Processing energy level -1.581400e+00...
intersec_del_car_unst: bisection did not converge!
intersec_del_car_unst: latest residual: -2.680034919167344e-02
Done!
Processing energy level -1.583400e+00...
intersec_del_car_unst: bisection did not converge!
intersec_del_car_unst: latest residual: -2.597898685036321e-02
Done!
Processing energy level -1.585400e+00...
intersec_del_car_unst: bisection did not converge!
intersec_del_car_unst: latest residual: -2.530152996859673e-02
Done!
Processing energy level -1.587400e+00...
intersec_del_car_unst: bisection did not converge!
intersec_del_car_unst: latest residual: -2.476618953622752e-02
Done!
Processing energy level -1.589400e+00...
intersec_del_car_unst: bisection did not converge!
intersec_del_car_unst: latest residual: -2.437101677599268e-02
Done!
Processing energy level -1.591400e+00...
intersec_del_car_unst: bisection did not converge!
intersec_del_car_unst: latest residual: -2.411397069322350e-02
Done!
Processing energy level -1.593400e+00...
intersec_del_car_unst: bisection did not converge!
intersec_del_car_unst: latest residual: -2.399296834772052e-02
Done!
Processing energy level -1.595400e+00...
intersec_del_car_unst: bisection did not converge!
intersec_del_car_unst: latest residual: -2.400592408092310e-02
Done!
Processing energy level -1.597400e+00...
intersec_del_car_unst: bisection did not converge!
intersec_del_car_unst: latest residual: -3.248499994539944e-02
Done!
Processing energy level -1.599400e+00...
intersec_del_car_unst: bisection did not converge!
intersec_del_car_unst: latest residual: -3.254462149078548e-02
Done!
Processing energy level -1.601400e+00...
intersec_del_car_unst: bisection did not converge!
intersec_del_car_unst: latest residual: -3.274283238650814e-02
Done!
Processing energy level -1.603400e+00...
intersec_del_car_unst: bisection did not converge!
intersec_del_car_unst: latest residual: -3.307772028592467e-02
Done!
Processing energy level -1.605400e+00...
intersec_del_car_unst: bisection did not converge!
intersec_del_car_unst: latest residual: -3.354738657584701e-02
Done!
Processing energy level -1.607400e+00...
intersec_del_car_unst: bisection did not converge!
intersec_del_car_unst: latest residual: -3.414996449975864e-02
Done!
Processing energy level -1.609400e+00...
intersec_del_car_unst: bisection did not converge!
intersec_del_car_unst: latest residual: -4.202564927227986e-02
Done!
Processing energy level -1.611400e+00...
intersec_del_car_unst: bisection did not converge!
intersec_del_car_unst: latest residual: -4.274118838210486e-02
Done!
Processing energy level -1.613400e+00...
intersec_del_car_unst: bisection did not converge!
intersec_del_car_unst: latest residual: -4.359367580146384e-02
Done!
Processing energy level -1.615400e+00...
intersec_del_car_unst: bisection did not converge!
intersec_del_car_unst: latest residual: -4.458134914282162e-02
Done!
Processing energy level -1.617400e+00...
intersec_del_car_unst: bisection did not converge!
intersec_del_car_unst: latest residual: -4.570249891247280e-02
Done!
Processing energy level -1.619400e+00...
intersec_del_car_unst: bisection did not converge!
intersec_del_car_unst: latest residual: -5.340755121358388e-02
Done!
Processing energy level -1.621400e+00...
intersec_del_car_unst: bisection did not converge!
intersec_del_car_unst: latest residual: -5.469168187435085e-02
Done!
Processing energy level -1.623400e+00...
intersec_del_car_unst: bisection did not converge!
intersec_del_car_unst: latest residual: -5.611274280159614e-02
Done!
Processing energy level -1.625400e+00...
intersec_del_car_unst: bisection did not converge!
intersec_del_car_unst: latest residual: -5.766916659368215e-02
Done!
Processing energy level -1.627400e+00...
intersec_del_car_unst: bisection did not converge!
intersec_del_car_unst: latest residual: -5.935947119163991e-02
Done!
Processing energy level -1.629400e+00...
intersec_del_car_unst: bisection did not converge!
intersec_del_car_unst: latest residual: -6.718537097181466e-02
Done!
Processing energy level -1.631400e+00...
intersec_del_car_unst: bisection did not converge!
intersec_del_car_unst: latest residual: -6.908152285273983e-02
Done!
Processing energy level -1.633400e+00...
intersec_del_car_unst: bisection did not converge!
intersec_del_car_unst: latest residual: -7.111478216292155e-02
Done!
Processing energy level -1.635400e+00...
intersec_del_car_unst: bisection did not converge!
intersec_del_car_unst: latest residual: -7.328393162228306e-02
Done!
Processing energy level -1.637400e+00...
intersec_del_car_unst: bisection did not converge!
intersec_del_car_unst: latest residual: -8.137384123765712e-02
Done!
Processing energy level -1.639400e+00...
intersec_del_car_unst: bisection did not converge!
intersec_del_car_unst: latest residual: -8.378252948525451e-02
Done!
Processing energy level -1.641400e+00...
intersec_del_car_unst: bisection did not converge!
intersec_del_car_unst: latest residual: -8.633045978926977e-02
Done!
Processing energy level -1.643400e+00...
intersec_del_car_unst: bisection did not converge!
intersec_del_car_unst: latest residual: -9.470970541878887e-02
Done!
Processing energy level -1.645400e+00...
intersec_del_car_unst: bisection did not converge!
intersec_del_car_unst: latest residual: -9.752405256446355e-02
Done!
Processing energy level -1.647400e+00...
intersec_del_car_unst: bisection did not converge!
intersec_del_car_unst: latest residual: -1.004813188482870e-01
Done!
Processing energy level -1.649400e+00...
intersec_del_car_unst: bisection did not converge!
intersec_del_car_unst: latest residual: -1.092393519752215e-01
Done!
Processing energy level -1.651400e+00...
intersec_del_car_unst: bisection did not converge!
intersec_del_car_unst: latest residual: -1.124886976220162e-01
Done!
Processing energy level -1.653400e+00...
intersec_del_car_unst: bisection did not converge!
intersec_del_car_unst: latest residual: -1.158854511254999e-01
Done!
Processing energy level -1.655400e+00...
intersec_del_car_unst: bisection did not converge!
intersec_del_car_unst: latest residual: -1.251045636586890e-01
Done!
Processing energy level -1.657400e+00...
intersec_del_car_unst: bisection did not converge!
intersec_del_car_unst: latest residual: -1.288190689161858e-01
Done!
Processing energy level -1.659400e+00...
intersec_del_car_unst: bisection did not converge!
intersec_del_car_unst: latest residual: -1.383915481829738e-01
Done!
Processing energy level -1.661400e+00...
intersec_del_car_unst: bisection did not converge!
intersec_del_car_unst: latest residual: -1.424446740407110e-01
Done!
Processing energy level -1.663400e+00...
intersec_del_car_unst: bisection did not converge!
intersec_del_car_unst: latest residual: -1.466576523891172e-01
Done!
Processing energy level -1.665400e+00...
intersec_del_car_unst: bisection did not converge!
intersec_del_car_unst: latest residual: -1.568238134893374e-01
Done!
Processing energy level -1.667400e+00...
intersec_del_car_unst: bisection did not converge!
intersec_del_car_unst: latest residual: -1.614046043137843e-01
Done!
Processing energy level -1.669400e+00...
intersec_del_car_unst: bisection did not converge!
intersec_del_car_unst: latest residual: -1.720185095098656e-01
Done!
Processing energy level -1.671400e+00...
intersec_del_car_unst: bisection did not converge!
intersec_del_car_unst: latest residual: -1.769918860224343e-01
Done!
Processing energy level -1.673400e+00...
intersec_del_car_unst: bisection did not converge!
intersec_del_car_unst: latest residual: -1.880933100258459e-01
Done!
Processing energy level -1.675400e+00...
intersec_del_car_unst: bisection did not converge!
intersec_del_car_unst: latest residual: -1.934873873476867e-01
Done!
Processing energy level -1.677400e+00...
intersec_del_car_unst: bisection did not converge!
intersec_del_car_unst: latest residual: -2.051180259148161e-01
Done!
Processing energy level -1.679400e+00...
intersec_del_car_unst: bisection did not converge!
intersec_del_car_unst: latest residual: -2.170522416413639e-01
Done!
Processing energy level -1.681400e+00...
intersec_del_car_unst: bisection did not converge!
intersec_del_car_unst: latest residual: 2.190896695631993e-01
Done!
Processing energy level -1.683400e+00...
intersec_del_car_unst: bisection did not converge!
intersec_del_car_unst: latest residual: 1.981280219062432e-01
Done!
Processing energy level -1.685400e+00...
intersec_del_car_unst: bisection did not converge!
intersec_del_car_unst: latest residual: -2.485898383294342e-01
Done!
Processing energy level -1.687400e+00...
intersec_del_car_unst: bisection did not converge!
intersec_del_car_unst: latest residual: -2.618349838645954e-01
Done!
Processing energy level -1.689400e+00...
intersec_del_car_unst: bisection did not converge!
intersec_del_car_unst: latest residual: -2.606654660829892e-02
Done!
Processing energy level -1.691400e+00...
intersec_del_car_unst: bisection did not converge!
intersec_del_car_unst: latest residual: -4.278107995850539e-02
Done!
Processing energy level -1.693400e+00...
intersec_del_car_unst: bisection did not converge!
intersec_del_car_unst: latest residual: -5.996579097692815e-02
Done!
Processing energy level -1.695400e+00...
intersec_del_car_unst: bisection did not converge!
intersec_del_car_unst: latest residual: -7.764554889551194e-02
Done!
Processing energy level -1.697400e+00...
intersec_del_car_unst: bisection did not converge!
intersec_del_car_unst: latest residual: -9.585195570019850e-02
Done!
Processing energy level -1.699400e+00...
intersec_del_car_unst: bisection did not converge!
intersec_del_car_unst: latest residual: -1.146248003485497e-01
Done!
Processing energy level -1.701400e+00...
intersec_del_car_unst: bisection did not converge!
intersec_del_car_unst: latest residual: -1.410907669363998e-01
Done!
Processing energy level -1.703400e+00...
intersec_del_car_unst: bisection did not converge!
intersec_del_car_unst: latest residual: -1.611864373945755e-01
Done!
Processing energy level -1.705400e+00...
intersec_del_car_unst: bisection did not converge!
intersec_del_car_unst: latest residual: 1.373370494308125e-01
Done!
Processing energy level -1.707400e+00...
intersec_del_car_unst: bisection did not converge!
intersec_del_car_unst: latest residual: 1.033581437354900e-01
Done!
Processing energy level -1.709400e+00...
intersec_del_car_unst: bisection did not converge!
intersec_del_car_unst: latest residual: -2.406918029759093e-01
Done!
Processing energy level -1.711400e+00...
intersec_del_car_unst: bisection did not converge!
intersec_del_car_unst: latest residual: -5.308282562957846e-02
Done!
Processing energy level -1.713400e+00...
intersec_del_car_unst: bisection did not converge!
intersec_del_car_unst: latest residual: -9.724548046996670e-02
Done!
Processing energy level -1.715400e+00...
intersec_del_car_unst: bisection did not converge!
intersec_del_car_unst: latest residual: 1.266127919748518e-01
Done!
Processing energy level -1.717400e+00...
intersec_del_car_unst: bisection did not converge!
intersec_del_car_unst: latest residual: 5.537848191951013e-02
Done!
Processing energy level -1.719400e+00...
intersec_del_car_unst: bisection did not converge!
intersec_del_car_unst: latest residual: -4.492980307025753e-02
Done!
