Processing energy level -1.359400e+00...
Optimal displacement: 1.000000e-02
Estimated error of manifold: 8.901089e-05
intersec_del_car_unst: bisection did not converge!
intersec_del_car_unst: latest residual: -1.161830891934440e-02
Done!
Processing energy level -1.361400e+00...
Optimal displacement: 1.000000e-02
Estimated error of manifold: 9.006371e-05
intersec_del_car_unst: bisection did not converge!
intersec_del_car_unst: latest residual: -1.101256845256340e-02
Done!
Processing energy level -1.363400e+00...
Optimal displacement: 1.000000e-02
Estimated error of manifold: 9.112022e-05
intersec_del_car_unst: bisection did not converge!
intersec_del_car_unst: latest residual: 7.497062404404292e-02
Done!
Processing energy level -1.365400e+00...
Optimal displacement: 1.000000e-02
Estimated error of manifold: 9.218018e-05
intersec_del_car_unst: bisection did not converge!
intersec_del_car_unst: latest residual: -1.138448264053860e-02
Done!
Processing energy level -1.367400e+00...
Optimal displacement: 1.000000e-02
Estimated error of manifold: 9.324335e-05
intersec_del_car_unst: bisection did not converge!
intersec_del_car_unst: latest residual: -1.289064300393933e-02
Done!
Processing energy level -1.369400e+00...
Optimal displacement: 1.000000e-03
Estimated error of manifold: 1.008391e-06
intersec_del_car_unst: bisection did not converge!
intersec_del_car_unst: latest residual: 7.329052276700543e-02
Done!
Processing energy level -1.371400e+00...
Optimal displacement: 1.000000e-03
Estimated error of manifold: 1.020645e-06
intersec_del_car_unst: bisection did not converge!
intersec_del_car_unst: latest residual: -1.241679293996065e-02
Done!
Processing energy level -1.373400e+00...
Optimal displacement: 1.000000e-03
Estimated error of manifold: 1.032953e-06
intersec_del_car_unst: bisection did not converge!
intersec_del_car_unst: latest residual: 7.234263445397893e-02
Done!
Processing energy level -1.375400e+00...
Optimal displacement: 1.000000e-03
Estimated error of manifold: 1.045314e-06
intersec_del_car_unst: bisection did not converge!
intersec_del_car_unst: latest residual: -1.415747830416894e-02
Done!
Processing energy level -1.377400e+00...
Optimal displacement: 1.000000e-03
Estimated error of manifold: 1.057727e-06
intersec_del_car_unst: bisection did not converge!
intersec_del_car_unst: latest residual: -1.305438767076678e-02
Done!
Processing energy level -1.379400e+00...
Optimal displacement: 1.000000e-03
Estimated error of manifold: 1.070187e-06
intersec_del_car_unst: bisection did not converge!
intersec_del_car_unst: latest residual: -1.412562071428689e-02
Done!
Processing energy level -1.381400e+00...
Optimal displacement: 1.000000e-03
Estimated error of manifold: 1.082686e-06
intersec_del_car_unst: bisection did not converge!
intersec_del_car_unst: latest residual: -1.459765457514178e-02
Done!
Processing energy level -1.383400e+00...
Optimal displacement: 1.000000e-03
Estimated error of manifold: 1.095231e-06
intersec_del_car_unst: bisection did not converge!
intersec_del_car_unst: latest residual: -1.393389057095096e-02
Done!
Processing energy level -1.385400e+00...
Optimal displacement: 1.000000e-03
Estimated error of manifold: 1.107806e-06
intersec_del_car_unst: bisection did not converge!
intersec_del_car_unst: latest residual: -1.520093696114883e-02
Done!
Processing energy level -1.387400e+00...
Optimal displacement: 1.000000e-03
Estimated error of manifold: 1.120417e-06
intersec_del_car_unst: bisection did not converge!
intersec_del_car_unst: latest residual: -1.505858258764056e-02
Done!
Processing energy level -1.389400e+00...
Optimal displacement: 1.000000e-03
Estimated error of manifold: 1.133055e-06
intersec_del_car_unst: bisection did not converge!
intersec_del_car_unst: latest residual: 6.830816523925354e-02
Done!
Processing energy level -1.391400e+00...
Optimal displacement: 1.000000e-03
Estimated error of manifold: 1.145712e-06
intersec_del_car_unst: bisection did not converge!
intersec_del_car_unst: latest residual: 6.771386594469103e-02
Done!
Processing energy level -1.393400e+00...
Optimal displacement: 1.000000e-03
Estimated error of manifold: 1.158391e-06
intersec_del_car_unst: bisection did not converge!
intersec_del_car_unst: latest residual: -1.552186641493444e-02
Done!
Processing energy level -1.395400e+00...
Optimal displacement: 1.000000e-03
Estimated error of manifold: 1.171081e-06
intersec_del_car_unst: bisection did not converge!
intersec_del_car_unst: latest residual: 6.682188704885383e-02
Done!
Processing energy level -1.397400e+00...
Optimal displacement: 1.000000e-03
Estimated error of manifold: 1.183779e-06
intersec_del_car_unst: bisection did not converge!
intersec_del_car_unst: latest residual: 6.626857264716851e-02
Done!
Processing energy level -1.399400e+00...
Optimal displacement: 1.000000e-03
Estimated error of manifold: 1.196478e-06
intersec_del_car_unst: bisection did not converge!
intersec_del_car_unst: latest residual: -1.597679101366137e-02
Done!
Processing energy level -1.401400e+00...
Optimal displacement: 1.000000e-03
Estimated error of manifold: 1.209173e-06
intersec_del_car_unst: bisection did not converge!
intersec_del_car_unst: latest residual: -1.712402661306883e-02
Done!
Processing energy level -1.403400e+00...
Optimal displacement: 1.000000e-03
Estimated error of manifold: 1.221860e-06
intersec_del_car_unst: bisection did not converge!
intersec_del_car_unst: latest residual: -1.730623794556732e-02
Done!
Processing energy level -1.405400e+00...
Optimal displacement: 1.000000e-03
Estimated error of manifold: 1.234528e-06
intersec_del_car_unst: bisection did not converge!
intersec_del_car_unst: latest residual: 6.435642444513290e-02
Done!
Processing energy level -1.407400e+00...
Optimal displacement: 1.000000e-03
Estimated error of manifold: 1.247174e-06
intersec_del_car_unst: bisection did not converge!
intersec_del_car_unst: latest residual: 6.377874203918921e-02
Done!
Processing energy level -1.409400e+00...
Optimal displacement: 1.000000e-03
Estimated error of manifold: 1.259789e-06
intersec_del_car_unst: bisection did not converge!
intersec_del_car_unst: latest residual: -1.767122928172629e-02
Done!
Processing energy level -1.411400e+00...
Optimal displacement: 1.000000e-03
Estimated error of manifold: 1.272367e-06
intersec_del_car_unst: bisection did not converge!
intersec_del_car_unst: latest residual: 6.278758042668903e-02
Done!
Processing energy level -1.413400e+00...
Optimal displacement: 1.000000e-03
Estimated error of manifold: 1.284900e-06
intersec_del_car_unst: bisection did not converge!
intersec_del_car_unst: latest residual: -1.894589430267477e-02
Done!
Processing energy level -1.415400e+00...
Optimal displacement: 1.000000e-03
Estimated error of manifold: 1.297379e-06
intersec_del_car_unst: bisection did not converge!
intersec_del_car_unst: latest residual: -1.802739015477878e-02
Done!
Processing energy level -1.417400e+00...
Optimal displacement: 1.000000e-03
Estimated error of manifold: 1.309799e-06
intersec_del_car_unst: bisection did not converge!
intersec_del_car_unst: latest residual: 6.113369963131560e-02
Done!
Processing energy level -1.419400e+00...
Optimal displacement: 1.000000e-03
Estimated error of manifold: 1.322147e-06
intersec_del_car_unst: bisection did not converge!
intersec_del_car_unst: latest residual: -1.929211316703616e-02
Done!
Processing energy level -1.421400e+00...
Optimal displacement: 1.000000e-03
Estimated error of manifold: 1.334418e-06
intersec_del_car_unst: bisection did not converge!
intersec_del_car_unst: latest residual: 5.999483260327382e-02
Done!
Processing energy level -1.423400e+00...
Optimal displacement: 1.000000e-03
Estimated error of manifold: 1.346603e-06
intersec_del_car_unst: bisection did not converge!
intersec_del_car_unst: latest residual: -1.926012322972351e-02
Done!
Processing energy level -1.425400e+00...
Optimal displacement: 1.000000e-03
Estimated error of manifold: 1.358692e-06
intersec_del_car_unst: bisection did not converge!
intersec_del_car_unst: latest residual: -1.956635727656084e-02
Done!
Processing energy level -1.427400e+00...
Optimal displacement: 1.000000e-03
Estimated error of manifold: 1.370675e-06
intersec_del_car_unst: bisection did not converge!
intersec_del_car_unst: latest residual: -1.870754521513840e-02
Done!
Processing energy level -1.429400e+00...
Optimal displacement: 1.000000e-03
Estimated error of manifold: 1.382543e-06
intersec_del_car_unst: bisection did not converge!
intersec_del_car_unst: latest residual: 5.746052871829505e-02
Done!
Processing energy level -1.431400e+00...
Optimal displacement: 1.000000e-03
Estimated error of manifold: 1.394285e-06
intersec_del_car_unst: bisection did not converge!
intersec_del_car_unst: latest residual: 5.679251284098263e-02
Done!
Processing energy level -1.433400e+00...
Optimal displacement: 1.000000e-03
Estimated error of manifold: 1.405892e-06
intersec_del_car_unst: bisection did not converge!
intersec_del_car_unst: latest residual: -1.910225363394266e-02
Done!
Processing energy level -1.435400e+00...
Optimal displacement: 1.000000e-03
Estimated error of manifold: 1.417354e-06
intersec_del_car_unst: bisection did not converge!
intersec_del_car_unst: latest residual: -2.009189695307508e-02
Done!
Processing energy level -1.437400e+00...
Optimal displacement: 1.000000e-03
Estimated error of manifold: 1.428660e-06
intersec_del_car_unst: bisection did not converge!
intersec_del_car_unst: latest residual: 5.463960995237194e-02
Done!
Processing energy level -1.439400e+00...
Optimal displacement: 1.000000e-03
Estimated error of manifold: 1.439797e-06
intersec_del_car_unst: bisection did not converge!
intersec_del_car_unst: latest residual: -1.927290716341661e-02
Done!
Processing energy level -1.441400e+00...
Optimal displacement: 1.000000e-03
Estimated error of manifold: 1.450756e-06
intersec_del_car_unst: bisection did not converge!
intersec_del_car_unst: latest residual: 5.306521676394277e-02
Done!
Processing energy level -1.443400e+00...
Optimal displacement: 1.000000e-03
Estimated error of manifold: 1.461526e-06
intersec_del_car_unst: bisection did not converge!
intersec_del_car_unst: latest residual: -2.015093909693565e-02
Done!
Processing energy level -1.445400e+00...
Optimal displacement: 1.000000e-03
Estimated error of manifold: 1.472095e-06
intersec_del_car_unst: bisection did not converge!
intersec_del_car_unst: latest residual: 5.139672664785405e-02
Done!
Processing energy level -1.447400e+00...
Optimal displacement: 1.000000e-03
Estimated error of manifold: 1.482451e-06
intersec_del_car_unst: bisection did not converge!
intersec_del_car_unst: latest residual: -1.997513226229944e-02
Done!
Processing energy level -1.449400e+00...
Optimal displacement: 1.000000e-03
Estimated error of manifold: 1.492583e-06
intersec_del_car_unst: bisection did not converge!
intersec_del_car_unst: latest residual: -2.020924285844455e-02
Done!
Processing energy level -1.451400e+00...
Optimal displacement: 1.000000e-03
Estimated error of manifold: 1.502479e-06
intersec_del_car_unst: bisection did not converge!
intersec_del_car_unst: latest residual: -1.924260221005508e-02
Done!
Processing energy level -1.453400e+00...
Optimal displacement: 1.000000e-03
Estimated error of manifold: 1.512127e-06
intersec_del_car_unst: bisection did not converge!
intersec_del_car_unst: latest residual: -1.941793599037583e-02
Done!
Processing energy level -1.455400e+00...
Optimal displacement: 1.000000e-03
Estimated error of manifold: 1.521515e-06
intersec_del_car_unst: bisection did not converge!
intersec_del_car_unst: latest residual: -2.001664913993469e-02
Done!
Processing energy level -1.457400e+00...
Optimal displacement: 1.000000e-03
Estimated error of manifold: 1.530632e-06
intersec_del_car_unst: bisection did not converge!
intersec_del_car_unst: latest residual: -1.915256439083533e-02
Done!
Processing energy level -1.459400e+00...
Optimal displacement: 1.000000e-03
Estimated error of manifold: 1.539464e-06
intersec_del_car_unst: bisection did not converge!
intersec_del_car_unst: latest residual: -1.840523826395168e-02
Done!
Processing energy level -1.461400e+00...
Optimal displacement: 1.000000e-03
Estimated error of manifold: 1.548000e-06
intersec_del_car_unst: bisection did not converge!
intersec_del_car_unst: latest residual: 4.285061220774150e-02
Done!
Processing energy level -1.463400e+00...
Optimal displacement: 1.000000e-03
Estimated error of manifold: 1.556229e-06
intersec_del_car_unst: bisection did not converge!
intersec_del_car_unst: latest residual: -1.892464441628229e-02
Done!
Processing energy level -1.465400e+00...
Optimal displacement: 1.000000e-03
Estimated error of manifold: 1.564137e-06
intersec_del_car_unst: bisection did not converge!
intersec_del_car_unst: latest residual: -1.786358365397546e-02
Done!
Processing energy level -1.467400e+00...
Optimal displacement: 1.000000e-03
Estimated error of manifold: 1.571714e-06
intersec_del_car_unst: bisection did not converge!
intersec_del_car_unst: latest residual: 3.859811411031402e-02
Done!
Processing energy level -1.469400e+00...
Optimal displacement: 1.000000e-03
Estimated error of manifold: 1.578948e-06
intersec_del_car_unst: bisection did not converge!
intersec_del_car_unst: latest residual: -1.706603869966852e-02
Done!
Processing energy level -1.471400e+00...
Optimal displacement: 1.000000e-03
Estimated error of manifold: 1.585827e-06
intersec_del_car_unst: bisection did not converge!
intersec_del_car_unst: latest residual: -1.700881603422433e-02
Done!
Processing energy level -1.473400e+00...
Optimal displacement: 1.000000e-03
Estimated error of manifold: 1.592340e-06
intersec_del_car_unst: bisection did not converge!
intersec_del_car_unst: latest residual: -1.622673033170990e-02
Done!
Processing energy level -1.475400e+00...
Optimal displacement: 1.000000e-03
Estimated error of manifold: 1.598475e-06
intersec_del_car_unst: bisection did not converge!
intersec_del_car_unst: latest residual: -1.505384933406408e-02
Done!
Processing energy level -1.477400e+00...
Optimal displacement: 1.000000e-03
Estimated error of manifold: 1.604222e-06
intersec_del_car_unst: bisection did not converge!
intersec_del_car_unst: latest residual: 2.902358166211086e-02
Done!
Processing energy level -1.479400e+00...
Optimal displacement: 1.000000e-03
Estimated error of manifold: 1.609571e-06
intersec_del_car_unst: bisection did not converge!
intersec_del_car_unst: latest residual: -1.262080106442912e-02
Done!
Processing energy level -1.481400e+00...
Optimal displacement: 1.000000e-03
Estimated error of manifold: 1.614511e-06
intersec_del_car_unst: bisection did not converge!
intersec_del_car_unst: latest residual: -1.134438866042473e-02
Done!
Processing energy level -1.483400e+00...
Optimal displacement: 1.000000e-03
Estimated error of manifold: 1.619032e-06
intersec_del_car_unst: bisection did not converge!
intersec_del_car_unst: latest residual: -1.001736641257732e-02
Done!
Processing energy level -1.485400e+00...
Optimal displacement: 1.000000e-03
Estimated error of manifold: 1.623125e-06
intersec_del_car_unst: bisection did not converge!
intersec_del_car_unst: latest residual: -8.631687240538914e-03
Done!
Processing energy level -1.487400e+00...
Optimal displacement: 1.000000e-03
Estimated error of manifold: 1.626781e-06
intersec_del_car_unst: bisection did not converge!
intersec_del_car_unst: latest residual: -5.326785118531539e-03
Done!
Processing energy level -1.489400e+00...
Optimal displacement: 1.000000e-03
Estimated error of manifold: 1.629991e-06
intersec_del_car_unst: bisection did not converge!
intersec_del_car_unst: latest residual: -2.093306972904854e-04
Done!
Processing energy level -1.491400e+00...
Optimal displacement: 1.000000e-03
Estimated error of manifold: 1.632748e-06
intersec_del_car_unst: bisection did not converge!
intersec_del_car_unst: latest residual: 8.053053673373604e-01
Done!
Processing energy level -1.493400e+00...
Optimal displacement: 1.000000e-03
Estimated error of manifold: 1.635044e-06
intersec_del_car_unst: bisection did not converge!
intersec_del_car_unst: latest residual: -2.320609565343707e-03
Done!
Processing energy level -1.495400e+00...
Optimal displacement: 1.000000e-03
Estimated error of manifold: 1.636872e-06
intersec_del_car_unst: bisection did not converge!
intersec_del_car_unst: latest residual: 8.009475922938318e-01
Done!
Processing energy level -1.497400e+00...
Optimal displacement: 1.000000e-03
Estimated error of manifold: 1.638226e-06
intersec_del_car_unst: bisection did not converge!
intersec_del_car_unst: latest residual: -1.589440942187537e-03
Done!
Processing energy level -1.499400e+00...
Optimal displacement: 1.000000e-03
Estimated error of manifold: 1.639101e-06
intersec_del_car_unst: bisection did not converge!
intersec_del_car_unst: latest residual: 7.961390012032246e-01
Done!
Processing energy level -1.501400e+00...
Optimal displacement: 1.000000e-03
Estimated error of manifold: 1.639491e-06
intersec_del_car_unst: bisection did not converge!
intersec_del_car_unst: latest residual: 7.940957672454535e-01
Done!
Processing energy level -1.503400e+00...
Optimal displacement: 1.000000e-03
Estimated error of manifold: 1.639393e-06
intersec_del_car_unst: bisection did not converge!
intersec_del_car_unst: latest residual: -5.813109299520479e-04
Done!
Processing energy level -1.505400e+00...
Optimal displacement: 1.000000e-03
Estimated error of manifold: 1.638803e-06
intersec_del_car_unst: bisection did not converge!
intersec_del_car_unst: latest residual: -2.090673320338960e-03
Done!
Processing energy level -1.507400e+00...
Optimal displacement: 1.000000e-03
Estimated error of manifold: 1.637719e-06
intersec_del_car_unst: bisection did not converge!
intersec_del_car_unst: latest residual: 7.871021528994487e-01
Done!
Processing energy level -1.509400e+00...
Optimal displacement: 1.000000e-03
Estimated error of manifold: 1.636139e-06
intersec_del_car_unst: bisection did not converge!
intersec_del_car_unst: latest residual: -1.678076775406448e-03
Done!
Processing energy level -1.511400e+00...
Optimal displacement: 1.000000e-03
Estimated error of manifold: 1.634062e-06
intersec_del_car_unst: bisection did not converge!
intersec_del_car_unst: latest residual: -1.252423477140873e-03
Done!
Processing energy level -1.513400e+00...
Optimal displacement: 1.000000e-03
Estimated error of manifold: 1.631488e-06
intersec_del_car_unst: bisection did not converge!
intersec_del_car_unst: latest residual: 7.794335512398984e-01
Done!
Processing energy level -1.515400e+00...
Optimal displacement: 1.000000e-03
Estimated error of manifold: 1.628417e-06
intersec_del_car_unst: bisection did not converge!
intersec_del_car_unst: latest residual: -2.697475545740071e-03
Done!
Processing energy level -1.517400e+00...
Optimal displacement: 1.000000e-03
Estimated error of manifold: 1.624852e-06
intersec_del_car_unst: bisection did not converge!
intersec_del_car_unst: latest residual: 7.745692868945236e-01
Done!
Processing energy level -1.519400e+00...
Optimal displacement: 1.000000e-03
Estimated error of manifold: 1.620795e-06
intersec_del_car_unst: bisection did not converge!
intersec_del_car_unst: latest residual: -1.888379476301311e-03
Done!
Processing energy level -1.521400e+00...
Optimal displacement: 1.000000e-03
Estimated error of manifold: 1.616250e-06
intersec_del_car_unst: bisection did not converge!
intersec_del_car_unst: latest residual: -1.369391134387840e-03
Done!
Processing energy level -1.523400e+00...
Optimal displacement: 1.000000e-03
Estimated error of manifold: 1.611221e-06
intersec_del_car_unst: bisection did not converge!
intersec_del_car_unst: latest residual: -8.016235279434025e-04
Done!
Processing energy level -1.525400e+00...
Optimal displacement: 1.000000e-03
Estimated error of manifold: 1.605714e-06
intersec_del_car_unst: bisection did not converge!
intersec_del_car_unst: latest residual: 7.630980485958153e-01
Done!
Processing energy level -1.527400e+00...
Optimal displacement: 1.000000e-03
Estimated error of manifold: 1.599735e-06
intersec_del_car_unst: bisection did not converge!
intersec_del_car_unst: latest residual: 7.609558266678312e-01
Done!
Processing energy level -1.529400e+00...
Optimal displacement: 1.000000e-03
Estimated error of manifold: 1.593291e-06
intersec_del_car_unst: bisection did not converge!
intersec_del_car_unst: latest residual: -9.345892187082499e-04
Done!
Processing energy level -1.531400e+00...
Optimal displacement: 1.000000e-03
Estimated error of manifold: 1.586391e-06
intersec_del_car_unst: bisection did not converge!
intersec_del_car_unst: latest residual: -2.520304283175993e-03
Done!
Processing energy level -1.533400e+00...
Optimal displacement: 1.000000e-03
Estimated error of manifold: 1.579044e-06
intersec_del_car_unst: bisection did not converge!
intersec_del_car_unst: latest residual: -1.162199709566685e-03
Done!
Processing energy level -1.535400e+00...
Optimal displacement: 1.000000e-03
Estimated error of manifold: 1.571260e-06
intersec_del_car_unst: bisection did not converge!
intersec_del_car_unst: latest residual: -5.127237555362701e-04
Done!
Processing energy level -1.537400e+00...
Optimal displacement: 1.000000e-03
Estimated error of manifold: 1.563051e-06
intersec_del_car_unst: bisection did not converge!
intersec_del_car_unst: latest residual: 7.461173503672109e-01
Done!
Processing energy level -1.539400e+00...
Optimal displacement: 1.000000e-03
Estimated error of manifold: 1.554427e-06
intersec_del_car_unst: bisection did not converge!
intersec_del_car_unst: latest residual: -2.046682056573576e-03
Done!
Processing energy level -1.541400e+00...
Optimal displacement: 1.000000e-03
Estimated error of manifold: 1.545403e-06
intersec_del_car_unst: bisection did not converge!
intersec_del_car_unst: latest residual: -6.525392231363245e-04
Done!
Processing energy level -1.543400e+00...
Optimal displacement: 1.000000e-03
Estimated error of manifold: 1.535992e-06
intersec_del_car_unst: bisection did not converge!
intersec_del_car_unst: latest residual: -6.574971382841070e-04
Done!
Processing energy level -1.545400e+00...
Optimal displacement: 1.000000e-03
Estimated error of manifold: 1.526209e-06
intersec_del_car_unst: bisection did not converge!
intersec_del_car_unst: latest residual: -1.985816024225175e-03
Done!
Processing energy level -1.547400e+00...
Optimal displacement: 1.000000e-03
Estimated error of manifold: 1.516068e-06
intersec_del_car_unst: bisection did not converge!
intersec_del_car_unst: latest residual: -2.389480494815760e-03
Done!
Processing energy level -1.549400e+00...
Optimal displacement: 1.000000e-03
Estimated error of manifold: 1.505588e-06
intersec_del_car_unst: bisection did not converge!
intersec_del_car_unst: latest residual: -1.423908627211357e-03
Done!
Processing energy level -1.551400e+00...
Optimal displacement: 1.000000e-03
Estimated error of manifold: 1.494784e-06
intersec_del_car_unst: bisection did not converge!
intersec_del_car_unst: latest residual: -5.791994521132824e-04
Done!
Processing energy level -1.553400e+00...
Optimal displacement: 1.000000e-03
Estimated error of manifold: 1.483675e-06
intersec_del_car_unst: bisection did not converge!
intersec_del_car_unst: latest residual: -1.007153645364631e-03
Done!
Processing energy level -1.555400e+00...
Optimal displacement: 1.000000e-03
Estimated error of manifold: 1.472279e-06
intersec_del_car_unst: bisection did not converge!
intersec_del_car_unst: latest residual: -2.562511840924436e-03
Done!
Processing energy level -1.557400e+00...
Optimal displacement: 1.000000e-03
Estimated error of manifold: 1.460617e-06
intersec_del_car_unst: bisection did not converge!
intersec_del_car_unst: latest residual: 7.146980930427829e-01
Done!
Processing energy level -1.559400e+00...
Optimal displacement: 1.000000e-03
Estimated error of manifold: 1.448707e-06
intersec_del_car_unst: bisection did not converge!
intersec_del_car_unst: latest residual: 7.118660391090901e-01
Done!
Processing energy level -1.561400e+00...
Optimal displacement: 1.000000e-03
Estimated error of manifold: 1.436572e-06
intersec_del_car_unst: bisection did not converge!
intersec_del_car_unst: latest residual: -4.262579689685922e-04
Done!
Processing energy level -1.563400e+00...
Optimal displacement: 1.000000e-03
Estimated error of manifold: 1.424232e-06
intersec_del_car_unst: bisection did not converge!
intersec_del_car_unst: latest residual: -3.275499823867855e-04
Done!
Processing energy level -1.565400e+00...
Optimal displacement: 1.000000e-03
Estimated error of manifold: 1.411710e-06
intersec_del_car_unst: bisection did not converge!
intersec_del_car_unst: latest residual: -1.274443845842061e-03
Done!
Processing energy level -1.567400e+00...
Optimal displacement: 1.000000e-03
Estimated error of manifold: 1.399029e-06
intersec_del_car_unst: bisection did not converge!
intersec_del_car_unst: latest residual: -2.096107459198714e-03
Done!
Processing energy level -1.569400e+00...
Optimal displacement: 1.000000e-03
Estimated error of manifold: 1.386212e-06
intersec_del_car_unst: bisection did not converge!
intersec_del_car_unst: latest residual: -2.775417395059701e-03
Done!
Processing energy level -1.571400e+00...
Optimal displacement: 1.000000e-03
Estimated error of manifold: 1.373283e-06
intersec_del_car_unst: bisection did not converge!
intersec_del_car_unst: latest residual: -2.582499104726074e-03
Done!
Processing energy level -1.573400e+00...
Optimal displacement: 1.000000e-03
Estimated error of manifold: 1.360266e-06
intersec_del_car_unst: bisection did not converge!
intersec_del_car_unst: latest residual: -2.441170166483901e-03
Done!
Processing energy level -1.575400e+00...
Optimal displacement: 1.000000e-03
Estimated error of manifold: 1.347187e-06
intersec_del_car_unst: bisection did not converge!
intersec_del_car_unst: latest residual: -2.398897361089756e-03
Done!
Processing energy level -1.577400e+00...
Optimal displacement: 1.000000e-03
Estimated error of manifold: 1.334071e-06
intersec_del_car_unst: bisection did not converge!
intersec_del_car_unst: latest residual: -2.453518393555035e-03
Done!
Processing energy level -1.579400e+00...
Optimal displacement: 1.000000e-03
Estimated error of manifold: 1.320945e-06
intersec_del_car_unst: bisection did not converge!
intersec_del_car_unst: latest residual: 6.757973463985445e-01
Done!
Processing energy level -1.581400e+00...
Optimal displacement: 1.000000e-03
Estimated error of manifold: 1.307836e-06
intersec_del_car_unst: bisection did not converge!
intersec_del_car_unst: latest residual: -2.158347872983040e-03
Done!
Processing energy level -1.583400e+00...
Optimal displacement: 1.000000e-03
Estimated error of manifold: 1.294770e-06
intersec_del_car_unst: bisection did not converge!
intersec_del_car_unst: latest residual: -2.269419387237566e-03
Done!
Processing energy level -1.585400e+00...
Optimal displacement: 1.000000e-03
Estimated error of manifold: 1.281775e-06
intersec_del_car_unst: bisection did not converge!
intersec_del_car_unst: latest residual: 6.642076254827726e-01
Done!
Processing energy level -1.587400e+00...
Optimal displacement: 1.000000e-03
Estimated error of manifold: 1.268880e-06
intersec_del_car_unst: bisection did not converge!
intersec_del_car_unst: latest residual: -2.798491459165888e-03
Done!
Processing energy level -1.589400e+00...
Optimal displacement: 1.000000e-03
Estimated error of manifold: 1.256114e-06
gsl: brent.c:74: ERROR: endpoints do not straddle y=0
Default GSL error handler invoked.
