Processing energy level -1.359400e+00...inter_del_car: maximum number of iterations reached
inter_del_car: latest residual: 2.780385521816697e-08
prtbp_del_car: error intersecting trajectory with section
prtbp_del_car: giving up...
Done!
Processing energy level -1.361400e+00...Done!
Processing energy level -1.363400e+00...inter_del_car: maximum number of iterations reached
inter_del_car: latest residual: 4.807322895317157e-08
prtbp_del_car: error intersecting trajectory with section
prtbp_del_car: giving up...
Done!
Processing energy level -1.365400e+00...Done!
Processing energy level -1.367400e+00...Done!
Processing energy level -1.369400e+00...inter_del_car: maximum number of iterations reached
inter_del_car: latest residual: -4.794421215592592e-08
prtbp_del_car: error intersecting trajectory with section
prtbp_del_car: giving up...
Done!
Processing energy level -1.371400e+00...Done!
Processing energy level -1.373400e+00...inter_del_car: maximum number of iterations reached
inter_del_car: latest residual: 5.526007829104174e-08
prtbp_del_car: error intersecting trajectory with section
prtbp_del_car: giving up...
inter_del_car: maximum number of iterations reached
inter_del_car: latest residual: 5.526007829104174e-08
prtbp_del_car: error intersecting trajectory with section
prtbp_del_car: giving up...
Done!
Processing energy level -1.375400e+00...Done!
Processing energy level -1.377400e+00...Done!
Processing energy level -1.379400e+00...inter_del_car: maximum number of iterations reached
inter_del_car: latest residual: 7.289789216713416e-08
prtbp_del_car: error intersecting trajectory with section
prtbp_del_car: giving up...
inter_del_car: maximum number of iterations reached
inter_del_car: latest residual: 7.289789216713416e-08
prtbp_del_car: error intersecting trajectory with section
prtbp_del_car: giving up...
Done!
Processing energy level -1.381400e+00...Done!
Processing energy level -1.383400e+00...Done!
Processing energy level -1.385400e+00...Done!
Processing energy level -1.387400e+00...Done!
Processing energy level -1.389400e+00...inter_del_car: maximum number of iterations reached
inter_del_car: latest residual: -6.131379626239664e-08
prtbp_del_car: error intersecting trajectory with section
prtbp_del_car: giving up...
Done!
Processing energy level -1.391400e+00...Done!
Processing energy level -1.393400e+00...Done!
Processing energy level -1.395400e+00...Done!
Processing energy level -1.397400e+00...inter_del_car: maximum number of iterations reached
inter_del_car: latest residual: -3.862353192829460e-08
prtbp_del_car: error intersecting trajectory with section
prtbp_del_car: giving up...
inter_del_car: maximum number of iterations reached
inter_del_car: latest residual: -3.862353192829460e-08
prtbp_del_car: error intersecting trajectory with section
prtbp_del_car: giving up...
Done!
Processing energy level -1.399400e+00...Done!
Processing energy level -1.401400e+00...Done!
Processing energy level -1.403400e+00...Done!
Processing energy level -1.405400e+00...inter_del_car: maximum number of iterations reached
inter_del_car: latest residual: -4.710905265881138e-08
prtbp_del_car: error intersecting trajectory with section
prtbp_del_car: giving up...
Done!
Processing energy level -1.407400e+00...inter_del_car: maximum number of iterations reached
inter_del_car: latest residual: 4.705945855221216e-08
prtbp_del_car: error intersecting trajectory with section
prtbp_del_car: giving up...
inter_del_car: maximum number of iterations reached
inter_del_car: latest residual: 4.705945855221216e-08
prtbp_del_car: error intersecting trajectory with section
prtbp_del_car: giving up...
Done!
Processing energy level -1.409400e+00...Done!
Processing energy level -1.411400e+00...Done!
Processing energy level -1.413400e+00...Done!
Processing energy level -1.415400e+00...Done!
Processing energy level -1.417400e+00...inter_del_car: maximum number of iterations reached
inter_del_car: latest residual: 6.042655265048325e-08
prtbp_del_car: error intersecting trajectory with section
prtbp_del_car: giving up...
Done!
Processing energy level -1.419400e+00...inter_del_car: maximum number of iterations reached
inter_del_car: latest residual: -5.398742697337866e-08
prtbp_del_car: error intersecting trajectory with section
prtbp_del_car: giving up...
inter_del_car: maximum number of iterations reached
inter_del_car: latest residual: -2.699371348668933e-08
prtbp_del_car: error intersecting trajectory with section
prtbp_del_car: giving up...
inter_del_car: maximum number of iterations reached
inter_del_car: latest residual: -2.699371348668933e-08
prtbp_del_car: error intersecting trajectory with section
prtbp_del_car: giving up...
Done!
Processing energy level -1.421400e+00...inter_del_car: maximum number of iterations reached
inter_del_car: latest residual: 6.029253629691311e-08
prtbp_del_car: error intersecting trajectory with section
prtbp_del_car: giving up...
Done!
Processing energy level -1.423400e+00...inter_del_car: maximum number of iterations reached
inter_del_car: latest residual: -2.693335954262466e-08
prtbp_del_car: error intersecting trajectory with section
prtbp_del_car: giving up...
Done!
Processing energy level -1.425400e+00...Done!
Processing energy level -1.427400e+00...inter_del_car: maximum number of iterations reached
inter_del_car: latest residual: -6.582307143787602e-08
prtbp_del_car: error intersecting trajectory with section
prtbp_del_car: giving up...
Done!
Processing energy level -1.429400e+00...Done!
Processing energy level -1.431400e+00...Done!
Processing energy level -1.433400e+00...inter_del_car: maximum number of iterations reached
inter_del_car: latest residual: 2.677873567336064e-08
prtbp_del_car: error intersecting trajectory with section
prtbp_del_car: giving up...
Done!
Processing energy level -1.435400e+00...inter_del_car: maximum number of iterations reached
inter_del_car: latest residual: -4.632743877408529e-08
prtbp_del_car: error intersecting trajectory with section
prtbp_del_car: giving up...
inter_del_car: maximum number of iterations reached
inter_del_car: latest residual: 2.674715915418346e-08
prtbp_del_car: error intersecting trajectory with section
prtbp_del_car: giving up...
Done!
Processing energy level -1.437400e+00...inter_del_car: maximum number of iterations reached
inter_del_car: latest residual: -5.343072295715956e-08
prtbp_del_car: error intersecting trajectory with section
prtbp_del_car: giving up...
inter_del_car: maximum number of iterations reached
inter_del_car: latest residual: -5.343072295715956e-08
prtbp_del_car: error intersecting trajectory with section
prtbp_del_car: giving up...
Done!
Processing energy level -1.439400e+00...Done!
Processing energy level -1.441400e+00...Done!
Processing energy level -1.443400e+00...Done!
Processing energy level -1.445400e+00...inter_del_car: maximum number of iterations reached
inter_del_car: latest residual: 2.658592990201214e-08
prtbp_del_car: error intersecting trajectory with section
prtbp_del_car: giving up...
Done!
Processing energy level -1.447400e+00...Done!
Processing energy level -1.449400e+00...Done!
Processing energy level -1.451400e+00...inter_del_car: maximum number of iterations reached
inter_del_car: latest residual: 3.745750731809494e-08
prtbp_del_car: error intersecting trajectory with section
prtbp_del_car: giving up...
Done!
Processing energy level -1.453400e+00...Done!
Processing energy level -1.455400e+00...Done!
Processing energy level -1.457400e+00...Done!
Processing energy level -1.459400e+00...inter_del_car: maximum number of iterations reached
inter_del_car: latest residual: -2.635053952815269e-08
prtbp_del_car: error intersecting trajectory with section
prtbp_del_car: giving up...
Done!
Processing energy level -1.461400e+00...inter_del_car: maximum number of iterations reached
inter_del_car: latest residual: -6.446067590815119e-08
prtbp_del_car: error intersecting trajectory with section
prtbp_del_car: giving up...
Done!
Processing energy level -1.463400e+00...Done!
Processing energy level -1.465400e+00...Done!
Processing energy level -1.467400e+00...inter_del_car: maximum number of iterations reached
inter_del_car: latest residual: -5.242150846740401e-08
prtbp_del_car: error intersecting trajectory with section
prtbp_del_car: giving up...
inter_del_car: maximum number of iterations reached
inter_del_car: latest residual: -5.242150846740401e-08
prtbp_del_car: error intersecting trajectory with section
prtbp_del_car: giving up...
Done!
Processing energy level -1.469400e+00...Done!
Processing energy level -1.471400e+00...Done!
Processing energy level -1.473400e+00...inter_del_car: maximum number of iterations reached
inter_del_car: latest residual: -2.610329996599603e-08
prtbp_del_car: error intersecting trajectory with section
prtbp_del_car: giving up...
Done!
Processing energy level -1.475400e+00...inter_del_car: maximum number of iterations reached
inter_del_car: latest residual: -6.896672521961023e-08
prtbp_del_car: error intersecting trajectory with section
prtbp_del_car: giving up...
Done!
Processing energy level -1.477400e+00...Done!
Processing energy level -1.479400e+00...Done!
Processing energy level -1.481400e+00...inter_del_car: maximum number of iterations reached
inter_del_car: latest residual: 5.191285623595832e-08
prtbp_del_car: error intersecting trajectory with section
prtbp_del_car: giving up...
Done!
Processing energy level -1.483400e+00...inter_del_car: maximum number of iterations reached
inter_del_car: latest residual: 3.665507541938950e-08
prtbp_del_car: error intersecting trajectory with section
prtbp_del_car: giving up...
inter_del_car: maximum number of iterations reached
inter_del_car: latest residual: 3.665507541938950e-08
prtbp_del_car: error intersecting trajectory with section
prtbp_del_car: giving up...
Done!
Processing energy level -1.485400e+00...Done!
Processing energy level -1.487400e+00...Done!
Processing energy level -1.489400e+00...Done!
Processing energy level -1.491400e+00...Done!
Processing energy level -1.493400e+00...Done!
Processing energy level -1.495400e+00...inter_del_car: maximum number of iterations reached
inter_del_car: latest residual: 5.744252451478360e-08
prtbp_del_car: error intersecting trajectory with section
prtbp_del_car: giving up...
Done!
Processing energy level -1.497400e+00...Done!
Processing energy level -1.499400e+00...Done!
Processing energy level -1.501400e+00...Done!
Processing energy level -1.503400e+00...inter_del_car: maximum number of iterations reached
inter_del_car: latest residual: 5.708708172846855e-08
prtbp_del_car: error intersecting trajectory with section
prtbp_del_car: giving up...
Done!
Processing energy level -1.505400e+00...Done!
Processing energy level -1.507400e+00...inter_del_car: maximum number of iterations reached
inter_del_car: latest residual: -3.599014863908678e-08
prtbp_del_car: error intersecting trajectory with section
prtbp_del_car: giving up...
Done!
Processing energy level -1.509400e+00...inter_del_car: maximum number of iterations reached
inter_del_car: latest residual: -4.400761177691948e-08
prtbp_del_car: error intersecting trajectory with section
prtbp_del_car: giving up...
Done!
Processing energy level -1.511400e+00...Done!
Processing energy level -1.513400e+00...Done!
Processing energy level -1.515400e+00...Done!
Processing energy level -1.517400e+00...Done!
Processing energy level -1.519400e+00...Done!
Processing energy level -1.521400e+00...Done!
Processing energy level -1.523400e+00...Done!
Processing energy level -1.525400e+00...Done!
Processing energy level -1.527400e+00...Done!
Processing energy level -1.529400e+00...Done!
Processing energy level -1.531400e+00...Done!
Processing energy level -1.533400e+00...Done!
Processing energy level -1.535400e+00...inter_del_car: maximum number of iterations reached
inter_del_car: latest residual: 6.573325705971911e-08
prtbp_del_car: error intersecting trajectory with section
prtbp_del_car: giving up...
inter_del_car: maximum number of iterations reached
inter_del_car: latest residual: 6.573325705971911e-08
prtbp_del_car: error intersecting trajectory with section
prtbp_del_car: giving up...
Done!
Processing energy level -1.537400e+00...Done!
Processing energy level -1.539400e+00...inter_del_car: maximum number of iterations reached
inter_del_car: latest residual: 6.549062980809595e-08
prtbp_del_car: error intersecting trajectory with section
prtbp_del_car: giving up...
Done!
Processing energy level -1.541400e+00...Done!
Processing energy level -1.543400e+00...Done!
Processing energy level -1.545400e+00...Done!
Processing energy level -1.547400e+00...Done!
Processing energy level -1.549400e+00...Done!
Processing energy level -1.551400e+00...Done!
Processing energy level -1.553400e+00...inter_del_car: maximum number of iterations reached
inter_del_car: latest residual: -2.442044033656998e-08
prtbp_del_car: error intersecting trajectory with section
prtbp_del_car: giving up...
Done!
Processing energy level -1.555400e+00...Done!
Processing energy level -1.557400e+00...Done!
Processing energy level -1.559400e+00...Done!
Processing energy level -1.561400e+00...Done!
Processing energy level -1.563400e+00...Done!
Processing energy level -1.565400e+00...inter_del_car: maximum number of iterations reached
inter_del_car: latest residual: -6.822083165047843e-08
prtbp_del_car: error intersecting trajectory with section
prtbp_del_car: giving up...
inter_del_car: maximum number of iterations reached
inter_del_car: latest residual: -4.177655688053505e-08
prtbp_del_car: error intersecting trajectory with section
prtbp_del_car: giving up...
Done!
Processing energy level -1.567400e+00...Done!
Processing energy level -1.569400e+00...Done!
Processing energy level -1.571400e+00...Done!
Processing energy level -1.573400e+00...Done!
Processing energy level -1.575400e+00...Done!
Processing energy level -1.577400e+00...Done!
Processing energy level -1.579400e+00...Done!
Processing energy level -1.581400e+00...inter_del_car: maximum number of iterations reached
inter_del_car: latest residual: -4.103896955598429e-08
prtbp_del_car: error intersecting trajectory with section
prtbp_del_car: giving up...
Done!
Processing energy level -1.583400e+00...Done!
Processing energy level -1.585400e+00...Done!
Processing energy level -1.587400e+00...Done!
Processing energy level -1.589400e+00...Done!
Processing energy level -1.591400e+00...Done!
Processing energy level -1.593400e+00...Done!
Processing energy level -1.595400e+00...inter_del_car: maximum number of iterations reached
inter_del_car: latest residual: 3.294411143883735e-08
prtbp_del_car: error intersecting trajectory with section
prtbp_del_car: giving up...
Done!
Processing energy level -1.597400e+00...Done!
Processing energy level -1.599400e+00...Done!
Processing energy level -1.601400e+00...inter_del_car: maximum number of iterations reached
inter_del_car: latest residual: -5.662166557840465e-08
prtbp_del_car: error intersecting trajectory with section
prtbp_del_car: giving up...
Done!
Processing energy level -1.603400e+00...Done!
Processing energy level -1.605400e+00...inter_del_car: maximum number of iterations reached
inter_del_car: latest residual: 6.083413239821311e-08
prtbp_del_car: error intersecting trajectory with section
prtbp_del_car: giving up...
Done!
Processing energy level -1.607400e+00...Done!
Processing energy level -1.609400e+00...Done!
Processing energy level -1.611400e+00...inter_del_car: maximum number of iterations reached
inter_del_car: latest residual: 4.560902500116981e-08
prtbp_del_car: error intersecting trajectory with section
prtbp_del_car: giving up...
inter_del_car: maximum number of iterations reached
inter_del_car: latest residual: 4.560902500116981e-08
prtbp_del_car: error intersecting trajectory with section
prtbp_del_car: giving up...
Done!
Processing energy level -1.613400e+00...inter_del_car: maximum number of iterations reached
inter_del_car: latest residual: -7.542104496494062e-08
prtbp_del_car: error intersecting trajectory with section
prtbp_del_car: giving up...
Done!
Processing energy level -1.615400e+00...Done!
Processing energy level -1.617400e+00...Done!
Processing energy level -1.619400e+00...Done!
Processing energy level -1.621400e+00...inter_del_car: maximum number of iterations reached
inter_del_car: latest residual: 6.357271864487757e-08
prtbp_del_car: error intersecting trajectory with section
prtbp_del_car: giving up...
Done!
Processing energy level -1.623400e+00...Done!
Processing energy level -1.625400e+00...Done!
Processing energy level -1.627400e+00...Done!
Processing energy level -1.629400e+00...Done!
Processing energy level -1.631400e+00...inter_del_car: maximum number of iterations reached
inter_del_car: latest residual: 6.997822765697492e-08
prtbp_del_car: error intersecting trajectory with section
prtbp_del_car: giving up...
Done!
Processing energy level -1.633400e+00...inter_del_car: maximum number of iterations reached
inter_del_car: latest residual: 6.238684235881919e-08
prtbp_del_car: error intersecting trajectory with section
prtbp_del_car: giving up...
inter_del_car: maximum number of iterations reached
inter_del_car: latest residual: 6.238684235881919e-08
prtbp_del_car: error intersecting trajectory with section
prtbp_del_car: giving up...
Done!
Processing energy level -1.635400e+00...Done!
Processing energy level -1.637400e+00...Done!
Processing energy level -1.639400e+00...Done!
Processing energy level -1.641400e+00...Done!
Processing energy level -1.643400e+00...Done!
Processing energy level -1.645400e+00...Done!
Processing energy level -1.647400e+00...Done!
Processing energy level -1.649400e+00...Done!
Processing energy level -1.651400e+00...inter_del_car: maximum number of iterations reached
inter_del_car: latest residual: -7.086164544034546e-08
prtbp_del_car: error intersecting trajectory with section
prtbp_del_car: giving up...
Done!
Processing energy level -1.653400e+00...inter_del_car: maximum number of iterations reached
inter_del_car: latest residual: -7.372756982704232e-08
prtbp_del_car: error intersecting trajectory with section
prtbp_del_car: giving up...
Done!
Processing energy level -1.655400e+00...Done!
Processing energy level -1.657400e+00...inter_del_car: maximum number of iterations reached
inter_del_car: latest residual: -3.657232472420446e-08
prtbp_del_car: error intersecting trajectory with section
prtbp_del_car: giving up...
Done!
Processing energy level -1.659400e+00...Done!
Processing energy level -1.661400e+00...inter_del_car: maximum number of iterations reached
inter_del_car: latest residual: -5.540595360287170e-08
prtbp_del_car: error intersecting trajectory with section
prtbp_del_car: giving up...
Done!
Processing energy level -1.663400e+00...Done!
Processing energy level -1.665400e+00...Done!
Processing energy level -1.667400e+00...Done!
Processing energy level -1.669400e+00...Done!
Processing energy level -1.671400e+00...Done!
Processing energy level -1.673400e+00...Done!
Processing energy level -1.675400e+00...Done!
Processing energy level -1.677400e+00...Done!
Processing energy level -1.679400e+00...Done!
Processing energy level -1.681400e+00...Done!
Processing energy level -1.683400e+00...Done!
Processing energy level -1.685400e+00...Done!
Processing energy level -1.687400e+00...Done!
Processing energy level -1.689400e+00...Done!
Processing energy level -1.691400e+00...Done!
Processing energy level -1.693400e+00...Done!
Processing energy level -1.695400e+00...Done!
Processing energy level -1.697400e+00...Done!
Processing energy level -1.699400e+00...Done!
Processing energy level -1.701400e+00...Done!
Processing energy level -1.703400e+00...Done!
Processing energy level -1.705400e+00...Done!
Processing energy level -1.707400e+00...Done!
Processing energy level -1.709400e+00...Done!
Processing energy level -1.711400e+00...Done!
Processing energy level -1.713400e+00...Done!
Processing energy level -1.715400e+00...Done!
Processing energy level -1.717400e+00...Done!
Processing energy level -1.719400e+00...Done!
