Processing energy level -1.359400e+00...DEBUG: l=-1.667242730152558e-04, d=-1.667242730152558e-04
DEBUG: l=6.961016420261115e-05, d=6.961016420261115e-05
DEBUG: l=-2.917519749742433e-07, d=-2.917519749742433e-07
DEBUG: l=-2.917519749742433e-07, d=-2.917519749742433e-07
DEBUG: l=0.000000000000000e+00, d=0.000000000000000e+00
DEBUG: l=0.000000000000000e+00, d=0.000000000000000e+00
DEBUG: l=-3.015525741779075e-06, d=-3.015525741779075e-06
DEBUG: l=1.934448369556373e-04, d=1.934448369556373e-04
DEBUG: l=0.000000000000000e+00, d=0.000000000000000e+00
DEBUG: l=0.000000000000000e+00, d=0.000000000000000e+00
DEBUG: l=-1.636277284264925e-04, d=-1.636277284264925e-04
DEBUG: l=7.272615048690609e-05, d=7.272615048690609e-05
DEBUG: l=-2.990222558442258e-07, d=-2.990222558442258e-07
DEBUG: l=-2.990222558442258e-07, d=-2.990222558442258e-07
DEBUG: l=-1.435872349679463e-09, d=-1.435872349679463e-09
DEBUG: l=-1.435872349679463e-09, d=-1.435872349679463e-09
DEBUG: l=0.000000000000000e+00, d=0.000000000000000e+00
DEBUG: l=0.000000000000000e+00, d=0.000000000000000e+00
DEBUG: l=-1.542347903671858e-04, d=-1.542347903671858e-04
DEBUG: l=4.245262679604893e-05, d=4.245262679604893e-05
DEBUG: l=1.036001497716751e-08, d=1.036001497716751e-08
DEBUG: l=1.036001497716751e-08, d=1.036001497716751e-08
DEBUG: l=-1.598585031949509e-09, d=-1.598585031949509e-09
DEBUG: l=-1.598585031949509e-09, d=-1.598585031949509e-09
DEBUG: l=1.598585029902220e-09, d=1.598585029902220e-09
DEBUG: l=1.598585029902220e-09, d=1.598585029902220e-09
DEBUG: l=0.000000000000000e+00, d=0.000000000000000e+00
DEBUG: l=0.000000000000000e+00, d=0.000000000000000e+00
DEBUG: l=-1.660415824055871e-04, d=-1.660415824055871e-04
DEBUG: l=7.029714194970523e-05, d=7.029714194970523e-05
DEBUG: l=-2.933963156907455e-07, d=-2.933963156907455e-07
DEBUG: l=-2.933963156907455e-07, d=-2.933963156907455e-07
DEBUG: l=0.000000000000000e+00, d=0.000000000000000e+00
DEBUG: l=0.000000000000000e+00, d=0.000000000000000e+00
DEBUG: l=-5.711956554387199e-05, d=-5.711956554387199e-05
DEBUG: l=1.392989562408378e-04, d=1.392989562408378e-04
DEBUG: l=-1.598542728616467e-09, d=-1.598542728616467e-09
DEBUG: l=-1.598542728616467e-09, d=-1.598542728616467e-09
DEBUG: l=1.598542728533456e-09, d=1.598542728533456e-09
DEBUG: l=1.598542728533456e-09, d=1.598542728533456e-09
DEBUG: l=0.000000000000000e+00, d=0.000000000000000e+00
DEBUG: l=0.000000000000000e+00, d=0.000000000000000e+00
DEBUG: l=-1.661169536980392e-04, d=-1.661169536980392e-04
DEBUG: l=7.022129736933378e-05, d=7.022129736933378e-05
DEBUG: l=-2.932132843192953e-07, d=-2.932132843192953e-07
DEBUG: l=-2.932132843192953e-07, d=-2.932132843192953e-07
DEBUG: l=-1.435826544204232e-09, d=-1.435826544204232e-09
DEBUG: l=-1.435826544204232e-09, d=-1.435826544204232e-09
DEBUG: l=0.000000000000000e+00, d=0.000000000000000e+00
DEBUG: l=0.000000000000000e+00, d=0.000000000000000e+00
DEBUG: l=-9.964431827109689e-06, d=-9.964431827109689e-06
DEBUG: l=1.864574034738697e-04, d=1.864574034738697e-04
DEBUG: l=-1.598550193501435e-09, d=-1.598550193501435e-09
DEBUG: l=-1.598550193501435e-09, d=-1.598550193501435e-09
DEBUG: l=1.598550193498675e-09, d=1.598550193498675e-09
DEBUG: l=1.598550193498675e-09, d=1.598550193498675e-09
DEBUG: l=0.000000000000000e+00, d=0.000000000000000e+00
DEBUG: l=0.000000000000000e+00, d=0.000000000000000e+00
DEBUG: l=-1.661195439204056e-04, d=-1.661195439204056e-04
DEBUG: l=7.021869088963384e-05, d=7.021869088963384e-05
DEBUG: l=-2.932097590971445e-07, d=-2.932097590971445e-07
DEBUG: l=-2.932097590971445e-07, d=-2.932097590971445e-07
DEBUG: l=0.000000000000000e+00, d=0.000000000000000e+00
DEBUG: l=0.000000000000000e+00, d=0.000000000000000e+00
DEBUG: l=-2.173367943865057e-05, d=-2.173367943865057e-05
DEBUG: l=1.746874474246507e-04, d=1.746874474246507e-04
DEBUG: l=0.000000000000000e+00, d=0.000000000000000e+00
DEBUG: l=0.000000000000000e+00, d=0.000000000000000e+00
DEBUG: l=-1.661195447990025e-04, d=-1.661195447990025e-04
DEBUG: l=7.021869000516849e-05, d=7.021869000516849e-05
DEBUG: l=-2.932097590939029e-07, d=-2.932097590939029e-07
DEBUG: l=-2.932097590939029e-07, d=-2.932097590939029e-07
DEBUG: l=0.000000000000000e+00, d=0.000000000000000e+00
DEBUG: l=0.000000000000000e+00, d=0.000000000000000e+00
DEBUG: l=-2.167059035698189e-05, d=-2.167059035698189e-05
DEBUG: l=1.747505403961343e-04, d=1.747505403961343e-04
DEBUG: l=0.000000000000000e+00, d=0.000000000000000e+00
DEBUG: l=0.000000000000000e+00, d=0.000000000000000e+00
DEBUG: l=-1.661195447867129e-04, d=-1.661195447867129e-04
DEBUG: l=7.021869001990497e-05, d=7.021869001990497e-05
DEBUG: l=-2.932062435369315e-07, d=-2.932062435369315e-07
DEBUG: l=-2.932062435369315e-07, d=-2.932062435369315e-07
DEBUG: l=-1.435826496497684e-09, d=-1.435826496497684e-09
DEBUG: l=-1.435826496497684e-09, d=-1.435826496497684e-09
DEBUG: l=2.030565350217853e-09, d=2.030565350217853e-09
DEBUG: l=2.030565350217853e-09, d=2.030565350217853e-09
DEBUG: l=0.000000000000000e+00, d=0.000000000000000e+00
DEBUG: l=0.000000000000000e+00, d=0.000000000000000e+00
DEBUG: l=-2.167114238598502e-05, d=-2.167114238598502e-05
DEBUG: l=1.747499883568348e-04, d=1.747499883568348e-04
DEBUG: l=-1.598550457429269e-09, d=-1.598550457429269e-09
DEBUG: l=-1.598550457429269e-09, d=-1.598550457429269e-09
DEBUG: l=2.260691737034182e-09, d=2.260691737034182e-09
DEBUG: l=2.260691737034182e-09, d=2.260691737034182e-09
DEBUG: l=2.260691737034182e-09, d=2.260691737034182e-09
DEBUG: l=2.260691737034182e-09, d=2.260691737034182e-09
DEBUG: l=0.000000000000000e+00, d=0.000000000000000e+00
DEBUG: l=0.000000000000000e+00, d=0.000000000000000e+00
DEBUG: l=-1.661195443504692e-04, d=-1.661195443504692e-04
DEBUG: l=7.021869043269977e-05, d=7.021869043269977e-05
DEBUG: l=-2.932097590956016e-07, d=-2.932097590956016e-07
DEBUG: l=-2.932097590956016e-07, d=-2.932097590956016e-07
DEBUG: l=0.000000000000000e+00, d=0.000000000000000e+00
DEBUG: l=0.000000000000000e+00, d=0.000000000000000e+00
DEBUG: l=-2.170282520345764e-05, d=-2.170282520345764e-05
DEBUG: l=1.747183036152288e-04, d=1.747183036152288e-04
DEBUG: l=-1.598550457383948e-09, d=-1.598550457383948e-09
DEBUG: l=-1.598550457383948e-09, d=-1.598550457383948e-09
DEBUG: l=0.000000000000000e+00, d=0.000000000000000e+00
DEBUG: l=0.000000000000000e+00, d=0.000000000000000e+00
DEBUG: l=-1.661195443504692e-04, d=-1.661195443504692e-04
DEBUG: l=7.021869043269977e-05, d=7.021869043269977e-05
DEBUG: l=-2.932097590956016e-07, d=-2.932097590956016e-07
DEBUG: l=-2.932097590956016e-07, d=-2.932097590956016e-07
DEBUG: l=0.000000000000000e+00, d=0.000000000000000e+00
DEBUG: l=0.000000000000000e+00, d=0.000000000000000e+00
DEBUG: l=-2.170282520345764e-05, d=-2.170282520345764e-05
DEBUG: l=1.747183036152288e-04, d=1.747183036152288e-04
DEBUG: l=-1.598550457383948e-09, d=-1.598550457383948e-09
DEBUG: l=-1.598550457383948e-09, d=-1.598550457383948e-09
DEBUG: l=0.000000000000000e+00, d=0.000000000000000e+00
DEBUG: l=0.000000000000000e+00, d=0.000000000000000e+00
Done!
Processing energy level -1.361400e+00...DEBUG: l=-3.541000488840770e-05, d=-3.541000488840770e-05
DEBUG: l=2.040230322110552e-04, d=2.040230322110552e-04
DEBUG: l=-1.705292438883764e-07, d=-1.705292438883764e-07
DEBUG: l=-1.705292438883764e-07, d=-1.705292438883764e-07
DEBUG: l=2.066684755103469e-09, d=2.066684755103469e-09
DEBUG: l=2.066684755103469e-09, d=2.066684755103469e-09
DEBUG: l=-2.531161478501217e-09, d=-2.531161478501217e-09
DEBUG: l=-2.531161478501217e-09, d=-2.531161478501217e-09
DEBUG: l=0.000000000000000e+00, d=0.000000000000000e+00
DEBUG: l=0.000000000000000e+00, d=0.000000000000000e+00
