Processing energy level -1.359400e+00...Done!
Processing energy level -1.361400e+00...inter_del_car: maximum number of iterations reached
inter_del_car: latest residual: -6.211698977409696e-08
prtbp_del_car: error intersecting trajectory with section
prtbp_del_car: giving up...
Done!
Processing energy level -1.363400e+00...inter_del_car: maximum number of iterations reached
inter_del_car: latest residual: 4.807322895317157e-08
prtbp_del_car: error intersecting trajectory with section
prtbp_del_car: giving up...
Done!
Processing energy level -1.365400e+00...inter_del_car: maximum number of iterations reached
inter_del_car: latest residual: 4.803053510471500e-08
prtbp_del_car: error intersecting trajectory with section
prtbp_del_car: giving up...
Done!
Processing energy level -1.367400e+00...Done!
Processing energy level -1.369400e+00...inter_del_car: maximum number of iterations reached
inter_del_car: latest residual: -4.794421215592592e-08
prtbp_del_car: error intersecting trajectory with section
prtbp_del_car: giving up...
Done!
Processing energy level -1.371400e+00...Done!
Processing energy level -1.373400e+00...Done!
Processing energy level -1.375400e+00...Done!
Processing energy level -1.377400e+00...Done!
Processing energy level -1.379400e+00...Done!
Processing energy level -1.381400e+00...inter_del_car: maximum number of iterations reached
inter_del_car: latest residual: -4.767764316682133e-08
prtbp_del_car: error intersecting trajectory with section
prtbp_del_car: giving up...
Done!
Processing energy level -1.383400e+00...Done!
Processing energy level -1.385400e+00...Done!
Processing energy level -1.387400e+00...inter_del_car: maximum number of iterations reached
inter_del_car: latest residual: 3.881624799362271e-08
prtbp_del_car: error intersecting trajectory with section
prtbp_del_car: giving up...
Done!
Processing energy level -1.389400e+00...Done!
Processing energy level -1.391400e+00...Done!
Processing energy level -1.393400e+00...Done!
Processing energy level -1.395400e+00...Done!
Processing energy level -1.397400e+00...Done!
Processing energy level -1.399400e+00...inter_del_car: maximum number of iterations reached
inter_del_car: latest residual: 6.100691862798158e-08
prtbp_del_car: error intersecting trajectory with section
prtbp_del_car: giving up...
Done!
Processing energy level -1.401400e+00...inter_del_car: maximum number of iterations reached
inter_del_car: latest residual: 7.211018715480577e-08
prtbp_del_car: error intersecting trajectory with section
prtbp_del_car: giving up...
Done!
Processing energy level -1.403400e+00...Done!
Processing energy level -1.405400e+00...Done!
Processing energy level -1.407400e+00...Done!
Processing energy level -1.409400e+00...Done!
Processing energy level -1.411400e+00...Done!
Processing energy level -1.413400e+00...Done!
Processing energy level -1.415400e+00...Done!
Processing energy level -1.417400e+00...inter_del_car: maximum number of iterations reached
inter_del_car: latest residual: -5.404714809031930e-08
prtbp_del_car: error intersecting trajectory with section
prtbp_del_car: giving up...
Done!
Processing energy level -1.419400e+00...inter_del_car: maximum number of iterations reached
inter_del_car: latest residual: -5.398742697337866e-08
prtbp_del_car: error intersecting trajectory with section
prtbp_del_car: giving up...
Done!
Processing energy level -1.421400e+00...Done!
Processing energy level -1.423400e+00...Done!
Processing energy level -1.425400e+00...Done!
Processing energy level -1.427400e+00...Done!
Processing energy level -1.429400e+00...Done!
Processing energy level -1.431400e+00...Done!
Processing energy level -1.433400e+00...Done!
Processing energy level -1.435400e+00...Done!
Processing energy level -1.437400e+00...inter_del_car: maximum number of iterations reached
inter_del_car: latest residual: -4.627236327436890e-08
prtbp_del_car: error intersecting trajectory with section
prtbp_del_car: giving up...
inter_del_car: maximum number of iterations reached
inter_del_car: latest residual: -4.627236327436890e-08
prtbp_del_car: error intersecting trajectory with section
prtbp_del_car: giving up...
Done!
Processing energy level -1.439400e+00...inter_del_car: maximum number of iterations reached
inter_del_car: latest residual: -2.668334131428196e-08
prtbp_del_car: error intersecting trajectory with section
prtbp_del_car: giving up...
Done!
Processing energy level -1.441400e+00...inter_del_car: maximum number of iterations reached
inter_del_car: latest residual: -5.959366466967708e-08
prtbp_del_car: error intersecting trajectory with section
prtbp_del_car: giving up...
Done!
Processing energy level -1.443400e+00...inter_del_car: maximum number of iterations reached
inter_del_car: latest residual: -5.323725416062075e-08
prtbp_del_car: error intersecting trajectory with section
prtbp_del_car: giving up...
inter_del_car: maximum number of iterations reached
inter_del_car: latest residual: 4.610481418865220e-08
prtbp_del_car: error intersecting trajectory with section
prtbp_del_car: giving up...
Done!
Processing energy level -1.445400e+00...Done!
Processing energy level -1.447400e+00...Done!
Processing energy level -1.449400e+00...Done!
Processing energy level -1.451400e+00...Done!
Processing energy level -1.453400e+00...Done!
Processing energy level -1.455400e+00...Done!
Processing energy level -1.457400e+00...inter_del_car: maximum number of iterations reached
inter_del_car: latest residual: 7.462770046373635e-08
prtbp_del_car: error intersecting trajectory with section
prtbp_del_car: giving up...
Done!
Processing energy level -1.459400e+00...inter_del_car: maximum number of iterations reached
inter_del_car: latest residual: 5.270107905630539e-08
prtbp_del_car: error intersecting trajectory with section
prtbp_del_car: giving up...
Done!
Processing energy level -1.461400e+00...Done!
Processing energy level -1.463400e+00...Done!
Processing energy level -1.465400e+00...Done!
Processing energy level -1.467400e+00...Done!
Processing energy level -1.469400e+00...Done!
Processing energy level -1.471400e+00...Done!
Processing energy level -1.473400e+00...Done!
Processing energy level -1.475400e+00...Done!
Processing energy level -1.477400e+00...Done!
Processing energy level -1.479400e+00...Done!
Processing energy level -1.481400e+00...Done!
Processing energy level -1.483400e+00...Done!
Processing energy level -1.485400e+00...Done!
Processing energy level -1.487400e+00...Done!
Processing energy level -1.489400e+00...Done!
Processing energy level -1.491400e+00...Done!
Processing energy level -1.493400e+00...Done!
Processing energy level -1.495400e+00...Done!
Processing energy level -1.497400e+00...Done!
Processing energy level -1.499400e+00...inter_del_car: maximum number of iterations reached
inter_del_car: latest residual: 6.273186770044958e-08
prtbp_del_car: error intersecting trajectory with section
prtbp_del_car: giving up...
inter_del_car: maximum number of iterations reached
inter_del_car: latest residual: 6.273186770044958e-08
prtbp_del_car: error intersecting trajectory with section
prtbp_del_car: giving up...
Done!
Processing energy level -1.501400e+00...Done!
Processing energy level -1.503400e+00...Done!
Processing energy level -1.505400e+00...Done!
Processing energy level -1.507400e+00...Done!
Processing energy level -1.509400e+00...Done!
Processing energy level -1.511400e+00...Done!
Processing energy level -1.513400e+00...Done!
Processing energy level -1.515400e+00...Done!
Processing energy level -1.517400e+00...Done!
Processing energy level -1.519400e+00...inter_del_car: maximum number of iterations reached
inter_del_car: latest residual: 5.039561123965086e-08
prtbp_del_car: error intersecting trajectory with section
prtbp_del_car: giving up...
Done!
Processing energy level -1.521400e+00...inter_del_car: maximum number of iterations reached
inter_del_car: latest residual: 2.515485242327031e-08
prtbp_del_car: error intersecting trajectory with section
prtbp_del_car: giving up...
Done!
Processing energy level -1.523400e+00...Done!
Processing energy level -1.525400e+00...Done!
Processing energy level -1.527400e+00...Done!
Processing energy level -1.529400e+00...Done!
Processing energy level -1.531400e+00...Done!
Processing energy level -1.533400e+00...inter_del_car: maximum number of iterations reached
inter_del_car: latest residual: -5.565607663626793e-08
prtbp_del_car: error intersecting trajectory with section
prtbp_del_car: giving up...
Done!
Processing energy level -1.535400e+00...Done!
Processing energy level -1.537400e+00...Done!
Processing energy level -1.539400e+00...Done!
Processing energy level -1.541400e+00...Done!
Processing energy level -1.543400e+00...Done!
Processing energy level -1.545400e+00...Done!
Processing energy level -1.547400e+00...Done!
Processing energy level -1.549400e+00...inter_del_car: maximum number of iterations reached
inter_del_car: latest residual: 6.005515729157196e-08
prtbp_del_car: error intersecting trajectory with section
prtbp_del_car: giving up...
Done!
Processing energy level -1.551400e+00...Done!
Processing energy level -1.553400e+00...Done!
Processing energy level -1.555400e+00...Done!
Processing energy level -1.557400e+00...Done!
Processing energy level -1.559400e+00...Done!
Processing energy level -1.561400e+00...Done!
Processing energy level -1.563400e+00...inter_del_car: maximum number of iterations reached
inter_del_car: latest residual: 4.186520285998085e-08
prtbp_del_car: error intersecting trajectory with section
prtbp_del_car: giving up...
Done!
Processing energy level -1.565400e+00...Done!
Processing energy level -1.567400e+00...Done!
Processing energy level -1.569400e+00...Done!
Processing energy level -1.571400e+00...Done!
Processing energy level -1.573400e+00...Done!
Processing energy level -1.575400e+00...Done!
Processing energy level -1.577400e+00...inter_del_car: maximum number of iterations reached
inter_del_car: latest residual: 5.830560390052142e-08
prtbp_del_car: error intersecting trajectory with section
prtbp_del_car: giving up...
Done!
Processing energy level -1.579400e+00...Done!
Processing energy level -1.581400e+00...Done!
Processing energy level -1.583400e+00...Done!
Processing energy level -1.585400e+00...Done!
Processing energy level -1.587400e+00...Done!
Processing energy level -1.589400e+00...Done!
Processing energy level -1.591400e+00...Done!
Processing energy level -1.593400e+00...Done!
Processing energy level -1.595400e+00...inter_del_car: maximum number of iterations reached
inter_del_car: latest residual: -2.329500503606141e-08
prtbp_del_car: error intersecting trajectory with section
prtbp_del_car: giving up...
inter_del_car: maximum number of iterations reached
inter_del_car: latest residual: -2.329500503606141e-08
prtbp_del_car: error intersecting trajectory with section
prtbp_del_car: giving up...
Done!
Processing energy level -1.597400e+00...Done!
Processing energy level -1.599400e+00...Done!
Processing energy level -1.601400e+00...Done!
Processing energy level -1.603400e+00...Done!
Processing energy level -1.605400e+00...Done!
Processing energy level -1.607400e+00...Done!
Processing energy level -1.609400e+00...Done!
Processing energy level -1.611400e+00...inter_del_car: maximum number of iterations reached
inter_del_car: latest residual: -6.033506849689729e-08
prtbp_del_car: error intersecting trajectory with section
prtbp_del_car: giving up...
Done!
Processing energy level -1.613400e+00...Done!
Processing energy level -1.615400e+00...Done!
Processing energy level -1.617400e+00...Done!
Processing energy level -1.619400e+00...Done!
Processing energy level -1.621400e+00...Done!
Processing energy level -1.623400e+00...Done!
Processing energy level -1.625400e+00...Done!
Processing energy level -1.627400e+00...Done!
Processing energy level -1.629400e+00...Done!
Processing energy level -1.631400e+00...Done!
Processing energy level -1.633400e+00...Done!
Processing energy level -1.635400e+00...inter_del_car: maximum number of iterations reached
inter_del_car: latest residual: 6.595261758945981e-08
prtbp_del_car: error intersecting trajectory with section
prtbp_del_car: giving up...
Done!
Processing energy level -1.637400e+00...Done!
Processing energy level -1.639400e+00...Done!
Processing energy level -1.641400e+00...Done!
Processing energy level -1.643400e+00...Done!
Processing energy level -1.645400e+00...Done!
Processing energy level -1.647400e+00...Done!
Processing energy level -1.649400e+00...Done!
Processing energy level -1.651400e+00...Done!
Processing energy level -1.653400e+00...Done!
Processing energy level -1.655400e+00...Done!
Processing energy level -1.657400e+00...Done!
Processing energy level -1.659400e+00...Done!
Processing energy level -1.661400e+00...Done!
Processing energy level -1.663400e+00...Done!
Processing energy level -1.665400e+00...Done!
Processing energy level -1.667400e+00...Done!
Processing energy level -1.669400e+00...Done!
Processing energy level -1.671400e+00...Done!
Processing energy level -1.673400e+00...Done!
Processing energy level -1.675400e+00...inter_del_car: maximum number of iterations reached
inter_del_car: latest residual: -9.296064629182865e-08
prtbp_del_car: error intersecting trajectory with section
prtbp_del_car: giving up...
Done!
Processing energy level -1.677400e+00...Done!
Processing energy level -1.679400e+00...Done!
Processing energy level -1.681400e+00...Done!
Processing energy level -1.683400e+00...Done!
Processing energy level -1.685400e+00...Done!
Processing energy level -1.687400e+00...Done!
Processing energy level -1.689400e+00...Done!
Processing energy level -1.691400e+00...Done!
Processing energy level -1.693400e+00...Done!
Processing energy level -1.695400e+00...Done!
Processing energy level -1.697400e+00...Done!
Processing energy level -1.699400e+00...Done!
Processing energy level -1.701400e+00...Done!
Processing energy level -1.703400e+00...Done!
Processing energy level -1.705400e+00...Done!
Processing energy level -1.707400e+00...Done!
Processing energy level -1.709400e+00...Done!
Processing energy level -1.711400e+00...Done!
Processing energy level -1.713400e+00...Done!
Processing energy level -1.715400e+00...Done!
Processing energy level -1.717400e+00...Done!
Processing energy level -1.719400e+00...Done!
