Processing energy level -1.359400e+00...
Optimal displacement: 1.000000e-02
Estimated error of manifold: 8.901089e-05
intersec_del_car_unst: bisection did not converge!
intersec_del_car_unst: latest residual: -1.726778413843397e-02
Done!
Processing energy level -1.361400e+00...
Optimal displacement: 1.000000e-02
Estimated error of manifold: 9.006371e-05
intersec_del_car_unst: bisection did not converge!
intersec_del_car_unst: latest residual: -1.712276406317487e-02
Done!
Processing energy level -1.363400e+00...
Optimal displacement: 1.000000e-02
Estimated error of manifold: 9.112022e-05
intersec_del_car_unst: bisection did not converge!
intersec_del_car_unst: latest residual: -1.702419006862342e-02
Done!
Processing energy level -1.365400e+00...
Optimal displacement: 1.000000e-02
Estimated error of manifold: 9.218018e-05
intersec_del_car_unst: bisection did not converge!
intersec_del_car_unst: latest residual: -1.778440504730500e-02
Done!
Processing energy level -1.367400e+00...
Optimal displacement: 1.000000e-02
Estimated error of manifold: 9.324335e-05
intersec_del_car_unst: bisection did not converge!
intersec_del_car_unst: latest residual: -1.686501206897960e-02
Done!
Processing energy level -1.369400e+00...
Optimal displacement: 1.000000e-02
Estimated error of manifold: 9.430942e-05
intersec_del_car_unst: bisection did not converge!
intersec_del_car_unst: latest residual: -1.798999924580069e-02
Done!
Processing energy level -1.371400e+00...
Optimal displacement: 1.000000e-02
Estimated error of manifold: 9.537811e-05
intersec_del_car_unst: bisection did not converge!
intersec_del_car_unst: latest residual: -1.745420683832112e-02
Done!
Processing energy level -1.373400e+00...
Optimal displacement: 1.000000e-02
Estimated error of manifold: 9.644912e-05
intersec_del_car_unst: bisection did not converge!
intersec_del_car_unst: latest residual: -1.766689680016220e-02
Done!
Processing energy level -1.375400e+00...
Optimal displacement: 1.000000e-02
Estimated error of manifold: 9.752212e-05
intersec_del_car_unst: bisection did not converge!
intersec_del_car_unst: latest residual: -1.795774119785247e-02
Done!
Processing energy level -1.377400e+00...
Optimal displacement: 1.000000e-02
Estimated error of manifold: 9.859679e-05
intersec_del_car_unst: bisection did not converge!
intersec_del_car_unst: latest residual: -1.733686848226292e-02
Done!
Processing energy level -1.379400e+00...
Optimal displacement: 1.000000e-02
Estimated error of manifold: 9.967275e-05
intersec_del_car_unst: bisection did not converge!
intersec_del_car_unst: latest residual: -1.836634587441564e-02
Done!
Processing energy level -1.381400e+00...
Optimal displacement: 1.000000e-02
Estimated error of manifold: 1.007496e-04
intersec_del_car_unst: bisection did not converge!
intersec_del_car_unst: latest residual: -1.732284617565907e-02
Done!
Processing energy level -1.383400e+00...
Optimal displacement: 1.000000e-02
Estimated error of manifold: 1.018270e-04
intersec_del_car_unst: bisection did not converge!
intersec_del_car_unst: latest residual: -1.809465310765822e-02
Done!
Processing energy level -1.385400e+00...
Optimal displacement: 1.000000e-02
Estimated error of manifold: 1.029044e-04
intersec_del_car_unst: bisection did not converge!
intersec_del_car_unst: latest residual: -1.758777473043692e-02
Done!
Processing energy level -1.387400e+00...
Optimal displacement: 1.000000e-02
Estimated error of manifold: 1.039815e-04
intersec_del_car_unst: bisection did not converge!
intersec_del_car_unst: latest residual: -1.766747970322710e-02
Done!
Processing energy level -1.389400e+00...
Optimal displacement: 1.000000e-02
Estimated error of manifold: 1.050578e-04
intersec_del_car_unst: bisection did not converge!
intersec_del_car_unst: latest residual: -1.771794102628713e-02
Done!
Processing energy level -1.391400e+00...
Optimal displacement: 1.000000e-02
Estimated error of manifold: 1.061327e-04
intersec_del_car_unst: bisection did not converge!
intersec_del_car_unst: latest residual: -1.721224951702155e-02
Done!
Processing energy level -1.393400e+00...
Optimal displacement: 1.000000e-02
Estimated error of manifold: 1.072058e-04
intersec_del_car_unst: bisection did not converge!
intersec_del_car_unst: latest residual: -1.769307033743439e-02
Done!
Processing energy level -1.395400e+00...
Optimal displacement: 1.000000e-02
Estimated error of manifold: 1.082766e-04
intersec_del_car_unst: bisection did not converge!
intersec_del_car_unst: latest residual: -1.672002296364238e-02
Done!
Processing energy level -1.397400e+00...
Optimal displacement: 1.000000e-02
Estimated error of manifold: 1.093445e-04
intersec_del_car_unst: bisection did not converge!
intersec_del_car_unst: latest residual: -1.748683811956671e-02
Done!
Processing energy level -1.399400e+00...
Optimal displacement: 1.000000e-02
Estimated error of manifold: 1.104089e-04
intersec_del_car_unst: bisection did not converge!
intersec_del_car_unst: latest residual: -1.618265960609550e-02
Done!
Processing energy level -1.401400e+00...
Optimal displacement: 1.000000e-02
Estimated error of manifold: 1.114693e-04
intersec_del_car_unst: bisection did not converge!
intersec_del_car_unst: latest residual: -1.706436952594027e-02
Done!
Processing energy level -1.403400e+00...
Optimal displacement: 1.000000e-02
Estimated error of manifold: 1.125250e-04
intersec_del_car_unst: bisection did not converge!
intersec_del_car_unst: latest residual: -1.559241405566275e-02
Done!
Processing energy level -1.405400e+00...
Optimal displacement: 1.000000e-02
Estimated error of manifold: 1.135753e-04
intersec_del_car_unst: bisection did not converge!
intersec_del_car_unst: latest residual: -1.637781153626026e-02
Done!
Processing energy level -1.407400e+00...
Optimal displacement: 1.000000e-02
Estimated error of manifold: 1.146197e-04
intersec_del_car_unst: bisection did not converge!
intersec_del_car_unst: latest residual: -1.494164698027525e-02
Done!
Processing energy level -1.409400e+00...
Optimal displacement: 1.000000e-02
Estimated error of manifold: 1.156574e-04
intersec_del_car_unst: bisection did not converge!
intersec_del_car_unst: latest residual: -1.535796921164397e-02
Done!
Processing energy level -1.411400e+00...
Optimal displacement: 1.000000e-02
Estimated error of manifold: 1.166877e-04
intersec_del_car_unst: bisection did not converge!
intersec_del_car_unst: latest residual: -1.422260292732844e-02
Done!
Processing energy level -1.413400e+00...
Optimal displacement: 1.000000e-02
Estimated error of manifold: 1.177099e-04
intersec_del_car_unst: bisection did not converge!
intersec_del_car_unst: latest residual: -1.389676614975191e-02
Done!
Processing energy level -1.415400e+00...
Optimal displacement: 1.000000e-02
Estimated error of manifold: 1.187232e-04
intersec_del_car_unst: bisection did not converge!
intersec_del_car_unst: latest residual: -1.342722099513191e-02
Done!
Processing energy level -1.417400e+00...
Optimal displacement: 1.000000e-02
Estimated error of manifold: 1.197269e-04
intersec_del_car_unst: bisection did not converge!
intersec_del_car_unst: latest residual: -1.180400332644554e-02
Done!
Processing energy level -1.419400e+00...
Optimal displacement: 1.000000e-02
Estimated error of manifold: 1.207202e-04
intersec_del_car_unst: bisection did not converge!
intersec_del_car_unst: latest residual: -1.161582809533641e-02
Done!
Processing energy level -1.421400e+00...
Optimal displacement: 1.000000e-02
Estimated error of manifold: 1.217023e-04
intersec_del_car_unst: bisection did not converge!
intersec_del_car_unst: latest residual: -1.080875996398516e-02
Done!
Processing energy level -1.423400e+00...
Optimal displacement: 1.000000e-02
Estimated error of manifold: 1.226722e-04
intersec_del_car_unst: bisection did not converge!
intersec_del_car_unst: latest residual: -9.052707204236392e-03
Done!
Processing energy level -1.425400e+00...
Optimal displacement: 1.000000e-02
Estimated error of manifold: 1.236293e-04
intersec_del_car_unst: bisection did not converge!
intersec_del_car_unst: latest residual: -7.261825406013320e-03
Done!
Processing energy level -1.427400e+00...
Optimal displacement: 1.000000e-02
Estimated error of manifold: 1.245725e-04
intersec_del_car_unst: bisection did not converge!
intersec_del_car_unst: latest residual: -4.820427606294250e-03
Done!
Processing energy level -1.429400e+00...
Optimal displacement: 1.000000e-02
Estimated error of manifold: 1.255011e-04
intersec_del_car_unst: bisection did not converge!
intersec_del_car_unst: latest residual: 1.401605198158186e-03
Done!
Processing energy level -1.431400e+00...
Optimal displacement: 1.000000e-02
Estimated error of manifold: 1.264141e-04
intersec_del_car_unst: bisection did not converge!
intersec_del_car_unst: latest residual: 9.967153671863373e-04
Done!
Processing energy level -1.433400e+00...
Optimal displacement: 1.000000e-02
Estimated error of manifold: 1.273106e-04
intersec_del_car_unst: bisection did not converge!
intersec_del_car_unst: latest residual: 5.690938347539822e-04
Done!
Processing energy level -1.435400e+00...
Optimal displacement: 1.000000e-02
Estimated error of manifold: 1.281896e-04
intersec_del_car_unst: bisection did not converge!
intersec_del_car_unst: latest residual: 1.181789341731761e-04
Done!
Processing energy level -1.437400e+00...
Optimal displacement: 1.000000e-02
Estimated error of manifold: 1.290503e-04
intersec_del_car_unst: bisection did not converge!
intersec_del_car_unst: latest residual: 2.372253928264905e-03
Done!
Processing energy level -1.439400e+00...
Optimal displacement: 1.000000e-02
Estimated error of manifold: 1.298916e-04
intersec_del_car_unst: bisection did not converge!
intersec_del_car_unst: latest residual: 1.943687506268953e-03
Done!
Processing energy level -1.441400e+00...
Optimal displacement: 1.000000e-02
Estimated error of manifold: 1.307126e-04
intersec_del_car_unst: bisection did not converge!
intersec_del_car_unst: latest residual: 1.492414382109294e-03
Done!
Processing energy level -1.443400e+00...
Optimal displacement: 1.000000e-02
Estimated error of manifold: 1.315123e-04
intersec_del_car_unst: bisection did not converge!
intersec_del_car_unst: latest residual: 1.018026285682527e-03
Done!
Processing energy level -1.445400e+00...
Optimal displacement: 1.000000e-02
Estimated error of manifold: 1.322898e-04
intersec_del_car_unst: bisection did not converge!
intersec_del_car_unst: latest residual: 5.201385950363525e-04
Done!
Processing energy level -1.447400e+00...
Optimal displacement: 1.000000e-02
Estimated error of manifold: 1.330440e-04
intersec_del_car_unst: bisection did not converge!
intersec_del_car_unst: latest residual: 6.406743266247556e-06
Done!
Processing energy level -1.449400e+00...
Optimal displacement: 1.000000e-02
Estimated error of manifold: 1.337740e-04
intersec_del_car_unst: bisection did not converge!
intersec_del_car_unst: latest residual: 1.953791090805615e-03
Done!
Processing energy level -1.451400e+00...
Optimal displacement: 1.000000e-02
Estimated error of manifold: 1.344787e-04
intersec_del_car_unst: bisection did not converge!
intersec_del_car_unst: latest residual: 2.141381436325198e-03
Done!
Processing energy level -1.453400e+00...
Optimal displacement: 1.000000e-02
Estimated error of manifold: 1.351573e-04
intersec_del_car_unst: bisection did not converge!
intersec_del_car_unst: latest residual: 1.627039667759672e-03
Done!
Processing energy level -1.455400e+00...
Optimal displacement: 1.000000e-02
Estimated error of manifold: 1.358087e-04
intersec_del_car_unst: bisection did not converge!
intersec_del_car_unst: latest residual: 1.090298098704238e-03
Done!
Processing energy level -1.457400e+00...
Optimal displacement: 1.000000e-02
Estimated error of manifold: 1.364320e-04
