Processing energy level -1.359400e+00...inter_del_car: maximum number of iterations reached
inter_del_car: latest residual: -3.932058900701918e-08
prtbp_del_car: error intersecting trajectory with section
prtbp_del_car: giving up...
inter_del_car: maximum number of iterations reached
inter_del_car: latest residual: -3.932058900701918e-08
prtbp_del_car: error intersecting trajectory with section
prtbp_del_car: giving up...
Done!
Processing energy level -1.361400e+00...inter_del_car: maximum number of iterations reached
inter_del_car: latest residual: -6.211699021818617e-08
prtbp_del_car: error intersecting trajectory with section
prtbp_del_car: giving up...
Done!
Processing energy level -1.363400e+00...Done!
Processing energy level -1.365400e+00...Done!
Processing energy level -1.367400e+00...Done!
Processing energy level -1.369400e+00...Done!
Processing energy level -1.371400e+00...Done!
Processing energy level -1.373400e+00...Done!
Processing energy level -1.375400e+00...Done!
Processing energy level -1.377400e+00...Done!
Processing energy level -1.379400e+00...inter_del_car: maximum number of iterations reached
inter_del_car: latest residual: -4.772287276466614e-08
prtbp_del_car: error intersecting trajectory with section
prtbp_del_car: giving up...
inter_del_car: maximum number of iterations reached
inter_del_car: latest residual: 5.510562672839114e-08
prtbp_del_car: error intersecting trajectory with section
prtbp_del_car: giving up...
Done!
Processing energy level -1.381400e+00...Done!
Processing energy level -1.383400e+00...inter_del_car: maximum number of iterations reached
inter_del_car: latest residual: 3.889143851409926e-08
prtbp_del_car: error intersecting trajectory with section
prtbp_del_car: giving up...
inter_del_car: maximum number of iterations reached
inter_del_car: latest residual: 5.500079947040604e-08
prtbp_del_car: error intersecting trajectory with section
prtbp_del_car: giving up...
Done!
Processing energy level -1.385400e+00...Done!
Processing energy level -1.387400e+00...inter_del_car: maximum number of iterations reached
inter_del_car: latest residual: 5.489446408546428e-08
prtbp_del_car: error intersecting trajectory with section
prtbp_del_car: giving up...
Done!
Processing energy level -1.389400e+00...inter_del_car: maximum number of iterations reached
inter_del_car: latest residual: 2.742036286917937e-08
prtbp_del_car: error intersecting trajectory with section
prtbp_del_car: giving up...
inter_del_car: maximum number of iterations reached
inter_del_car: latest residual: 5.484072573835874e-08
prtbp_del_car: error intersecting trajectory with section
prtbp_del_car: giving up...
inter_del_car: maximum number of iterations reached
inter_del_car: latest residual: -3.877824950038189e-08
prtbp_del_car: error intersecting trajectory with section
prtbp_del_car: giving up...
inter_del_car: maximum number of iterations reached
inter_del_car: latest residual: -3.877824950038189e-08
prtbp_del_car: error intersecting trajectory with section
prtbp_del_car: giving up...
Done!
Processing energy level -1.391400e+00...inter_del_car: maximum number of iterations reached
inter_del_car: latest residual: -4.744658843591765e-08
prtbp_del_car: error intersecting trajectory with section
prtbp_del_car: giving up...
inter_del_car: maximum number of iterations reached
inter_del_car: latest residual: -4.744659198863133e-08
prtbp_del_car: error intersecting trajectory with section
prtbp_del_car: giving up...
inter_del_car: maximum number of iterations reached
inter_del_car: latest residual: -4.744659198863133e-08
prtbp_del_car: error intersecting trajectory with section
prtbp_del_car: giving up...
Done!
Processing energy level -1.393400e+00...inter_del_car: maximum number of iterations reached
inter_del_car: latest residual: -5.473209929718337e-08
prtbp_del_car: error intersecting trajectory with section
prtbp_del_car: giving up...
Done!
Processing energy level -1.395400e+00...inter_del_car: maximum number of iterations reached
inter_del_car: latest residual: -6.696562726560273e-08
prtbp_del_car: error intersecting trajectory with section
prtbp_del_car: giving up...
inter_del_car: maximum number of iterations reached
inter_del_car: latest residual: 5.467720587404301e-08
prtbp_del_car: error intersecting trajectory with section
prtbp_del_car: giving up...
inter_del_car: maximum number of iterations reached
inter_del_car: latest residual: 5.467720587404301e-08
prtbp_del_car: error intersecting trajectory with section
prtbp_del_car: giving up...
Done!
Processing energy level -1.397400e+00...inter_del_car: maximum number of iterations reached
inter_del_car: latest residual: -5.462192254057641e-08
prtbp_del_car: error intersecting trajectory with section
prtbp_del_car: giving up...
inter_del_car: maximum number of iterations reached
inter_del_car: latest residual: -2.731096149233281e-08
prtbp_del_car: error intersecting trajectory with section
prtbp_del_car: giving up...
inter_del_car: maximum number of iterations reached
inter_del_car: latest residual: -2.731096149233281e-08
prtbp_del_car: error intersecting trajectory with section
prtbp_del_car: giving up...
Done!
Processing energy level -1.399400e+00...Done!
Processing energy level -1.401400e+00...Done!
Processing energy level -1.403400e+00...inter_del_car: maximum number of iterations reached
inter_del_car: latest residual: -4.715829859947007e-08
prtbp_del_car: error intersecting trajectory with section
prtbp_del_car: giving up...
inter_del_car: maximum number of iterations reached
inter_del_car: latest residual: 4.715829859947007e-08
prtbp_del_car: error intersecting trajectory with section
prtbp_del_car: giving up...
inter_del_car: maximum number of iterations reached
inter_del_car: latest residual: 4.715829859947007e-08
prtbp_del_car: error intersecting trajectory with section
prtbp_del_car: giving up...
Done!
Processing energy level -1.405400e+00...Done!
Processing energy level -1.407400e+00...inter_del_car: maximum number of iterations reached
inter_del_car: latest residual: 8.150937347295439e-08
prtbp_del_car: error intersecting trajectory with section
prtbp_del_car: giving up...
inter_del_car: maximum number of iterations reached
inter_del_car: latest residual: 8.150937347295439e-08
prtbp_del_car: error intersecting trajectory with section
prtbp_del_car: giving up...
Done!
Processing energy level -1.409400e+00...inter_del_car: maximum number of iterations reached
inter_del_car: latest residual: -5.428191363066048e-08
prtbp_del_car: error intersecting trajectory with section
prtbp_del_car: giving up...
Done!
Processing energy level -1.411400e+00...Done!
Processing energy level -1.413400e+00...inter_del_car: maximum number of iterations reached
inter_del_car: latest residual: 5.416535486801877e-08
prtbp_del_car: error intersecting trajectory with section
prtbp_del_car: giving up...
inter_del_car: maximum number of iterations reached
inter_del_car: latest residual: 5.416535486801877e-08
prtbp_del_car: error intersecting trajectory with section
prtbp_del_car: giving up...
Done!
Processing energy level -1.415400e+00...Done!
Processing energy level -1.417400e+00...inter_del_car: maximum number of iterations reached
inter_del_car: latest residual: 3.821710770068876e-08
prtbp_del_car: error intersecting trajectory with section
prtbp_del_car: giving up...
inter_del_car: maximum number of iterations reached
inter_del_car: latest residual: 3.821710770068876e-08
prtbp_del_car: error intersecting trajectory with section
prtbp_del_car: giving up...
Done!
Processing energy level -1.419400e+00...inter_del_car: maximum number of iterations reached
inter_del_car: latest residual: 4.675448295188289e-08
prtbp_del_car: error intersecting trajectory with section
prtbp_del_car: giving up...
inter_del_car: maximum number of iterations reached
inter_del_car: latest residual: 5.398742697337866e-08
prtbp_del_car: error intersecting trajectory with section
prtbp_del_car: giving up...
inter_del_car: maximum number of iterations reached
inter_del_car: latest residual: 5.398742697337866e-08
prtbp_del_car: error intersecting trajectory with section
prtbp_del_car: giving up...
Done!
Processing energy level -1.421400e+00...inter_del_car: maximum number of iterations reached
inter_del_car: latest residual: -5.392728352759946e-08
prtbp_del_car: error intersecting trajectory with section
prtbp_del_car: giving up...
inter_del_car: maximum number of iterations reached
inter_del_car: latest residual: 3.813234794591835e-08
prtbp_del_car: error intersecting trajectory with section
prtbp_del_car: giving up...
inter_del_car: maximum number of iterations reached
inter_del_car: latest residual: 3.813234794591835e-08
prtbp_del_car: error intersecting trajectory with section
prtbp_del_car: giving up...
Done!
Processing energy level -1.423400e+00...inter_del_car: maximum number of iterations reached
inter_del_car: latest residual: 4.664994612824103e-08
prtbp_del_car: error intersecting trajectory with section
prtbp_del_car: giving up...
inter_del_car: maximum number of iterations reached
inter_del_car: latest residual: 4.664994612824103e-08
prtbp_del_car: error intersecting trajectory with section
prtbp_del_car: giving up...
Done!
Processing energy level -1.425400e+00...inter_del_car: maximum number of iterations reached
inter_del_car: latest residual: 4.659712793397830e-08
prtbp_del_car: error intersecting trajectory with section
prtbp_del_car: giving up...
inter_del_car: maximum number of iterations reached
inter_del_car: latest residual: -3.804639625570871e-08
prtbp_del_car: error intersecting trajectory with section
prtbp_del_car: giving up...
inter_del_car: maximum number of iterations reached
inter_del_car: latest residual: -3.804639625570871e-08
prtbp_del_car: error intersecting trajectory with section
prtbp_del_car: giving up...
Done!
Processing energy level -1.427400e+00...inter_del_car: maximum number of iterations reached
inter_del_car: latest residual: -6.582307143787602e-08
prtbp_del_car: error intersecting trajectory with section
prtbp_del_car: giving up...
inter_del_car: maximum number of iterations reached
inter_del_car: latest residual: -6.582307143787602e-08
prtbp_del_car: error intersecting trajectory with section
prtbp_del_car: giving up...
Done!
Processing energy level -1.429400e+00...inter_del_car: maximum number of iterations reached
inter_del_car: latest residual: 4.649037954607138e-08
prtbp_del_car: error intersecting trajectory with section
prtbp_del_car: giving up...
Done!
Processing energy level -1.431400e+00...inter_del_car: maximum number of iterations reached
inter_del_car: latest residual: -5.362018740129315e-08
prtbp_del_car: error intersecting trajectory with section
prtbp_del_car: giving up...
Done!
Processing energy level -1.433400e+00...inter_del_car: maximum number of iterations reached
inter_del_car: latest residual: 2.677873567336064e-08
prtbp_del_car: error intersecting trajectory with section
prtbp_del_car: giving up...
inter_del_car: maximum number of iterations reached
inter_del_car: latest residual: 2.677873567336064e-08
prtbp_del_car: error intersecting trajectory with section
prtbp_del_car: giving up...
Done!
Processing energy level -1.435400e+00...inter_del_car: maximum number of iterations reached
inter_del_car: latest residual: 2.674715915418346e-08
prtbp_del_car: error intersecting trajectory with section
prtbp_del_car: giving up...
inter_del_car: maximum number of iterations reached
inter_del_car: latest residual: -3.782619550918298e-08
prtbp_del_car: error intersecting trajectory with section
prtbp_del_car: giving up...
inter_del_car: maximum number of iterations reached
inter_del_car: latest residual: -3.782619550918298e-08
prtbp_del_car: error intersecting trajectory with section
prtbp_del_car: giving up...
Done!
Processing energy level -1.437400e+00...inter_del_car: maximum number of iterations reached
inter_del_car: latest residual: -4.627236371845811e-08
prtbp_del_car: error intersecting trajectory with section
prtbp_del_car: giving up...
Done!
Processing energy level -1.439400e+00...Done!
Processing energy level -1.441400e+00...Done!
Processing energy level -1.443400e+00...inter_del_car: maximum number of iterations reached
inter_del_car: latest residual: -5.323725416062075e-08
prtbp_del_car: error intersecting trajectory with section
prtbp_del_car: giving up...
inter_del_car: maximum number of iterations reached
inter_del_car: latest residual: 4.610481418865220e-08
prtbp_del_car: error intersecting trajectory with section
prtbp_del_car: giving up...
inter_del_car: maximum number of iterations reached
inter_del_car: latest residual: 4.610481418865220e-08
prtbp_del_car: error intersecting trajectory with section
prtbp_del_car: giving up...
Done!
Processing energy level -1.445400e+00...Done!
Processing energy level -1.447400e+00...inter_del_car: maximum number of iterations reached
inter_del_car: latest residual: 5.937432057123715e-08
prtbp_del_car: error intersecting trajectory with section
prtbp_del_car: giving up...
Done!
Processing energy level -1.449400e+00...inter_del_car: maximum number of iterations reached
inter_del_car: latest residual: -5.303969308201317e-08
prtbp_del_car: error intersecting trajectory with section
prtbp_del_car: giving up...
Done!
Processing energy level -1.451400e+00...inter_del_car: maximum number of iterations reached
inter_del_car: latest residual: -6.487830539469996e-08
prtbp_del_car: error intersecting trajectory with section
prtbp_del_car: giving up...
inter_del_car: maximum number of iterations reached
inter_del_car: latest residual: -6.487830539469996e-08
prtbp_del_car: error intersecting trajectory with section
prtbp_del_car: giving up...
Done!
Processing energy level -1.453400e+00...inter_del_car: maximum number of iterations reached
inter_del_car: latest residual: -7.935850110385445e-08
prtbp_del_car: error intersecting trajectory with section
prtbp_del_car: giving up...
Done!
Processing energy level -1.455400e+00...inter_del_car: maximum number of iterations reached
inter_del_car: latest residual: 2.641897367539059e-08
prtbp_del_car: error intersecting trajectory with section
prtbp_del_car: giving up...
inter_del_car: maximum number of iterations reached
inter_del_car: latest residual: -5.907462208298853e-08
prtbp_del_car: error intersecting trajectory with section
prtbp_del_car: giving up...
inter_del_car: maximum number of iterations reached
inter_del_car: latest residual: -5.907462208298853e-08
prtbp_del_car: error intersecting trajectory with section
prtbp_del_car: giving up...
Done!
Processing energy level -1.457400e+00...inter_del_car: maximum number of iterations reached
inter_del_car: latest residual: 5.899837773881700e-08
prtbp_del_car: error intersecting trajectory with section
prtbp_del_car: giving up...
inter_del_car: maximum number of iterations reached
inter_del_car: latest residual: -3.731385067595738e-08
prtbp_del_car: error intersecting trajectory with section
prtbp_del_car: giving up...
inter_del_car: maximum number of iterations reached
inter_del_car: latest residual: 5.276975301171660e-08
prtbp_del_car: error intersecting trajectory with section
prtbp_del_car: giving up...
inter_del_car: maximum number of iterations reached
inter_del_car: latest residual: 5.276975301171660e-08
prtbp_del_car: error intersecting trajectory with section
prtbp_del_car: giving up...
Done!
Processing energy level -1.459400e+00...inter_del_car: maximum number of iterations reached
inter_del_car: latest residual: -5.270107905630539e-08
prtbp_del_car: error intersecting trajectory with section
prtbp_del_car: giving up...
Done!
Processing energy level -1.461400e+00...inter_del_car: maximum number of iterations reached
inter_del_car: latest residual: -4.558058108727892e-08
prtbp_del_car: error intersecting trajectory with section
prtbp_del_car: giving up...
inter_del_car: maximum number of iterations reached
inter_del_car: latest residual: -4.558058108727892e-08
prtbp_del_car: error intersecting trajectory with section
prtbp_del_car: giving up...
Done!
Processing energy level -1.463400e+00...inter_del_car: maximum number of iterations reached
inter_del_car: latest residual: -2.628113815461575e-08
prtbp_del_car: error intersecting trajectory with section
prtbp_del_car: giving up...
inter_del_car: maximum number of iterations reached
inter_del_car: latest residual: 5.256227630923149e-08
prtbp_del_car: error intersecting trajectory with section
prtbp_del_car: giving up...
Done!
Processing energy level -1.465400e+00...Done!
Processing energy level -1.467400e+00...inter_del_car: maximum number of iterations reached
inter_del_car: latest residual: -4.539835796180114e-08
prtbp_del_car: error intersecting trajectory with section
prtbp_del_car: giving up...
inter_del_car: maximum number of iterations reached
inter_del_car: latest residual: 4.539835796180114e-08
prtbp_del_car: error intersecting trajectory with section
prtbp_del_car: giving up...
inter_del_car: maximum number of iterations reached
inter_del_car: latest residual: 4.539835796180114e-08
prtbp_del_car: error intersecting trajectory with section
prtbp_del_car: giving up...
Done!
Processing energy level -1.469400e+00...inter_del_car: maximum number of iterations reached
inter_del_car: latest residual: 4.533675657114600e-08
prtbp_del_car: error intersecting trajectory with section
prtbp_del_car: giving up...
Done!
Processing energy level -1.471400e+00...inter_del_car: maximum number of iterations reached
inter_del_car: latest residual: 5.844941064481191e-08
prtbp_del_car: error intersecting trajectory with section
prtbp_del_car: giving up...
inter_del_car: maximum number of iterations reached
inter_del_car: latest residual: 5.844941064481191e-08
prtbp_del_car: error intersecting trajectory with section
prtbp_del_car: giving up...
Done!
Processing energy level -1.473400e+00...inter_del_car: maximum number of iterations reached
inter_del_car: latest residual: 3.691564032237693e-08
prtbp_del_car: error intersecting trajectory with section
prtbp_del_car: giving up...
inter_del_car: maximum number of iterations reached
inter_del_car: latest residual: 3.691564032237693e-08
prtbp_del_car: error intersecting trajectory with section
prtbp_del_car: giving up...
Done!
Processing energy level -1.475400e+00...inter_del_car: maximum number of iterations reached
inter_del_car: latest residual: -3.686426541804622e-08
prtbp_del_car: error intersecting trajectory with section
prtbp_del_car: giving up...
Done!
Processing energy level -1.477400e+00...Done!
Processing energy level -1.479400e+00...Done!
Processing energy level -1.481400e+00...Done!
Processing energy level -1.483400e+00...inter_del_car: maximum number of iterations reached
inter_del_car: latest residual: 5.183810447562109e-08
prtbp_del_car: error intersecting trajectory with section
prtbp_del_car: giving up...
inter_del_car: maximum number of iterations reached
inter_del_car: latest residual: 5.183810447562109e-08
prtbp_del_car: error intersecting trajectory with section
prtbp_del_car: giving up...
Done!
Processing energy level -1.485400e+00...Done!
Processing energy level -1.487400e+00...Done!
Processing energy level -1.489400e+00...inter_del_car: maximum number of iterations reached
inter_del_car: latest residual: 3.649421387308394e-08
prtbp_del_car: error intersecting trajectory with section
prtbp_del_car: giving up...
Done!
Processing energy level -1.491400e+00...Done!
Processing energy level -1.493400e+00...inter_del_car: maximum number of iterations reached
inter_del_car: latest residual: -3.638502921177178e-08
prtbp_del_car: error intersecting trajectory with section
prtbp_del_car: giving up...
inter_del_car: maximum number of iterations reached
inter_del_car: latest residual: 5.752978182727020e-08
prtbp_del_car: error intersecting trajectory with section
prtbp_del_car: giving up...
Done!
Processing energy level -1.495400e+00...Done!
Processing energy level -1.497400e+00...inter_del_car: maximum number of iterations reached
inter_del_car: latest residual: 7.254850764581988e-08
prtbp_del_car: error intersecting trajectory with section
prtbp_del_car: giving up...
Done!
Processing energy level -1.499400e+00...inter_del_car: maximum number of iterations reached
inter_del_car: latest residual: -7.683053304674559e-08
prtbp_del_car: error intersecting trajectory with section
prtbp_del_car: giving up...
Done!
Processing energy level -1.501400e+00...inter_del_car: maximum number of iterations reached
inter_del_car: latest residual: -5.717691697881833e-08
prtbp_del_car: error intersecting trajectory with section
prtbp_del_car: giving up...
inter_del_car: maximum number of iterations reached
inter_del_car: latest residual: 6.263417429153151e-08
prtbp_del_car: error intersecting trajectory with section
prtbp_del_car: giving up...
Done!
Processing energy level -1.503400e+00...inter_del_car: maximum number of iterations reached
inter_del_car: latest residual: -4.421946320221082e-08
prtbp_del_car: error intersecting trajectory with section
prtbp_del_car: giving up...
Done!
Processing energy level -1.505400e+00...inter_del_car: maximum number of iterations reached
inter_del_car: latest residual: 5.699658522928530e-08
prtbp_del_car: error intersecting trajectory with section
prtbp_del_car: giving up...
Done!
Processing energy level -1.507400e+00...inter_del_car: maximum number of iterations reached
inter_del_car: latest residual: 4.407874953926694e-08
prtbp_del_car: error intersecting trajectory with section
prtbp_del_car: giving up...
Done!
Processing energy level -1.509400e+00...inter_del_car: maximum number of iterations reached
inter_del_car: latest residual: 4.400761177691948e-08
prtbp_del_car: error intersecting trajectory with section
prtbp_del_car: giving up...
Done!
Processing energy level -1.511400e+00...inter_del_car: maximum number of iterations reached
inter_del_car: latest residual: 4.393594466023387e-08
prtbp_del_car: error intersecting trajectory with section
prtbp_del_car: giving up...
Done!
Processing energy level -1.513400e+00...Done!
Processing energy level -1.515400e+00...inter_del_car: maximum number of iterations reached
inter_del_car: latest residual: 7.151041003794489e-08
prtbp_del_car: error intersecting trajectory with section
prtbp_del_car: giving up...
Done!
Processing energy level -1.517400e+00...Done!
Processing energy level -1.519400e+00...Done!
Processing energy level -1.521400e+00...inter_del_car: maximum number of iterations reached
inter_del_car: latest residual: -4.356948357653323e-08
prtbp_del_car: error intersecting trajectory with section
prtbp_del_car: giving up...
Done!
Processing energy level -1.523400e+00...Done!
Processing energy level -1.525400e+00...inter_del_car: maximum number of iterations reached
inter_del_car: latest residual: 2.506796548118473e-08
prtbp_del_car: error intersecting trajectory with section
prtbp_del_car: giving up...
inter_del_car: maximum number of iterations reached
inter_del_car: latest residual: 5.013593096236946e-08
prtbp_del_car: error intersecting trajectory with section
prtbp_del_car: giving up...
inter_del_car: maximum number of iterations reached
inter_del_car: latest residual: 5.013593096236946e-08
prtbp_del_car: error intersecting trajectory with section
prtbp_del_car: giving up...
Done!
Processing energy level -1.527400e+00...inter_del_car: maximum number of iterations reached
inter_del_car: latest residual: -2.502402329795927e-08
prtbp_del_car: error intersecting trajectory with section
prtbp_del_car: giving up...
inter_del_car: maximum number of iterations reached
inter_del_car: latest residual: -5.004804659591855e-08
prtbp_del_car: error intersecting trajectory with section
prtbp_del_car: giving up...
Done!
Processing energy level -1.529400e+00...Done!
Processing energy level -1.531400e+00...inter_del_car: maximum number of iterations reached
inter_del_car: latest residual: -3.526358760552739e-08
prtbp_del_car: error intersecting trajectory with section
prtbp_del_car: giving up...
inter_del_car: maximum number of iterations reached
inter_del_car: latest residual: -3.526358760552739e-08
prtbp_del_car: error intersecting trajectory with section
prtbp_del_car: giving up...
inter_del_car: maximum number of iterations reached
inter_del_car: latest residual: -5.575662731516218e-08
prtbp_del_car: error intersecting trajectory with section
prtbp_del_car: giving up...
Done!
Processing energy level -1.533400e+00...Done!
Processing energy level -1.535400e+00...Done!
Processing energy level -1.537400e+00...Done!
Processing energy level -1.539400e+00...inter_del_car: maximum number of iterations reached
inter_del_car: latest residual: 2.475313110039679e-08
prtbp_del_car: error intersecting trajectory with section
prtbp_del_car: giving up...
Done!
Processing energy level -1.541400e+00...Done!
Processing energy level -1.543400e+00...inter_del_car: maximum number of iterations reached
inter_del_car: latest residual: 4.931994279644414e-08
prtbp_del_car: error intersecting trajectory with section
prtbp_del_car: giving up...
Done!
Processing energy level -1.545400e+00...inter_del_car: maximum number of iterations reached
inter_del_car: latest residual: -4.922566665399586e-08
prtbp_del_car: error intersecting trajectory with section
prtbp_del_car: giving up...
inter_del_car: maximum number of iterations reached
inter_del_car: latest residual: -4.922566665399586e-08
prtbp_del_car: error intersecting trajectory with section
prtbp_del_car: giving up...
Done!
Processing energy level -1.547400e+00...Done!
Processing energy level -1.549400e+00...Done!
Processing energy level -1.551400e+00...Done!
Processing energy level -1.553400e+00...inter_del_car: maximum number of iterations reached
inter_del_car: latest residual: -3.453571784106657e-08
prtbp_del_car: error intersecting trajectory with section
prtbp_del_car: giving up...
inter_del_car: maximum number of iterations reached
inter_del_car: latest residual: -4.884088067313996e-08
prtbp_del_car: error intersecting trajectory with section
prtbp_del_car: giving up...
Done!
Processing energy level -1.555400e+00...Done!
Processing energy level -1.557400e+00...Done!
Processing energy level -1.559400e+00...inter_del_car: maximum number of iterations reached
inter_del_car: latest residual: 4.854391555397797e-08
prtbp_del_car: error intersecting trajectory with section
prtbp_del_car: giving up...
inter_del_car: maximum number of iterations reached
inter_del_car: latest residual: 4.854391555397797e-08
prtbp_del_car: error intersecting trajectory with section
prtbp_del_car: giving up...
Done!
Processing energy level -1.561400e+00...Done!
Processing energy level -1.563400e+00...Done!
Processing energy level -1.565400e+00...Done!
Processing energy level -1.567400e+00...Done!
Processing energy level -1.569400e+00...inter_del_car: maximum number of iterations reached
inter_del_car: latest residual: -5.882700371273586e-08
prtbp_del_car: error intersecting trajectory with section
prtbp_del_car: giving up...
Done!
Processing energy level -1.571400e+00...inter_del_car: maximum number of iterations reached
inter_del_car: latest residual: -3.388951652638639e-08
prtbp_del_car: error intersecting trajectory with section
prtbp_del_car: giving up...
inter_del_car: maximum number of iterations reached
inter_del_car: latest residual: -3.388951652638639e-08
prtbp_del_car: error intersecting trajectory with section
prtbp_del_car: giving up...
Done!
Processing energy level -1.573400e+00...Done!
Processing energy level -1.575400e+00...inter_del_car: maximum number of iterations reached
inter_del_car: latest residual: 5.843768313695819e-08
prtbp_del_car: error intersecting trajectory with section
prtbp_del_car: giving up...
Done!
Processing energy level -1.577400e+00...inter_del_car: maximum number of iterations reached
inter_del_car: latest residual: -5.322549112563024e-08
prtbp_del_car: error intersecting trajectory with section
prtbp_del_car: giving up...
Done!
Processing energy level -1.579400e+00...inter_del_car: maximum number of iterations reached
inter_del_car: latest residual: -5.817233938998356e-08
prtbp_del_car: error intersecting trajectory with section
prtbp_del_car: giving up...
inter_del_car: maximum number of iterations reached
inter_del_car: latest residual: -5.310383732748392e-08
prtbp_del_car: error intersecting trajectory with section
prtbp_del_car: giving up...
inter_del_car: maximum number of iterations reached
inter_del_car: latest residual: -5.310383732748392e-08
prtbp_del_car: error intersecting trajectory with section
prtbp_del_car: giving up...
Done!
Processing energy level -1.581400e+00...inter_del_car: maximum number of iterations reached
inter_del_car: latest residual: -3.350817845415577e-08
prtbp_del_car: error intersecting trajectory with section
prtbp_del_car: giving up...
Done!
Processing energy level -1.583400e+00...Done!
Processing energy level -1.585400e+00...Done!
Processing energy level -1.587400e+00...Done!
Processing energy level -1.589400e+00...inter_del_car: maximum number of iterations reached
inter_del_car: latest residual: -2.346916216922068e-08
prtbp_del_car: error intersecting trajectory with section
prtbp_del_car: giving up...
Done!
Processing energy level -1.591400e+00...inter_del_car: maximum number of iterations reached
inter_del_car: latest residual: 8.441195120667544e-08
prtbp_del_car: error intersecting trajectory with section
prtbp_del_car: giving up...
inter_del_car: maximum number of iterations reached
inter_del_car: latest residual: 4.055018987259018e-08
prtbp_del_car: error intersecting trajectory with section
prtbp_del_car: giving up...
inter_del_car: maximum number of iterations reached
inter_del_car: latest residual: 4.055018987259018e-08
prtbp_del_car: error intersecting trajectory with section
prtbp_del_car: giving up...
Done!
Processing energy level -1.593400e+00...inter_del_car: maximum number of iterations reached
inter_del_car: latest residual: 6.178785483257343e-08
prtbp_del_car: error intersecting trajectory with section
prtbp_del_car: giving up...
Done!
Processing energy level -1.595400e+00...inter_del_car: maximum number of iterations reached
inter_del_car: latest residual: 3.294411143883735e-08
prtbp_del_car: error intersecting trajectory with section
prtbp_del_car: giving up...
inter_del_car: maximum number of iterations reached
inter_del_car: latest residual: 3.294411143883735e-08
prtbp_del_car: error intersecting trajectory with section
prtbp_del_car: giving up...
Done!
Processing energy level -1.597400e+00...inter_del_car: maximum number of iterations reached
inter_del_car: latest residual: 5.195688057568759e-08
prtbp_del_car: error intersecting trajectory with section
prtbp_del_car: giving up...
Done!
Processing energy level -1.599400e+00...inter_del_car: maximum number of iterations reached
inter_del_car: latest residual: 5.182324258612425e-08
prtbp_del_car: error intersecting trajectory with section
prtbp_del_car: giving up...
Done!
Processing energy level -1.601400e+00...Done!
Processing energy level -1.603400e+00...Done!
Processing energy level -1.605400e+00...Done!
Processing energy level -1.607400e+00...Done!
Processing energy level -1.609400e+00...Done!
Processing energy level -1.611400e+00...Done!
Processing energy level -1.613400e+00...Done!
Processing energy level -1.615400e+00...inter_del_car: maximum number of iterations reached
inter_del_car: latest residual: -5.554314830291673e-08
prtbp_del_car: error intersecting trajectory with section
prtbp_del_car: giving up...
Done!
Processing energy level -1.617400e+00...inter_del_car: maximum number of iterations reached
inter_del_car: latest residual: 7.149840186571055e-08
prtbp_del_car: error intersecting trajectory with section
prtbp_del_car: giving up...
Done!
Processing energy level -1.619400e+00...Done!
Processing energy level -1.621400e+00...Done!
Processing energy level -1.623400e+00...inter_del_car: maximum number of iterations reached
inter_del_car: latest residual: -3.169040452277727e-08
prtbp_del_car: error intersecting trajectory with section
prtbp_del_car: giving up...
inter_del_car: maximum number of iterations reached
inter_del_car: latest residual: -3.169040452277727e-08
prtbp_del_car: error intersecting trajectory with section
prtbp_del_car: giving up...
inter_del_car: maximum number of iterations reached
inter_del_car: latest residual: -3.169040452277727e-08
prtbp_del_car: error intersecting trajectory with section
prtbp_del_car: giving up...
Done!
Processing energy level -1.625400e+00...inter_del_car: maximum number of iterations reached
inter_del_car: latest residual: 8.054753308783802e-08
prtbp_del_car: error intersecting trajectory with section
prtbp_del_car: giving up...
inter_del_car: maximum number of iterations reached
inter_del_car: latest residual: 8.054753308783802e-08
prtbp_del_car: error intersecting trajectory with section
prtbp_del_car: giving up...
Done!
Processing energy level -1.627400e+00...inter_del_car: maximum number of iterations reached
inter_del_car: latest residual: -5.892201704327249e-08
prtbp_del_car: error intersecting trajectory with section
prtbp_del_car: giving up...
Done!
Processing energy level -1.629400e+00...Done!
Processing energy level -1.631400e+00...inter_del_car: maximum number of iterations reached
inter_del_car: latest residual: 3.832865402841890e-08
prtbp_del_car: error intersecting trajectory with section
prtbp_del_car: giving up...
Done!
Processing energy level -1.633400e+00...inter_del_car: maximum number of iterations reached
inter_del_car: latest residual: -7.315505801130939e-08
prtbp_del_car: error intersecting trajectory with section
prtbp_del_car: giving up...
inter_del_car: maximum number of iterations reached
inter_del_car: latest residual: 9.358026442640721e-08
prtbp_del_car: error intersecting trajectory with section
prtbp_del_car: giving up...
Done!
Processing energy level -1.635400e+00...inter_del_car: maximum number of iterations reached
inter_del_car: latest residual: 3.807776138842200e-08
prtbp_del_car: error intersecting trajectory with section
prtbp_del_car: giving up...
Done!
Processing energy level -1.637400e+00...inter_del_car: maximum number of iterations reached
inter_del_car: latest residual: 4.899316863316017e-08
prtbp_del_car: error intersecting trajectory with section
prtbp_del_car: giving up...
inter_del_car: maximum number of iterations reached
inter_del_car: latest residual: 4.899316863316017e-08
prtbp_del_car: error intersecting trajectory with section
prtbp_del_car: giving up...
Done!
Processing energy level -1.639400e+00...inter_del_car: maximum number of iterations reached
inter_del_car: latest residual: -5.348624609879948e-08
prtbp_del_car: error intersecting trajectory with section
prtbp_del_car: giving up...
Done!
Processing energy level -1.641400e+00...inter_del_car: maximum number of iterations reached
inter_del_car: latest residual: -4.351989835171821e-08
prtbp_del_car: error intersecting trajectory with section
prtbp_del_car: giving up...
Done!
Processing energy level -1.643400e+00...inter_del_car: maximum number of iterations reached
inter_del_car: latest residual: 7.191511564030861e-08
prtbp_del_car: error intersecting trajectory with section
prtbp_del_car: giving up...
inter_del_car: maximum number of iterations reached
inter_del_car: latest residual: 7.191511564030861e-08
prtbp_del_car: error intersecting trajectory with section
prtbp_del_car: giving up...
Done!
Processing energy level -1.645400e+00...Done!
Processing energy level -1.647400e+00...inter_del_car: maximum number of iterations reached
inter_del_car: latest residual: -4.813499199229909e-08
prtbp_del_car: error intersecting trajectory with section
prtbp_del_car: giving up...
inter_del_car: maximum number of iterations reached
inter_del_car: latest residual: -4.813499199229909e-08
prtbp_del_car: error intersecting trajectory with section
prtbp_del_car: giving up...
Done!
Processing energy level -1.649400e+00...inter_del_car: maximum number of iterations reached
inter_del_car: latest residual: 5.253342028055386e-08
prtbp_del_car: error intersecting trajectory with section
prtbp_del_car: giving up...
inter_del_car: maximum number of iterations reached
inter_del_car: latest residual: 5.253342028055386e-08
prtbp_del_car: error intersecting trajectory with section
prtbp_del_car: giving up...
Done!
Processing energy level -1.651400e+00...Done!
Processing energy level -1.653400e+00...inter_del_car: maximum number of iterations reached
inter_del_car: latest residual: 5.213326481623426e-08
prtbp_del_car: error intersecting trajectory with section
prtbp_del_car: giving up...
Done!
Processing energy level -1.655400e+00...inter_del_car: maximum number of iterations reached
inter_del_car: latest residual: -4.740422765436847e-08
prtbp_del_car: error intersecting trajectory with section
prtbp_del_car: giving up...
Done!
Processing energy level -1.657400e+00...inter_del_car: maximum number of iterations reached
inter_del_car: latest residual: 4.721466773105476e-08
prtbp_del_car: error intersecting trajectory with section
prtbp_del_car: giving up...
inter_del_car: maximum number of iterations reached
inter_del_car: latest residual: 4.721466773105476e-08
prtbp_del_car: error intersecting trajectory with section
prtbp_del_car: giving up...
Done!
Processing energy level -1.659400e+00...Done!
Processing energy level -1.661400e+00...inter_del_car: maximum number of iterations reached
inter_del_car: latest residual: -4.682657772647758e-08
prtbp_del_car: error intersecting trajectory with section
prtbp_del_car: giving up...
Done!
Processing energy level -1.663400e+00...inter_del_car: maximum number of iterations reached
inter_del_car: latest residual: -7.223549225443548e-08
prtbp_del_car: error intersecting trajectory with section
prtbp_del_car: giving up...
Done!
Processing energy level -1.665400e+00...inter_del_car: maximum number of iterations reached
inter_del_car: latest residual: 6.565588428486535e-08
prtbp_del_car: error intersecting trajectory with section
prtbp_del_car: giving up...
Done!
Processing energy level -1.667400e+00...Done!
Processing energy level -1.669400e+00...Done!
Processing energy level -1.671400e+00...Done!
Processing energy level -1.673400e+00...inter_del_car: maximum number of iterations reached
inter_del_car: latest residual: -5.765614252695173e-08
prtbp_del_car: error intersecting trajectory with section
prtbp_del_car: giving up...
inter_del_car: maximum number of iterations reached
inter_del_car: latest residual: -5.765614252695173e-08
prtbp_del_car: error intersecting trajectory with section
prtbp_del_car: giving up...
Done!
Processing energy level -1.675400e+00...Done!
Processing energy level -1.677400e+00...inter_del_car: maximum number of iterations reached
inter_del_car: latest residual: -5.340417796872998e-08
prtbp_del_car: error intersecting trajectory with section
prtbp_del_car: giving up...
inter_del_car: maximum number of iterations reached
inter_del_car: latest residual: 7.552491254614324e-08
prtbp_del_car: error intersecting trajectory with section
prtbp_del_car: giving up...
Done!
Processing energy level -1.679400e+00...Done!
Processing energy level -1.681400e+00...inter_del_car: maximum number of iterations reached
inter_del_car: latest residual: 5.285428983370366e-08
prtbp_del_car: error intersecting trajectory with section
prtbp_del_car: giving up...
inter_del_car: maximum number of iterations reached
inter_del_car: latest residual: 5.285428983370366e-08
prtbp_del_car: error intersecting trajectory with section
prtbp_del_car: giving up...
Done!
Processing energy level -1.683400e+00...Done!
Processing energy level -1.685400e+00...Done!
Processing energy level -1.687400e+00...inter_del_car: maximum number of iterations reached
inter_del_car: latest residual: -4.812717646629494e-08
prtbp_del_car: error intersecting trajectory with section
prtbp_del_car: giving up...
Done!
Processing energy level -1.689400e+00...Done!
Processing energy level -1.691400e+00...Done!
Processing energy level -1.693400e+00...inter_del_car: maximum number of iterations reached
inter_del_car: latest residual: 6.101306748718116e-08
prtbp_del_car: error intersecting trajectory with section
prtbp_del_car: giving up...
inter_del_car: maximum number of iterations reached
inter_del_car: latest residual: 6.101306748718116e-08
prtbp_del_car: error intersecting trajectory with section
prtbp_del_car: giving up...
Done!
Processing energy level -1.695400e+00...inter_del_car: maximum number of iterations reached
inter_del_car: latest residual: -7.172650118292268e-08
prtbp_del_car: error intersecting trajectory with section
prtbp_del_car: giving up...
Done!
Processing energy level -1.697400e+00...Done!
Processing energy level -1.699400e+00...Done!
Processing energy level -1.701400e+00...Done!
Processing energy level -1.703400e+00...Done!
Processing energy level -1.705400e+00...Done!
Processing energy level -1.707400e+00...Done!
Processing energy level -1.709400e+00...inter_del_car: maximum number of iterations reached
inter_del_car: latest residual: -3.635699874493525e-08
prtbp_del_car: error intersecting trajectory with section
prtbp_del_car: giving up...
Done!
Processing energy level -1.711400e+00...Done!
Processing energy level -1.713400e+00...Done!
Processing energy level -1.715400e+00...Done!
Processing energy level -1.717400e+00...Done!
Processing energy level -1.719400e+00...Done!
