
H: -1.741000e+00
Optimal displacement: 1.000000e-07
Estimated error of manifold: 1.162793e-13
Approximate interval: 31

H: -1.742000e+00
Optimal displacement: 1.000000e-07
Estimated error of manifold: 1.079253e-13
Approximate interval: 43

H: -1.743000e+00
Optimal displacement: 1.000000e-07
Estimated error of manifold: 9.365993e-14
Approximate interval: 57

H: -1.744000e+00
Optimal displacement: 1.000000e-07
Estimated error of manifold: 9.999002e-14
Approximate interval: 73

H: -1.745000e+00
Optimal displacement: 1.000000e-07
Estimated error of manifold: 1.082554e-13
Approximate interval: 91

H: -1.746000e+00
Optimal displacement: 1.000000e-07
Estimated error of manifold: 1.226359e-13
Approximate interval: 5

H: -1.747000e+00
Optimal displacement: 1.000000e-07
Estimated error of manifold: 1.235247e-13
Approximate interval: 14

H: -1.748000e+00
Optimal displacement: 1.000000e-07
Estimated error of manifold: 1.390693e-13
Approximate interval: 25

H: -1.749000e+00
Optimal displacement: 1.000000e-07
Estimated error of manifold: 1.299346e-13
Approximate interval: 37

H: -1.750000e+00
Optimal displacement: 1.000000e-07
Estimated error of manifold: 1.240194e-13
Approximate interval: 51

H: -1.751000e+00
Optimal displacement: 1.000000e-07
Estimated error of manifold: 1.608799e-13
Approximate interval: 67

H: -1.752000e+00
Optimal displacement: 1.000000e-07
Estimated error of manifold: 1.390336e-13
Approximate interval: 86

H: -1.753000e+00
Optimal displacement: 1.000000e-07
Estimated error of manifold: 1.457673e-13
Approximate interval: 3

H: -1.754000e+00
Optimal displacement: 1.000000e-07
Estimated error of manifold: 1.500487e-13
Approximate interval: 13

H: -1.755000e+00
Optimal displacement: 1.000000e-07
Estimated error of manifold: 1.428150e-13
Approximate interval: 24

H: -1.756000e+00
Optimal displacement: 1.000000e-07
Estimated error of manifold: 1.418569e-13
Approximate interval: 37

H: -1.757000e+00
Optimal displacement: 1.000000e-07
Estimated error of manifold: 1.493048e-13
Approximate interval: 53

H: -1.758000e+00
Optimal displacement: 1.000000e-07
Estimated error of manifold: 1.556340e-13
Approximate interval: 70

H: -1.759000e+00
Optimal displacement: 1.000000e-07
Estimated error of manifold: 1.455061e-13
Approximate interval: 89

H: -1.760000e+00
Optimal displacement: 1.000000e-07
Estimated error of manifold: 1.643149e-13
Approximate interval: 5

H: -1.761000e+00
Optimal displacement: 1.000000e-07
Estimated error of manifold: 1.591050e-13
Approximate interval: 16

H: -1.762000e+00
Optimal displacement: 1.000000e-07
Estimated error of manifold: 1.776314e-13
Approximate interval: 29

H: -1.763000e+00
Optimal displacement: 1.000000e-07
Estimated error of manifold: 1.851229e-13
Approximate interval: 44

H: -1.764000e+00
Optimal displacement: 1.000000e-07
Estimated error of manifold: 1.915811e-13
Approximate interval: 61

H: -1.765000e+00
Optimal displacement: 1.000000e-07
Estimated error of manifold: 2.167140e-13
Approximate interval: 80

H: -1.766000e+00
Optimal displacement: 1.000000e-08
Estimated error of manifold: 1.867662e-14
Approximate interval: 94

H: -1.767000e+00
Optimal displacement: 1.000000e-08
Estimated error of manifold: 2.062427e-14
Approximate interval: 11

H: -1.768000e+00
Optimal displacement: 1.000000e-07
Estimated error of manifold: 2.213796e-13
Approximate interval: 26

H: -1.769000e+00
Optimal displacement: 1.000000e-07
Estimated error of manifold: 2.043523e-13
Approximate interval: 41

H: -1.770000e+00
Optimal displacement: 1.000000e-07
Estimated error of manifold: 2.197632e-13
Approximate interval: 58

H: -1.771000e+00
Optimal displacement: 1.000000e-07
Estimated error of manifold: 1.878771e-13
Approximate interval: 78

H: -1.772000e+00
Optimal displacement: 1.000000e-07
Estimated error of manifold: 2.320058e-13
Approximate interval: 1

H: -1.773000e+00
Optimal displacement: 1.000000e-08
Estimated error of manifold: 1.808080e-14
Approximate interval: 25

H: -1.774000e+00
Optimal displacement: 1.000000e-07
Estimated error of manifold: 2.223678e-13
Approximate interval: 27

H: -1.775000e+00
Optimal displacement: 1.000000e-08
Estimated error of manifold: 1.945000e-14
Approximate interval: 67

H: -1.776000e+00
Optimal displacement: 1.000000e-07
Estimated error of manifold: 2.426757e-13
Approximate interval: 62

H: -1.777000e+00
Optimal displacement: 1.000000e-07
Estimated error of manifold: 2.707316e-13
Approximate interval: 83

H: -1.778000e+00
Optimal displacement: 1.000000e-07
Estimated error of manifold: 2.644122e-13
Approximate interval: 4

H: -1.779000e+00
Optimal displacement: 1.000000e-08
Estimated error of manifold: 2.110899e-14
Approximate interval: 50

H: -1.780000e+00
Optimal displacement: 1.000000e-07
Estimated error of manifold: 2.901073e-13
Approximate interval: 34

H: -1.781000e+00
Optimal displacement: 1.000000e-08
Estimated error of manifold: 1.969685e-14
Approximate interval: 2

H: -1.782000e+00
Optimal displacement: 1.000000e-08
Estimated error of manifold: 2.651296e-14
Approximate interval: 19

H: -1.783000e+00
Optimal displacement: 1.000000e-07
Estimated error of manifold: 3.141221e-13
Approximate interval: 98

H: -1.784000e+00
Optimal displacement: 1.000000e-08
Estimated error of manifold: 2.100806e-14
Approximate interval: 63

H: -1.785000e+00
Optimal displacement: 1.000000e-08
Estimated error of manifold: 2.412623e-14
Approximate interval: 90

H: -1.786000e+00
Optimal displacement: 1.000000e-07
Estimated error of manifold: 3.480652e-13
Approximate interval: 49

H: -1.787000e+00
Optimal displacement: 1.000000e-07
Estimated error of manifold: 3.498495e-13
Approximate interval: 70

H: -1.788000e+00
Optimal displacement: 1.000000e-08
Estimated error of manifold: 2.580133e-14
Approximate interval: 56

H: -1.789000e+00
Optimal displacement: 1.000000e-08
Estimated error of manifold: 2.145153e-14
Approximate interval: 84

H: -1.790000e+00
Optimal displacement: 1.000000e-07
Estimated error of manifold: 3.929442e-13
Approximate interval: 31

H: -1.791000e+00
Optimal displacement: 1.000000e-08
Estimated error of manifold: 2.518871e-14
Approximate interval: 31

H: -1.792000e+00
Optimal displacement: 1.000000e-07
Estimated error of manifold: 4.017870e-13
Approximate interval: 75

H: -1.793000e+00
Optimal displacement: 1.000000e-08
Estimated error of manifold: 1.568582e-14
Approximate interval: 85

H: -1.794000e+00
Optimal displacement: 1.000000e-08
Estimated error of manifold: 2.595753e-14
Approximate interval: 11

H: -1.795000e+00
Optimal displacement: 1.000000e-08
Estimated error of manifold: 2.967280e-14
Approximate interval: 34

H: -1.796000e+00
Optimal displacement: 1.000000e-08
Estimated error of manifold: 2.409141e-14
Approximate interval: 61

H: -1.797000e+00
Optimal displacement: 1.000000e-08
Estimated error of manifold: 2.718638e-14
Approximate interval: 93

H: -1.798000e+00
Optimal displacement: 1.000000e-08
Estimated error of manifold: 3.344542e-14
Approximate interval: 18

H: -1.799000e+00
Optimal displacement: 1.000000e-07
Estimated error of manifold: 4.577627e-13
Approximate interval: 33

H: -1.800000e+00
Optimal displacement: 1.000000e-08
Estimated error of manifold: 2.347716e-14
Approximate interval: 75

H: -1.801000e+00
Optimal displacement: 1.000000e-08
Estimated error of manifold: 4.549944e-14
Approximate interval: 7

H: -1.802000e+00
Optimal displacement: 1.000000e-08
Estimated error of manifold: 3.403262e-14
Approximate interval: 32

H: -1.803000e+00
Optimal displacement: 1.000000e-08
Estimated error of manifold: 1.786035e-14
Approximate interval: 63

H: -1.804000e+00
Optimal displacement: 1.000000e-08
Estimated error of manifold: 3.806051e-14
Approximate interval: 0

H: -1.805000e+00
Optimal displacement: 1.000000e-08
Estimated error of manifold: 3.379996e-14
Approximate interval: 26

H: -1.806000e+00
Optimal displacement: 1.000000e-08
Estimated error of manifold: 3.732892e-14
Approximate interval: 57

H: -1.807000e+00
Optimal displacement: 1.000000e-08
Estimated error of manifold: 2.948839e-14
Approximate interval: 95

H: -1.808000e+00
Optimal displacement: 1.000000e-08
Estimated error of manifold: 2.673916e-14
Approximate interval: 24

H: -1.809000e+00
Optimal displacement: 1.000000e-08
Estimated error of manifold: 3.602085e-14
Approximate interval: 57

H: -1.810000e+00
Optimal displacement: 1.000000e-08
Estimated error of manifold: 3.751140e-14
Approximate interval: 97

H: -1.811000e+00
Optimal displacement: 1.000000e-08
Estimated error of manifold: 3.567730e-14
Approximate interval: 28

H: -1.812000e+00
Optimal displacement: 1.000000e-08
Estimated error of manifold: 1.524993e-14
Approximate interval: 64

H: -1.813000e+00
Optimal displacement: 1.000000e-08
Estimated error of manifold: 3.505832e-14
Approximate interval: 5

H: -1.814000e+00
Optimal displacement: 1.000000e-08
Estimated error of manifold: 3.367804e-14
Approximate interval: 38

H: -1.815000e+00
Optimal displacement: 1.000000e-08
Estimated error of manifold: 3.749512e-14
Approximate interval: 77

H: -1.816000e+00
Optimal displacement: 1.000000e-08
Estimated error of manifold: 4.327786e-14
Approximate interval: 17

H: -1.817000e+00
Optimal displacement: 1.000000e-08
Estimated error of manifold: 2.645924e-14
Approximate interval: 54

H: -1.818000e+00
Optimal displacement: 1.000000e-08
Estimated error of manifold: 2.327622e-14
Approximate interval: 0

H: -1.819000e+00
Optimal displacement: 1.000000e-08
Estimated error of manifold: 3.259103e-14
Approximate interval: 36

H: -1.820000e+00
Optimal displacement: 1.000000e-08
Estimated error of manifold: 2.112290e-14
Approximate interval: 79

H: -1.821000e+00
Optimal displacement: 1.000000e-07
Estimated error of manifold: 3.975434e-13
Approximate interval: 2

H: -1.822000e+00
Optimal displacement: 1.000000e-08
Estimated error of manifold: 3.611448e-14
Approximate interval: 64

H: -1.823000e+00
Optimal displacement: 1.000000e-08
Estimated error of manifold: 1.936649e-14
Approximate interval: 11

H: -1.824000e+00
Optimal displacement: 1.000000e-08
Estimated error of manifold: 2.707267e-14
Approximate interval: 52

H: -1.825000e+00
Optimal displacement: 1.000000e-08
Estimated error of manifold: 3.590176e-14
Approximate interval: 3

H: -1.826000e+00
Optimal displacement: 1.000000e-07
Estimated error of manifold: 3.419689e-13
Approximate interval: 95

H: -1.827000e+00
Optimal displacement: 1.000000e-07
Estimated error of manifold: 3.462379e-13
Approximate interval: 33

H: -1.828000e+00
Optimal displacement: 1.000000e-08
Estimated error of manifold: 2.584278e-14
H=-1.828000e+00: couldn't find approx. intersection point
