
H: -1.359400e+00
Optimal displacement: 1.000000e-05
Estimated error of manifold: 2.325183e-08
Approximate interval: 2

H: -1.361400e+00
Optimal displacement: 1.000000e-05
Estimated error of manifold: 2.279890e-08
Approximate interval: 2

H: -1.363400e+00
Optimal displacement: 1.000000e-05
Estimated error of manifold: 2.237126e-08
Approximate interval: 2

H: -1.365400e+00
Optimal displacement: 1.000000e-05
Estimated error of manifold: 2.196738e-08
Approximate interval: 2

H: -1.367400e+00
Optimal displacement: 1.000000e-05
Estimated error of manifold: 2.158487e-08
Approximate interval: 2

H: -1.369400e+00
Optimal displacement: 1.000000e-05
Estimated error of manifold: 2.122221e-08
Approximate interval: 2

H: -1.371400e+00
Optimal displacement: 1.000000e-05
Estimated error of manifold: 2.087806e-08
Approximate interval: 3

H: -1.373400e+00
Optimal displacement: 1.000000e-05
Estimated error of manifold: 2.055076e-08
Approximate interval: 3

H: -1.375400e+00
Optimal displacement: 1.000000e-05
Estimated error of manifold: 2.023906e-08
Approximate interval: 3

H: -1.377400e+00
Optimal displacement: 1.000000e-05
Estimated error of manifold: 1.994174e-08
Approximate interval: 3

H: -1.379400e+00
Optimal displacement: 1.000000e-05
Estimated error of manifold: 1.965771e-08
Approximate interval: 3

H: -1.381400e+00
Optimal displacement: 1.000000e-05
Estimated error of manifold: 1.938606e-08
Approximate interval: 3

H: -1.383400e+00
Optimal displacement: 1.000000e-05
Estimated error of manifold: 1.912551e-08
Approximate interval: 3

H: -1.385400e+00
Optimal displacement: 1.000000e-05
Estimated error of manifold: 1.887573e-08
Approximate interval: 3

H: -1.387400e+00
Optimal displacement: 1.000000e-05
Estimated error of manifold: 1.863524e-08
Approximate interval: 3

H: -1.389400e+00
Optimal displacement: 1.000000e-05
Estimated error of manifold: 1.840376e-08
Approximate interval: 3

H: -1.391400e+00
Optimal displacement: 1.000000e-05
Estimated error of manifold: 1.818059e-08
Approximate interval: 4

H: -1.393400e+00
Optimal displacement: 1.000000e-05
Estimated error of manifold: 1.796475e-08
Approximate interval: 4

H: -1.395400e+00
Optimal displacement: 1.000000e-05
Estimated error of manifold: 1.775586e-08
Approximate interval: 4

H: -1.397400e+00
Optimal displacement: 1.000000e-05
Estimated error of manifold: 1.755327e-08
Approximate interval: 4

H: -1.399400e+00
Optimal displacement: 1.000000e-05
Estimated error of manifold: 1.735642e-08
Approximate interval: 4

H: -1.401400e+00
Optimal displacement: 1.000000e-05
Estimated error of manifold: 1.716487e-08
Approximate interval: 5

H: -1.403400e+00
Optimal displacement: 1.000000e-05
Estimated error of manifold: 1.697818e-08
Approximate interval: 5

H: -1.405400e+00
Optimal displacement: 1.000000e-05
Estimated error of manifold: 1.679583e-08
Approximate interval: 5

H: -1.407400e+00
Optimal displacement: 1.000000e-05
Estimated error of manifold: 1.661735e-08
Approximate interval: 5

H: -1.409400e+00
Optimal displacement: 1.000000e-05
Estimated error of manifold: 1.644245e-08
Approximate interval: 6

H: -1.411400e+00
Optimal displacement: 1.000000e-05
Estimated error of manifold: 1.627085e-08
Approximate interval: 6

H: -1.413400e+00
Optimal displacement: 1.000000e-05
Estimated error of manifold: 1.610199e-08
Approximate interval: 6

H: -1.415400e+00
Optimal displacement: 1.000000e-05
Estimated error of manifold: 1.593560e-08
Approximate interval: 7

H: -1.417400e+00
Optimal displacement: 1.000000e-05
Estimated error of manifold: 1.577150e-08
Approximate interval: 7

H: -1.419400e+00
Optimal displacement: 1.000000e-05
Estimated error of manifold: 1.560920e-08
Approximate interval: 8

H: -1.421400e+00
Optimal displacement: 1.000000e-05
Estimated error of manifold: 1.544871e-08
Approximate interval: 8

H: -1.423400e+00
Optimal displacement: 1.000000e-05
Estimated error of manifold: 1.528936e-08
Approximate interval: 9

H: -1.425400e+00
Optimal displacement: 1.000000e-05
Estimated error of manifold: 1.513135e-08
Approximate interval: 9

H: -1.427400e+00
Optimal displacement: 1.000000e-05
Estimated error of manifold: 1.497422e-08
Approximate interval: 10

H: -1.429400e+00
Optimal displacement: 1.000000e-05
Estimated error of manifold: 1.481778e-08
Approximate interval: 11

H: -1.431400e+00
Optimal displacement: 1.000000e-05
Estimated error of manifold: 1.466189e-08
Approximate interval: 11

H: -1.433400e+00
Optimal displacement: 1.000000e-05
Estimated error of manifold: 1.450641e-08
Approximate interval: 12

H: -1.435400e+00
Optimal displacement: 1.000000e-05
Estimated error of manifold: 1.435102e-08
Approximate interval: 13

H: -1.437400e+00
Optimal displacement: 1.000000e-05
Estimated error of manifold: 1.419576e-08
Approximate interval: 14

H: -1.439400e+00
Optimal displacement: 1.000000e-05
Estimated error of manifold: 1.404034e-08
Approximate interval: 15

H: -1.441400e+00
Optimal displacement: 1.000000e-05
Estimated error of manifold: 1.388464e-08
Approximate interval: 16

H: -1.443400e+00
Optimal displacement: 1.000000e-05
Estimated error of manifold: 1.372870e-08
Approximate interval: 17

H: -1.445400e+00
Optimal displacement: 1.000000e-05
Estimated error of manifold: 1.357232e-08
Approximate interval: 18

H: -1.447400e+00
Optimal displacement: 1.000000e-05
Estimated error of manifold: 1.341535e-08
Approximate interval: 19

H: -1.449400e+00
Optimal displacement: 1.000000e-05
Estimated error of manifold: 1.325779e-08
Approximate interval: 21

H: -1.451400e+00
Optimal displacement: 1.000000e-05
Estimated error of manifold: 1.309953e-08
Approximate interval: 22

H: -1.453400e+00
Optimal displacement: 1.000000e-05
Estimated error of manifold: 1.294055e-08
Approximate interval: 24

H: -1.455400e+00
Optimal displacement: 1.000000e-05
Estimated error of manifold: 1.278091e-08
Approximate interval: 25

H: -1.457400e+00
Optimal displacement: 1.000000e-05
Estimated error of manifold: 1.262032e-08
Approximate interval: 27

H: -1.459400e+00
Optimal displacement: 1.000000e-05
Estimated error of manifold: 1.245900e-08
Approximate interval: 29

H: -1.461400e+00
Optimal displacement: 1.000000e-05
Estimated error of manifold: 1.229676e-08
Approximate interval: 31

H: -1.463400e+00
Optimal displacement: 1.000000e-05
Estimated error of manifold: 1.213371e-08
Approximate interval: 33

H: -1.465400e+00
Optimal displacement: 1.000000e-05
Estimated error of manifold: 1.196981e-08
Approximate interval: 35

H: -1.467400e+00
Optimal displacement: 1.000000e-05
Estimated error of manifold: 1.180509e-08
Approximate interval: 38

H: -1.469400e+00
Optimal displacement: 1.000000e-05
Estimated error of manifold: 1.163947e-08
Approximate interval: 40

H: -1.471400e+00
Optimal displacement: 1.000000e-05
Estimated error of manifold: 1.147319e-08
Approximate interval: 43

H: -1.473400e+00
Optimal displacement: 1.000000e-05
Estimated error of manifold: 1.130610e-08
Approximate interval: 46

H: -1.475400e+00
Optimal displacement: 1.000000e-05
Estimated error of manifold: 1.113835e-08
Approximate interval: 49

H: -1.477400e+00
Optimal displacement: 1.000000e-05
Estimated error of manifold: 1.096987e-08
Approximate interval: 52

H: -1.479400e+00
Optimal displacement: 1.000000e-05
Estimated error of manifold: 1.080093e-08
Approximate interval: 56

H: -1.481400e+00
Optimal displacement: 1.000000e-05
Estimated error of manifold: 1.063143e-08
Approximate interval: 60

H: -1.483400e+00
Optimal displacement: 1.000000e-05
Estimated error of manifold: 1.046145e-08
Approximate interval: 64

H: -1.485400e+00
Optimal displacement: 1.000000e-05
Estimated error of manifold: 1.029110e-08
Approximate interval: 68

H: -1.487400e+00
Optimal displacement: 1.000000e-05
Estimated error of manifold: 1.012048e-08
Approximate interval: 73

H: -1.489400e+00
Optimal displacement: 1.000000e-04
Estimated error of manifold: 9.981228e-07
Approximate interval: 12

H: -1.491400e+00
Optimal displacement: 1.000000e-04
Estimated error of manifold: 9.809593e-07
Approximate interval: 14

H: -1.493400e+00
Optimal displacement: 1.000000e-04
Estimated error of manifold: 9.637935e-07
Approximate interval: 17

H: -1.495400e+00
Optimal displacement: 1.000000e-04
Estimated error of manifold: 9.466352e-07
Approximate interval: 20

H: -1.497400e+00
Optimal displacement: 1.000000e-04
Estimated error of manifold: 9.294944e-07
Approximate interval: 23

H: -1.499400e+00
Optimal displacement: 1.000000e-04
Estimated error of manifold: 9.123812e-07
Approximate interval: 26

H: -1.501400e+00
Optimal displacement: 1.000000e-04
Estimated error of manifold: 8.953064e-07
Approximate interval: 30

H: -1.503400e+00
Optimal displacement: 1.000000e-04
Estimated error of manifold: 8.782803e-07
Approximate interval: 33

H: -1.505400e+00
Optimal displacement: 1.000000e-04
Estimated error of manifold: 8.613136e-07
Approximate interval: 37

H: -1.507400e+00
Optimal displacement: 1.000000e-04
Estimated error of manifold: 8.444171e-07
Approximate interval: 41

H: -1.509400e+00
Optimal displacement: 1.000000e-04
Estimated error of manifold: 8.276014e-07
Approximate interval: 46

H: -1.511400e+00
Optimal displacement: 1.000000e-04
Estimated error of manifold: 8.108772e-07
Approximate interval: 51

H: -1.513400e+00
Optimal displacement: 1.000000e-04
Estimated error of manifold: 7.942551e-07
Approximate interval: 56

H: -1.515400e+00
Optimal displacement: 1.000000e-04
Estimated error of manifold: 7.777456e-07
Approximate interval: 62

H: -1.517400e+00
Optimal displacement: 1.000000e-04
Estimated error of manifold: 7.613589e-07
Approximate interval: 68

H: -1.519400e+00
Optimal displacement: 1.000000e-04
Estimated error of manifold: 7.451053e-07
Approximate interval: 74

H: -1.521400e+00
Optimal displacement: 1.000000e-04
Estimated error of manifold: 7.289945e-07
Approximate interval: 81

H: -1.523400e+00
Optimal displacement: 1.000000e-04
Estimated error of manifold: 7.130361e-07
Approximate interval: 89

H: -1.525400e+00
Optimal displacement: 1.000000e-04
Estimated error of manifold: 6.972396e-07
Approximate interval: 97

H: -1.527400e+00
Optimal displacement: 1.000000e-04
Estimated error of manifold: 6.816139e-07
Approximate interval: 3

H: -1.529400e+00
Optimal displacement: 1.000000e-04
Estimated error of manifold: 6.661677e-07
Approximate interval: 7

H: -1.531400e+00
Optimal displacement: 1.000000e-04
Estimated error of manifold: 6.509093e-07
Approximate interval: 12

H: -1.533400e+00
Optimal displacement: 1.000000e-04
Estimated error of manifold: 6.358465e-07
Approximate interval: 17

H: -1.535400e+00
Optimal displacement: 1.000000e-04
Estimated error of manifold: 6.209870e-07
Approximate interval: 22

H: -1.537400e+00
Optimal displacement: 1.000000e-04
Estimated error of manifold: 6.063375e-07
Approximate interval: 28

H: -1.539400e+00
Optimal displacement: 1.000000e-04
Estimated error of manifold: 5.919050e-07
Approximate interval: 34

H: -1.541400e+00
Optimal displacement: 1.000000e-04
Estimated error of manifold: 5.776954e-07
Approximate interval: 41

H: -1.543400e+00
Optimal displacement: 1.000000e-04
Estimated error of manifold: 5.637144e-07
Approximate interval: 49

H: -1.545400e+00
Optimal displacement: 1.000000e-04
Estimated error of manifold: 5.499673e-07
Approximate interval: 57

H: -1.547400e+00
Optimal displacement: 1.000000e-04
Estimated error of manifold: 5.364588e-07
Approximate interval: 67

H: -1.549400e+00
Optimal displacement: 1.000000e-04
Estimated error of manifold: 5.231932e-07
Approximate interval: 77

H: -1.551400e+00
Optimal displacement: 1.000000e-04
Estimated error of manifold: 5.101741e-07
Approximate interval: 87

H: -1.553400e+00
Optimal displacement: 1.000000e-04
Estimated error of manifold: 4.974050e-07
Approximate interval: 0

H: -1.555400e+00
Optimal displacement: 1.000000e-04
Estimated error of manifold: 4.848885e-07
Approximate interval: 6

H: -1.557400e+00
Optimal displacement: 1.000000e-04
Estimated error of manifold: 4.726270e-07
Approximate interval: 13

H: -1.559400e+00
Optimal displacement: 1.000000e-04
Estimated error of manifold: 4.606223e-07
Approximate interval: 21

H: -1.561400e+00
Optimal displacement: 1.000000e-04
Estimated error of manifold: 4.488758e-07
Approximate interval: 29

H: -1.563400e+00
Optimal displacement: 1.000000e-04
Estimated error of manifold: 4.373885e-07
Approximate interval: 39

H: -1.565400e+00
Optimal displacement: 1.000000e-04
Estimated error of manifold: 4.261609e-07
Approximate interval: 49

H: -1.567400e+00
Optimal displacement: 1.000000e-04
Estimated error of manifold: 4.151929e-07
Approximate interval: 60

H: -1.569400e+00
Optimal displacement: 1.000000e-04
Estimated error of manifold: 4.044843e-07
Approximate interval: 73

H: -1.571400e+00
Optimal displacement: 1.000000e-04
Estimated error of manifold: 3.940343e-07
Approximate interval: 87

H: -1.573400e+00
Optimal displacement: 1.000000e-04
Estimated error of manifold: 3.838417e-07
Approximate interval: 2

H: -1.575400e+00
Optimal displacement: 1.000000e-04
Estimated error of manifold: 3.739051e-07
Approximate interval: 10

H: -1.577400e+00
Optimal displacement: 1.000000e-04
Estimated error of manifold: 3.642226e-07
Approximate interval: 20

H: -1.579400e+00
Optimal displacement: 1.000000e-04
Estimated error of manifold: 3.547919e-07
Approximate interval: 31

H: -1.581400e+00
Optimal displacement: 1.000000e-04
Estimated error of manifold: 3.456107e-07
Approximate interval: 44

H: -1.583400e+00
Optimal displacement: 1.000000e-04
Estimated error of manifold: 3.366761e-07
Approximate interval: 58

H: -1.585400e+00
Optimal displacement: 1.000000e-04
Estimated error of manifold: 3.279849e-07
Approximate interval: 73

H: -1.587400e+00
Optimal displacement: 1.000000e-04
Estimated error of manifold: 3.195340e-07
Approximate interval: 91

H: -1.589400e+00
Optimal displacement: 1.000000e-04
Estimated error of manifold: 3.113197e-07
Approximate interval: 6

H: -1.591400e+00
Optimal displacement: 1.000000e-04
Estimated error of manifold: 3.033382e-07
Approximate interval: 18

H: -1.593400e+00
Optimal displacement: 1.000000e-04
Estimated error of manifold: 2.955855e-07
Approximate interval: 31

H: -1.595400e+00
Optimal displacement: 1.000000e-04
Estimated error of manifold: 2.880575e-07
Approximate interval: 46

H: -1.597400e+00
Optimal displacement: 1.000000e-04
Estimated error of manifold: 2.807498e-07
Approximate interval: 64

H: -1.599400e+00
Optimal displacement: 1.000000e-04
Estimated error of manifold: 2.736580e-07
Approximate interval: 83

H: -1.601400e+00
Optimal displacement: 1.000000e-04
Estimated error of manifold: 2.667774e-07
Approximate interval: 3

H: -1.603400e+00
Optimal displacement: 1.000000e-04
Estimated error of manifold: 2.601033e-07
Approximate interval: 18

H: -1.605400e+00
Optimal displacement: 1.000000e-04
Estimated error of manifold: 2.536308e-07
Approximate interval: 34

H: -1.607400e+00
Optimal displacement: 1.000000e-04
Estimated error of manifold: 2.473550e-07
Approximate interval: 53

H: -1.609400e+00
Optimal displacement: 1.000000e-04
Estimated error of manifold: 2.412711e-07
Approximate interval: 74

H: -1.611400e+00
Optimal displacement: 1.000000e-04
Estimated error of manifold: 2.353738e-07
Approximate interval: 0

H: -1.613400e+00
Optimal displacement: 1.000000e-04
Estimated error of manifold: 2.296583e-07
Approximate interval: 16

H: -1.615400e+00
Optimal displacement: 1.000000e-04
Estimated error of manifold: 2.241192e-07
Approximate interval: 35

H: -1.617400e+00
Optimal displacement: 1.000000e-04
Estimated error of manifold: 2.187515e-07
Approximate interval: 57

H: -1.619400e+00
Optimal displacement: 1.000000e-04
Estimated error of manifold: 2.135502e-07
Approximate interval: 83

H: -1.621400e+00
Optimal displacement: 1.000000e-04
Estimated error of manifold: 2.085099e-07
Approximate interval: 8

H: -1.623400e+00
Optimal displacement: 1.000000e-04
Estimated error of manifold: 2.036256e-07
Approximate interval: 28

H: -1.625400e+00
Optimal displacement: 1.000000e-04
Estimated error of manifold: 1.988922e-07
Approximate interval: 53

H: -1.627400e+00
Optimal displacement: 1.000000e-04
Estimated error of manifold: 1.943045e-07
Approximate interval: 81

H: -1.629400e+00
Optimal displacement: 1.000000e-04
Estimated error of manifold: 1.898575e-07
Approximate interval: 9

H: -1.631400e+00
Optimal displacement: 1.000000e-04
Estimated error of manifold: 1.855461e-07
Approximate interval: 33

H: -1.633400e+00
Optimal displacement: 1.000000e-04
Estimated error of manifold: 1.813653e-07
Approximate interval: 62

H: -1.635400e+00
Optimal displacement: 1.000000e-04
Estimated error of manifold: 1.773101e-07
Approximate interval: 95

H: -1.637400e+00
Optimal displacement: 1.000000e-04
Estimated error of manifold: 1.733756e-07
Approximate interval: 23

H: -1.639400e+00
Optimal displacement: 1.000000e-04
Estimated error of manifold: 1.695569e-07
Approximate interval: 53

H: -1.641400e+00
Optimal displacement: 1.000000e-04
Estimated error of manifold: 1.658492e-07
Approximate interval: 88

H: -1.643400e+00
Optimal displacement: 1.000000e-04
Estimated error of manifold: 1.622475e-07
Approximate interval: 21

H: -1.645400e+00
Optimal displacement: 1.000000e-04
Estimated error of manifold: 1.587471e-07
Approximate interval: 54

H: -1.647400e+00
Optimal displacement: 1.000000e-04
Estimated error of manifold: 1.553433e-07
Approximate interval: 94

H: -1.649400e+00
Optimal displacement: 1.000000e-04
Estimated error of manifold: 1.520313e-07
Approximate interval: 29

H: -1.651400e+00
Optimal displacement: 1.000000e-04
Estimated error of manifold: 1.488065e-07
Approximate interval: 68

H: -1.653400e+00
Optimal displacement: 1.000000e-04
Estimated error of manifold: 1.456641e-07
Approximate interval: 11

H: -1.655400e+00
Optimal displacement: 1.000000e-04
Estimated error of manifold: 1.425996e-07
Approximate interval: 50

H: -1.657400e+00
Optimal displacement: 1.000000e-04
Estimated error of manifold: 1.396083e-07
Approximate interval: 98

H: -1.659400e+00
Optimal displacement: 1.000000e-04
Estimated error of manifold: 1.366855e-07
Approximate interval: 40

H: -1.661400e+00
Optimal displacement: 1.000000e-04
Estimated error of manifold: 1.338266e-07
Approximate interval: 90

H: -1.663400e+00
Optimal displacement: 1.000000e-04
Estimated error of manifold: 1.310269e-07
Approximate interval: 37

H: -1.665400e+00
Optimal displacement: 1.000000e-04
Estimated error of manifold: 1.282817e-07
Approximate interval: 91

H: -1.667400e+00
Optimal displacement: 1.000000e-04
Estimated error of manifold: 1.255864e-07
Approximate interval: 43

H: -1.669400e+00
Optimal displacement: 1.000000e-04
Estimated error of manifold: 1.229360e-07
Approximate interval: 3

H: -1.671400e+00
Optimal displacement: 1.000000e-04
Estimated error of manifold: 1.203257e-07
Approximate interval: 59

H: -1.673400e+00
Optimal displacement: 1.000000e-04
Estimated error of manifold: 1.177507e-07
Approximate interval: 22

H: -1.675400e+00
Optimal displacement: 1.000000e-04
Estimated error of manifold: 1.152057e-07
Approximate interval: 88

H: -1.677400e+00
Optimal displacement: 1.000000e-04
Estimated error of manifold: 1.126857e-07
Approximate interval: 55

H: -1.679400e+00
Optimal displacement: 1.000000e-04
Estimated error of manifold: 1.101852e-07
Approximate interval: 28

H: -1.681400e+00
Optimal displacement: 1.000000e-04
Estimated error of manifold: 1.076987e-07
Approximate interval: 6

H: -1.683400e+00
Optimal displacement: 1.000000e-04
Estimated error of manifold: 1.052205e-07
Approximate interval: 85

H: -1.685400e+00
Optimal displacement: 1.000000e-04
Estimated error of manifold: 1.027446e-07
Approximate interval: 69

H: -1.687400e+00
Optimal displacement: 1.000000e-04
Estimated error of manifold: 1.002645e-07
Approximate interval: 60

H: -1.689400e+00
Optimal displacement: 1.000000e-04
Estimated error of manifold: 9.777364e-08
Approximate interval: 56

H: -1.691400e+00
Optimal displacement: 1.000000e-04
Estimated error of manifold: 9.526489e-08
Approximate interval: 59

H: -1.693400e+00
Optimal displacement: 1.000000e-04
Estimated error of manifold: 9.273063e-08
Approximate interval: 69

H: -1.695400e+00
Optimal displacement: 1.000000e-04
Estimated error of manifold: 9.016268e-08
Approximate interval: 88

H: -1.697400e+00
Optimal displacement: 1.000000e-04
Estimated error of manifold: 8.755212e-08
Approximate interval: 16

H: -1.699400e+00
Optimal displacement: 1.000000e-04
Estimated error of manifold: 8.488920e-08
Approximate interval: 52

H: -1.701400e+00
Optimal displacement: 1.000000e-04
Estimated error of manifold: 8.216312e-08
H=-1.701400e+00: couldn't find approx. intersection point
