
H: -1.719400e+00
Optimal displacement: 1.000000e-04
Estimated error of manifold: 1.743925e-08
Approximate interval: 32

H: -1.717400e+00
Optimal displacement: 1.000000e-04
Estimated error of manifold: 1.758017e-08
Approximate interval: 60

H: -1.715400e+00
Optimal displacement: 1.000000e-04
Estimated error of manifold: 1.760299e-08
Approximate interval: 67

H: -1.713400e+00
Optimal displacement: 1.000000e-04
Estimated error of manifold: 1.753962e-08
Approximate interval: 33

H: -1.711400e+00
Optimal displacement: 1.000000e-04
Estimated error of manifold: 1.741254e-08
Approximate interval: 44

H: -1.709400e+00
Optimal displacement: 1.000000e-04
Estimated error of manifold: 1.723812e-08
Approximate interval: 91

H: -1.707400e+00
Optimal displacement: 1.000000e-04
Estimated error of manifold: 1.702855e-08
Approximate interval: 65

H: -1.705400e+00
Optimal displacement: 1.000000e-04
Estimated error of manifold: 1.679318e-08
Approximate interval: 63

H: -1.703400e+00
Optimal displacement: 1.000000e-04
Estimated error of manifold: 1.653921e-08
Approximate interval: 81

H: -1.701400e+00
Optimal displacement: 1.000000e-04
Estimated error of manifold: 1.627233e-08
Approximate interval: 15

H: -1.699400e+00
Optimal displacement: 1.000000e-04
Estimated error of manifold: 1.599705e-08
Approximate interval: 62

H: -1.697400e+00
Optimal displacement: 1.000000e-04
Estimated error of manifold: 1.571701e-08
Approximate interval: 23

H: -1.695400e+00
Optimal displacement: 1.000000e-04
Estimated error of manifold: 1.543516e-08
Approximate interval: 94

H: -1.693400e+00
Optimal displacement: 1.000000e-04
Estimated error of manifold: 1.515389e-08
Approximate interval: 73

H: -1.691400e+00
Optimal displacement: 1.000000e-04
Estimated error of manifold: 1.487518e-08
Approximate interval: 60

H: -1.689400e+00
Optimal displacement: 1.000000e-04
Estimated error of manifold: 1.460066e-08
Approximate interval: 56

H: -1.687400e+00
Optimal displacement: 1.000000e-04
Estimated error of manifold: 1.433166e-08
Approximate interval: 57

H: -1.685400e+00
Optimal displacement: 1.000000e-04
Estimated error of manifold: 1.406933e-08
Approximate interval: 65

H: -1.683400e+00
Optimal displacement: 1.000000e-04
Estimated error of manifold: 1.381460e-08
Approximate interval: 79

H: -1.681400e+00
Optimal displacement: 1.000000e-04
Estimated error of manifold: 1.356825e-08
Approximate interval: 0

H: -1.679400e+00
Optimal displacement: 1.000000e-04
Estimated error of manifold: 1.333095e-08
Approximate interval: 20

H: -1.677400e+00
Optimal displacement: 1.000000e-04
Estimated error of manifold: 1.310324e-08
Approximate interval: 45

H: -1.675400e+00
Optimal displacement: 1.000000e-04
Estimated error of manifold: 1.288559e-08
Approximate interval: 76

H: -1.673400e+00
Optimal displacement: 1.000000e-04
Estimated error of manifold: 1.267836e-08
Approximate interval: 11

H: -1.671400e+00
Optimal displacement: 1.000000e-04
Estimated error of manifold: 1.248189e-08
Approximate interval: 45

H: -1.669400e+00
Optimal displacement: 1.000000e-04
Estimated error of manifold: 1.229642e-08
Approximate interval: 86

H: -1.667400e+00
Optimal displacement: 1.000000e-04
Estimated error of manifold: 1.212215e-08
Approximate interval: 27

H: -1.665400e+00
Optimal displacement: 1.000000e-04
Estimated error of manifold: 1.195923e-08
Approximate interval: 72

H: -1.663400e+00
Optimal displacement: 1.000000e-04
Estimated error of manifold: 1.180780e-08
Approximate interval: 20

H: -1.661400e+00
Optimal displacement: 1.000000e-04
Estimated error of manifold: 1.166790e-08
Approximate interval: 68

H: -1.659400e+00
Optimal displacement: 1.000000e-04
Estimated error of manifold: 1.153957e-08
Approximate interval: 21

H: -1.657400e+00
Optimal displacement: 1.000000e-04
Estimated error of manifold: 1.142281e-08
Approximate interval: 73

H: -1.655400e+00
Optimal displacement: 1.000000e-04
Estimated error of manifold: 1.131758e-08
Approximate interval: 28

H: -1.653400e+00
Optimal displacement: 1.000000e-04
Estimated error of manifold: 1.122382e-08
Approximate interval: 87

H: -1.651400e+00
Optimal displacement: 1.000000e-04
Estimated error of manifold: 1.114143e-08
Approximate interval: 43

H: -1.649400e+00
Optimal displacement: 1.000000e-04
Estimated error of manifold: 1.107027e-08
Approximate interval: 7

H: -1.647400e+00
Optimal displacement: 1.000000e-04
Estimated error of manifold: 1.101017e-08
Approximate interval: 65

H: -1.645400e+00
Optimal displacement: 1.000000e-04
Estimated error of manifold: 1.096100e-08
Approximate interval: 29

H: -1.643400e+00
Optimal displacement: 1.000000e-04
Estimated error of manifold: 1.092249e-08
Approximate interval: 96

H: -1.641400e+00
Optimal displacement: 1.000000e-04
Estimated error of manifold: 1.089446e-08
Approximate interval: 58

H: -1.639400e+00
Optimal displacement: 1.000000e-04
Estimated error of manifold: 1.087661e-08
Approximate interval: 25

H: -1.637400e+00
Optimal displacement: 1.000000e-04
Estimated error of manifold: 1.086871e-08
Approximate interval: 97

H: -1.635400e+00
Optimal displacement: 1.000000e-04
Estimated error of manifold: 1.087046e-08
Approximate interval: 61

H: -1.633400e+00
Optimal displacement: 1.000000e-04
Estimated error of manifold: 1.088153e-08
Approximate interval: 32

H: -1.631400e+00
Optimal displacement: 1.000000e-04
Estimated error of manifold: 1.090161e-08
Approximate interval: 6

H: -1.629400e+00
Optimal displacement: 1.000000e-04
Estimated error of manifold: 1.093039e-08
Approximate interval: 76

H: -1.627400e+00
Optimal displacement: 1.000000e-04
Estimated error of manifold: 1.096750e-08
Approximate interval: 47

H: -1.625400e+00
Optimal displacement: 1.000000e-04
Estimated error of manifold: 1.101260e-08
Approximate interval: 22

H: -1.623400e+00
Optimal displacement: 1.000000e-04
Estimated error of manifold: 1.106538e-08
u_i: segment is too large!
approxint: error during 20-th iteration of linear segment
H=-1.623400e+00: couldn't find approx. intersection point
