
H: -1.741000e+00
Optimal displacement: 1.000000e-06
Estimated error of manifold: 1.269502e-12
Approximate interval: 15
Approximate splitting half-angle: 0.074494

H: -1.742000e+00
Optimal displacement: 1.000000e-07
Estimated error of manifold: 5.626481e-14
Approximate interval: 58
Approximate splitting half-angle: 0.067980

H: -1.743000e+00
Optimal displacement: 1.000000e-07
Estimated error of manifold: 1.250391e-13
Approximate interval: 77
Approximate splitting half-angle: 0.065547

H: -1.744000e+00
Optimal displacement: 1.000000e-06
Estimated error of manifold: 1.174359e-12
Approximate interval: 50
Approximate splitting half-angle: 0.065434

H: -1.745000e+00
Optimal displacement: 1.000000e-06
Estimated error of manifold: 1.209855e-12
Approximate interval: 65
Approximate splitting half-angle: 0.060126

H: -1.746000e+00
Optimal displacement: 1.000000e-06
Estimated error of manifold: 1.201727e-12
Approximate interval: 82
Approximate splitting half-angle: 0.054205

H: -1.747000e+00
Optimal displacement: 1.000000e-06
Estimated error of manifold: 1.231133e-12
Approximate interval: 1
Approximate splitting half-angle: 0.050784

H: -1.748000e+00
Optimal displacement: 1.000000e-07
Estimated error of manifold: 8.630264e-14
Approximate interval: 51
Approximate splitting half-angle: 0.043435

H: -1.749000e+00
Optimal displacement: 1.000000e-07
Estimated error of manifold: 1.130054e-13
Approximate interval: 70
Approximate splitting half-angle: 0.038782

H: -1.750000e+00
Optimal displacement: 1.000000e-07
Estimated error of manifold: 5.479698e-14
Approximate interval: 93
Approximate splitting half-angle: 0.035737

H: -1.751000e+00
Optimal displacement: 1.000000e-06
Estimated error of manifold: 1.150910e-12
Approximate interval: 46
Approximate splitting half-angle: 0.030598

H: -1.752000e+00
Optimal displacement: 1.000000e-07
Estimated error of manifold: 9.945387e-14
Approximate interval: 20
Approximate splitting half-angle: 0.025281

H: -1.753000e+00
Optimal displacement: 1.000000e-07
Estimated error of manifold: 1.122903e-13
Approximate interval: 35
Approximate splitting half-angle: 0.021844

H: -1.754000e+00
Optimal displacement: 1.000000e-06
Estimated error of manifold: 1.144970e-12
Approximate interval: 0
Approximate splitting half-angle: 0.015630

H: -1.755000e+00
Optimal displacement: 1.000000e-06
Estimated error of manifold: 1.146226e-12
Approximate interval: 10
Approximate splitting half-angle: 0.012295

H: -1.756000e+00
Optimal displacement: 1.000000e-07
Estimated error of manifold: 1.093723e-13
Approximate interval: 96
Approximate splitting half-angle: 0.009796

H: -1.757000e+00
Optimal displacement: 1.000000e-07
Estimated error of manifold: 2.898964e-14
Approximate interval: 10
Approximate splitting half-angle: 0.005938

H: -1.758000e+00
Optimal displacement: 1.000000e-07
Estimated error of manifold: 9.142642e-14
Approximate interval: 24
Approximate splitting half-angle: 0.003462

H: -1.759000e+00
Optimal displacement: 1.000000e-07
Estimated error of manifold: 9.934691e-14
Approximate interval: 41
Approximate splitting half-angle: 0.002471

H: -1.760000e+00
Optimal displacement: 1.000000e-07
Estimated error of manifold: 7.274691e-14
Approximate interval: 60
Approximate splitting half-angle: -0.000391

H: -1.761000e+00
Optimal displacement: 1.000000e-06
Estimated error of manifold: 1.035399e-12
Approximate interval: 5
Approximate splitting half-angle: -0.001843

H: -1.762000e+00
Optimal displacement: 1.000000e-07
Estimated error of manifold: 7.984620e-14
Approximate interval: 4
Approximate splitting half-angle: -0.004444

H: -1.763000e+00
Optimal displacement: 1.000000e-06
Estimated error of manifold: 1.029830e-12
Approximate interval: 30
Approximate splitting half-angle: -0.004746

H: -1.764000e+00
Optimal displacement: 1.000000e-07
Estimated error of manifold: 8.446453e-14
Approximate interval: 35
Approximate splitting half-angle: -0.004400

H: -1.765000e+00
Optimal displacement: 1.000000e-07
Estimated error of manifold: 1.029535e-13
Approximate interval: 54
Approximate splitting half-angle: -0.006006

H: -1.766000e+00
Optimal displacement: 1.000000e-07
Estimated error of manifold: 7.351605e-14
Approximate interval: 77
Approximate splitting half-angle: -0.005984

H: -1.767000e+00
Optimal displacement: 1.000000e-07
Estimated error of manifold: 9.497647e-14
Approximate interval: 2
Approximate splitting half-angle: -0.005939

H: -1.768000e+00
Optimal displacement: 1.000000e-06
Estimated error of manifold: 1.015182e-12
Approximate interval: 17
Approximate splitting half-angle: -0.004156

H: -1.769000e+00
Optimal displacement: 1.000000e-07
Estimated error of manifold: 3.048112e-14
Approximate interval: 34
Approximate splitting half-angle: -0.005558

H: -1.770000e+00
Optimal displacement: 1.000000e-06
Estimated error of manifold: 9.576732e-13
Approximate interval: 48
Approximate splitting half-angle: -0.005180

H: -1.771000e+00
Optimal displacement: 1.000000e-07
Estimated error of manifold: 8.062002e-14
Approximate interval: 79
Approximate splitting half-angle: -0.004160

H: -1.772000e+00
Optimal displacement: 1.000000e-07
Estimated error of manifold: 3.853343e-14
Approximate interval: 4
Approximate splitting half-angle: -0.002982

H: -1.773000e+00
Optimal displacement: 1.000000e-07
Estimated error of manifold: 7.952963e-14
Approximate interval: 20
Approximate splitting half-angle: -0.002965

H: -1.774000e+00
Optimal displacement: 1.000000e-07
Estimated error of manifold: 6.354784e-14
Approximate interval: 39
Approximate splitting half-angle: -0.002804

H: -1.775000e+00
Optimal displacement: 1.000000e-07
Estimated error of manifold: 7.419257e-14
Approximate interval: 61
Approximate splitting half-angle: -0.003534

H: -1.776000e+00
Optimal displacement: 1.000000e-07
Estimated error of manifold: 9.029538e-14
Approximate interval: 88
Approximate splitting half-angle: -0.002288

H: -1.777000e+00
Optimal displacement: 1.000000e-06
Estimated error of manifold: 9.588873e-13
Approximate interval: 80
Approximate splitting half-angle: -0.002238

H: -1.778000e+00
Optimal displacement: 1.000000e-07
Estimated error of manifold: 8.526322e-14
Approximate interval: 28
Approximate splitting half-angle: -0.002021

H: -1.779000e+00
Optimal displacement: 1.000000e-07
Estimated error of manifold: 5.151600e-14
Approximate interval: 50
Approximate splitting half-angle: -0.001263

H: -1.780000e+00
Optimal displacement: 1.000000e-06
Estimated error of manifold: 9.478322e-13
Approximate interval: 35
Approximate splitting half-angle: -0.000868

H: -1.781000e+00
Optimal displacement: 1.000000e-07
Estimated error of manifold: 7.810550e-14
Approximate interval: 4
Approximate splitting half-angle: 0.000740

H: -1.782000e+00
Optimal displacement: 1.000000e-07
Estimated error of manifold: 7.073754e-14
Approximate interval: 22
Approximate splitting half-angle: -0.000149

H: -1.783000e+00
Optimal displacement: 1.000000e-07
Estimated error of manifold: 6.277903e-14
Approximate interval: 44
Approximate splitting half-angle: 0.000201

H: -1.784000e+00
Optimal displacement: 1.000000e-07
Estimated error of manifold: 7.069579e-14
Approximate interval: 70
Approximate splitting half-angle: 0.000384

H: -1.785000e+00
Optimal displacement: 1.000000e-07
Estimated error of manifold: 6.282824e-14
Approximate interval: 0
Approximate splitting half-angle: -0.000949

H: -1.786000e+00
Optimal displacement: 1.000000e-07
Estimated error of manifold: 7.851307e-14
Approximate interval: 20
Approximate splitting half-angle: 0.001048

H: -1.787000e+00
Optimal displacement: 1.000000e-06
Estimated error of manifold: 8.725321e-13
Approximate interval: 83
Approximate splitting half-angle: 0.000659

H: -1.788000e+00
Optimal displacement: 1.000000e-07
Estimated error of manifold: 4.286228e-14
Approximate interval: 69
Approximate splitting half-angle: 0.000180

H: -1.789000e+00
Optimal displacement: 1.000000e-07
Estimated error of manifold: 6.178928e-14
Approximate interval: 1
Approximate splitting half-angle: 0.000656

H: -1.790000e+00
Optimal displacement: 1.000000e-07
Estimated error of manifold: 5.269048e-14
Approximate interval: 21
Approximate splitting half-angle: 0.000113

H: -1.791000e+00
Optimal displacement: 1.000000e-06
Estimated error of manifold: 8.263975e-13
Approximate interval: 68
Approximate splitting half-angle: 0.000136

H: -1.792000e+00
Optimal displacement: 1.000000e-07
Estimated error of manifold: 5.210067e-14
Approximate interval: 74
Approximate splitting half-angle: 0.000158

H: -1.793000e+00
Optimal displacement: 1.000000e-07
Estimated error of manifold: 6.374413e-14
Approximate interval: 5
Approximate splitting half-angle: 0.000456

H: -1.794000e+00
Optimal displacement: 1.000000e-06
Estimated error of manifold: 8.048737e-13
Approximate interval: 36
Approximate splitting half-angle: 0.000415

H: -1.795000e+00
Optimal displacement: 1.000000e-06
Estimated error of manifold: 8.086405e-13
Approximate interval: 59
Approximate splitting half-angle: -0.000220

H: -1.796000e+00
Optimal displacement: 1.000000e-07
Estimated error of manifold: 7.186357e-14
Approximate interval: 85
Approximate splitting half-angle: -0.000200

H: -1.797000e+00
Optimal displacement: 1.000000e-07
Estimated error of manifold: 5.347960e-14
Approximate interval: 13
Approximate splitting half-angle: -0.000222

H: -1.798000e+00
Optimal displacement: 1.000000e-07
Estimated error of manifold: 6.109622e-14
Approximate interval: 39
Approximate splitting half-angle: 0.000367

H: -1.799000e+00
Optimal displacement: 1.000000e-07
Estimated error of manifold: 4.138755e-14
Approximate interval: 69
Approximate splitting half-angle: 0.000207

H: -1.800000e+00
Optimal displacement: 1.000000e-06
Estimated error of manifold: 7.769071e-13
Approximate interval: 84
Approximate splitting half-angle: -0.000102

H: -1.801000e+00
Optimal displacement: 1.000000e-07
Estimated error of manifold: 6.424191e-14
Approximate interval: 28
Approximate splitting half-angle: 0.000312

H: -1.802000e+00
Optimal displacement: 1.000000e-07
Estimated error of manifold: 6.290185e-14
Approximate interval: 57
Approximate splitting half-angle: 0.000072

H: -1.803000e+00
Optimal displacement: 1.000000e-07
Estimated error of manifold: 3.572606e-14
Approximate interval: 92
Approximate splitting half-angle: 0.000068

H: -1.804000e+00
Optimal displacement: 1.000000e-07
Estimated error of manifold: 5.990811e-14
Approximate interval: 20
Approximate splitting half-angle: 0.000001

H: -1.805000e+00
Optimal displacement: 1.000000e-07
Estimated error of manifold: 3.645493e-14
Approximate interval: 49
Approximate splitting half-angle: -0.000075

H: -1.806000e+00
Optimal displacement: 1.000000e-07
Estimated error of manifold: 5.109129e-14
Approximate interval: 84
Approximate splitting half-angle: -0.000026

H: -1.807000e+00
Optimal displacement: 1.000000e-07
Estimated error of manifold: 2.273795e-14
Approximate interval: 16
Approximate splitting half-angle: 0.000075

H: -1.808000e+00
Optimal displacement: 1.000000e-07
Estimated error of manifold: 1.114563e-14
Approximate interval: 45
Approximate splitting half-angle: -0.000086

H: -1.809000e+00
Optimal displacement: 1.000000e-07
Estimated error of manifold: 5.840809e-14
Approximate interval: 81
Approximate splitting half-angle: -0.000003

H: -1.810000e+00
Optimal displacement: 1.000000e-07
Estimated error of manifold: 5.953355e-14
Approximate interval: 15
Approximate splitting half-angle: 0.000032

H: -1.811000e+00
Optimal displacement: 1.000000e-06
Estimated error of manifold: 6.664111e-13
Approximate interval: 80
Approximate splitting half-angle: 0.000002

H: -1.812000e+00
Optimal displacement: 1.000000e-07
Estimated error of manifold: 3.970298e-14
Approximate interval: 82
Approximate splitting half-angle: -0.000002

H: -1.813000e+00
Optimal displacement: 1.000000e-06
Estimated error of manifold: 6.613584e-13
Approximate interval: 36
Approximate splitting half-angle: 0.000002

H: -1.814000e+00
Optimal displacement: 1.000000e-06
Estimated error of manifold: 6.701106e-13
Approximate interval: 66
Approximate splitting half-angle: 0.000047

H: -1.815000e+00
Optimal displacement: 1.000000e-07
Estimated error of manifold: 2.403137e-14
Approximate interval: 89
Approximate splitting half-angle: -0.000060

H: -1.816000e+00
Optimal displacement: 1.000000e-07
Estimated error of manifold: 5.953647e-14
Approximate interval: 23
Approximate splitting half-angle: -0.000092

H: -1.817000e+00
Optimal displacement: 1.000000e-06
Estimated error of manifold: 6.346976e-13
Approximate interval: 58
Approximate splitting half-angle: -0.000042

H: -1.818000e+00
Optimal displacement: 1.000000e-07
Estimated error of manifold: 4.381589e-14
Approximate interval: 1
Approximate splitting half-angle: -0.000181

H: -1.819000e+00
Optimal displacement: 1.000000e-06
Estimated error of manifold: 6.085361e-13
Approximate interval: 22
Approximate splitting half-angle: 0.000181

H: -1.820000e+00
Optimal displacement: 1.000000e-07
Estimated error of manifold: 5.990409e-14
Approximate interval: 71
Approximate splitting half-angle: 0.000150

H: -1.821000e+00
Optimal displacement: 1.000000e-06
Estimated error of manifold: 6.071792e-13
Approximate interval: 89
Approximate splitting half-angle: 0.000156

H: -1.822000e+00
Optimal displacement: 1.000000e-06
Estimated error of manifold: 6.118607e-13
Approximate interval: 21
Approximate splitting half-angle: -0.000059

H: -1.823000e+00
Optimal displacement: 1.000000e-07
Estimated error of manifold: 3.335275e-14
Approximate interval: 91
Approximate splitting half-angle: 0.000049

H: -1.824000e+00
Optimal displacement: 1.000000e-07
Estimated error of manifold: 1.108127e-14
Approximate interval: 29
Approximate splitting half-angle: -0.000295

H: -1.825000e+00
Optimal displacement: 1.000000e-06
Estimated error of manifold: 6.063133e-13
Approximate interval: 23
Approximate splitting half-angle: -0.000056

H: -1.826000e+00
Optimal displacement: 1.000000e-07
Estimated error of manifold: 4.689110e-14
Approximate interval: 13
Approximate splitting half-angle: -0.000323

H: -1.827000e+00
Optimal displacement: 1.000000e-06
Estimated error of manifold: 5.316867e-13
Approximate interval: 96
Approximate splitting half-angle: 0.000177

H: -1.828000e+00
Optimal displacement: 1.000000e-07
Estimated error of manifold: 5.269651e-14
Approximate interval: 0
Approximate splitting half-angle: -0.000436

H: -1.829000e+00
Optimal displacement: 1.000000e-06
Estimated error of manifold: 5.472435e-13
Approximate interval: 65
Approximate splitting half-angle: 0.000116

H: -1.830000e+00
Optimal displacement: 1.000000e-06
Estimated error of manifold: 5.003362e-13
Approximate interval: 6
Approximate splitting half-angle: -0.000286

H: -1.831000e+00
Optimal displacement: 1.000000e-07
Estimated error of manifold: 1.157844e-14
H=-1.831000e+00: couldn't find approx. intersection point
