
H: -1.740000e+00
Optimal displacement: 1.000000e-06
Estimated error of manifold: 1.267219e-12
Approximate interval: 6
Approximate splitting half-angle: -0.072504

H: -1.739000e+00
Optimal displacement: 1.000000e-06
Estimated error of manifold: 1.323656e-12
Approximate interval: 96
Approximate splitting half-angle: -0.074388

H: -1.738000e+00
Optimal displacement: 1.000000e-06
Estimated error of manifold: 1.311996e-12
Approximate interval: 77
Approximate splitting half-angle: -0.066558

H: -1.737000e+00
Optimal displacement: 1.000000e-06
Estimated error of manifold: 1.321011e-12
Approximate interval: 62
Approximate splitting half-angle: -0.070327

H: -1.736000e+00
Optimal displacement: 1.000000e-06
Estimated error of manifold: 1.367442e-12
Approximate interval: 48
Approximate splitting half-angle: -0.065071

H: -1.735000e+00
Optimal displacement: 1.000000e-06
Estimated error of manifold: 1.334036e-12
Approximate interval: 36
Approximate splitting half-angle: -0.061048

H: -1.734000e+00
Optimal displacement: 1.000000e-07
Estimated error of manifold: 1.286891e-13
Approximate interval: 41
Approximate splitting half-angle: -0.051622

H: -1.733000e+00
Optimal displacement: 1.000000e-06
Estimated error of manifold: 1.396813e-12
Approximate interval: 16
Approximate splitting half-angle: -0.040792

H: -1.732000e+00
Optimal displacement: 1.000000e-07
Estimated error of manifold: 1.355915e-13
Approximate interval: 17
Approximate splitting half-angle: -0.025082

H: -1.731000e+00
Optimal displacement: 1.000000e-07
Estimated error of manifold: 1.185838e-13
Approximate interval: 8
Approximate splitting half-angle: -0.018156

H: -1.730000e+00
Optimal displacement: 1.000000e-07
Estimated error of manifold: 1.314908e-13
Approximate interval: 0
Approximate splitting half-angle: 0.000974

H: -1.729000e+00
Optimal displacement: 1.000000e-06
Estimated error of manifold: 1.397686e-12
Approximate interval: 69
Approximate splitting half-angle: 0.025737

H: -1.728000e+00
Optimal displacement: 1.000000e-06
Estimated error of manifold: 1.410752e-12
Approximate interval: 55
Approximate splitting half-angle: 0.050186

H: -1.727000e+00
Optimal displacement: 1.000000e-07
Estimated error of manifold: 1.402532e-13
Approximate interval: 47
Approximate splitting half-angle: 0.071608

H: -1.726000e+00
Optimal displacement: 1.000000e-06
Estimated error of manifold: 1.489645e-12
Approximate interval: 32
Approximate splitting half-angle: 0.107905

H: -1.725000e+00
Optimal displacement: 1.000000e-06
Estimated error of manifold: 1.500289e-12
Approximate interval: 23
Approximate splitting half-angle: 0.130947

H: -1.724000e+00
Optimal displacement: 1.000000e-06
Estimated error of manifold: 1.504782e-12
Approximate interval: 15
Approximate splitting half-angle: 0.160191

H: -1.723000e+00
Optimal displacement: 1.000000e-06
Estimated error of manifold: 1.522115e-12
Approximate interval: 8
Approximate splitting half-angle: 0.192841

H: -1.722000e+00
Optimal displacement: 1.000000e-06
Estimated error of manifold: 1.538551e-12
Approximate interval: 2
Approximate splitting half-angle: 0.224320

H: -1.721000e+00
Optimal displacement: 1.000000e-06
Estimated error of manifold: 1.524416e-12
Approximate interval: 88
Approximate splitting half-angle: 0.280156

H: -1.720000e+00
Optimal displacement: 1.000000e-07
Estimated error of manifold: 1.305316e-13
Approximate interval: 61
Approximate splitting half-angle: 0.324267

H: -1.719000e+00
Optimal displacement: 1.000000e-06
Estimated error of manifold: 1.604435e-12
Approximate interval: 59
Approximate splitting half-angle: 0.365955

H: -1.718000e+00
Optimal displacement: 1.000000e-07
Estimated error of manifold: 1.502257e-13
Approximate interval: 35
Approximate splitting half-angle: 0.406622

H: -1.717000e+00
Optimal displacement: 1.000000e-07
Estimated error of manifold: 1.574795e-13
Approximate interval: 24
Approximate splitting half-angle: 0.460767

H: -1.716000e+00
Optimal displacement: 1.000000e-06
Estimated error of manifold: 1.615016e-12
Approximate interval: 27
Approximate splitting half-angle: 0.500451

H: -1.715000e+00
Optimal displacement: 1.000000e-07
Estimated error of manifold: 1.568278e-13
Approximate interval: 8
Approximate splitting half-angle: 0.533461

H: -1.714000e+00
Optimal displacement: 1.000000e-06
Estimated error of manifold: 1.701432e-12
Approximate interval: 12
Approximate splitting half-angle: 0.574494

H: -1.713000e+00
Optimal displacement: 1.000000e-06
Estimated error of manifold: 1.692693e-12
Approximate interval: 6
Approximate splitting half-angle: 0.605108

H: -1.712000e+00
Optimal displacement: 1.000000e-06
Estimated error of manifold: 1.717704e-12
Approximate interval: 1
Approximate splitting half-angle: 0.631905

H: -1.711000e+00
Optimal displacement: 1.000000e-06
Estimated error of manifold: 1.735459e-12
Approximate interval: 86
Approximate splitting half-angle: 0.650242

H: -1.710000e+00
Optimal displacement: 1.000000e-07
Estimated error of manifold: 1.693599e-13
Approximate interval: 41
Approximate splitting half-angle: 0.661978

H: -1.709000e+00
Optimal displacement: 1.000000e-06
Estimated error of manifold: 1.754913e-12
Approximate interval: 58
Approximate splitting half-angle: 0.661358

H: -1.708000e+00
Optimal displacement: 1.000000e-06
Estimated error of manifold: 1.791867e-12
Approximate interval: 47
Approximate splitting half-angle: 0.660834

H: -1.707000e+00
Optimal displacement: 1.000000e-07
Estimated error of manifold: 1.797900e-13
Approximate interval: 13
Approximate splitting half-angle: 0.631265

H: -1.706000e+00
Optimal displacement: 1.000000e-06
Estimated error of manifold: 1.844088e-12
Approximate interval: 28
Approximate splitting half-angle: 0.603011

H: -1.705000e+00
Optimal displacement: 1.000000e-07
Estimated error of manifold: 1.855581e-13
Approximate interval: 1
Approximate splitting half-angle: 0.573016

H: -1.704000e+00
Optimal displacement: 1.000000e-06
Estimated error of manifold: 1.919183e-12
Approximate interval: 13
Approximate splitting half-angle: 0.426851

H: -1.703000e+00
Optimal displacement: 1.000000e-06
Estimated error of manifold: 1.970104e-12
Approximate interval: 8
Approximate splitting half-angle: 0.400965

H: -1.702000e+00
Optimal displacement: 1.000000e-06
Estimated error of manifold: 1.979446e-12
Approximate interval: 3
Approximate splitting half-angle: 0.289915

H: -1.701000e+00
Optimal displacement: 1.000000e-06
Estimated error of manifold: 1.990988e-12
Approximate interval: 94
Approximate splitting half-angle: 0.114884

H: -1.700000e+00
Optimal displacement: 1.000000e-06
Estimated error of manifold: 1.988185e-12
Approximate interval: 79
Approximate splitting half-angle: -0.010460

H: -1.699000e+00
Optimal displacement: 1.000000e-06
Estimated error of manifold: 2.050720e-12
Approximate interval: 66
Approximate splitting half-angle: -0.129700

H: -1.698000e+00
Optimal displacement: 1.000000e-06
Estimated error of manifold: 2.021877e-12
Approximate interval: 54
Approximate splitting half-angle: -0.274177

H: -1.697000e+00
Optimal displacement: 1.000000e-06
Estimated error of manifold: 2.079298e-12
Approximate interval: 44
Approximate splitting half-angle: -0.382412

H: -1.696000e+00
Optimal displacement: 1.000000e-06
Estimated error of manifold: 2.124371e-12
Approximate interval: 35
Approximate splitting half-angle: -0.490456

H: -1.695000e+00
Optimal displacement: 1.000000e-06
Estimated error of manifold: 2.173712e-12
Approximate interval: 27
Approximate splitting half-angle: -0.588639

H: -1.694000e+00
Optimal displacement: 1.000000e-06
Estimated error of manifold: 2.262955e-12
Approximate interval: 21
Approximate splitting half-angle: -0.635490

H: -1.693000e+00
Optimal displacement: 1.000000e-06
Estimated error of manifold: 2.196860e-12
Approximate interval: 15
Approximate splitting half-angle: -0.705080

H: -1.692000e+00
Optimal displacement: 1.000000e-06
Estimated error of manifold: 2.243328e-12
Approximate interval: 10
Approximate splitting half-angle: -0.756528

H: -1.691000e+00
Optimal displacement: 1.000000e-06
Estimated error of manifold: 2.281329e-12
Approximate interval: 6
Approximate splitting half-angle: -0.791100

H: -1.690000e+00
Optimal displacement: 1.000000e-06
Estimated error of manifold: 2.286979e-12
Approximate interval: 2
Approximate splitting half-angle: -0.835770

H: -1.689000e+00
Optimal displacement: 1.000000e-06
Estimated error of manifold: 2.359071e-12
Approximate interval: 94
Approximate splitting half-angle: -0.871741

H: -1.688000e+00
Optimal displacement: 1.000000e-07
Estimated error of manifold: 2.316160e-13
Approximate interval: 18
Approximate splitting half-angle: -0.899530

H: -1.687000e+00
Optimal displacement: 1.000000e-06
Estimated error of manifold: 2.432318e-12
Approximate interval: 69
Approximate splitting half-angle: -0.919953

H: -1.686000e+00
Optimal displacement: 1.000000e-06
Estimated error of manifold: 2.467429e-12
Approximate interval: 58
Approximate splitting half-angle: -0.940549

H: -1.685000e+00
Optimal displacement: 1.000000e-06
Estimated error of manifold: 2.550955e-12
Approximate interval: 49
Approximate splitting half-angle: -0.957911

H: -1.684000e+00
Optimal displacement: 1.000000e-06
Estimated error of manifold: 2.574966e-12
Approximate interval: 41
Approximate splitting half-angle: -0.973622

H: -1.683000e+00
Optimal displacement: 1.000000e-06
Estimated error of manifold: 2.628598e-12
Approximate interval: 33
Approximate splitting half-angle: -0.985094

H: -1.682000e+00
Optimal displacement: 1.000000e-06
Estimated error of manifold: 2.614129e-12
Approximate interval: 27
Approximate splitting half-angle: -0.997969

H: -1.681000e+00
Optimal displacement: 1.000000e-06
Estimated error of manifold: 2.683620e-12
Approximate interval: 21
Approximate splitting half-angle: -1.005223

H: -1.680000e+00
Optimal displacement: 1.000000e-06
Estimated error of manifold: 2.715011e-12
Approximate interval: 17
Approximate splitting half-angle: -1.021134

H: -1.679000e+00
Optimal displacement: 1.000000e-06
Estimated error of manifold: 2.798706e-12
Approximate interval: 12
Approximate splitting half-angle: -1.022410

H: -1.678000e+00
Optimal displacement: 1.000000e-06
Estimated error of manifold: 2.857316e-12
Approximate interval: 9
Approximate splitting half-angle: -1.038921

H: -1.677000e+00
Optimal displacement: 1.000000e-06
Estimated error of manifold: 2.885378e-12
Approximate interval: 5
Approximate splitting half-angle: -1.034382

H: -1.676000e+00
Optimal displacement: 1.000000e-06
Estimated error of manifold: 2.983503e-12
Approximate interval: 2
Approximate splitting half-angle: -1.035141

H: -1.675000e+00
Optimal displacement: 1.000000e-06
Estimated error of manifold: 3.022011e-12
Approximate interval: 0
Approximate splitting half-angle: -1.051497

H: -1.674000e+00
Optimal displacement: 1.000000e-06
Estimated error of manifold: 3.033223e-12
Approximate interval: 89
Approximate splitting half-angle: -1.058650

H: -1.673000e+00
Optimal displacement: 1.000000e-06
Estimated error of manifold: 3.113452e-12
Approximate interval: 77
Approximate splitting half-angle: -1.059981

H: -1.672000e+00
Optimal displacement: 1.000000e-06
Estimated error of manifold: 3.147928e-12
Approximate interval: 67
Approximate splitting half-angle: -1.065147

H: -1.671000e+00
Optimal displacement: 1.000000e-06
Estimated error of manifold: 3.221790e-12
Approximate interval: 58
Approximate splitting half-angle: -1.069479

H: -1.670000e+00
Optimal displacement: 1.000000e-06
Estimated error of manifold: 3.354216e-12
Approximate interval: 50
Approximate splitting half-angle: -1.073778

H: -1.669000e+00
Optimal displacement: 1.000000e-06
Estimated error of manifold: 3.398331e-12
Approximate interval: 43
Approximate splitting half-angle: -1.079268

H: -1.668000e+00
Optimal displacement: 1.000000e-06
Estimated error of manifold: 3.523279e-12
Approximate interval: 36
Approximate splitting half-angle: -1.074942

H: -1.667000e+00
Optimal displacement: 1.000000e-06
Estimated error of manifold: 3.533875e-12
Approximate interval: 30
Approximate splitting half-angle: -1.071899

H: -1.666000e+00
Optimal displacement: 1.000000e-06
Estimated error of manifold: 3.641283e-12
Approximate interval: 25
Approximate splitting half-angle: -1.073802

H: -1.665000e+00
Optimal displacement: 1.000000e-06
Estimated error of manifold: 3.729456e-12
Approximate interval: 21
Approximate splitting half-angle: -1.084918

H: -1.664000e+00
Optimal displacement: 1.000000e-06
Estimated error of manifold: 3.722064e-12
Approximate interval: 17
Approximate splitting half-angle: -1.086113

H: -1.663000e+00
Optimal displacement: 1.000000e-06
Estimated error of manifold: 3.809466e-12
Approximate interval: 13
Approximate splitting half-angle: -1.073011

H: -1.662000e+00
Optimal displacement: 1.000000e-06
Estimated error of manifold: 3.910747e-12
Approximate interval: 10
Approximate splitting half-angle: -1.075829

H: -1.661000e+00
Optimal displacement: 1.000000e-06
Estimated error of manifold: 4.017403e-12
Approximate interval: 8
Approximate splitting half-angle: -1.102876

H: -1.660000e+00
Optimal displacement: 1.000000e-06
Estimated error of manifold: 4.077258e-12
Approximate interval: 5
Approximate splitting half-angle: -1.080690

H: -1.659000e+00
Optimal displacement: 1.000000e-06
Estimated error of manifold: 4.249866e-12
Approximate interval: 3
Approximate splitting half-angle: -1.086409

H: -1.658000e+00
Optimal displacement: 1.000000e-06
Estimated error of manifold: 4.273027e-12
Approximate interval: 1
Approximate splitting half-angle: -1.076878

H: -1.657000e+00
Optimal displacement: 1.000000e-06
Estimated error of manifold: 4.413334e-12
Approximate interval: 0
Approximate splitting half-angle: -1.116241

H: -1.656000e+00
Optimal displacement: 1.000000e-06
Estimated error of manifold: 4.537054e-12
Approximate interval: 88
Approximate splitting half-angle: -1.092655

H: -1.655000e+00
Optimal displacement: 1.000000e-06
Estimated error of manifold: 4.653589e-12
Approximate interval: 78
Approximate splitting half-angle: -1.094320

H: -1.654000e+00
Optimal displacement: 1.000000e-06
Estimated error of manifold: 4.760438e-12
Approximate interval: 69
Approximate splitting half-angle: -1.096140

H: -1.653000e+00
Optimal displacement: 1.000000e-06
Estimated error of manifold: 4.839446e-12
Approximate interval: 61
Approximate splitting half-angle: -1.099527

H: -1.652000e+00
Optimal displacement: 1.000000e-07
Estimated error of manifold: 4.952667e-13
Approximate interval: 65
Approximate splitting half-angle: -1.089767

H: -1.651000e+00
Optimal displacement: 1.000000e-06
Estimated error of manifold: 5.118053e-12
Approximate interval: 47
Approximate splitting half-angle: -1.101157

H: -1.650000e+00
Optimal displacement: 1.000000e-06
Estimated error of manifold: 5.280381e-12
Approximate interval: 41
Approximate splitting half-angle: -1.100929

H: -1.649000e+00
Optimal displacement: 1.000000e-06
Estimated error of manifold: 5.417998e-12
Approximate interval: 35
Approximate splitting half-angle: -1.084317

H: -1.648000e+00
Optimal displacement: 1.000000e-06
Estimated error of manifold: 5.586221e-12
Approximate interval: 31
Approximate splitting half-angle: -1.105786

H: -1.647000e+00
Optimal displacement: 1.000000e-07
Estimated error of manifold: 5.616358e-13
Approximate interval: 30
Approximate splitting half-angle: -1.108456

H: -1.646000e+00
Optimal displacement: 1.000000e-06
Estimated error of manifold: 5.848783e-12
Approximate interval: 23
Approximate splitting half-angle: -1.112505

H: -1.645000e+00
Optimal displacement: 1.000000e-06
Estimated error of manifold: 5.984842e-12
Approximate interval: 19
Approximate splitting half-angle: -1.091152

H: -1.644000e+00
Optimal displacement: 1.000000e-06
Estimated error of manifold: 6.148004e-12
Approximate interval: 16
Approximate splitting half-angle: -1.093426

H: -1.643000e+00
Optimal displacement: 1.000000e-07
Estimated error of manifold: 6.411670e-13
Approximate interval: 14
Approximate splitting half-angle: -1.119291

H: -1.642000e+00
Optimal displacement: 1.000000e-06
Estimated error of manifold: 6.593420e-12
Approximate interval: 11
Approximate splitting half-angle: -1.102641

H: -1.641000e+00
Optimal displacement: 1.000000e-07
Estimated error of manifold: 6.501215e-13
Approximate interval: 8
Approximate splitting half-angle: -1.079704

H: -1.640000e+00
Optimal displacement: 1.000000e-06
Estimated error of manifold: 6.951263e-12
Approximate interval: 7
Approximate splitting half-angle: -1.110770

H: -1.639000e+00
Optimal displacement: 1.000000e-06
Estimated error of manifold: 7.220477e-12
Approximate interval: 5
Approximate splitting half-angle: -1.084603

H: -1.638000e+00
Optimal displacement: 1.000000e-06
Estimated error of manifold: 7.480107e-12
Approximate interval: 4
Approximate splitting half-angle: -1.132999

H: -1.637000e+00
Optimal displacement: 1.000000e-07
Estimated error of manifold: 7.619668e-13
Approximate interval: 1
Approximate splitting half-angle: -1.085666

H: -1.636000e+00
Optimal displacement: 1.000000e-06
Estimated error of manifold: 7.914894e-12
Approximate interval: 1
Approximate splitting half-angle: -1.080843

H: -1.635000e+00
Optimal displacement: 1.000000e-06
Estimated error of manifold: 8.154556e-12
Approximate interval: 0
Approximate splitting half-angle: -1.084665

H: -1.634000e+00
Optimal displacement: 1.000000e-06
Estimated error of manifold: 8.454881e-12
Approximate interval: 94
Approximate splitting half-angle: -1.090329

H: -1.633000e+00
Optimal displacement: 1.000000e-07
Estimated error of manifold: 8.056230e-13
Approximate interval: 70
Approximate splitting half-angle: -1.103570

H: -1.632000e+00
Optimal displacement: 1.000000e-07
Estimated error of manifold: 8.644506e-13
Approximate interval: 61
Approximate splitting half-angle: -1.094932

H: -1.631000e+00
Optimal displacement: 1.000000e-07
Estimated error of manifold: 8.631100e-13
Approximate interval: 53
Approximate splitting half-angle: -1.084642

H: -1.630000e+00
Optimal displacement: 1.000000e-07
Estimated error of manifold: 8.671498e-13
Approximate interval: 47
Approximate splitting half-angle: -1.109634

H: -1.629000e+00
Optimal displacement: 1.000000e-07
Estimated error of manifold: 9.470586e-13
Approximate interval: 40
Approximate splitting half-angle: -1.076238

H: -1.628000e+00
Optimal displacement: 1.000000e-07
Estimated error of manifold: 1.011771e-12
Approximate interval: 35
Approximate splitting half-angle: -1.091882

H: -1.627000e+00
Optimal displacement: 1.000000e-07
Estimated error of manifold: 9.665498e-13
Approximate interval: 30
Approximate splitting half-angle: -1.080161

H: -1.626000e+00
Optimal displacement: 1.000000e-07
Estimated error of manifold: 1.010282e-12
Approximate interval: 26
Approximate splitting half-angle: -1.093051

H: -1.625000e+00
Optimal displacement: 1.000000e-07
Estimated error of manifold: 1.053942e-12
Approximate interval: 22
Approximate splitting half-angle: -1.076245

H: -1.624000e+00
Optimal displacement: 1.000000e-07
Estimated error of manifold: 9.230140e-13
Approximate interval: 19
Approximate splitting half-angle: -1.099921

H: -1.623000e+00
Optimal displacement: 1.000000e-07
Estimated error of manifold: 9.904220e-13
Approximate interval: 16
Approximate splitting half-angle: -1.096426

H: -1.622000e+00
Optimal displacement: 1.000000e-07
Estimated error of manifold: 1.015134e-12
Approximate interval: 13
Approximate splitting half-angle: -1.051504

H: -1.621000e+00
Optimal displacement: 1.000000e-07
Estimated error of manifold: 1.114529e-12
Approximate interval: 11
Approximate splitting half-angle: -1.085808

H: -1.620000e+00
Optimal displacement: 1.000000e-07
Estimated error of manifold: 1.146067e-12
Approximate interval: 9
Approximate splitting half-angle: -1.087982

H: -1.619000e+00
Optimal displacement: 1.000000e-07
Estimated error of manifold: 1.183113e-12
Approximate interval: 7
Approximate splitting half-angle: -1.047139

H: -1.618000e+00
Optimal displacement: 1.000000e-07
Estimated error of manifold: 1.237633e-12
Approximate interval: 6
Approximate splitting half-angle: -1.137532

H: -1.617000e+00
Optimal displacement: 1.000000e-07
Estimated error of manifold: 1.183026e-12
Approximate interval: 4
Approximate splitting half-angle: -1.007505

H: -1.616000e+00
Optimal displacement: 1.000000e-07
Estimated error of manifold: 1.315231e-12
Approximate interval: 3
Approximate splitting half-angle: -1.061419

H: -1.615000e+00
Optimal displacement: 1.000000e-07
Estimated error of manifold: 1.216668e-12
Approximate interval: 2
Approximate splitting half-angle: -1.071688

H: -1.614000e+00
Optimal displacement: 1.000000e-07
Estimated error of manifold: 1.333663e-12
Approximate interval: 1
Approximate splitting half-angle: -1.032344

H: -1.613000e+00
Optimal displacement: 1.000000e-07
Estimated error of manifold: 1.305480e-12
Approximate interval: 0
Approximate splitting half-angle: -0.845971

H: -1.612000e+00
Optimal displacement: 1.000000e-07
Estimated error of manifold: 1.364274e-12
Approximate interval: 0
Approximate splitting half-angle: -1.179354

H: -1.611000e+00
Optimal displacement: 1.000000e-07
Estimated error of manifold: 1.490065e-12
Approximate interval: 91
Approximate splitting half-angle: -1.104842

H: -1.610000e+00
Optimal displacement: 1.000000e-07
Estimated error of manifold: 1.539452e-12
Approximate interval: 81
Approximate splitting half-angle: -1.102955

H: -1.609000e+00
Optimal displacement: 1.000000e-07
Estimated error of manifold: 1.505853e-12
Approximate interval: 72
Approximate splitting half-angle: -1.100598

H: -1.608000e+00
Optimal displacement: 1.000000e-07
Estimated error of manifold: 1.588989e-12
Approximate interval: 64
Approximate splitting half-angle: -1.101027

H: -1.607000e+00
Optimal displacement: 1.000000e-07
Estimated error of manifold: 1.713093e-12
Approximate interval: 57
Approximate splitting half-angle: -1.108661

H: -1.606000e+00
Optimal displacement: 1.000000e-07
Estimated error of manifold: 1.697274e-12
Approximate interval: 51
Approximate splitting half-angle: -1.127605

H: -1.605000e+00
Optimal displacement: 1.000000e-07
Estimated error of manifold: 1.589653e-12
Approximate interval: 45
Approximate splitting half-angle: -1.122471

H: -1.604000e+00
Optimal displacement: 1.000000e-07
Estimated error of manifold: 1.766329e-12
Approximate interval: 40
Approximate splitting half-angle: -1.134107

H: -1.603000e+00
Optimal displacement: 1.000000e-07
Estimated error of manifold: 1.769368e-12
Approximate interval: 35
Approximate splitting half-angle: -1.120223

H: -1.602000e+00
Optimal displacement: 1.000000e-07
Estimated error of manifold: 1.696668e-12
Approximate interval: 31
Approximate splitting half-angle: -1.132684

H: -1.601000e+00
Optimal displacement: 1.000000e-07
Estimated error of manifold: 1.721117e-12
Approximate interval: 27
Approximate splitting half-angle: -1.118124

H: -1.600000e+00
Optimal displacement: 1.000000e-07
Estimated error of manifold: 1.920097e-12
Approximate interval: 24
Approximate splitting half-angle: -1.144751

H: -1.599000e+00
Optimal displacement: 1.000000e-07
Estimated error of manifold: 2.012652e-12
Approximate interval: 21
Approximate splitting half-angle: -1.147978

H: -1.598000e+00
Optimal displacement: 1.000000e-07
Estimated error of manifold: 2.153656e-12
Approximate interval: 18
Approximate splitting half-angle: -1.122135

H: -1.597000e+00
Optimal displacement: 1.000000e-07
Estimated error of manifold: 1.991277e-12
Approximate interval: 16
Approximate splitting half-angle: -1.160819

H: -1.596000e+00
Optimal displacement: 1.000000e-07
Estimated error of manifold: 2.195150e-12
Approximate interval: 14
Approximate splitting half-angle: -1.176203

H: -1.595000e+00
Optimal displacement: 1.000000e-07
Estimated error of manifold: 2.214828e-12
Approximate interval: 12
Approximate splitting half-angle: -1.172288

H: -1.594000e+00
Optimal displacement: 1.000000e-07
Estimated error of manifold: 2.422688e-12
Approximate interval: 10
Approximate splitting half-angle: -1.138251

H: -1.593000e+00
Optimal displacement: 1.000000e-07
Estimated error of manifold: 2.373775e-12
Approximate interval: 9
Approximate splitting half-angle: -1.200923

H: -1.592000e+00
Optimal displacement: 1.000000e-07
Estimated error of manifold: 2.220332e-12
Approximate interval: 7
Approximate splitting half-angle: -1.102704

H: -1.591000e+00
Optimal displacement: 1.000000e-07
Estimated error of manifold: 2.426650e-12
Approximate interval: 6
Approximate splitting half-angle: -1.144035

H: -1.590000e+00
Optimal displacement: 1.000000e-07
Estimated error of manifold: 2.624618e-12
Approximate interval: 5
Approximate splitting half-angle: -1.155422

H: -1.589000e+00
Optimal displacement: 1.000000e-07
Estimated error of manifold: 2.735882e-12
Approximate interval: 4
Approximate splitting half-angle: -1.137353

H: -1.588000e+00
Optimal displacement: 1.000000e-07
Estimated error of manifold: 2.621812e-12
Approximate interval: 3
Approximate splitting half-angle: -1.052650

H: -1.587000e+00
Optimal displacement: 1.000000e-07
Estimated error of manifold: 2.881726e-12
Approximate interval: 3
Approximate splitting half-angle: -1.242544

H: -1.586000e+00
Optimal displacement: 1.000000e-07
Estimated error of manifold: 2.791429e-12
Approximate interval: 2
Approximate splitting half-angle: -1.190363

H: -1.585000e+00
Optimal displacement: 1.000000e-07
Estimated error of manifold: 2.976607e-12
Approximate interval: 1
Approximate splitting half-angle: -0.780728

H: -1.584000e+00
Optimal displacement: 1.000000e-07
Estimated error of manifold: 3.067103e-12
Approximate interval: 1
Approximate splitting half-angle: -1.210447

H: -1.583000e+00
Optimal displacement: 1.000000e-07
Estimated error of manifold: 3.236819e-12
Approximate interval: 0
Approximate splitting half-angle: 0.715739

H: -1.582000e+00
Optimal displacement: 1.000000e-07
Estimated error of manifold: 3.273029e-12
Approximate interval: 0
Approximate splitting half-angle: -1.121090

H: -1.581000e+00
Optimal displacement: 1.000000e-07
Estimated error of manifold: 3.356429e-12
Approximate interval: 0
Approximate splitting half-angle: -1.250547

H: -1.580000e+00
Optimal displacement: 1.000000e-07
Estimated error of manifold: 3.580787e-12
Approximate interval: 97
Approximate splitting half-angle: -1.185771

H: -1.579000e+00
Optimal displacement: 1.000000e-07
Estimated error of manifold: 3.633343e-12
Approximate interval: 87
Approximate splitting half-angle: -1.179088

H: -1.578000e+00
Optimal displacement: 1.000000e-07
Estimated error of manifold: 3.560966e-12
Approximate interval: 79
Approximate splitting half-angle: -1.193416

H: -1.577000e+00
Optimal displacement: 1.000000e-07
Estimated error of manifold: 3.803336e-12
Approximate interval: 71
Approximate splitting half-angle: -1.192681

H: -1.576000e+00
Optimal displacement: 1.000000e-07
Estimated error of manifold: 4.005530e-12
Approximate interval: 64
Approximate splitting half-angle: -1.197496

H: -1.575000e+00
Optimal displacement: 1.000000e-07
Estimated error of manifold: 4.098085e-12
Approximate interval: 57
Approximate splitting half-angle: -1.185260

H: -1.574000e+00
Optimal displacement: 1.000000e-07
Estimated error of manifold: 4.291007e-12
Approximate interval: 52
Approximate splitting half-angle: -1.209756

H: -1.573000e+00
Optimal displacement: 1.000000e-07
Estimated error of manifold: 4.342751e-12
Approximate interval: 46
Approximate splitting half-angle: -1.191623

H: -1.572000e+00
Optimal displacement: 1.000000e-07
Estimated error of manifold: 4.281401e-12
Approximate interval: 42
Approximate splitting half-angle: -1.218063

H: -1.571000e+00
Optimal displacement: 1.000000e-07
Estimated error of manifold: 5.020749e-12
Approximate interval: 37
Approximate splitting half-angle: -1.198467

H: -1.570000e+00
Optimal displacement: 1.000000e-07
Estimated error of manifold: 4.992669e-12
Approximate interval: 33
Approximate splitting half-angle: -1.195924

H: -1.569000e+00
Optimal displacement: 1.000000e-07
Estimated error of manifold: 5.147153e-12
Approximate interval: 30
Approximate splitting half-angle: -1.220285

H: -1.568000e+00
Optimal displacement: 1.000000e-07
Estimated error of manifold: 5.568213e-12
Approximate interval: 27
Approximate splitting half-angle: -1.230660

H: -1.567000e+00
Optimal displacement: 1.000000e-07
Estimated error of manifold: 5.613584e-12
Approximate interval: 24
Approximate splitting half-angle: -1.229284

H: -1.566000e+00
Optimal displacement: 1.000000e-07
Estimated error of manifold: 5.939227e-12
Approximate interval: 21
Approximate splitting half-angle: -1.211285

H: -1.565000e+00
Optimal displacement: 1.000000e-07
Estimated error of manifold: 6.007266e-12
Approximate interval: 19
Approximate splitting half-angle: -1.232687

H: -1.564000e+00
Optimal displacement: 1.000000e-07
Estimated error of manifold: 5.984358e-12
Approximate interval: 17
Approximate splitting half-angle: -1.241461

H: -1.563000e+00
Optimal displacement: 1.000000e-07
Estimated error of manifold: 6.204603e-12
Approximate interval: 15
Approximate splitting half-angle: -1.239228

H: -1.562000e+00
Optimal displacement: 1.000000e-07
Estimated error of manifold: 6.643868e-12
Approximate interval: 13
Approximate splitting half-angle: -1.220619

H: -1.561000e+00
Optimal displacement: 1.000000e-07
Estimated error of manifold: 7.096877e-12
Approximate interval: 12
Approximate splitting half-angle: -1.259854

H: -1.560000e+00
Optimal displacement: 1.000000e-07
Estimated error of manifold: 7.034509e-12
Approximate interval: 10
Approximate splitting half-angle: -1.212772
