
H: -1.741000e+00
Optimal displacement: 1.000000e-06
Estimated error of manifold: 1.269505e-12
Approximate interval: 15
Approximate splitting half-angle: -0.074494

H: -1.742000e+00
Optimal displacement: 1.000000e-07
Estimated error of manifold: 5.626510e-14
Approximate interval: 58
Approximate splitting half-angle: -0.067980

H: -1.743000e+00
Optimal displacement: 1.000000e-07
Estimated error of manifold: 1.250394e-13
Approximate interval: 77
Approximate splitting half-angle: -0.065547

H: -1.744000e+00
Optimal displacement: 1.000000e-06
Estimated error of manifold: 1.174362e-12
Approximate interval: 50
Approximate splitting half-angle: -0.065434

H: -1.745000e+00
Optimal displacement: 1.000000e-06
Estimated error of manifold: 1.209857e-12
Approximate interval: 65
Approximate splitting half-angle: -0.060126

H: -1.746000e+00
Optimal displacement: 1.000000e-06
Estimated error of manifold: 1.201729e-12
Approximate interval: 82
Approximate splitting half-angle: -0.054205

H: -1.747000e+00
Optimal displacement: 1.000000e-06
Estimated error of manifold: 1.231136e-12
Approximate interval: 1
Approximate splitting half-angle: -0.050784

H: -1.748000e+00
Optimal displacement: 1.000000e-07
Estimated error of manifold: 8.630292e-14
Approximate interval: 51
Approximate splitting half-angle: -0.043435

H: -1.749000e+00
Optimal displacement: 1.000000e-07
Estimated error of manifold: 1.130057e-13
Approximate interval: 70
Approximate splitting half-angle: -0.038782

H: -1.750000e+00
Optimal displacement: 1.000000e-07
Estimated error of manifold: 5.479723e-14
Approximate interval: 93
Approximate splitting half-angle: -0.035737

H: -1.751000e+00
Optimal displacement: 1.000000e-06
Estimated error of manifold: 1.150912e-12
Approximate interval: 46
Approximate splitting half-angle: -0.030598

H: -1.752000e+00
Optimal displacement: 1.000000e-07
Estimated error of manifold: 9.945413e-14
Approximate interval: 20
Approximate splitting half-angle: -0.025281

H: -1.753000e+00
Optimal displacement: 1.000000e-07
Estimated error of manifold: 1.122905e-13
Approximate interval: 35
Approximate splitting half-angle: -0.021844

H: -1.754000e+00
Optimal displacement: 1.000000e-06
Estimated error of manifold: 1.144972e-12
Approximate interval: 0
Approximate splitting half-angle: -0.015630

H: -1.755000e+00
Optimal displacement: 1.000000e-06
Estimated error of manifold: 1.146229e-12
Approximate interval: 10
Approximate splitting half-angle: -0.012295

H: -1.756000e+00
Optimal displacement: 1.000000e-07
Estimated error of manifold: 1.093725e-13
Approximate interval: 96
Approximate splitting half-angle: -0.009796

H: -1.757000e+00
Optimal displacement: 1.000000e-07
Estimated error of manifold: 2.898986e-14
Approximate interval: 10
Approximate splitting half-angle: -0.005938

H: -1.758000e+00
Optimal displacement: 1.000000e-07
Estimated error of manifold: 9.142665e-14
Approximate interval: 24
Approximate splitting half-angle: -0.003462

H: -1.759000e+00
Optimal displacement: 1.000000e-07
Estimated error of manifold: 9.934713e-14
Approximate interval: 41
Approximate splitting half-angle: -0.002471

H: -1.760000e+00
Optimal displacement: 1.000000e-07
Estimated error of manifold: 7.274712e-14
Approximate interval: 60
Approximate splitting half-angle: 0.000391

H: -1.761000e+00
Optimal displacement: 1.000000e-06
Estimated error of manifold: 1.035402e-12
Approximate interval: 5
Approximate splitting half-angle: 0.001843

H: -1.762000e+00
Optimal displacement: 1.000000e-07
Estimated error of manifold: 7.984642e-14
Approximate interval: 4
Approximate splitting half-angle: 0.004444

H: -1.763000e+00
Optimal displacement: 1.000000e-06
Estimated error of manifold: 1.029832e-12
Approximate interval: 30
Approximate splitting half-angle: 0.004746

H: -1.764000e+00
Optimal displacement: 1.000000e-07
Estimated error of manifold: 8.446476e-14
Approximate interval: 35
Approximate splitting half-angle: 0.004400

H: -1.765000e+00
Optimal displacement: 1.000000e-07
Estimated error of manifold: 1.029537e-13
Approximate interval: 54
Approximate splitting half-angle: 0.006006

H: -1.766000e+00
Optimal displacement: 1.000000e-07
Estimated error of manifold: 7.351626e-14
Approximate interval: 77
Approximate splitting half-angle: 0.005984

H: -1.767000e+00
Optimal displacement: 1.000000e-07
Estimated error of manifold: 9.497669e-14
Approximate interval: 2
Approximate splitting half-angle: 0.005939

H: -1.768000e+00
Optimal displacement: 1.000000e-06
Estimated error of manifold: 1.015185e-12
Approximate interval: 17
Approximate splitting half-angle: 0.004156

H: -1.769000e+00
Optimal displacement: 1.000000e-07
Estimated error of manifold: 3.048134e-14
Approximate interval: 34
Approximate splitting half-angle: 0.005558

H: -1.770000e+00
Optimal displacement: 1.000000e-06
Estimated error of manifold: 9.576753e-13
Approximate interval: 48
Approximate splitting half-angle: 0.005180

H: -1.771000e+00
Optimal displacement: 1.000000e-07
Estimated error of manifold: 8.062022e-14
Approximate interval: 79
Approximate splitting half-angle: 0.004160

H: -1.772000e+00
Optimal displacement: 1.000000e-07
Estimated error of manifold: 3.853362e-14
Approximate interval: 4
Approximate splitting half-angle: 0.002982

H: -1.773000e+00
Optimal displacement: 1.000000e-07
Estimated error of manifold: 7.952985e-14
Approximate interval: 20
Approximate splitting half-angle: 0.002965

H: -1.774000e+00
Optimal displacement: 1.000000e-07
Estimated error of manifold: 6.354805e-14
Approximate interval: 39
Approximate splitting half-angle: 0.002804

H: -1.775000e+00
Optimal displacement: 1.000000e-07
Estimated error of manifold: 7.419278e-14
Approximate interval: 61
Approximate splitting half-angle: 0.003534

H: -1.776000e+00
Optimal displacement: 1.000000e-07
Estimated error of manifold: 9.029556e-14
Approximate interval: 88
Approximate splitting half-angle: 0.002288

H: -1.777000e+00
Optimal displacement: 1.000000e-06
Estimated error of manifold: 9.588895e-13
Approximate interval: 80
Approximate splitting half-angle: 0.002238

H: -1.778000e+00
Optimal displacement: 1.000000e-07
Estimated error of manifold: 8.526343e-14
Approximate interval: 28
Approximate splitting half-angle: 0.002021

H: -1.779000e+00
Optimal displacement: 1.000000e-07
Estimated error of manifold: 5.151620e-14
Approximate interval: 50
Approximate splitting half-angle: 0.001263

H: -1.780000e+00
Optimal displacement: 1.000000e-06
Estimated error of manifold: 9.478343e-13
Approximate interval: 35
Approximate splitting half-angle: 0.000868

H: -1.781000e+00
Optimal displacement: 1.000000e-07
Estimated error of manifold: 7.810571e-14
Approximate interval: 4
Approximate splitting half-angle: -0.000740

H: -1.782000e+00
Optimal displacement: 1.000000e-07
Estimated error of manifold: 7.073775e-14
Approximate interval: 22
Approximate splitting half-angle: 0.000149

H: -1.783000e+00
Optimal displacement: 1.000000e-07
Estimated error of manifold: 6.277922e-14
Approximate interval: 44
Approximate splitting half-angle: -0.000201

H: -1.784000e+00
Optimal displacement: 1.000000e-07
Estimated error of manifold: 7.069599e-14
Approximate interval: 70
Approximate splitting half-angle: -0.000384

H: -1.785000e+00
Optimal displacement: 1.000000e-07
Estimated error of manifold: 6.282842e-14
Approximate interval: 0
Approximate splitting half-angle: 0.000949

H: -1.786000e+00
Optimal displacement: 1.000000e-07
Estimated error of manifold: 7.851327e-14
Approximate interval: 20
Approximate splitting half-angle: -0.001048

H: -1.787000e+00
Optimal displacement: 1.000000e-06
Estimated error of manifold: 8.725341e-13
Approximate interval: 83
Approximate splitting half-angle: -0.000659

H: -1.788000e+00
Optimal displacement: 1.000000e-07
Estimated error of manifold: 4.286246e-14
Approximate interval: 69
Approximate splitting half-angle: -0.000180

H: -1.789000e+00
Optimal displacement: 1.000000e-07
Estimated error of manifold: 6.178947e-14
Approximate interval: 1
Approximate splitting half-angle: -0.000656

H: -1.790000e+00
Optimal displacement: 1.000000e-07
Estimated error of manifold: 5.269065e-14
Approximate interval: 21
Approximate splitting half-angle: -0.000113

H: -1.791000e+00
Optimal displacement: 1.000000e-06
Estimated error of manifold: 8.263994e-13
Approximate interval: 68
Approximate splitting half-angle: -0.000136

H: -1.792000e+00
Optimal displacement: 1.000000e-07
Estimated error of manifold: 5.210083e-14
Approximate interval: 74
Approximate splitting half-angle: -0.000158

H: -1.793000e+00
Optimal displacement: 1.000000e-07
Estimated error of manifold: 6.374433e-14
Approximate interval: 5
Approximate splitting half-angle: -0.000456

H: -1.794000e+00
Optimal displacement: 1.000000e-06
Estimated error of manifold: 8.048754e-13
Approximate interval: 36
Approximate splitting half-angle: -0.000415

H: -1.795000e+00
Optimal displacement: 1.000000e-06
Estimated error of manifold: 8.086424e-13
Approximate interval: 59
Approximate splitting half-angle: 0.000220

H: -1.796000e+00
Optimal displacement: 1.000000e-07
Estimated error of manifold: 7.186375e-14
Approximate interval: 85
Approximate splitting half-angle: 0.000200

H: -1.797000e+00
Optimal displacement: 1.000000e-07
Estimated error of manifold: 5.347978e-14
Approximate interval: 13
Approximate splitting half-angle: 0.000222

H: -1.798000e+00
Optimal displacement: 1.000000e-07
Estimated error of manifold: 6.109636e-14
Approximate interval: 39
Approximate splitting half-angle: -0.000367

H: -1.799000e+00
Optimal displacement: 1.000000e-07
Estimated error of manifold: 4.138773e-14
Approximate interval: 69
Approximate splitting half-angle: -0.000207

H: -1.800000e+00
Optimal displacement: 1.000000e-06
Estimated error of manifold: 7.769087e-13
Approximate interval: 84
Approximate splitting half-angle: 0.000102

H: -1.801000e+00
Optimal displacement: 1.000000e-07
Estimated error of manifold: 6.424209e-14
Approximate interval: 28
Approximate splitting half-angle: -0.000312

H: -1.802000e+00
Optimal displacement: 1.000000e-07
Estimated error of manifold: 6.290201e-14
Approximate interval: 57
Approximate splitting half-angle: -0.000072

H: -1.803000e+00
Optimal displacement: 1.000000e-07
Estimated error of manifold: 3.572621e-14
Approximate interval: 92
Approximate splitting half-angle: -0.000068

H: -1.804000e+00
Optimal displacement: 1.000000e-07
Estimated error of manifold: 5.990828e-14
Approximate interval: 20
Approximate splitting half-angle: -0.000001

H: -1.805000e+00
Optimal displacement: 1.000000e-07
Estimated error of manifold: 3.645509e-14
Approximate interval: 49
Approximate splitting half-angle: 0.000075

H: -1.806000e+00
Optimal displacement: 1.000000e-07
Estimated error of manifold: 5.109147e-14
Approximate interval: 84
Approximate splitting half-angle: 0.000026

H: -1.807000e+00
Optimal displacement: 1.000000e-07
Estimated error of manifold: 2.273809e-14
Approximate interval: 16
Approximate splitting half-angle: -0.000075

H: -1.808000e+00
Optimal displacement: 1.000000e-07
Estimated error of manifold: 1.114573e-14
Approximate interval: 45
Approximate splitting half-angle: 0.000086

H: -1.809000e+00
Optimal displacement: 1.000000e-07
Estimated error of manifold: 5.840826e-14
Approximate interval: 81
Approximate splitting half-angle: 0.000003

H: -1.810000e+00
Optimal displacement: 1.000000e-07
Estimated error of manifold: 5.953372e-14
Approximate interval: 15
Approximate splitting half-angle: -0.000032

H: -1.811000e+00
Optimal displacement: 1.000000e-06
Estimated error of manifold: 6.664128e-13
Approximate interval: 80
Approximate splitting half-angle: -0.000002

H: -1.812000e+00
Optimal displacement: 1.000000e-07
Estimated error of manifold: 3.970314e-14
Approximate interval: 82
Approximate splitting half-angle: 0.000002

H: -1.813000e+00
Optimal displacement: 1.000000e-06
Estimated error of manifold: 6.613601e-13
Approximate interval: 36
Approximate splitting half-angle: -0.000002

H: -1.814000e+00
Optimal displacement: 1.000000e-06
Estimated error of manifold: 6.701120e-13
Approximate interval: 66
Approximate splitting half-angle: -0.000047

H: -1.815000e+00
Optimal displacement: 1.000000e-07
Estimated error of manifold: 2.403150e-14
Approximate interval: 89
Approximate splitting half-angle: 0.000060

H: -1.816000e+00
Optimal displacement: 1.000000e-07
Estimated error of manifold: 5.953662e-14
Approximate interval: 23
Approximate splitting half-angle: 0.000092

H: -1.817000e+00
Optimal displacement: 1.000000e-06
Estimated error of manifold: 6.346990e-13
Approximate interval: 58
Approximate splitting half-angle: 0.000042

H: -1.818000e+00
Optimal displacement: 1.000000e-07
Estimated error of manifold: 4.381605e-14
Approximate interval: 1
Approximate splitting half-angle: 0.000181

H: -1.819000e+00
Optimal displacement: 1.000000e-06
Estimated error of manifold: 6.085378e-13
Approximate interval: 22
Approximate splitting half-angle: -0.000181

H: -1.820000e+00
Optimal displacement: 1.000000e-07
Estimated error of manifold: 5.990425e-14
Approximate interval: 71
Approximate splitting half-angle: -0.000150

H: -1.821000e+00
Optimal displacement: 1.000000e-06
Estimated error of manifold: 6.071806e-13
Approximate interval: 89
Approximate splitting half-angle: -0.000156

H: -1.822000e+00
Optimal displacement: 1.000000e-06
Estimated error of manifold: 6.118622e-13
Approximate interval: 21
Approximate splitting half-angle: 0.000059

H: -1.823000e+00
Optimal displacement: 1.000000e-07
Estimated error of manifold: 3.335289e-14
Approximate interval: 91
Approximate splitting half-angle: -0.000049

H: -1.824000e+00
Optimal displacement: 1.000000e-07
Estimated error of manifold: 1.108139e-14
Approximate interval: 29
Approximate splitting half-angle: 0.000295

H: -1.825000e+00
Optimal displacement: 1.000000e-06
Estimated error of manifold: 6.063147e-13
Approximate interval: 23
Approximate splitting half-angle: 0.000056

H: -1.826000e+00
Optimal displacement: 1.000000e-07
Estimated error of manifold: 4.689124e-14
Approximate interval: 13
Approximate splitting half-angle: 0.000323

H: -1.827000e+00
Optimal displacement: 1.000000e-06
Estimated error of manifold: 5.316883e-13
Approximate interval: 96
Approximate splitting half-angle: -0.000177

H: -1.828000e+00
Optimal displacement: 1.000000e-07
Estimated error of manifold: 5.269664e-14
Approximate interval: 0
Approximate splitting half-angle: 0.000436

H: -1.829000e+00
Optimal displacement: 1.000000e-06
Estimated error of manifold: 5.472449e-13
Approximate interval: 65
Approximate splitting half-angle: -0.000116

H: -1.830000e+00
Optimal displacement: 1.000000e-06
Estimated error of manifold: 5.003376e-13
Approximate interval: 6
Approximate splitting half-angle: 0.000286

H: -1.831000e+00
Optimal displacement: 1.000000e-07
Estimated error of manifold: 1.157855e-14
H=-1.831000e+00: couldn't find approx. intersection point
